[2024-10-11T17:45:03.790+0000] {processor.py:161} INFO - Started process (PID=422) to work on /home/airflow/.local/lib/python3.12/site-packages/airflow/example_dags/example_subdag_operator.py
[2024-10-11T17:45:03.795+0000] {processor.py:830} INFO - Processing file /home/airflow/.local/lib/python3.12/site-packages/airflow/example_dags/example_subdag_operator.py for tasks to queue
[2024-10-11T17:45:03.803+0000] {logging_mixin.py:188} INFO - [2024-10-11T17:45:03.803+0000] {dagbag.py:545} INFO - Filling up the DagBag from /home/airflow/.local/lib/python3.12/site-packages/airflow/example_dags/example_subdag_operator.py
[2024-10-11T17:45:03.870+0000] {processor.py:840} INFO - DAG(s) 'example_subdag_operator.section-1', 'example_subdag_operator.section-2', 'example_subdag_operator' retrieved from /home/airflow/.local/lib/python3.12/site-packages/airflow/example_dags/example_subdag_operator.py
[2024-10-11T17:45:03.876+0000] {logging_mixin.py:188} INFO - [2024-10-11T17:45:03.876+0000] {dag.py:3096} INFO - Sync 3 DAGs
[2024-10-11T17:45:03.945+0000] {logging_mixin.py:188} INFO - [2024-10-11T17:45:03.945+0000] {dag.py:3954} INFO - Setting next_dagrun for example_subdag_operator to 2022-01-01 00:00:00+00:00, run_after=2022-01-01 00:00:00+00:00
[2024-10-11T17:45:03.955+0000] {logging_mixin.py:188} INFO - [2024-10-11T17:45:03.954+0000] {dag.py:3954} INFO - Setting next_dagrun for example_subdag_operator.section-1 to None, run_after=None
[2024-10-11T17:45:03.957+0000] {logging_mixin.py:188} INFO - [2024-10-11T17:45:03.957+0000] {dag.py:3954} INFO - Setting next_dagrun for example_subdag_operator.section-2 to None, run_after=None
[2024-10-11T17:45:03.981+0000] {logging_mixin.py:188} INFO - [2024-10-11T17:45:03.980+0000] {dag.py:3096} INFO - Sync 2 DAGs
[2024-10-11T17:45:03.992+0000] {logging_mixin.py:188} INFO - [2024-10-11T17:45:03.992+0000] {dag.py:3954} INFO - Setting next_dagrun for example_subdag_operator.section-1 to None, run_after=None
[2024-10-11T17:45:03.994+0000] {logging_mixin.py:188} INFO - [2024-10-11T17:45:03.993+0000] {dag.py:3954} INFO - Setting next_dagrun for example_subdag_operator.section-2 to None, run_after=None
[2024-10-11T17:45:04.018+0000] {processor.py:183} INFO - Processing /home/airflow/.local/lib/python3.12/site-packages/airflow/example_dags/example_subdag_operator.py took 0.234 seconds
[2024-10-11T17:45:35.755+0000] {processor.py:161} INFO - Started process (PID=684) to work on /home/airflow/.local/lib/python3.12/site-packages/airflow/example_dags/example_subdag_operator.py
[2024-10-11T17:45:35.756+0000] {processor.py:830} INFO - Processing file /home/airflow/.local/lib/python3.12/site-packages/airflow/example_dags/example_subdag_operator.py for tasks to queue
[2024-10-11T17:45:35.759+0000] {logging_mixin.py:188} INFO - [2024-10-11T17:45:35.758+0000] {dagbag.py:545} INFO - Filling up the DagBag from /home/airflow/.local/lib/python3.12/site-packages/airflow/example_dags/example_subdag_operator.py
[2024-10-11T17:45:35.790+0000] {processor.py:840} INFO - DAG(s) 'example_subdag_operator.section-1', 'example_subdag_operator.section-2', 'example_subdag_operator' retrieved from /home/airflow/.local/lib/python3.12/site-packages/airflow/example_dags/example_subdag_operator.py
[2024-10-11T17:45:35.915+0000] {logging_mixin.py:188} INFO - [2024-10-11T17:45:35.914+0000] {dag.py:3096} INFO - Sync 3 DAGs
[2024-10-11T17:45:35.939+0000] {logging_mixin.py:188} INFO - [2024-10-11T17:45:35.938+0000] {dag.py:3954} INFO - Setting next_dagrun for example_subdag_operator to 2022-01-01 00:00:00+00:00, run_after=2022-01-01 00:00:00+00:00
[2024-10-11T17:45:35.945+0000] {logging_mixin.py:188} INFO - [2024-10-11T17:45:35.944+0000] {dag.py:3954} INFO - Setting next_dagrun for example_subdag_operator.section-1 to None, run_after=None
[2024-10-11T17:45:35.947+0000] {logging_mixin.py:188} INFO - [2024-10-11T17:45:35.947+0000] {dag.py:3954} INFO - Setting next_dagrun for example_subdag_operator.section-2 to None, run_after=None
[2024-10-11T17:45:35.959+0000] {logging_mixin.py:188} INFO - [2024-10-11T17:45:35.959+0000] {dag.py:3096} INFO - Sync 2 DAGs
[2024-10-11T17:45:35.967+0000] {logging_mixin.py:188} INFO - [2024-10-11T17:45:35.967+0000] {dag.py:3954} INFO - Setting next_dagrun for example_subdag_operator.section-1 to None, run_after=None
[2024-10-11T17:45:35.968+0000] {logging_mixin.py:188} INFO - [2024-10-11T17:45:35.968+0000] {dag.py:3954} INFO - Setting next_dagrun for example_subdag_operator.section-2 to None, run_after=None
[2024-10-11T17:45:35.986+0000] {processor.py:183} INFO - Processing /home/airflow/.local/lib/python3.12/site-packages/airflow/example_dags/example_subdag_operator.py took 0.237 seconds
[2024-10-11T17:46:06.340+0000] {processor.py:161} INFO - Started process (PID=946) to work on /home/airflow/.local/lib/python3.12/site-packages/airflow/example_dags/example_subdag_operator.py
[2024-10-11T17:46:06.341+0000] {processor.py:830} INFO - Processing file /home/airflow/.local/lib/python3.12/site-packages/airflow/example_dags/example_subdag_operator.py for tasks to queue
[2024-10-11T17:46:06.343+0000] {logging_mixin.py:188} INFO - [2024-10-11T17:46:06.343+0000] {dagbag.py:545} INFO - Filling up the DagBag from /home/airflow/.local/lib/python3.12/site-packages/airflow/example_dags/example_subdag_operator.py
[2024-10-11T17:46:06.370+0000] {processor.py:840} INFO - DAG(s) 'example_subdag_operator.section-1', 'example_subdag_operator.section-2', 'example_subdag_operator' retrieved from /home/airflow/.local/lib/python3.12/site-packages/airflow/example_dags/example_subdag_operator.py
[2024-10-11T17:46:06.387+0000] {logging_mixin.py:188} INFO - [2024-10-11T17:46:06.387+0000] {dag.py:3096} INFO - Sync 3 DAGs
[2024-10-11T17:46:06.412+0000] {logging_mixin.py:188} INFO - [2024-10-11T17:46:06.412+0000] {dag.py:3954} INFO - Setting next_dagrun for example_subdag_operator to 2022-01-01 00:00:00+00:00, run_after=2022-01-01 00:00:00+00:00
[2024-10-11T17:46:06.417+0000] {logging_mixin.py:188} INFO - [2024-10-11T17:46:06.417+0000] {dag.py:3954} INFO - Setting next_dagrun for example_subdag_operator.section-1 to None, run_after=None
[2024-10-11T17:46:06.420+0000] {logging_mixin.py:188} INFO - [2024-10-11T17:46:06.419+0000] {dag.py:3954} INFO - Setting next_dagrun for example_subdag_operator.section-2 to None, run_after=None
[2024-10-11T17:46:06.430+0000] {logging_mixin.py:188} INFO - [2024-10-11T17:46:06.430+0000] {dag.py:3096} INFO - Sync 2 DAGs
[2024-10-11T17:46:06.438+0000] {logging_mixin.py:188} INFO - [2024-10-11T17:46:06.438+0000] {dag.py:3954} INFO - Setting next_dagrun for example_subdag_operator.section-1 to None, run_after=None
[2024-10-11T17:46:06.439+0000] {logging_mixin.py:188} INFO - [2024-10-11T17:46:06.439+0000] {dag.py:3954} INFO - Setting next_dagrun for example_subdag_operator.section-2 to None, run_after=None
[2024-10-11T17:46:06.458+0000] {processor.py:183} INFO - Processing /home/airflow/.local/lib/python3.12/site-packages/airflow/example_dags/example_subdag_operator.py took 0.123 seconds
[2024-10-11T17:46:36.904+0000] {processor.py:161} INFO - Started process (PID=1210) to work on /home/airflow/.local/lib/python3.12/site-packages/airflow/example_dags/example_subdag_operator.py
[2024-10-11T17:46:36.905+0000] {processor.py:830} INFO - Processing file /home/airflow/.local/lib/python3.12/site-packages/airflow/example_dags/example_subdag_operator.py for tasks to queue
[2024-10-11T17:46:36.907+0000] {logging_mixin.py:188} INFO - [2024-10-11T17:46:36.907+0000] {dagbag.py:545} INFO - Filling up the DagBag from /home/airflow/.local/lib/python3.12/site-packages/airflow/example_dags/example_subdag_operator.py
[2024-10-11T17:46:36.932+0000] {processor.py:840} INFO - DAG(s) 'example_subdag_operator.section-1', 'example_subdag_operator.section-2', 'example_subdag_operator' retrieved from /home/airflow/.local/lib/python3.12/site-packages/airflow/example_dags/example_subdag_operator.py
[2024-10-11T17:46:36.951+0000] {logging_mixin.py:188} INFO - [2024-10-11T17:46:36.951+0000] {dag.py:3096} INFO - Sync 3 DAGs
[2024-10-11T17:46:36.975+0000] {logging_mixin.py:188} INFO - [2024-10-11T17:46:36.975+0000] {dag.py:3954} INFO - Setting next_dagrun for example_subdag_operator to 2022-01-01 00:00:00+00:00, run_after=2022-01-01 00:00:00+00:00
[2024-10-11T17:46:36.980+0000] {logging_mixin.py:188} INFO - [2024-10-11T17:46:36.980+0000] {dag.py:3954} INFO - Setting next_dagrun for example_subdag_operator.section-1 to None, run_after=None
[2024-10-11T17:46:36.982+0000] {logging_mixin.py:188} INFO - [2024-10-11T17:46:36.982+0000] {dag.py:3954} INFO - Setting next_dagrun for example_subdag_operator.section-2 to None, run_after=None
[2024-10-11T17:46:36.993+0000] {logging_mixin.py:188} INFO - [2024-10-11T17:46:36.992+0000] {dag.py:3096} INFO - Sync 2 DAGs
[2024-10-11T17:46:37.001+0000] {logging_mixin.py:188} INFO - [2024-10-11T17:46:37.000+0000] {dag.py:3954} INFO - Setting next_dagrun for example_subdag_operator.section-1 to None, run_after=None
[2024-10-11T17:46:37.002+0000] {logging_mixin.py:188} INFO - [2024-10-11T17:46:37.002+0000] {dag.py:3954} INFO - Setting next_dagrun for example_subdag_operator.section-2 to None, run_after=None
[2024-10-11T17:46:37.021+0000] {processor.py:183} INFO - Processing /home/airflow/.local/lib/python3.12/site-packages/airflow/example_dags/example_subdag_operator.py took 0.122 seconds
[2024-10-11T17:47:08.060+0000] {processor.py:161} INFO - Started process (PID=1471) to work on /home/airflow/.local/lib/python3.12/site-packages/airflow/example_dags/example_subdag_operator.py
[2024-10-11T17:47:08.063+0000] {processor.py:830} INFO - Processing file /home/airflow/.local/lib/python3.12/site-packages/airflow/example_dags/example_subdag_operator.py for tasks to queue
[2024-10-11T17:47:08.067+0000] {logging_mixin.py:188} INFO - [2024-10-11T17:47:08.066+0000] {dagbag.py:545} INFO - Filling up the DagBag from /home/airflow/.local/lib/python3.12/site-packages/airflow/example_dags/example_subdag_operator.py
[2024-10-11T17:47:08.106+0000] {processor.py:840} INFO - DAG(s) 'example_subdag_operator.section-1', 'example_subdag_operator.section-2', 'example_subdag_operator' retrieved from /home/airflow/.local/lib/python3.12/site-packages/airflow/example_dags/example_subdag_operator.py
[2024-10-11T17:47:08.132+0000] {logging_mixin.py:188} INFO - [2024-10-11T17:47:08.132+0000] {dag.py:3096} INFO - Sync 3 DAGs
[2024-10-11T17:47:08.174+0000] {logging_mixin.py:188} INFO - [2024-10-11T17:47:08.173+0000] {dag.py:3954} INFO - Setting next_dagrun for example_subdag_operator to 2022-01-01 00:00:00+00:00, run_after=2022-01-01 00:00:00+00:00
[2024-10-11T17:47:08.183+0000] {logging_mixin.py:188} INFO - [2024-10-11T17:47:08.183+0000] {dag.py:3954} INFO - Setting next_dagrun for example_subdag_operator.section-1 to None, run_after=None
[2024-10-11T17:47:08.186+0000] {logging_mixin.py:188} INFO - [2024-10-11T17:47:08.186+0000] {dag.py:3954} INFO - Setting next_dagrun for example_subdag_operator.section-2 to None, run_after=None
[2024-10-11T17:47:08.203+0000] {logging_mixin.py:188} INFO - [2024-10-11T17:47:08.203+0000] {dag.py:3096} INFO - Sync 2 DAGs
[2024-10-11T17:47:08.214+0000] {logging_mixin.py:188} INFO - [2024-10-11T17:47:08.214+0000] {dag.py:3954} INFO - Setting next_dagrun for example_subdag_operator.section-1 to None, run_after=None
[2024-10-11T17:47:08.216+0000] {logging_mixin.py:188} INFO - [2024-10-11T17:47:08.216+0000] {dag.py:3954} INFO - Setting next_dagrun for example_subdag_operator.section-2 to None, run_after=None
[2024-10-11T17:47:08.238+0000] {processor.py:183} INFO - Processing /home/airflow/.local/lib/python3.12/site-packages/airflow/example_dags/example_subdag_operator.py took 0.185 seconds
[2024-10-11T17:47:38.917+0000] {processor.py:161} INFO - Started process (PID=1734) to work on /home/airflow/.local/lib/python3.12/site-packages/airflow/example_dags/example_subdag_operator.py
[2024-10-11T17:47:38.918+0000] {processor.py:830} INFO - Processing file /home/airflow/.local/lib/python3.12/site-packages/airflow/example_dags/example_subdag_operator.py for tasks to queue
[2024-10-11T17:47:38.921+0000] {logging_mixin.py:188} INFO - [2024-10-11T17:47:38.920+0000] {dagbag.py:545} INFO - Filling up the DagBag from /home/airflow/.local/lib/python3.12/site-packages/airflow/example_dags/example_subdag_operator.py
[2024-10-11T17:47:38.947+0000] {processor.py:840} INFO - DAG(s) 'example_subdag_operator.section-1', 'example_subdag_operator.section-2', 'example_subdag_operator' retrieved from /home/airflow/.local/lib/python3.12/site-packages/airflow/example_dags/example_subdag_operator.py
[2024-10-11T17:47:38.967+0000] {logging_mixin.py:188} INFO - [2024-10-11T17:47:38.967+0000] {dag.py:3096} INFO - Sync 3 DAGs
[2024-10-11T17:47:39.001+0000] {logging_mixin.py:188} INFO - [2024-10-11T17:47:39.000+0000] {dag.py:3954} INFO - Setting next_dagrun for example_subdag_operator to 2022-01-01 00:00:00+00:00, run_after=2022-01-01 00:00:00+00:00
[2024-10-11T17:47:39.009+0000] {logging_mixin.py:188} INFO - [2024-10-11T17:47:39.009+0000] {dag.py:3954} INFO - Setting next_dagrun for example_subdag_operator.section-1 to None, run_after=None
[2024-10-11T17:47:39.012+0000] {logging_mixin.py:188} INFO - [2024-10-11T17:47:39.012+0000] {dag.py:3954} INFO - Setting next_dagrun for example_subdag_operator.section-2 to None, run_after=None
[2024-10-11T17:47:39.022+0000] {logging_mixin.py:188} INFO - [2024-10-11T17:47:39.022+0000] {dag.py:3096} INFO - Sync 2 DAGs
[2024-10-11T17:47:39.031+0000] {logging_mixin.py:188} INFO - [2024-10-11T17:47:39.030+0000] {dag.py:3954} INFO - Setting next_dagrun for example_subdag_operator.section-1 to None, run_after=None
[2024-10-11T17:47:39.032+0000] {logging_mixin.py:188} INFO - [2024-10-11T17:47:39.032+0000] {dag.py:3954} INFO - Setting next_dagrun for example_subdag_operator.section-2 to None, run_after=None
[2024-10-11T17:47:39.053+0000] {processor.py:183} INFO - Processing /home/airflow/.local/lib/python3.12/site-packages/airflow/example_dags/example_subdag_operator.py took 0.141 seconds
[2024-10-11T17:48:09.266+0000] {processor.py:161} INFO - Started process (PID=1998) to work on /home/airflow/.local/lib/python3.12/site-packages/airflow/example_dags/example_subdag_operator.py
[2024-10-11T17:48:09.267+0000] {processor.py:830} INFO - Processing file /home/airflow/.local/lib/python3.12/site-packages/airflow/example_dags/example_subdag_operator.py for tasks to queue
[2024-10-11T17:48:09.270+0000] {logging_mixin.py:188} INFO - [2024-10-11T17:48:09.270+0000] {dagbag.py:545} INFO - Filling up the DagBag from /home/airflow/.local/lib/python3.12/site-packages/airflow/example_dags/example_subdag_operator.py
[2024-10-11T17:48:09.303+0000] {processor.py:840} INFO - DAG(s) 'example_subdag_operator.section-1', 'example_subdag_operator.section-2', 'example_subdag_operator' retrieved from /home/airflow/.local/lib/python3.12/site-packages/airflow/example_dags/example_subdag_operator.py
[2024-10-11T17:48:09.322+0000] {logging_mixin.py:188} INFO - [2024-10-11T17:48:09.322+0000] {dag.py:3096} INFO - Sync 3 DAGs
[2024-10-11T17:48:09.354+0000] {logging_mixin.py:188} INFO - [2024-10-11T17:48:09.354+0000] {dag.py:3954} INFO - Setting next_dagrun for example_subdag_operator to 2022-01-01 00:00:00+00:00, run_after=2022-01-01 00:00:00+00:00
[2024-10-11T17:48:09.359+0000] {logging_mixin.py:188} INFO - [2024-10-11T17:48:09.358+0000] {dag.py:3954} INFO - Setting next_dagrun for example_subdag_operator.section-1 to None, run_after=None
[2024-10-11T17:48:09.361+0000] {logging_mixin.py:188} INFO - [2024-10-11T17:48:09.361+0000] {dag.py:3954} INFO - Setting next_dagrun for example_subdag_operator.section-2 to None, run_after=None
[2024-10-11T17:48:09.374+0000] {logging_mixin.py:188} INFO - [2024-10-11T17:48:09.373+0000] {dag.py:3096} INFO - Sync 2 DAGs
[2024-10-11T17:48:09.382+0000] {logging_mixin.py:188} INFO - [2024-10-11T17:48:09.382+0000] {dag.py:3954} INFO - Setting next_dagrun for example_subdag_operator.section-1 to None, run_after=None
[2024-10-11T17:48:09.384+0000] {logging_mixin.py:188} INFO - [2024-10-11T17:48:09.383+0000] {dag.py:3954} INFO - Setting next_dagrun for example_subdag_operator.section-2 to None, run_after=None
[2024-10-11T17:48:09.403+0000] {processor.py:183} INFO - Processing /home/airflow/.local/lib/python3.12/site-packages/airflow/example_dags/example_subdag_operator.py took 0.145 seconds
[2024-10-11T17:48:39.691+0000] {processor.py:161} INFO - Started process (PID=2260) to work on /home/airflow/.local/lib/python3.12/site-packages/airflow/example_dags/example_subdag_operator.py
[2024-10-11T17:48:39.693+0000] {processor.py:830} INFO - Processing file /home/airflow/.local/lib/python3.12/site-packages/airflow/example_dags/example_subdag_operator.py for tasks to queue
[2024-10-11T17:48:39.695+0000] {logging_mixin.py:188} INFO - [2024-10-11T17:48:39.695+0000] {dagbag.py:545} INFO - Filling up the DagBag from /home/airflow/.local/lib/python3.12/site-packages/airflow/example_dags/example_subdag_operator.py
[2024-10-11T17:48:39.722+0000] {processor.py:840} INFO - DAG(s) 'example_subdag_operator.section-1', 'example_subdag_operator.section-2', 'example_subdag_operator' retrieved from /home/airflow/.local/lib/python3.12/site-packages/airflow/example_dags/example_subdag_operator.py
[2024-10-11T17:48:39.739+0000] {logging_mixin.py:188} INFO - [2024-10-11T17:48:39.739+0000] {dag.py:3096} INFO - Sync 3 DAGs
[2024-10-11T17:48:39.766+0000] {logging_mixin.py:188} INFO - [2024-10-11T17:48:39.766+0000] {dag.py:3954} INFO - Setting next_dagrun for example_subdag_operator to 2022-01-01 00:00:00+00:00, run_after=2022-01-01 00:00:00+00:00
[2024-10-11T17:48:39.772+0000] {logging_mixin.py:188} INFO - [2024-10-11T17:48:39.772+0000] {dag.py:3954} INFO - Setting next_dagrun for example_subdag_operator.section-1 to None, run_after=None
[2024-10-11T17:48:39.775+0000] {logging_mixin.py:188} INFO - [2024-10-11T17:48:39.775+0000] {dag.py:3954} INFO - Setting next_dagrun for example_subdag_operator.section-2 to None, run_after=None
[2024-10-11T17:48:39.785+0000] {logging_mixin.py:188} INFO - [2024-10-11T17:48:39.785+0000] {dag.py:3096} INFO - Sync 2 DAGs
[2024-10-11T17:48:39.793+0000] {logging_mixin.py:188} INFO - [2024-10-11T17:48:39.793+0000] {dag.py:3954} INFO - Setting next_dagrun for example_subdag_operator.section-1 to None, run_after=None
[2024-10-11T17:48:39.795+0000] {logging_mixin.py:188} INFO - [2024-10-11T17:48:39.794+0000] {dag.py:3954} INFO - Setting next_dagrun for example_subdag_operator.section-2 to None, run_after=None
[2024-10-11T17:48:39.811+0000] {processor.py:183} INFO - Processing /home/airflow/.local/lib/python3.12/site-packages/airflow/example_dags/example_subdag_operator.py took 0.126 seconds
[2024-10-11T17:49:10.259+0000] {processor.py:161} INFO - Started process (PID=2522) to work on /home/airflow/.local/lib/python3.12/site-packages/airflow/example_dags/example_subdag_operator.py
[2024-10-11T17:49:10.260+0000] {processor.py:830} INFO - Processing file /home/airflow/.local/lib/python3.12/site-packages/airflow/example_dags/example_subdag_operator.py for tasks to queue
[2024-10-11T17:49:10.262+0000] {logging_mixin.py:188} INFO - [2024-10-11T17:49:10.262+0000] {dagbag.py:545} INFO - Filling up the DagBag from /home/airflow/.local/lib/python3.12/site-packages/airflow/example_dags/example_subdag_operator.py
[2024-10-11T17:49:10.288+0000] {processor.py:840} INFO - DAG(s) 'example_subdag_operator.section-1', 'example_subdag_operator.section-2', 'example_subdag_operator' retrieved from /home/airflow/.local/lib/python3.12/site-packages/airflow/example_dags/example_subdag_operator.py
[2024-10-11T17:49:10.306+0000] {logging_mixin.py:188} INFO - [2024-10-11T17:49:10.306+0000] {dag.py:3096} INFO - Sync 3 DAGs
[2024-10-11T17:49:10.330+0000] {logging_mixin.py:188} INFO - [2024-10-11T17:49:10.329+0000] {dag.py:3954} INFO - Setting next_dagrun for example_subdag_operator to 2022-01-01 00:00:00+00:00, run_after=2022-01-01 00:00:00+00:00
[2024-10-11T17:49:10.335+0000] {logging_mixin.py:188} INFO - [2024-10-11T17:49:10.335+0000] {dag.py:3954} INFO - Setting next_dagrun for example_subdag_operator.section-1 to None, run_after=None
[2024-10-11T17:49:10.337+0000] {logging_mixin.py:188} INFO - [2024-10-11T17:49:10.337+0000] {dag.py:3954} INFO - Setting next_dagrun for example_subdag_operator.section-2 to None, run_after=None
[2024-10-11T17:49:10.348+0000] {logging_mixin.py:188} INFO - [2024-10-11T17:49:10.348+0000] {dag.py:3096} INFO - Sync 2 DAGs
[2024-10-11T17:49:10.357+0000] {logging_mixin.py:188} INFO - [2024-10-11T17:49:10.357+0000] {dag.py:3954} INFO - Setting next_dagrun for example_subdag_operator.section-1 to None, run_after=None
[2024-10-11T17:49:10.358+0000] {logging_mixin.py:188} INFO - [2024-10-11T17:49:10.358+0000] {dag.py:3954} INFO - Setting next_dagrun for example_subdag_operator.section-2 to None, run_after=None
[2024-10-11T17:49:10.377+0000] {processor.py:183} INFO - Processing /home/airflow/.local/lib/python3.12/site-packages/airflow/example_dags/example_subdag_operator.py took 0.123 seconds
[2024-10-11T17:49:40.915+0000] {processor.py:161} INFO - Started process (PID=2784) to work on /home/airflow/.local/lib/python3.12/site-packages/airflow/example_dags/example_subdag_operator.py
[2024-10-11T17:49:40.916+0000] {processor.py:830} INFO - Processing file /home/airflow/.local/lib/python3.12/site-packages/airflow/example_dags/example_subdag_operator.py for tasks to queue
[2024-10-11T17:49:40.919+0000] {logging_mixin.py:188} INFO - [2024-10-11T17:49:40.918+0000] {dagbag.py:545} INFO - Filling up the DagBag from /home/airflow/.local/lib/python3.12/site-packages/airflow/example_dags/example_subdag_operator.py
[2024-10-11T17:49:40.945+0000] {processor.py:840} INFO - DAG(s) 'example_subdag_operator.section-1', 'example_subdag_operator.section-2', 'example_subdag_operator' retrieved from /home/airflow/.local/lib/python3.12/site-packages/airflow/example_dags/example_subdag_operator.py
[2024-10-11T17:49:40.963+0000] {logging_mixin.py:188} INFO - [2024-10-11T17:49:40.963+0000] {dag.py:3096} INFO - Sync 3 DAGs
[2024-10-11T17:49:40.990+0000] {logging_mixin.py:188} INFO - [2024-10-11T17:49:40.989+0000] {dag.py:3954} INFO - Setting next_dagrun for example_subdag_operator to 2022-01-01 00:00:00+00:00, run_after=2022-01-01 00:00:00+00:00
[2024-10-11T17:49:40.996+0000] {logging_mixin.py:188} INFO - [2024-10-11T17:49:40.996+0000] {dag.py:3954} INFO - Setting next_dagrun for example_subdag_operator.section-1 to None, run_after=None
[2024-10-11T17:49:40.999+0000] {logging_mixin.py:188} INFO - [2024-10-11T17:49:40.999+0000] {dag.py:3954} INFO - Setting next_dagrun for example_subdag_operator.section-2 to None, run_after=None
[2024-10-11T17:49:41.011+0000] {logging_mixin.py:188} INFO - [2024-10-11T17:49:41.010+0000] {dag.py:3096} INFO - Sync 2 DAGs
[2024-10-11T17:49:41.019+0000] {logging_mixin.py:188} INFO - [2024-10-11T17:49:41.018+0000] {dag.py:3954} INFO - Setting next_dagrun for example_subdag_operator.section-1 to None, run_after=None
[2024-10-11T17:49:41.020+0000] {logging_mixin.py:188} INFO - [2024-10-11T17:49:41.020+0000] {dag.py:3954} INFO - Setting next_dagrun for example_subdag_operator.section-2 to None, run_after=None
[2024-10-11T17:49:41.040+0000] {processor.py:183} INFO - Processing /home/airflow/.local/lib/python3.12/site-packages/airflow/example_dags/example_subdag_operator.py took 0.130 seconds
[2024-10-11T17:50:11.770+0000] {processor.py:161} INFO - Started process (PID=3044) to work on /home/airflow/.local/lib/python3.12/site-packages/airflow/example_dags/example_subdag_operator.py
[2024-10-11T17:50:11.772+0000] {processor.py:830} INFO - Processing file /home/airflow/.local/lib/python3.12/site-packages/airflow/example_dags/example_subdag_operator.py for tasks to queue
[2024-10-11T17:50:11.774+0000] {logging_mixin.py:188} INFO - [2024-10-11T17:50:11.774+0000] {dagbag.py:545} INFO - Filling up the DagBag from /home/airflow/.local/lib/python3.12/site-packages/airflow/example_dags/example_subdag_operator.py
[2024-10-11T17:50:11.806+0000] {processor.py:840} INFO - DAG(s) 'example_subdag_operator.section-1', 'example_subdag_operator.section-2', 'example_subdag_operator' retrieved from /home/airflow/.local/lib/python3.12/site-packages/airflow/example_dags/example_subdag_operator.py
[2024-10-11T17:50:11.829+0000] {logging_mixin.py:188} INFO - [2024-10-11T17:50:11.828+0000] {dag.py:3096} INFO - Sync 3 DAGs
[2024-10-11T17:50:11.862+0000] {logging_mixin.py:188} INFO - [2024-10-11T17:50:11.861+0000] {dag.py:3954} INFO - Setting next_dagrun for example_subdag_operator to 2022-01-01 00:00:00+00:00, run_after=2022-01-01 00:00:00+00:00
[2024-10-11T17:50:11.868+0000] {logging_mixin.py:188} INFO - [2024-10-11T17:50:11.868+0000] {dag.py:3954} INFO - Setting next_dagrun for example_subdag_operator.section-1 to None, run_after=None
[2024-10-11T17:50:11.871+0000] {logging_mixin.py:188} INFO - [2024-10-11T17:50:11.871+0000] {dag.py:3954} INFO - Setting next_dagrun for example_subdag_operator.section-2 to None, run_after=None
[2024-10-11T17:50:11.883+0000] {logging_mixin.py:188} INFO - [2024-10-11T17:50:11.883+0000] {dag.py:3096} INFO - Sync 2 DAGs
[2024-10-11T17:50:11.893+0000] {logging_mixin.py:188} INFO - [2024-10-11T17:50:11.893+0000] {dag.py:3954} INFO - Setting next_dagrun for example_subdag_operator.section-1 to None, run_after=None
[2024-10-11T17:50:11.894+0000] {logging_mixin.py:188} INFO - [2024-10-11T17:50:11.894+0000] {dag.py:3954} INFO - Setting next_dagrun for example_subdag_operator.section-2 to None, run_after=None
[2024-10-11T17:50:11.912+0000] {processor.py:183} INFO - Processing /home/airflow/.local/lib/python3.12/site-packages/airflow/example_dags/example_subdag_operator.py took 0.148 seconds
[2024-10-11T17:50:42.648+0000] {processor.py:161} INFO - Started process (PID=3308) to work on /home/airflow/.local/lib/python3.12/site-packages/airflow/example_dags/example_subdag_operator.py
[2024-10-11T17:50:42.649+0000] {processor.py:830} INFO - Processing file /home/airflow/.local/lib/python3.12/site-packages/airflow/example_dags/example_subdag_operator.py for tasks to queue
[2024-10-11T17:50:42.651+0000] {logging_mixin.py:188} INFO - [2024-10-11T17:50:42.651+0000] {dagbag.py:545} INFO - Filling up the DagBag from /home/airflow/.local/lib/python3.12/site-packages/airflow/example_dags/example_subdag_operator.py
[2024-10-11T17:50:42.680+0000] {processor.py:840} INFO - DAG(s) 'example_subdag_operator.section-1', 'example_subdag_operator.section-2', 'example_subdag_operator' retrieved from /home/airflow/.local/lib/python3.12/site-packages/airflow/example_dags/example_subdag_operator.py
[2024-10-11T17:50:42.701+0000] {logging_mixin.py:188} INFO - [2024-10-11T17:50:42.701+0000] {dag.py:3096} INFO - Sync 3 DAGs
[2024-10-11T17:50:42.727+0000] {logging_mixin.py:188} INFO - [2024-10-11T17:50:42.726+0000] {dag.py:3954} INFO - Setting next_dagrun for example_subdag_operator to 2022-01-01 00:00:00+00:00, run_after=2022-01-01 00:00:00+00:00
[2024-10-11T17:50:42.732+0000] {logging_mixin.py:188} INFO - [2024-10-11T17:50:42.731+0000] {dag.py:3954} INFO - Setting next_dagrun for example_subdag_operator.section-1 to None, run_after=None
[2024-10-11T17:50:42.734+0000] {logging_mixin.py:188} INFO - [2024-10-11T17:50:42.734+0000] {dag.py:3954} INFO - Setting next_dagrun for example_subdag_operator.section-2 to None, run_after=None
[2024-10-11T17:50:42.744+0000] {logging_mixin.py:188} INFO - [2024-10-11T17:50:42.744+0000] {dag.py:3096} INFO - Sync 2 DAGs
[2024-10-11T17:50:42.753+0000] {logging_mixin.py:188} INFO - [2024-10-11T17:50:42.753+0000] {dag.py:3954} INFO - Setting next_dagrun for example_subdag_operator.section-1 to None, run_after=None
[2024-10-11T17:50:42.754+0000] {logging_mixin.py:188} INFO - [2024-10-11T17:50:42.754+0000] {dag.py:3954} INFO - Setting next_dagrun for example_subdag_operator.section-2 to None, run_after=None
[2024-10-11T17:50:42.772+0000] {processor.py:183} INFO - Processing /home/airflow/.local/lib/python3.12/site-packages/airflow/example_dags/example_subdag_operator.py took 0.130 seconds
[2024-10-11T17:51:12.957+0000] {processor.py:161} INFO - Started process (PID=3570) to work on /home/airflow/.local/lib/python3.12/site-packages/airflow/example_dags/example_subdag_operator.py
[2024-10-11T17:51:12.958+0000] {processor.py:830} INFO - Processing file /home/airflow/.local/lib/python3.12/site-packages/airflow/example_dags/example_subdag_operator.py for tasks to queue
[2024-10-11T17:51:12.961+0000] {logging_mixin.py:188} INFO - [2024-10-11T17:51:12.960+0000] {dagbag.py:545} INFO - Filling up the DagBag from /home/airflow/.local/lib/python3.12/site-packages/airflow/example_dags/example_subdag_operator.py
[2024-10-11T17:51:12.992+0000] {processor.py:840} INFO - DAG(s) 'example_subdag_operator.section-1', 'example_subdag_operator.section-2', 'example_subdag_operator' retrieved from /home/airflow/.local/lib/python3.12/site-packages/airflow/example_dags/example_subdag_operator.py
[2024-10-11T17:51:13.011+0000] {logging_mixin.py:188} INFO - [2024-10-11T17:51:13.011+0000] {dag.py:3096} INFO - Sync 3 DAGs
[2024-10-11T17:51:13.042+0000] {logging_mixin.py:188} INFO - [2024-10-11T17:51:13.042+0000] {dag.py:3954} INFO - Setting next_dagrun for example_subdag_operator to 2022-01-01 00:00:00+00:00, run_after=2022-01-01 00:00:00+00:00
[2024-10-11T17:51:13.047+0000] {logging_mixin.py:188} INFO - [2024-10-11T17:51:13.047+0000] {dag.py:3954} INFO - Setting next_dagrun for example_subdag_operator.section-1 to None, run_after=None
[2024-10-11T17:51:13.050+0000] {logging_mixin.py:188} INFO - [2024-10-11T17:51:13.050+0000] {dag.py:3954} INFO - Setting next_dagrun for example_subdag_operator.section-2 to None, run_after=None
[2024-10-11T17:51:13.060+0000] {logging_mixin.py:188} INFO - [2024-10-11T17:51:13.060+0000] {dag.py:3096} INFO - Sync 2 DAGs
[2024-10-11T17:51:13.069+0000] {logging_mixin.py:188} INFO - [2024-10-11T17:51:13.068+0000] {dag.py:3954} INFO - Setting next_dagrun for example_subdag_operator.section-1 to None, run_after=None
[2024-10-11T17:51:13.069+0000] {logging_mixin.py:188} INFO - [2024-10-11T17:51:13.069+0000] {dag.py:3954} INFO - Setting next_dagrun for example_subdag_operator.section-2 to None, run_after=None
[2024-10-11T17:51:13.089+0000] {processor.py:183} INFO - Processing /home/airflow/.local/lib/python3.12/site-packages/airflow/example_dags/example_subdag_operator.py took 0.139 seconds
[2024-10-11T17:51:43.676+0000] {processor.py:161} INFO - Started process (PID=3832) to work on /home/airflow/.local/lib/python3.12/site-packages/airflow/example_dags/example_subdag_operator.py
[2024-10-11T17:51:43.678+0000] {processor.py:830} INFO - Processing file /home/airflow/.local/lib/python3.12/site-packages/airflow/example_dags/example_subdag_operator.py for tasks to queue
[2024-10-11T17:51:43.681+0000] {logging_mixin.py:188} INFO - [2024-10-11T17:51:43.680+0000] {dagbag.py:545} INFO - Filling up the DagBag from /home/airflow/.local/lib/python3.12/site-packages/airflow/example_dags/example_subdag_operator.py
[2024-10-11T17:51:43.710+0000] {processor.py:840} INFO - DAG(s) 'example_subdag_operator.section-1', 'example_subdag_operator.section-2', 'example_subdag_operator' retrieved from /home/airflow/.local/lib/python3.12/site-packages/airflow/example_dags/example_subdag_operator.py
[2024-10-11T17:51:43.729+0000] {logging_mixin.py:188} INFO - [2024-10-11T17:51:43.728+0000] {dag.py:3096} INFO - Sync 3 DAGs
[2024-10-11T17:51:43.758+0000] {logging_mixin.py:188} INFO - [2024-10-11T17:51:43.758+0000] {dag.py:3954} INFO - Setting next_dagrun for example_subdag_operator to 2022-01-01 00:00:00+00:00, run_after=2022-01-01 00:00:00+00:00
[2024-10-11T17:51:43.763+0000] {logging_mixin.py:188} INFO - [2024-10-11T17:51:43.763+0000] {dag.py:3954} INFO - Setting next_dagrun for example_subdag_operator.section-1 to None, run_after=None
[2024-10-11T17:51:43.766+0000] {logging_mixin.py:188} INFO - [2024-10-11T17:51:43.766+0000] {dag.py:3954} INFO - Setting next_dagrun for example_subdag_operator.section-2 to None, run_after=None
[2024-10-11T17:51:43.778+0000] {logging_mixin.py:188} INFO - [2024-10-11T17:51:43.778+0000] {dag.py:3096} INFO - Sync 2 DAGs
[2024-10-11T17:51:43.787+0000] {logging_mixin.py:188} INFO - [2024-10-11T17:51:43.787+0000] {dag.py:3954} INFO - Setting next_dagrun for example_subdag_operator.section-1 to None, run_after=None
[2024-10-11T17:51:43.788+0000] {logging_mixin.py:188} INFO - [2024-10-11T17:51:43.788+0000] {dag.py:3954} INFO - Setting next_dagrun for example_subdag_operator.section-2 to None, run_after=None
[2024-10-11T17:51:43.808+0000] {processor.py:183} INFO - Processing /home/airflow/.local/lib/python3.12/site-packages/airflow/example_dags/example_subdag_operator.py took 0.138 seconds
[2024-10-11T17:52:14.465+0000] {processor.py:161} INFO - Started process (PID=4094) to work on /home/airflow/.local/lib/python3.12/site-packages/airflow/example_dags/example_subdag_operator.py
[2024-10-11T17:52:14.466+0000] {processor.py:830} INFO - Processing file /home/airflow/.local/lib/python3.12/site-packages/airflow/example_dags/example_subdag_operator.py for tasks to queue
[2024-10-11T17:52:14.468+0000] {logging_mixin.py:188} INFO - [2024-10-11T17:52:14.468+0000] {dagbag.py:545} INFO - Filling up the DagBag from /home/airflow/.local/lib/python3.12/site-packages/airflow/example_dags/example_subdag_operator.py
[2024-10-11T17:52:14.494+0000] {processor.py:840} INFO - DAG(s) 'example_subdag_operator.section-1', 'example_subdag_operator.section-2', 'example_subdag_operator' retrieved from /home/airflow/.local/lib/python3.12/site-packages/airflow/example_dags/example_subdag_operator.py
[2024-10-11T17:52:14.513+0000] {logging_mixin.py:188} INFO - [2024-10-11T17:52:14.512+0000] {dag.py:3096} INFO - Sync 3 DAGs
[2024-10-11T17:52:14.541+0000] {logging_mixin.py:188} INFO - [2024-10-11T17:52:14.541+0000] {dag.py:3954} INFO - Setting next_dagrun for example_subdag_operator to 2022-01-01 00:00:00+00:00, run_after=2022-01-01 00:00:00+00:00
[2024-10-11T17:52:14.547+0000] {logging_mixin.py:188} INFO - [2024-10-11T17:52:14.546+0000] {dag.py:3954} INFO - Setting next_dagrun for example_subdag_operator.section-1 to None, run_after=None
[2024-10-11T17:52:14.549+0000] {logging_mixin.py:188} INFO - [2024-10-11T17:52:14.549+0000] {dag.py:3954} INFO - Setting next_dagrun for example_subdag_operator.section-2 to None, run_after=None
[2024-10-11T17:52:14.562+0000] {logging_mixin.py:188} INFO - [2024-10-11T17:52:14.562+0000] {dag.py:3096} INFO - Sync 2 DAGs
[2024-10-11T17:52:14.570+0000] {logging_mixin.py:188} INFO - [2024-10-11T17:52:14.570+0000] {dag.py:3954} INFO - Setting next_dagrun for example_subdag_operator.section-1 to None, run_after=None
[2024-10-11T17:52:14.571+0000] {logging_mixin.py:188} INFO - [2024-10-11T17:52:14.571+0000] {dag.py:3954} INFO - Setting next_dagrun for example_subdag_operator.section-2 to None, run_after=None
[2024-10-11T17:52:14.592+0000] {processor.py:183} INFO - Processing /home/airflow/.local/lib/python3.12/site-packages/airflow/example_dags/example_subdag_operator.py took 0.132 seconds
[2024-10-11T17:52:44.642+0000] {processor.py:161} INFO - Started process (PID=4356) to work on /home/airflow/.local/lib/python3.12/site-packages/airflow/example_dags/example_subdag_operator.py
[2024-10-11T17:52:44.644+0000] {processor.py:830} INFO - Processing file /home/airflow/.local/lib/python3.12/site-packages/airflow/example_dags/example_subdag_operator.py for tasks to queue
[2024-10-11T17:52:44.646+0000] {logging_mixin.py:188} INFO - [2024-10-11T17:52:44.645+0000] {dagbag.py:545} INFO - Filling up the DagBag from /home/airflow/.local/lib/python3.12/site-packages/airflow/example_dags/example_subdag_operator.py
[2024-10-11T17:52:44.673+0000] {processor.py:840} INFO - DAG(s) 'example_subdag_operator.section-1', 'example_subdag_operator.section-2', 'example_subdag_operator' retrieved from /home/airflow/.local/lib/python3.12/site-packages/airflow/example_dags/example_subdag_operator.py
[2024-10-11T17:52:44.690+0000] {logging_mixin.py:188} INFO - [2024-10-11T17:52:44.690+0000] {dag.py:3096} INFO - Sync 3 DAGs
[2024-10-11T17:52:44.713+0000] {logging_mixin.py:188} INFO - [2024-10-11T17:52:44.713+0000] {dag.py:3954} INFO - Setting next_dagrun for example_subdag_operator to 2022-01-01 00:00:00+00:00, run_after=2022-01-01 00:00:00+00:00
[2024-10-11T17:52:44.719+0000] {logging_mixin.py:188} INFO - [2024-10-11T17:52:44.718+0000] {dag.py:3954} INFO - Setting next_dagrun for example_subdag_operator.section-1 to None, run_after=None
[2024-10-11T17:52:44.721+0000] {logging_mixin.py:188} INFO - [2024-10-11T17:52:44.721+0000] {dag.py:3954} INFO - Setting next_dagrun for example_subdag_operator.section-2 to None, run_after=None
[2024-10-11T17:52:44.731+0000] {logging_mixin.py:188} INFO - [2024-10-11T17:52:44.731+0000] {dag.py:3096} INFO - Sync 2 DAGs
[2024-10-11T17:52:44.740+0000] {logging_mixin.py:188} INFO - [2024-10-11T17:52:44.740+0000] {dag.py:3954} INFO - Setting next_dagrun for example_subdag_operator.section-1 to None, run_after=None
[2024-10-11T17:52:44.741+0000] {logging_mixin.py:188} INFO - [2024-10-11T17:52:44.741+0000] {dag.py:3954} INFO - Setting next_dagrun for example_subdag_operator.section-2 to None, run_after=None
[2024-10-11T17:52:44.761+0000] {processor.py:183} INFO - Processing /home/airflow/.local/lib/python3.12/site-packages/airflow/example_dags/example_subdag_operator.py took 0.124 seconds
[2024-10-11T17:53:15.056+0000] {processor.py:161} INFO - Started process (PID=4623) to work on /home/airflow/.local/lib/python3.12/site-packages/airflow/example_dags/example_subdag_operator.py
[2024-10-11T17:53:15.058+0000] {processor.py:830} INFO - Processing file /home/airflow/.local/lib/python3.12/site-packages/airflow/example_dags/example_subdag_operator.py for tasks to queue
[2024-10-11T17:53:15.060+0000] {logging_mixin.py:188} INFO - [2024-10-11T17:53:15.059+0000] {dagbag.py:545} INFO - Filling up the DagBag from /home/airflow/.local/lib/python3.12/site-packages/airflow/example_dags/example_subdag_operator.py
[2024-10-11T17:53:15.086+0000] {processor.py:840} INFO - DAG(s) 'example_subdag_operator.section-1', 'example_subdag_operator.section-2', 'example_subdag_operator' retrieved from /home/airflow/.local/lib/python3.12/site-packages/airflow/example_dags/example_subdag_operator.py
[2024-10-11T17:53:15.104+0000] {logging_mixin.py:188} INFO - [2024-10-11T17:53:15.104+0000] {dag.py:3096} INFO - Sync 3 DAGs
[2024-10-11T17:53:15.129+0000] {logging_mixin.py:188} INFO - [2024-10-11T17:53:15.129+0000] {dag.py:3954} INFO - Setting next_dagrun for example_subdag_operator to 2022-01-01 00:00:00+00:00, run_after=2022-01-01 00:00:00+00:00
[2024-10-11T17:53:15.135+0000] {logging_mixin.py:188} INFO - [2024-10-11T17:53:15.134+0000] {dag.py:3954} INFO - Setting next_dagrun for example_subdag_operator.section-1 to None, run_after=None
[2024-10-11T17:53:15.137+0000] {logging_mixin.py:188} INFO - [2024-10-11T17:53:15.137+0000] {dag.py:3954} INFO - Setting next_dagrun for example_subdag_operator.section-2 to None, run_after=None
[2024-10-11T17:53:15.147+0000] {logging_mixin.py:188} INFO - [2024-10-11T17:53:15.146+0000] {dag.py:3096} INFO - Sync 2 DAGs
[2024-10-11T17:53:15.156+0000] {logging_mixin.py:188} INFO - [2024-10-11T17:53:15.155+0000] {dag.py:3954} INFO - Setting next_dagrun for example_subdag_operator.section-1 to None, run_after=None
[2024-10-11T17:53:15.157+0000] {logging_mixin.py:188} INFO - [2024-10-11T17:53:15.157+0000] {dag.py:3954} INFO - Setting next_dagrun for example_subdag_operator.section-2 to None, run_after=None
[2024-10-11T17:53:15.177+0000] {processor.py:183} INFO - Processing /home/airflow/.local/lib/python3.12/site-packages/airflow/example_dags/example_subdag_operator.py took 0.126 seconds
[2024-10-11T17:53:45.616+0000] {processor.py:161} INFO - Started process (PID=4880) to work on /home/airflow/.local/lib/python3.12/site-packages/airflow/example_dags/example_subdag_operator.py
[2024-10-11T17:53:45.618+0000] {processor.py:830} INFO - Processing file /home/airflow/.local/lib/python3.12/site-packages/airflow/example_dags/example_subdag_operator.py for tasks to queue
[2024-10-11T17:53:45.621+0000] {logging_mixin.py:188} INFO - [2024-10-11T17:53:45.620+0000] {dagbag.py:545} INFO - Filling up the DagBag from /home/airflow/.local/lib/python3.12/site-packages/airflow/example_dags/example_subdag_operator.py
[2024-10-11T17:53:45.656+0000] {processor.py:840} INFO - DAG(s) 'example_subdag_operator.section-1', 'example_subdag_operator.section-2', 'example_subdag_operator' retrieved from /home/airflow/.local/lib/python3.12/site-packages/airflow/example_dags/example_subdag_operator.py
[2024-10-11T17:53:45.674+0000] {logging_mixin.py:188} INFO - [2024-10-11T17:53:45.674+0000] {dag.py:3096} INFO - Sync 3 DAGs
[2024-10-11T17:53:45.700+0000] {logging_mixin.py:188} INFO - [2024-10-11T17:53:45.700+0000] {dag.py:3954} INFO - Setting next_dagrun for example_subdag_operator to 2022-01-01 00:00:00+00:00, run_after=2022-01-01 00:00:00+00:00
[2024-10-11T17:53:45.705+0000] {logging_mixin.py:188} INFO - [2024-10-11T17:53:45.705+0000] {dag.py:3954} INFO - Setting next_dagrun for example_subdag_operator.section-1 to None, run_after=None
[2024-10-11T17:53:45.707+0000] {logging_mixin.py:188} INFO - [2024-10-11T17:53:45.707+0000] {dag.py:3954} INFO - Setting next_dagrun for example_subdag_operator.section-2 to None, run_after=None
[2024-10-11T17:53:45.717+0000] {logging_mixin.py:188} INFO - [2024-10-11T17:53:45.716+0000] {dag.py:3096} INFO - Sync 2 DAGs
[2024-10-11T17:53:45.726+0000] {logging_mixin.py:188} INFO - [2024-10-11T17:53:45.725+0000] {dag.py:3954} INFO - Setting next_dagrun for example_subdag_operator.section-1 to None, run_after=None
[2024-10-11T17:53:45.727+0000] {logging_mixin.py:188} INFO - [2024-10-11T17:53:45.726+0000] {dag.py:3954} INFO - Setting next_dagrun for example_subdag_operator.section-2 to None, run_after=None
[2024-10-11T17:53:45.746+0000] {processor.py:183} INFO - Processing /home/airflow/.local/lib/python3.12/site-packages/airflow/example_dags/example_subdag_operator.py took 0.140 seconds
[2024-10-11T17:54:16.333+0000] {processor.py:161} INFO - Started process (PID=5142) to work on /home/airflow/.local/lib/python3.12/site-packages/airflow/example_dags/example_subdag_operator.py
[2024-10-11T17:54:16.335+0000] {processor.py:830} INFO - Processing file /home/airflow/.local/lib/python3.12/site-packages/airflow/example_dags/example_subdag_operator.py for tasks to queue
[2024-10-11T17:54:16.337+0000] {logging_mixin.py:188} INFO - [2024-10-11T17:54:16.336+0000] {dagbag.py:545} INFO - Filling up the DagBag from /home/airflow/.local/lib/python3.12/site-packages/airflow/example_dags/example_subdag_operator.py
[2024-10-11T17:54:16.364+0000] {processor.py:840} INFO - DAG(s) 'example_subdag_operator.section-1', 'example_subdag_operator.section-2', 'example_subdag_operator' retrieved from /home/airflow/.local/lib/python3.12/site-packages/airflow/example_dags/example_subdag_operator.py
[2024-10-11T17:54:16.382+0000] {logging_mixin.py:188} INFO - [2024-10-11T17:54:16.382+0000] {dag.py:3096} INFO - Sync 3 DAGs
[2024-10-11T17:54:16.406+0000] {logging_mixin.py:188} INFO - [2024-10-11T17:54:16.406+0000] {dag.py:3954} INFO - Setting next_dagrun for example_subdag_operator to 2022-01-01 00:00:00+00:00, run_after=2022-01-01 00:00:00+00:00
[2024-10-11T17:54:16.411+0000] {logging_mixin.py:188} INFO - [2024-10-11T17:54:16.411+0000] {dag.py:3954} INFO - Setting next_dagrun for example_subdag_operator.section-1 to None, run_after=None
[2024-10-11T17:54:16.414+0000] {logging_mixin.py:188} INFO - [2024-10-11T17:54:16.414+0000] {dag.py:3954} INFO - Setting next_dagrun for example_subdag_operator.section-2 to None, run_after=None
[2024-10-11T17:54:16.426+0000] {logging_mixin.py:188} INFO - [2024-10-11T17:54:16.426+0000] {dag.py:3096} INFO - Sync 2 DAGs
[2024-10-11T17:54:16.434+0000] {logging_mixin.py:188} INFO - [2024-10-11T17:54:16.434+0000] {dag.py:3954} INFO - Setting next_dagrun for example_subdag_operator.section-1 to None, run_after=None
[2024-10-11T17:54:16.435+0000] {logging_mixin.py:188} INFO - [2024-10-11T17:54:16.435+0000] {dag.py:3954} INFO - Setting next_dagrun for example_subdag_operator.section-2 to None, run_after=None
[2024-10-11T17:54:16.456+0000] {processor.py:183} INFO - Processing /home/airflow/.local/lib/python3.12/site-packages/airflow/example_dags/example_subdag_operator.py took 0.130 seconds
[2024-10-11T17:54:46.957+0000] {processor.py:161} INFO - Started process (PID=5402) to work on /home/airflow/.local/lib/python3.12/site-packages/airflow/example_dags/example_subdag_operator.py
[2024-10-11T17:54:46.958+0000] {processor.py:830} INFO - Processing file /home/airflow/.local/lib/python3.12/site-packages/airflow/example_dags/example_subdag_operator.py for tasks to queue
[2024-10-11T17:54:46.960+0000] {logging_mixin.py:188} INFO - [2024-10-11T17:54:46.960+0000] {dagbag.py:545} INFO - Filling up the DagBag from /home/airflow/.local/lib/python3.12/site-packages/airflow/example_dags/example_subdag_operator.py
[2024-10-11T17:54:46.987+0000] {processor.py:840} INFO - DAG(s) 'example_subdag_operator.section-1', 'example_subdag_operator.section-2', 'example_subdag_operator' retrieved from /home/airflow/.local/lib/python3.12/site-packages/airflow/example_dags/example_subdag_operator.py
[2024-10-11T17:54:47.005+0000] {logging_mixin.py:188} INFO - [2024-10-11T17:54:47.005+0000] {dag.py:3096} INFO - Sync 3 DAGs
[2024-10-11T17:54:47.034+0000] {logging_mixin.py:188} INFO - [2024-10-11T17:54:47.034+0000] {dag.py:3954} INFO - Setting next_dagrun for example_subdag_operator to 2022-01-01 00:00:00+00:00, run_after=2022-01-01 00:00:00+00:00
[2024-10-11T17:54:47.040+0000] {logging_mixin.py:188} INFO - [2024-10-11T17:54:47.039+0000] {dag.py:3954} INFO - Setting next_dagrun for example_subdag_operator.section-1 to None, run_after=None
[2024-10-11T17:54:47.042+0000] {logging_mixin.py:188} INFO - [2024-10-11T17:54:47.042+0000] {dag.py:3954} INFO - Setting next_dagrun for example_subdag_operator.section-2 to None, run_after=None
[2024-10-11T17:54:47.054+0000] {logging_mixin.py:188} INFO - [2024-10-11T17:54:47.054+0000] {dag.py:3096} INFO - Sync 2 DAGs
[2024-10-11T17:54:47.064+0000] {logging_mixin.py:188} INFO - [2024-10-11T17:54:47.063+0000] {dag.py:3954} INFO - Setting next_dagrun for example_subdag_operator.section-1 to None, run_after=None
[2024-10-11T17:54:47.065+0000] {logging_mixin.py:188} INFO - [2024-10-11T17:54:47.065+0000] {dag.py:3954} INFO - Setting next_dagrun for example_subdag_operator.section-2 to None, run_after=None
[2024-10-11T17:54:47.088+0000] {processor.py:183} INFO - Processing /home/airflow/.local/lib/python3.12/site-packages/airflow/example_dags/example_subdag_operator.py took 0.136 seconds
[2024-10-11T17:55:17.751+0000] {processor.py:161} INFO - Started process (PID=5664) to work on /home/airflow/.local/lib/python3.12/site-packages/airflow/example_dags/example_subdag_operator.py
[2024-10-11T17:55:17.752+0000] {processor.py:830} INFO - Processing file /home/airflow/.local/lib/python3.12/site-packages/airflow/example_dags/example_subdag_operator.py for tasks to queue
[2024-10-11T17:55:17.754+0000] {logging_mixin.py:188} INFO - [2024-10-11T17:55:17.754+0000] {dagbag.py:545} INFO - Filling up the DagBag from /home/airflow/.local/lib/python3.12/site-packages/airflow/example_dags/example_subdag_operator.py
[2024-10-11T17:55:17.780+0000] {processor.py:840} INFO - DAG(s) 'example_subdag_operator.section-1', 'example_subdag_operator.section-2', 'example_subdag_operator' retrieved from /home/airflow/.local/lib/python3.12/site-packages/airflow/example_dags/example_subdag_operator.py
[2024-10-11T17:55:17.802+0000] {logging_mixin.py:188} INFO - [2024-10-11T17:55:17.802+0000] {dag.py:3096} INFO - Sync 3 DAGs
[2024-10-11T17:55:17.830+0000] {logging_mixin.py:188} INFO - [2024-10-11T17:55:17.830+0000] {dag.py:3954} INFO - Setting next_dagrun for example_subdag_operator to 2022-01-01 00:00:00+00:00, run_after=2022-01-01 00:00:00+00:00
[2024-10-11T17:55:17.837+0000] {logging_mixin.py:188} INFO - [2024-10-11T17:55:17.836+0000] {dag.py:3954} INFO - Setting next_dagrun for example_subdag_operator.section-1 to None, run_after=None
[2024-10-11T17:55:17.839+0000] {logging_mixin.py:188} INFO - [2024-10-11T17:55:17.839+0000] {dag.py:3954} INFO - Setting next_dagrun for example_subdag_operator.section-2 to None, run_after=None
[2024-10-11T17:55:17.852+0000] {logging_mixin.py:188} INFO - [2024-10-11T17:55:17.852+0000] {dag.py:3096} INFO - Sync 2 DAGs
[2024-10-11T17:55:17.862+0000] {logging_mixin.py:188} INFO - [2024-10-11T17:55:17.862+0000] {dag.py:3954} INFO - Setting next_dagrun for example_subdag_operator.section-1 to None, run_after=None
[2024-10-11T17:55:17.864+0000] {logging_mixin.py:188} INFO - [2024-10-11T17:55:17.863+0000] {dag.py:3954} INFO - Setting next_dagrun for example_subdag_operator.section-2 to None, run_after=None
[2024-10-11T17:55:17.884+0000] {processor.py:183} INFO - Processing /home/airflow/.local/lib/python3.12/site-packages/airflow/example_dags/example_subdag_operator.py took 0.138 seconds
[2024-10-11T17:55:48.290+0000] {processor.py:161} INFO - Started process (PID=5928) to work on /home/airflow/.local/lib/python3.12/site-packages/airflow/example_dags/example_subdag_operator.py
[2024-10-11T17:55:48.292+0000] {processor.py:830} INFO - Processing file /home/airflow/.local/lib/python3.12/site-packages/airflow/example_dags/example_subdag_operator.py for tasks to queue
[2024-10-11T17:55:48.294+0000] {logging_mixin.py:188} INFO - [2024-10-11T17:55:48.294+0000] {dagbag.py:545} INFO - Filling up the DagBag from /home/airflow/.local/lib/python3.12/site-packages/airflow/example_dags/example_subdag_operator.py
[2024-10-11T17:55:48.324+0000] {processor.py:840} INFO - DAG(s) 'example_subdag_operator.section-1', 'example_subdag_operator.section-2', 'example_subdag_operator' retrieved from /home/airflow/.local/lib/python3.12/site-packages/airflow/example_dags/example_subdag_operator.py
[2024-10-11T17:55:48.342+0000] {logging_mixin.py:188} INFO - [2024-10-11T17:55:48.342+0000] {dag.py:3096} INFO - Sync 3 DAGs
[2024-10-11T17:55:48.370+0000] {logging_mixin.py:188} INFO - [2024-10-11T17:55:48.370+0000] {dag.py:3954} INFO - Setting next_dagrun for example_subdag_operator to 2022-01-01 00:00:00+00:00, run_after=2022-01-01 00:00:00+00:00
[2024-10-11T17:55:48.376+0000] {logging_mixin.py:188} INFO - [2024-10-11T17:55:48.375+0000] {dag.py:3954} INFO - Setting next_dagrun for example_subdag_operator.section-1 to None, run_after=None
[2024-10-11T17:55:48.378+0000] {logging_mixin.py:188} INFO - [2024-10-11T17:55:48.378+0000] {dag.py:3954} INFO - Setting next_dagrun for example_subdag_operator.section-2 to None, run_after=None
[2024-10-11T17:55:48.388+0000] {logging_mixin.py:188} INFO - [2024-10-11T17:55:48.387+0000] {dag.py:3096} INFO - Sync 2 DAGs
[2024-10-11T17:55:48.396+0000] {logging_mixin.py:188} INFO - [2024-10-11T17:55:48.396+0000] {dag.py:3954} INFO - Setting next_dagrun for example_subdag_operator.section-1 to None, run_after=None
[2024-10-11T17:55:48.397+0000] {logging_mixin.py:188} INFO - [2024-10-11T17:55:48.397+0000] {dag.py:3954} INFO - Setting next_dagrun for example_subdag_operator.section-2 to None, run_after=None
[2024-10-11T17:55:48.414+0000] {processor.py:183} INFO - Processing /home/airflow/.local/lib/python3.12/site-packages/airflow/example_dags/example_subdag_operator.py took 0.129 seconds
[2024-10-11T17:56:19.629+0000] {processor.py:161} INFO - Started process (PID=6188) to work on /home/airflow/.local/lib/python3.12/site-packages/airflow/example_dags/example_subdag_operator.py
[2024-10-11T17:56:19.632+0000] {processor.py:830} INFO - Processing file /home/airflow/.local/lib/python3.12/site-packages/airflow/example_dags/example_subdag_operator.py for tasks to queue
[2024-10-11T17:56:19.636+0000] {logging_mixin.py:188} INFO - [2024-10-11T17:56:19.635+0000] {dagbag.py:545} INFO - Filling up the DagBag from /home/airflow/.local/lib/python3.12/site-packages/airflow/example_dags/example_subdag_operator.py
[2024-10-11T17:56:19.703+0000] {processor.py:840} INFO - DAG(s) 'example_subdag_operator.section-1', 'example_subdag_operator.section-2', 'example_subdag_operator' retrieved from /home/airflow/.local/lib/python3.12/site-packages/airflow/example_dags/example_subdag_operator.py
[2024-10-11T17:56:19.754+0000] {logging_mixin.py:188} INFO - [2024-10-11T17:56:19.753+0000] {dag.py:3096} INFO - Sync 3 DAGs
[2024-10-11T17:56:19.806+0000] {logging_mixin.py:188} INFO - [2024-10-11T17:56:19.806+0000] {dag.py:3954} INFO - Setting next_dagrun for example_subdag_operator to 2022-01-01 00:00:00+00:00, run_after=2022-01-01 00:00:00+00:00
[2024-10-11T17:56:19.820+0000] {logging_mixin.py:188} INFO - [2024-10-11T17:56:19.820+0000] {dag.py:3954} INFO - Setting next_dagrun for example_subdag_operator.section-1 to None, run_after=None
[2024-10-11T17:56:19.828+0000] {logging_mixin.py:188} INFO - [2024-10-11T17:56:19.827+0000] {dag.py:3954} INFO - Setting next_dagrun for example_subdag_operator.section-2 to None, run_after=None
[2024-10-11T17:56:19.865+0000] {logging_mixin.py:188} INFO - [2024-10-11T17:56:19.864+0000] {dag.py:3096} INFO - Sync 2 DAGs
[2024-10-11T17:56:19.885+0000] {logging_mixin.py:188} INFO - [2024-10-11T17:56:19.885+0000] {dag.py:3954} INFO - Setting next_dagrun for example_subdag_operator.section-1 to None, run_after=None
[2024-10-11T17:56:19.887+0000] {logging_mixin.py:188} INFO - [2024-10-11T17:56:19.887+0000] {dag.py:3954} INFO - Setting next_dagrun for example_subdag_operator.section-2 to None, run_after=None
[2024-10-11T17:56:19.934+0000] {processor.py:183} INFO - Processing /home/airflow/.local/lib/python3.12/site-packages/airflow/example_dags/example_subdag_operator.py took 0.319 seconds
[2024-10-11T17:56:50.504+0000] {processor.py:161} INFO - Started process (PID=6450) to work on /home/airflow/.local/lib/python3.12/site-packages/airflow/example_dags/example_subdag_operator.py
[2024-10-11T17:56:50.505+0000] {processor.py:830} INFO - Processing file /home/airflow/.local/lib/python3.12/site-packages/airflow/example_dags/example_subdag_operator.py for tasks to queue
[2024-10-11T17:56:50.508+0000] {logging_mixin.py:188} INFO - [2024-10-11T17:56:50.508+0000] {dagbag.py:545} INFO - Filling up the DagBag from /home/airflow/.local/lib/python3.12/site-packages/airflow/example_dags/example_subdag_operator.py
[2024-10-11T17:56:50.542+0000] {processor.py:840} INFO - DAG(s) 'example_subdag_operator.section-1', 'example_subdag_operator.section-2', 'example_subdag_operator' retrieved from /home/airflow/.local/lib/python3.12/site-packages/airflow/example_dags/example_subdag_operator.py
[2024-10-11T17:56:50.562+0000] {logging_mixin.py:188} INFO - [2024-10-11T17:56:50.561+0000] {dag.py:3096} INFO - Sync 3 DAGs
[2024-10-11T17:56:50.595+0000] {logging_mixin.py:188} INFO - [2024-10-11T17:56:50.594+0000] {dag.py:3954} INFO - Setting next_dagrun for example_subdag_operator to 2022-01-01 00:00:00+00:00, run_after=2022-01-01 00:00:00+00:00
[2024-10-11T17:56:50.603+0000] {logging_mixin.py:188} INFO - [2024-10-11T17:56:50.602+0000] {dag.py:3954} INFO - Setting next_dagrun for example_subdag_operator.section-1 to None, run_after=None
[2024-10-11T17:56:50.608+0000] {logging_mixin.py:188} INFO - [2024-10-11T17:56:50.607+0000] {dag.py:3954} INFO - Setting next_dagrun for example_subdag_operator.section-2 to None, run_after=None
[2024-10-11T17:56:50.626+0000] {logging_mixin.py:188} INFO - [2024-10-11T17:56:50.626+0000] {dag.py:3096} INFO - Sync 2 DAGs
[2024-10-11T17:56:50.641+0000] {logging_mixin.py:188} INFO - [2024-10-11T17:56:50.641+0000] {dag.py:3954} INFO - Setting next_dagrun for example_subdag_operator.section-1 to None, run_after=None
[2024-10-11T17:56:50.643+0000] {logging_mixin.py:188} INFO - [2024-10-11T17:56:50.642+0000] {dag.py:3954} INFO - Setting next_dagrun for example_subdag_operator.section-2 to None, run_after=None
[2024-10-11T17:56:50.677+0000] {processor.py:183} INFO - Processing /home/airflow/.local/lib/python3.12/site-packages/airflow/example_dags/example_subdag_operator.py took 0.179 seconds
[2024-10-11T17:57:21.413+0000] {processor.py:161} INFO - Started process (PID=6714) to work on /home/airflow/.local/lib/python3.12/site-packages/airflow/example_dags/example_subdag_operator.py
[2024-10-11T17:57:21.414+0000] {processor.py:830} INFO - Processing file /home/airflow/.local/lib/python3.12/site-packages/airflow/example_dags/example_subdag_operator.py for tasks to queue
[2024-10-11T17:57:21.417+0000] {logging_mixin.py:188} INFO - [2024-10-11T17:57:21.416+0000] {dagbag.py:545} INFO - Filling up the DagBag from /home/airflow/.local/lib/python3.12/site-packages/airflow/example_dags/example_subdag_operator.py
[2024-10-11T17:57:21.450+0000] {processor.py:840} INFO - DAG(s) 'example_subdag_operator.section-1', 'example_subdag_operator.section-2', 'example_subdag_operator' retrieved from /home/airflow/.local/lib/python3.12/site-packages/airflow/example_dags/example_subdag_operator.py
[2024-10-11T17:57:21.471+0000] {logging_mixin.py:188} INFO - [2024-10-11T17:57:21.470+0000] {dag.py:3096} INFO - Sync 3 DAGs
[2024-10-11T17:57:21.504+0000] {logging_mixin.py:188} INFO - [2024-10-11T17:57:21.504+0000] {dag.py:3954} INFO - Setting next_dagrun for example_subdag_operator to 2022-01-01 00:00:00+00:00, run_after=2022-01-01 00:00:00+00:00
[2024-10-11T17:57:21.511+0000] {logging_mixin.py:188} INFO - [2024-10-11T17:57:21.511+0000] {dag.py:3954} INFO - Setting next_dagrun for example_subdag_operator.section-1 to None, run_after=None
[2024-10-11T17:57:21.514+0000] {logging_mixin.py:188} INFO - [2024-10-11T17:57:21.514+0000] {dag.py:3954} INFO - Setting next_dagrun for example_subdag_operator.section-2 to None, run_after=None
[2024-10-11T17:57:21.531+0000] {logging_mixin.py:188} INFO - [2024-10-11T17:57:21.531+0000] {dag.py:3096} INFO - Sync 2 DAGs
[2024-10-11T17:57:21.546+0000] {logging_mixin.py:188} INFO - [2024-10-11T17:57:21.546+0000] {dag.py:3954} INFO - Setting next_dagrun for example_subdag_operator.section-1 to None, run_after=None
[2024-10-11T17:57:21.549+0000] {logging_mixin.py:188} INFO - [2024-10-11T17:57:21.548+0000] {dag.py:3954} INFO - Setting next_dagrun for example_subdag_operator.section-2 to None, run_after=None
[2024-10-11T17:57:21.580+0000] {processor.py:183} INFO - Processing /home/airflow/.local/lib/python3.12/site-packages/airflow/example_dags/example_subdag_operator.py took 0.173 seconds
[2024-10-11T17:57:51.841+0000] {processor.py:161} INFO - Started process (PID=6979) to work on /home/airflow/.local/lib/python3.12/site-packages/airflow/example_dags/example_subdag_operator.py
[2024-10-11T17:57:51.842+0000] {processor.py:830} INFO - Processing file /home/airflow/.local/lib/python3.12/site-packages/airflow/example_dags/example_subdag_operator.py for tasks to queue
[2024-10-11T17:57:51.844+0000] {logging_mixin.py:188} INFO - [2024-10-11T17:57:51.844+0000] {dagbag.py:545} INFO - Filling up the DagBag from /home/airflow/.local/lib/python3.12/site-packages/airflow/example_dags/example_subdag_operator.py
[2024-10-11T17:57:51.869+0000] {processor.py:840} INFO - DAG(s) 'example_subdag_operator.section-1', 'example_subdag_operator.section-2', 'example_subdag_operator' retrieved from /home/airflow/.local/lib/python3.12/site-packages/airflow/example_dags/example_subdag_operator.py
[2024-10-11T17:57:51.888+0000] {logging_mixin.py:188} INFO - [2024-10-11T17:57:51.887+0000] {dag.py:3096} INFO - Sync 3 DAGs
[2024-10-11T17:57:51.914+0000] {logging_mixin.py:188} INFO - [2024-10-11T17:57:51.913+0000] {dag.py:3954} INFO - Setting next_dagrun for example_subdag_operator to 2022-01-01 00:00:00+00:00, run_after=2022-01-01 00:00:00+00:00
[2024-10-11T17:57:51.919+0000] {logging_mixin.py:188} INFO - [2024-10-11T17:57:51.918+0000] {dag.py:3954} INFO - Setting next_dagrun for example_subdag_operator.section-1 to None, run_after=None
[2024-10-11T17:57:51.921+0000] {logging_mixin.py:188} INFO - [2024-10-11T17:57:51.921+0000] {dag.py:3954} INFO - Setting next_dagrun for example_subdag_operator.section-2 to None, run_after=None
[2024-10-11T17:57:51.934+0000] {logging_mixin.py:188} INFO - [2024-10-11T17:57:51.933+0000] {dag.py:3096} INFO - Sync 2 DAGs
[2024-10-11T17:57:51.941+0000] {logging_mixin.py:188} INFO - [2024-10-11T17:57:51.941+0000] {dag.py:3954} INFO - Setting next_dagrun for example_subdag_operator.section-1 to None, run_after=None
[2024-10-11T17:57:51.942+0000] {logging_mixin.py:188} INFO - [2024-10-11T17:57:51.942+0000] {dag.py:3954} INFO - Setting next_dagrun for example_subdag_operator.section-2 to None, run_after=None
[2024-10-11T17:57:51.960+0000] {processor.py:183} INFO - Processing /home/airflow/.local/lib/python3.12/site-packages/airflow/example_dags/example_subdag_operator.py took 0.125 seconds
[2024-10-11T17:58:22.241+0000] {processor.py:161} INFO - Started process (PID=7243) to work on /home/airflow/.local/lib/python3.12/site-packages/airflow/example_dags/example_subdag_operator.py
[2024-10-11T17:58:22.243+0000] {processor.py:830} INFO - Processing file /home/airflow/.local/lib/python3.12/site-packages/airflow/example_dags/example_subdag_operator.py for tasks to queue
[2024-10-11T17:58:22.245+0000] {logging_mixin.py:188} INFO - [2024-10-11T17:58:22.244+0000] {dagbag.py:545} INFO - Filling up the DagBag from /home/airflow/.local/lib/python3.12/site-packages/airflow/example_dags/example_subdag_operator.py
[2024-10-11T17:58:22.273+0000] {processor.py:840} INFO - DAG(s) 'example_subdag_operator.section-1', 'example_subdag_operator.section-2', 'example_subdag_operator' retrieved from /home/airflow/.local/lib/python3.12/site-packages/airflow/example_dags/example_subdag_operator.py
[2024-10-11T17:58:22.291+0000] {logging_mixin.py:188} INFO - [2024-10-11T17:58:22.291+0000] {dag.py:3096} INFO - Sync 3 DAGs
[2024-10-11T17:58:22.315+0000] {logging_mixin.py:188} INFO - [2024-10-11T17:58:22.315+0000] {dag.py:3954} INFO - Setting next_dagrun for example_subdag_operator to 2022-01-01 00:00:00+00:00, run_after=2022-01-01 00:00:00+00:00
[2024-10-11T17:58:22.321+0000] {logging_mixin.py:188} INFO - [2024-10-11T17:58:22.321+0000] {dag.py:3954} INFO - Setting next_dagrun for example_subdag_operator.section-1 to None, run_after=None
[2024-10-11T17:58:22.323+0000] {logging_mixin.py:188} INFO - [2024-10-11T17:58:22.323+0000] {dag.py:3954} INFO - Setting next_dagrun for example_subdag_operator.section-2 to None, run_after=None
[2024-10-11T17:58:22.334+0000] {logging_mixin.py:188} INFO - [2024-10-11T17:58:22.333+0000] {dag.py:3096} INFO - Sync 2 DAGs
[2024-10-11T17:58:22.342+0000] {logging_mixin.py:188} INFO - [2024-10-11T17:58:22.342+0000] {dag.py:3954} INFO - Setting next_dagrun for example_subdag_operator.section-1 to None, run_after=None
[2024-10-11T17:58:22.343+0000] {logging_mixin.py:188} INFO - [2024-10-11T17:58:22.343+0000] {dag.py:3954} INFO - Setting next_dagrun for example_subdag_operator.section-2 to None, run_after=None
[2024-10-11T17:58:22.362+0000] {processor.py:183} INFO - Processing /home/airflow/.local/lib/python3.12/site-packages/airflow/example_dags/example_subdag_operator.py took 0.127 seconds
[2024-10-11T17:58:52.456+0000] {processor.py:161} INFO - Started process (PID=7505) to work on /home/airflow/.local/lib/python3.12/site-packages/airflow/example_dags/example_subdag_operator.py
[2024-10-11T17:58:52.457+0000] {processor.py:830} INFO - Processing file /home/airflow/.local/lib/python3.12/site-packages/airflow/example_dags/example_subdag_operator.py for tasks to queue
[2024-10-11T17:58:52.460+0000] {logging_mixin.py:188} INFO - [2024-10-11T17:58:52.459+0000] {dagbag.py:545} INFO - Filling up the DagBag from /home/airflow/.local/lib/python3.12/site-packages/airflow/example_dags/example_subdag_operator.py
[2024-10-11T17:58:52.491+0000] {processor.py:840} INFO - DAG(s) 'example_subdag_operator.section-1', 'example_subdag_operator.section-2', 'example_subdag_operator' retrieved from /home/airflow/.local/lib/python3.12/site-packages/airflow/example_dags/example_subdag_operator.py
[2024-10-11T17:58:52.516+0000] {logging_mixin.py:188} INFO - [2024-10-11T17:58:52.516+0000] {dag.py:3096} INFO - Sync 3 DAGs
[2024-10-11T17:58:52.555+0000] {logging_mixin.py:188} INFO - [2024-10-11T17:58:52.555+0000] {dag.py:3954} INFO - Setting next_dagrun for example_subdag_operator to 2022-01-01 00:00:00+00:00, run_after=2022-01-01 00:00:00+00:00
[2024-10-11T17:58:52.563+0000] {logging_mixin.py:188} INFO - [2024-10-11T17:58:52.562+0000] {dag.py:3954} INFO - Setting next_dagrun for example_subdag_operator.section-1 to None, run_after=None
[2024-10-11T17:58:52.566+0000] {logging_mixin.py:188} INFO - [2024-10-11T17:58:52.566+0000] {dag.py:3954} INFO - Setting next_dagrun for example_subdag_operator.section-2 to None, run_after=None
[2024-10-11T17:58:52.581+0000] {logging_mixin.py:188} INFO - [2024-10-11T17:58:52.581+0000] {dag.py:3096} INFO - Sync 2 DAGs
[2024-10-11T17:58:52.591+0000] {logging_mixin.py:188} INFO - [2024-10-11T17:58:52.590+0000] {dag.py:3954} INFO - Setting next_dagrun for example_subdag_operator.section-1 to None, run_after=None
[2024-10-11T17:58:52.592+0000] {logging_mixin.py:188} INFO - [2024-10-11T17:58:52.592+0000] {dag.py:3954} INFO - Setting next_dagrun for example_subdag_operator.section-2 to None, run_after=None
[2024-10-11T17:58:52.615+0000] {processor.py:183} INFO - Processing /home/airflow/.local/lib/python3.12/site-packages/airflow/example_dags/example_subdag_operator.py took 0.166 seconds
[2024-10-11T17:59:23.238+0000] {processor.py:161} INFO - Started process (PID=7762) to work on /home/airflow/.local/lib/python3.12/site-packages/airflow/example_dags/example_subdag_operator.py
[2024-10-11T17:59:23.239+0000] {processor.py:830} INFO - Processing file /home/airflow/.local/lib/python3.12/site-packages/airflow/example_dags/example_subdag_operator.py for tasks to queue
[2024-10-11T17:59:23.241+0000] {logging_mixin.py:188} INFO - [2024-10-11T17:59:23.241+0000] {dagbag.py:545} INFO - Filling up the DagBag from /home/airflow/.local/lib/python3.12/site-packages/airflow/example_dags/example_subdag_operator.py
[2024-10-11T17:59:23.268+0000] {processor.py:840} INFO - DAG(s) 'example_subdag_operator.section-1', 'example_subdag_operator.section-2', 'example_subdag_operator' retrieved from /home/airflow/.local/lib/python3.12/site-packages/airflow/example_dags/example_subdag_operator.py
[2024-10-11T17:59:23.286+0000] {logging_mixin.py:188} INFO - [2024-10-11T17:59:23.286+0000] {dag.py:3096} INFO - Sync 3 DAGs
[2024-10-11T17:59:23.318+0000] {logging_mixin.py:188} INFO - [2024-10-11T17:59:23.317+0000] {dag.py:3954} INFO - Setting next_dagrun for example_subdag_operator to 2022-01-01 00:00:00+00:00, run_after=2022-01-01 00:00:00+00:00
[2024-10-11T17:59:23.324+0000] {logging_mixin.py:188} INFO - [2024-10-11T17:59:23.323+0000] {dag.py:3954} INFO - Setting next_dagrun for example_subdag_operator.section-1 to None, run_after=None
[2024-10-11T17:59:23.326+0000] {logging_mixin.py:188} INFO - [2024-10-11T17:59:23.326+0000] {dag.py:3954} INFO - Setting next_dagrun for example_subdag_operator.section-2 to None, run_after=None
[2024-10-11T17:59:23.337+0000] {logging_mixin.py:188} INFO - [2024-10-11T17:59:23.337+0000] {dag.py:3096} INFO - Sync 2 DAGs
[2024-10-11T17:59:23.346+0000] {logging_mixin.py:188} INFO - [2024-10-11T17:59:23.346+0000] {dag.py:3954} INFO - Setting next_dagrun for example_subdag_operator.section-1 to None, run_after=None
[2024-10-11T17:59:23.347+0000] {logging_mixin.py:188} INFO - [2024-10-11T17:59:23.347+0000] {dag.py:3954} INFO - Setting next_dagrun for example_subdag_operator.section-2 to None, run_after=None
[2024-10-11T17:59:23.367+0000] {processor.py:183} INFO - Processing /home/airflow/.local/lib/python3.12/site-packages/airflow/example_dags/example_subdag_operator.py took 0.136 seconds
[2024-10-11T17:59:53.550+0000] {processor.py:161} INFO - Started process (PID=8024) to work on /home/airflow/.local/lib/python3.12/site-packages/airflow/example_dags/example_subdag_operator.py
[2024-10-11T17:59:53.552+0000] {processor.py:830} INFO - Processing file /home/airflow/.local/lib/python3.12/site-packages/airflow/example_dags/example_subdag_operator.py for tasks to queue
[2024-10-11T17:59:53.554+0000] {logging_mixin.py:188} INFO - [2024-10-11T17:59:53.554+0000] {dagbag.py:545} INFO - Filling up the DagBag from /home/airflow/.local/lib/python3.12/site-packages/airflow/example_dags/example_subdag_operator.py
[2024-10-11T17:59:53.579+0000] {processor.py:840} INFO - DAG(s) 'example_subdag_operator.section-1', 'example_subdag_operator.section-2', 'example_subdag_operator' retrieved from /home/airflow/.local/lib/python3.12/site-packages/airflow/example_dags/example_subdag_operator.py
[2024-10-11T17:59:53.595+0000] {logging_mixin.py:188} INFO - [2024-10-11T17:59:53.595+0000] {dag.py:3096} INFO - Sync 3 DAGs
[2024-10-11T17:59:53.618+0000] {logging_mixin.py:188} INFO - [2024-10-11T17:59:53.618+0000] {dag.py:3954} INFO - Setting next_dagrun for example_subdag_operator to 2022-01-01 00:00:00+00:00, run_after=2022-01-01 00:00:00+00:00
[2024-10-11T17:59:53.624+0000] {logging_mixin.py:188} INFO - [2024-10-11T17:59:53.624+0000] {dag.py:3954} INFO - Setting next_dagrun for example_subdag_operator.section-1 to None, run_after=None
[2024-10-11T17:59:53.627+0000] {logging_mixin.py:188} INFO - [2024-10-11T17:59:53.627+0000] {dag.py:3954} INFO - Setting next_dagrun for example_subdag_operator.section-2 to None, run_after=None
[2024-10-11T17:59:53.637+0000] {logging_mixin.py:188} INFO - [2024-10-11T17:59:53.637+0000] {dag.py:3096} INFO - Sync 2 DAGs
[2024-10-11T17:59:53.649+0000] {logging_mixin.py:188} INFO - [2024-10-11T17:59:53.648+0000] {dag.py:3954} INFO - Setting next_dagrun for example_subdag_operator.section-1 to None, run_after=None
[2024-10-11T17:59:53.650+0000] {logging_mixin.py:188} INFO - [2024-10-11T17:59:53.649+0000] {dag.py:3954} INFO - Setting next_dagrun for example_subdag_operator.section-2 to None, run_after=None
[2024-10-11T17:59:53.671+0000] {processor.py:183} INFO - Processing /home/airflow/.local/lib/python3.12/site-packages/airflow/example_dags/example_subdag_operator.py took 0.126 seconds
[2024-10-11T18:00:23.853+0000] {processor.py:161} INFO - Started process (PID=8286) to work on /home/airflow/.local/lib/python3.12/site-packages/airflow/example_dags/example_subdag_operator.py
[2024-10-11T18:00:23.854+0000] {processor.py:830} INFO - Processing file /home/airflow/.local/lib/python3.12/site-packages/airflow/example_dags/example_subdag_operator.py for tasks to queue
[2024-10-11T18:00:23.856+0000] {logging_mixin.py:188} INFO - [2024-10-11T18:00:23.856+0000] {dagbag.py:545} INFO - Filling up the DagBag from /home/airflow/.local/lib/python3.12/site-packages/airflow/example_dags/example_subdag_operator.py
[2024-10-11T18:00:23.886+0000] {processor.py:840} INFO - DAG(s) 'example_subdag_operator.section-1', 'example_subdag_operator.section-2', 'example_subdag_operator' retrieved from /home/airflow/.local/lib/python3.12/site-packages/airflow/example_dags/example_subdag_operator.py
[2024-10-11T18:00:23.908+0000] {logging_mixin.py:188} INFO - [2024-10-11T18:00:23.908+0000] {dag.py:3096} INFO - Sync 3 DAGs
[2024-10-11T18:00:23.933+0000] {logging_mixin.py:188} INFO - [2024-10-11T18:00:23.932+0000] {dag.py:3954} INFO - Setting next_dagrun for example_subdag_operator to 2022-01-01 00:00:00+00:00, run_after=2022-01-01 00:00:00+00:00
[2024-10-11T18:00:23.941+0000] {logging_mixin.py:188} INFO - [2024-10-11T18:00:23.940+0000] {dag.py:3954} INFO - Setting next_dagrun for example_subdag_operator.section-1 to None, run_after=None
[2024-10-11T18:00:23.943+0000] {logging_mixin.py:188} INFO - [2024-10-11T18:00:23.943+0000] {dag.py:3954} INFO - Setting next_dagrun for example_subdag_operator.section-2 to None, run_after=None
[2024-10-11T18:00:23.954+0000] {logging_mixin.py:188} INFO - [2024-10-11T18:00:23.953+0000] {dag.py:3096} INFO - Sync 2 DAGs
[2024-10-11T18:00:23.961+0000] {logging_mixin.py:188} INFO - [2024-10-11T18:00:23.960+0000] {dag.py:3954} INFO - Setting next_dagrun for example_subdag_operator.section-1 to None, run_after=None
[2024-10-11T18:00:23.962+0000] {logging_mixin.py:188} INFO - [2024-10-11T18:00:23.961+0000] {dag.py:3954} INFO - Setting next_dagrun for example_subdag_operator.section-2 to None, run_after=None
[2024-10-11T18:00:23.979+0000] {processor.py:183} INFO - Processing /home/airflow/.local/lib/python3.12/site-packages/airflow/example_dags/example_subdag_operator.py took 0.132 seconds
[2024-10-11T18:00:54.373+0000] {processor.py:161} INFO - Started process (PID=8548) to work on /home/airflow/.local/lib/python3.12/site-packages/airflow/example_dags/example_subdag_operator.py
[2024-10-11T18:00:54.375+0000] {processor.py:830} INFO - Processing file /home/airflow/.local/lib/python3.12/site-packages/airflow/example_dags/example_subdag_operator.py for tasks to queue
[2024-10-11T18:00:54.378+0000] {logging_mixin.py:188} INFO - [2024-10-11T18:00:54.377+0000] {dagbag.py:545} INFO - Filling up the DagBag from /home/airflow/.local/lib/python3.12/site-packages/airflow/example_dags/example_subdag_operator.py
[2024-10-11T18:00:54.415+0000] {processor.py:840} INFO - DAG(s) 'example_subdag_operator.section-1', 'example_subdag_operator.section-2', 'example_subdag_operator' retrieved from /home/airflow/.local/lib/python3.12/site-packages/airflow/example_dags/example_subdag_operator.py
[2024-10-11T18:00:54.449+0000] {logging_mixin.py:188} INFO - [2024-10-11T18:00:54.449+0000] {dag.py:3096} INFO - Sync 3 DAGs
[2024-10-11T18:00:54.490+0000] {logging_mixin.py:188} INFO - [2024-10-11T18:00:54.490+0000] {dag.py:3954} INFO - Setting next_dagrun for example_subdag_operator to 2022-01-01 00:00:00+00:00, run_after=2022-01-01 00:00:00+00:00
[2024-10-11T18:00:54.498+0000] {logging_mixin.py:188} INFO - [2024-10-11T18:00:54.497+0000] {dag.py:3954} INFO - Setting next_dagrun for example_subdag_operator.section-1 to None, run_after=None
[2024-10-11T18:00:54.502+0000] {logging_mixin.py:188} INFO - [2024-10-11T18:00:54.501+0000] {dag.py:3954} INFO - Setting next_dagrun for example_subdag_operator.section-2 to None, run_after=None
[2024-10-11T18:00:54.520+0000] {logging_mixin.py:188} INFO - [2024-10-11T18:00:54.520+0000] {dag.py:3096} INFO - Sync 2 DAGs
[2024-10-11T18:00:54.532+0000] {logging_mixin.py:188} INFO - [2024-10-11T18:00:54.532+0000] {dag.py:3954} INFO - Setting next_dagrun for example_subdag_operator.section-1 to None, run_after=None
[2024-10-11T18:00:54.534+0000] {logging_mixin.py:188} INFO - [2024-10-11T18:00:54.534+0000] {dag.py:3954} INFO - Setting next_dagrun for example_subdag_operator.section-2 to None, run_after=None
[2024-10-11T18:00:54.562+0000] {processor.py:183} INFO - Processing /home/airflow/.local/lib/python3.12/site-packages/airflow/example_dags/example_subdag_operator.py took 0.194 seconds
[2024-10-11T18:01:24.782+0000] {processor.py:161} INFO - Started process (PID=8810) to work on /home/airflow/.local/lib/python3.12/site-packages/airflow/example_dags/example_subdag_operator.py
[2024-10-11T18:01:24.784+0000] {processor.py:830} INFO - Processing file /home/airflow/.local/lib/python3.12/site-packages/airflow/example_dags/example_subdag_operator.py for tasks to queue
[2024-10-11T18:01:24.788+0000] {logging_mixin.py:188} INFO - [2024-10-11T18:01:24.787+0000] {dagbag.py:545} INFO - Filling up the DagBag from /home/airflow/.local/lib/python3.12/site-packages/airflow/example_dags/example_subdag_operator.py
[2024-10-11T18:01:24.822+0000] {processor.py:840} INFO - DAG(s) 'example_subdag_operator.section-1', 'example_subdag_operator.section-2', 'example_subdag_operator' retrieved from /home/airflow/.local/lib/python3.12/site-packages/airflow/example_dags/example_subdag_operator.py
[2024-10-11T18:01:24.843+0000] {logging_mixin.py:188} INFO - [2024-10-11T18:01:24.842+0000] {dag.py:3096} INFO - Sync 3 DAGs
[2024-10-11T18:01:24.868+0000] {logging_mixin.py:188} INFO - [2024-10-11T18:01:24.868+0000] {dag.py:3954} INFO - Setting next_dagrun for example_subdag_operator to 2022-01-01 00:00:00+00:00, run_after=2022-01-01 00:00:00+00:00
[2024-10-11T18:01:24.872+0000] {logging_mixin.py:188} INFO - [2024-10-11T18:01:24.872+0000] {dag.py:3954} INFO - Setting next_dagrun for example_subdag_operator.section-1 to None, run_after=None
[2024-10-11T18:01:24.875+0000] {logging_mixin.py:188} INFO - [2024-10-11T18:01:24.875+0000] {dag.py:3954} INFO - Setting next_dagrun for example_subdag_operator.section-2 to None, run_after=None
[2024-10-11T18:01:24.886+0000] {logging_mixin.py:188} INFO - [2024-10-11T18:01:24.885+0000] {dag.py:3096} INFO - Sync 2 DAGs
[2024-10-11T18:01:24.895+0000] {logging_mixin.py:188} INFO - [2024-10-11T18:01:24.894+0000] {dag.py:3954} INFO - Setting next_dagrun for example_subdag_operator.section-1 to None, run_after=None
[2024-10-11T18:01:24.896+0000] {logging_mixin.py:188} INFO - [2024-10-11T18:01:24.896+0000] {dag.py:3954} INFO - Setting next_dagrun for example_subdag_operator.section-2 to None, run_after=None
[2024-10-11T18:01:24.915+0000] {processor.py:183} INFO - Processing /home/airflow/.local/lib/python3.12/site-packages/airflow/example_dags/example_subdag_operator.py took 0.140 seconds
[2024-10-11T18:01:55.023+0000] {processor.py:161} INFO - Started process (PID=9072) to work on /home/airflow/.local/lib/python3.12/site-packages/airflow/example_dags/example_subdag_operator.py
[2024-10-11T18:01:55.024+0000] {processor.py:830} INFO - Processing file /home/airflow/.local/lib/python3.12/site-packages/airflow/example_dags/example_subdag_operator.py for tasks to queue
[2024-10-11T18:01:55.027+0000] {logging_mixin.py:188} INFO - [2024-10-11T18:01:55.026+0000] {dagbag.py:545} INFO - Filling up the DagBag from /home/airflow/.local/lib/python3.12/site-packages/airflow/example_dags/example_subdag_operator.py
[2024-10-11T18:01:55.054+0000] {processor.py:840} INFO - DAG(s) 'example_subdag_operator.section-1', 'example_subdag_operator.section-2', 'example_subdag_operator' retrieved from /home/airflow/.local/lib/python3.12/site-packages/airflow/example_dags/example_subdag_operator.py
[2024-10-11T18:01:55.072+0000] {logging_mixin.py:188} INFO - [2024-10-11T18:01:55.072+0000] {dag.py:3096} INFO - Sync 3 DAGs
[2024-10-11T18:01:55.101+0000] {logging_mixin.py:188} INFO - [2024-10-11T18:01:55.101+0000] {dag.py:3954} INFO - Setting next_dagrun for example_subdag_operator to 2022-01-01 00:00:00+00:00, run_after=2022-01-01 00:00:00+00:00
[2024-10-11T18:01:55.106+0000] {logging_mixin.py:188} INFO - [2024-10-11T18:01:55.106+0000] {dag.py:3954} INFO - Setting next_dagrun for example_subdag_operator.section-1 to None, run_after=None
[2024-10-11T18:01:55.109+0000] {logging_mixin.py:188} INFO - [2024-10-11T18:01:55.109+0000] {dag.py:3954} INFO - Setting next_dagrun for example_subdag_operator.section-2 to None, run_after=None
[2024-10-11T18:01:55.121+0000] {logging_mixin.py:188} INFO - [2024-10-11T18:01:55.120+0000] {dag.py:3096} INFO - Sync 2 DAGs
[2024-10-11T18:01:55.129+0000] {logging_mixin.py:188} INFO - [2024-10-11T18:01:55.129+0000] {dag.py:3954} INFO - Setting next_dagrun for example_subdag_operator.section-1 to None, run_after=None
[2024-10-11T18:01:55.131+0000] {logging_mixin.py:188} INFO - [2024-10-11T18:01:55.130+0000] {dag.py:3954} INFO - Setting next_dagrun for example_subdag_operator.section-2 to None, run_after=None
[2024-10-11T18:01:55.151+0000] {processor.py:183} INFO - Processing /home/airflow/.local/lib/python3.12/site-packages/airflow/example_dags/example_subdag_operator.py took 0.132 seconds
[2024-10-11T18:02:25.631+0000] {processor.py:161} INFO - Started process (PID=9337) to work on /home/airflow/.local/lib/python3.12/site-packages/airflow/example_dags/example_subdag_operator.py
[2024-10-11T18:02:25.632+0000] {processor.py:830} INFO - Processing file /home/airflow/.local/lib/python3.12/site-packages/airflow/example_dags/example_subdag_operator.py for tasks to queue
[2024-10-11T18:02:25.635+0000] {logging_mixin.py:188} INFO - [2024-10-11T18:02:25.635+0000] {dagbag.py:545} INFO - Filling up the DagBag from /home/airflow/.local/lib/python3.12/site-packages/airflow/example_dags/example_subdag_operator.py
[2024-10-11T18:02:25.660+0000] {processor.py:840} INFO - DAG(s) 'example_subdag_operator.section-1', 'example_subdag_operator.section-2', 'example_subdag_operator' retrieved from /home/airflow/.local/lib/python3.12/site-packages/airflow/example_dags/example_subdag_operator.py
[2024-10-11T18:02:25.677+0000] {logging_mixin.py:188} INFO - [2024-10-11T18:02:25.677+0000] {dag.py:3096} INFO - Sync 3 DAGs
[2024-10-11T18:02:25.835+0000] {logging_mixin.py:188} INFO - [2024-10-11T18:02:25.834+0000] {dag.py:3954} INFO - Setting next_dagrun for example_subdag_operator to 2022-01-01 00:00:00+00:00, run_after=2022-01-01 00:00:00+00:00
[2024-10-11T18:02:25.840+0000] {logging_mixin.py:188} INFO - [2024-10-11T18:02:25.840+0000] {dag.py:3954} INFO - Setting next_dagrun for example_subdag_operator.section-1 to None, run_after=None
[2024-10-11T18:02:25.842+0000] {logging_mixin.py:188} INFO - [2024-10-11T18:02:25.842+0000] {dag.py:3954} INFO - Setting next_dagrun for example_subdag_operator.section-2 to None, run_after=None
[2024-10-11T18:02:25.852+0000] {logging_mixin.py:188} INFO - [2024-10-11T18:02:25.851+0000] {dag.py:3096} INFO - Sync 2 DAGs
[2024-10-11T18:02:25.860+0000] {logging_mixin.py:188} INFO - [2024-10-11T18:02:25.860+0000] {dag.py:3954} INFO - Setting next_dagrun for example_subdag_operator.section-1 to None, run_after=None
[2024-10-11T18:02:25.861+0000] {logging_mixin.py:188} INFO - [2024-10-11T18:02:25.861+0000] {dag.py:3954} INFO - Setting next_dagrun for example_subdag_operator.section-2 to None, run_after=None
[2024-10-11T18:02:25.882+0000] {processor.py:183} INFO - Processing /home/airflow/.local/lib/python3.12/site-packages/airflow/example_dags/example_subdag_operator.py took 0.256 seconds
[2024-10-11T18:02:56.030+0000] {processor.py:161} INFO - Started process (PID=9601) to work on /home/airflow/.local/lib/python3.12/site-packages/airflow/example_dags/example_subdag_operator.py
[2024-10-11T18:02:56.031+0000] {processor.py:830} INFO - Processing file /home/airflow/.local/lib/python3.12/site-packages/airflow/example_dags/example_subdag_operator.py for tasks to queue
[2024-10-11T18:02:56.034+0000] {logging_mixin.py:188} INFO - [2024-10-11T18:02:56.033+0000] {dagbag.py:545} INFO - Filling up the DagBag from /home/airflow/.local/lib/python3.12/site-packages/airflow/example_dags/example_subdag_operator.py
[2024-10-11T18:02:56.061+0000] {processor.py:840} INFO - DAG(s) 'example_subdag_operator.section-1', 'example_subdag_operator.section-2', 'example_subdag_operator' retrieved from /home/airflow/.local/lib/python3.12/site-packages/airflow/example_dags/example_subdag_operator.py
[2024-10-11T18:02:56.081+0000] {logging_mixin.py:188} INFO - [2024-10-11T18:02:56.080+0000] {dag.py:3096} INFO - Sync 3 DAGs
[2024-10-11T18:02:56.110+0000] {logging_mixin.py:188} INFO - [2024-10-11T18:02:56.109+0000] {dag.py:3954} INFO - Setting next_dagrun for example_subdag_operator to 2022-01-01 00:00:00+00:00, run_after=2022-01-01 00:00:00+00:00
[2024-10-11T18:02:56.115+0000] {logging_mixin.py:188} INFO - [2024-10-11T18:02:56.115+0000] {dag.py:3954} INFO - Setting next_dagrun for example_subdag_operator.section-1 to None, run_after=None
[2024-10-11T18:02:56.119+0000] {logging_mixin.py:188} INFO - [2024-10-11T18:02:56.118+0000] {dag.py:3954} INFO - Setting next_dagrun for example_subdag_operator.section-2 to None, run_after=None
[2024-10-11T18:02:56.130+0000] {logging_mixin.py:188} INFO - [2024-10-11T18:02:56.130+0000] {dag.py:3096} INFO - Sync 2 DAGs
[2024-10-11T18:02:56.139+0000] {logging_mixin.py:188} INFO - [2024-10-11T18:02:56.138+0000] {dag.py:3954} INFO - Setting next_dagrun for example_subdag_operator.section-1 to None, run_after=None
[2024-10-11T18:02:56.140+0000] {logging_mixin.py:188} INFO - [2024-10-11T18:02:56.140+0000] {dag.py:3954} INFO - Setting next_dagrun for example_subdag_operator.section-2 to None, run_after=None
[2024-10-11T18:02:56.158+0000] {processor.py:183} INFO - Processing /home/airflow/.local/lib/python3.12/site-packages/airflow/example_dags/example_subdag_operator.py took 0.133 seconds
[2024-10-11T18:03:26.223+0000] {processor.py:161} INFO - Started process (PID=9863) to work on /home/airflow/.local/lib/python3.12/site-packages/airflow/example_dags/example_subdag_operator.py
[2024-10-11T18:03:26.224+0000] {processor.py:830} INFO - Processing file /home/airflow/.local/lib/python3.12/site-packages/airflow/example_dags/example_subdag_operator.py for tasks to queue
[2024-10-11T18:03:26.227+0000] {logging_mixin.py:188} INFO - [2024-10-11T18:03:26.226+0000] {dagbag.py:545} INFO - Filling up the DagBag from /home/airflow/.local/lib/python3.12/site-packages/airflow/example_dags/example_subdag_operator.py
[2024-10-11T18:03:26.260+0000] {processor.py:840} INFO - DAG(s) 'example_subdag_operator.section-1', 'example_subdag_operator.section-2', 'example_subdag_operator' retrieved from /home/airflow/.local/lib/python3.12/site-packages/airflow/example_dags/example_subdag_operator.py
[2024-10-11T18:03:26.283+0000] {logging_mixin.py:188} INFO - [2024-10-11T18:03:26.283+0000] {dag.py:3096} INFO - Sync 3 DAGs
[2024-10-11T18:03:26.318+0000] {logging_mixin.py:188} INFO - [2024-10-11T18:03:26.318+0000] {dag.py:3954} INFO - Setting next_dagrun for example_subdag_operator to 2022-01-01 00:00:00+00:00, run_after=2022-01-01 00:00:00+00:00
[2024-10-11T18:03:26.325+0000] {logging_mixin.py:188} INFO - [2024-10-11T18:03:26.325+0000] {dag.py:3954} INFO - Setting next_dagrun for example_subdag_operator.section-1 to None, run_after=None
[2024-10-11T18:03:26.329+0000] {logging_mixin.py:188} INFO - [2024-10-11T18:03:26.328+0000] {dag.py:3954} INFO - Setting next_dagrun for example_subdag_operator.section-2 to None, run_after=None
[2024-10-11T18:03:26.343+0000] {logging_mixin.py:188} INFO - [2024-10-11T18:03:26.342+0000] {dag.py:3096} INFO - Sync 2 DAGs
[2024-10-11T18:03:26.353+0000] {logging_mixin.py:188} INFO - [2024-10-11T18:03:26.352+0000] {dag.py:3954} INFO - Setting next_dagrun for example_subdag_operator.section-1 to None, run_after=None
[2024-10-11T18:03:26.354+0000] {logging_mixin.py:188} INFO - [2024-10-11T18:03:26.353+0000] {dag.py:3954} INFO - Setting next_dagrun for example_subdag_operator.section-2 to None, run_after=None
[2024-10-11T18:03:26.376+0000] {processor.py:183} INFO - Processing /home/airflow/.local/lib/python3.12/site-packages/airflow/example_dags/example_subdag_operator.py took 0.162 seconds
[2024-10-11T18:03:56.630+0000] {processor.py:161} INFO - Started process (PID=10118) to work on /home/airflow/.local/lib/python3.12/site-packages/airflow/example_dags/example_subdag_operator.py
[2024-10-11T18:03:56.632+0000] {processor.py:830} INFO - Processing file /home/airflow/.local/lib/python3.12/site-packages/airflow/example_dags/example_subdag_operator.py for tasks to queue
[2024-10-11T18:03:56.634+0000] {logging_mixin.py:188} INFO - [2024-10-11T18:03:56.634+0000] {dagbag.py:545} INFO - Filling up the DagBag from /home/airflow/.local/lib/python3.12/site-packages/airflow/example_dags/example_subdag_operator.py
[2024-10-11T18:03:56.664+0000] {processor.py:840} INFO - DAG(s) 'example_subdag_operator.section-1', 'example_subdag_operator.section-2', 'example_subdag_operator' retrieved from /home/airflow/.local/lib/python3.12/site-packages/airflow/example_dags/example_subdag_operator.py
[2024-10-11T18:03:56.692+0000] {logging_mixin.py:188} INFO - [2024-10-11T18:03:56.691+0000] {dag.py:3096} INFO - Sync 3 DAGs
[2024-10-11T18:03:56.724+0000] {logging_mixin.py:188} INFO - [2024-10-11T18:03:56.723+0000] {dag.py:3954} INFO - Setting next_dagrun for example_subdag_operator to 2022-01-01 00:00:00+00:00, run_after=2022-01-01 00:00:00+00:00
[2024-10-11T18:03:56.734+0000] {logging_mixin.py:188} INFO - [2024-10-11T18:03:56.734+0000] {dag.py:3954} INFO - Setting next_dagrun for example_subdag_operator.section-1 to None, run_after=None
[2024-10-11T18:03:56.737+0000] {logging_mixin.py:188} INFO - [2024-10-11T18:03:56.737+0000] {dag.py:3954} INFO - Setting next_dagrun for example_subdag_operator.section-2 to None, run_after=None
[2024-10-11T18:03:56.750+0000] {logging_mixin.py:188} INFO - [2024-10-11T18:03:56.750+0000] {dag.py:3096} INFO - Sync 2 DAGs
[2024-10-11T18:03:56.759+0000] {logging_mixin.py:188} INFO - [2024-10-11T18:03:56.759+0000] {dag.py:3954} INFO - Setting next_dagrun for example_subdag_operator.section-1 to None, run_after=None
[2024-10-11T18:03:56.761+0000] {logging_mixin.py:188} INFO - [2024-10-11T18:03:56.760+0000] {dag.py:3954} INFO - Setting next_dagrun for example_subdag_operator.section-2 to None, run_after=None
[2024-10-11T18:03:56.783+0000] {processor.py:183} INFO - Processing /home/airflow/.local/lib/python3.12/site-packages/airflow/example_dags/example_subdag_operator.py took 0.159 seconds
