[2024-10-11T17:45:00.221+0000] {processor.py:161} INFO - Started process (PID=272) to work on /home/airflow/.local/lib/python3.12/site-packages/airflow/example_dags/example_task_group.py
[2024-10-11T17:45:00.223+0000] {processor.py:830} INFO - Processing file /home/airflow/.local/lib/python3.12/site-packages/airflow/example_dags/example_task_group.py for tasks to queue
[2024-10-11T17:45:00.226+0000] {logging_mixin.py:188} INFO - [2024-10-11T17:45:00.225+0000] {dagbag.py:545} INFO - Filling up the DagBag from /home/airflow/.local/lib/python3.12/site-packages/airflow/example_dags/example_task_group.py
[2024-10-11T17:45:00.248+0000] {processor.py:840} INFO - DAG(s) 'example_task_group' retrieved from /home/airflow/.local/lib/python3.12/site-packages/airflow/example_dags/example_task_group.py
[2024-10-11T17:45:00.278+0000] {logging_mixin.py:188} INFO - [2024-10-11T17:45:00.277+0000] {dag.py:3096} INFO - Sync 1 DAGs
[2024-10-11T17:45:00.335+0000] {logging_mixin.py:188} INFO - [2024-10-11T17:45:00.335+0000] {dag.py:3954} INFO - Setting next_dagrun for example_task_group to 2024-10-10 00:00:00+00:00, run_after=2024-10-11 00:00:00+00:00
[2024-10-11T17:45:00.377+0000] {processor.py:183} INFO - Processing /home/airflow/.local/lib/python3.12/site-packages/airflow/example_dags/example_task_group.py took 0.162 seconds
[2024-10-11T17:45:31.242+0000] {processor.py:161} INFO - Started process (PID=534) to work on /home/airflow/.local/lib/python3.12/site-packages/airflow/example_dags/example_task_group.py
[2024-10-11T17:45:31.244+0000] {processor.py:830} INFO - Processing file /home/airflow/.local/lib/python3.12/site-packages/airflow/example_dags/example_task_group.py for tasks to queue
[2024-10-11T17:45:31.246+0000] {logging_mixin.py:188} INFO - [2024-10-11T17:45:31.245+0000] {dagbag.py:545} INFO - Filling up the DagBag from /home/airflow/.local/lib/python3.12/site-packages/airflow/example_dags/example_task_group.py
[2024-10-11T17:45:31.254+0000] {processor.py:840} INFO - DAG(s) 'example_task_group' retrieved from /home/airflow/.local/lib/python3.12/site-packages/airflow/example_dags/example_task_group.py
[2024-10-11T17:45:31.375+0000] {logging_mixin.py:188} INFO - [2024-10-11T17:45:31.375+0000] {dag.py:3096} INFO - Sync 1 DAGs
[2024-10-11T17:45:31.401+0000] {logging_mixin.py:188} INFO - [2024-10-11T17:45:31.401+0000] {dag.py:3954} INFO - Setting next_dagrun for example_task_group to 2024-10-10 00:00:00+00:00, run_after=2024-10-11 00:00:00+00:00
[2024-10-11T17:45:31.430+0000] {processor.py:183} INFO - Processing /home/airflow/.local/lib/python3.12/site-packages/airflow/example_dags/example_task_group.py took 0.192 seconds
[2024-10-11T17:46:01.946+0000] {processor.py:161} INFO - Started process (PID=796) to work on /home/airflow/.local/lib/python3.12/site-packages/airflow/example_dags/example_task_group.py
[2024-10-11T17:46:01.947+0000] {processor.py:830} INFO - Processing file /home/airflow/.local/lib/python3.12/site-packages/airflow/example_dags/example_task_group.py for tasks to queue
[2024-10-11T17:46:01.949+0000] {logging_mixin.py:188} INFO - [2024-10-11T17:46:01.949+0000] {dagbag.py:545} INFO - Filling up the DagBag from /home/airflow/.local/lib/python3.12/site-packages/airflow/example_dags/example_task_group.py
[2024-10-11T17:46:01.956+0000] {processor.py:840} INFO - DAG(s) 'example_task_group' retrieved from /home/airflow/.local/lib/python3.12/site-packages/airflow/example_dags/example_task_group.py
[2024-10-11T17:46:01.982+0000] {logging_mixin.py:188} INFO - [2024-10-11T17:46:01.981+0000] {dag.py:3096} INFO - Sync 1 DAGs
[2024-10-11T17:46:02.008+0000] {logging_mixin.py:188} INFO - [2024-10-11T17:46:02.007+0000] {dag.py:3954} INFO - Setting next_dagrun for example_task_group to 2024-10-10 00:00:00+00:00, run_after=2024-10-11 00:00:00+00:00
[2024-10-11T17:46:02.036+0000] {processor.py:183} INFO - Processing /home/airflow/.local/lib/python3.12/site-packages/airflow/example_dags/example_task_group.py took 0.094 seconds
[2024-10-11T17:46:32.280+0000] {processor.py:161} INFO - Started process (PID=1058) to work on /home/airflow/.local/lib/python3.12/site-packages/airflow/example_dags/example_task_group.py
[2024-10-11T17:46:32.281+0000] {processor.py:830} INFO - Processing file /home/airflow/.local/lib/python3.12/site-packages/airflow/example_dags/example_task_group.py for tasks to queue
[2024-10-11T17:46:32.283+0000] {logging_mixin.py:188} INFO - [2024-10-11T17:46:32.283+0000] {dagbag.py:545} INFO - Filling up the DagBag from /home/airflow/.local/lib/python3.12/site-packages/airflow/example_dags/example_task_group.py
[2024-10-11T17:46:32.291+0000] {processor.py:840} INFO - DAG(s) 'example_task_group' retrieved from /home/airflow/.local/lib/python3.12/site-packages/airflow/example_dags/example_task_group.py
[2024-10-11T17:46:32.320+0000] {logging_mixin.py:188} INFO - [2024-10-11T17:46:32.320+0000] {dag.py:3096} INFO - Sync 1 DAGs
[2024-10-11T17:46:32.350+0000] {logging_mixin.py:188} INFO - [2024-10-11T17:46:32.350+0000] {dag.py:3954} INFO - Setting next_dagrun for example_task_group to 2024-10-10 00:00:00+00:00, run_after=2024-10-11 00:00:00+00:00
[2024-10-11T17:46:32.378+0000] {processor.py:183} INFO - Processing /home/airflow/.local/lib/python3.12/site-packages/airflow/example_dags/example_task_group.py took 0.102 seconds
[2024-10-11T17:47:03.207+0000] {processor.py:161} INFO - Started process (PID=1321) to work on /home/airflow/.local/lib/python3.12/site-packages/airflow/example_dags/example_task_group.py
[2024-10-11T17:47:03.208+0000] {processor.py:830} INFO - Processing file /home/airflow/.local/lib/python3.12/site-packages/airflow/example_dags/example_task_group.py for tasks to queue
[2024-10-11T17:47:03.210+0000] {logging_mixin.py:188} INFO - [2024-10-11T17:47:03.209+0000] {dagbag.py:545} INFO - Filling up the DagBag from /home/airflow/.local/lib/python3.12/site-packages/airflow/example_dags/example_task_group.py
[2024-10-11T17:47:03.217+0000] {processor.py:840} INFO - DAG(s) 'example_task_group' retrieved from /home/airflow/.local/lib/python3.12/site-packages/airflow/example_dags/example_task_group.py
[2024-10-11T17:47:03.241+0000] {logging_mixin.py:188} INFO - [2024-10-11T17:47:03.241+0000] {dag.py:3096} INFO - Sync 1 DAGs
[2024-10-11T17:47:03.266+0000] {logging_mixin.py:188} INFO - [2024-10-11T17:47:03.266+0000] {dag.py:3954} INFO - Setting next_dagrun for example_task_group to 2024-10-10 00:00:00+00:00, run_after=2024-10-11 00:00:00+00:00
[2024-10-11T17:47:03.294+0000] {processor.py:183} INFO - Processing /home/airflow/.local/lib/python3.12/site-packages/airflow/example_dags/example_task_group.py took 0.092 seconds
[2024-10-11T17:47:33.373+0000] {processor.py:161} INFO - Started process (PID=1584) to work on /home/airflow/.local/lib/python3.12/site-packages/airflow/example_dags/example_task_group.py
[2024-10-11T17:47:33.375+0000] {processor.py:830} INFO - Processing file /home/airflow/.local/lib/python3.12/site-packages/airflow/example_dags/example_task_group.py for tasks to queue
[2024-10-11T17:47:33.377+0000] {logging_mixin.py:188} INFO - [2024-10-11T17:47:33.377+0000] {dagbag.py:545} INFO - Filling up the DagBag from /home/airflow/.local/lib/python3.12/site-packages/airflow/example_dags/example_task_group.py
[2024-10-11T17:47:33.385+0000] {processor.py:840} INFO - DAG(s) 'example_task_group' retrieved from /home/airflow/.local/lib/python3.12/site-packages/airflow/example_dags/example_task_group.py
[2024-10-11T17:47:33.412+0000] {logging_mixin.py:188} INFO - [2024-10-11T17:47:33.411+0000] {dag.py:3096} INFO - Sync 1 DAGs
[2024-10-11T17:47:33.440+0000] {logging_mixin.py:188} INFO - [2024-10-11T17:47:33.439+0000] {dag.py:3954} INFO - Setting next_dagrun for example_task_group to 2024-10-10 00:00:00+00:00, run_after=2024-10-11 00:00:00+00:00
[2024-10-11T17:47:33.468+0000] {processor.py:183} INFO - Processing /home/airflow/.local/lib/python3.12/site-packages/airflow/example_dags/example_task_group.py took 0.102 seconds
[2024-10-11T17:48:03.634+0000] {processor.py:161} INFO - Started process (PID=1841) to work on /home/airflow/.local/lib/python3.12/site-packages/airflow/example_dags/example_task_group.py
[2024-10-11T17:48:03.636+0000] {processor.py:830} INFO - Processing file /home/airflow/.local/lib/python3.12/site-packages/airflow/example_dags/example_task_group.py for tasks to queue
[2024-10-11T17:48:03.639+0000] {logging_mixin.py:188} INFO - [2024-10-11T17:48:03.638+0000] {dagbag.py:545} INFO - Filling up the DagBag from /home/airflow/.local/lib/python3.12/site-packages/airflow/example_dags/example_task_group.py
[2024-10-11T17:48:03.646+0000] {processor.py:840} INFO - DAG(s) 'example_task_group' retrieved from /home/airflow/.local/lib/python3.12/site-packages/airflow/example_dags/example_task_group.py
[2024-10-11T17:48:03.675+0000] {logging_mixin.py:188} INFO - [2024-10-11T17:48:03.675+0000] {dag.py:3096} INFO - Sync 1 DAGs
[2024-10-11T17:48:03.703+0000] {logging_mixin.py:188} INFO - [2024-10-11T17:48:03.702+0000] {dag.py:3954} INFO - Setting next_dagrun for example_task_group to 2024-10-10 00:00:00+00:00, run_after=2024-10-11 00:00:00+00:00
[2024-10-11T17:48:03.731+0000] {processor.py:183} INFO - Processing /home/airflow/.local/lib/python3.12/site-packages/airflow/example_dags/example_task_group.py took 0.102 seconds
[2024-10-11T17:48:34.255+0000] {processor.py:161} INFO - Started process (PID=2103) to work on /home/airflow/.local/lib/python3.12/site-packages/airflow/example_dags/example_task_group.py
[2024-10-11T17:48:34.256+0000] {processor.py:830} INFO - Processing file /home/airflow/.local/lib/python3.12/site-packages/airflow/example_dags/example_task_group.py for tasks to queue
[2024-10-11T17:48:34.258+0000] {logging_mixin.py:188} INFO - [2024-10-11T17:48:34.258+0000] {dagbag.py:545} INFO - Filling up the DagBag from /home/airflow/.local/lib/python3.12/site-packages/airflow/example_dags/example_task_group.py
[2024-10-11T17:48:34.265+0000] {processor.py:840} INFO - DAG(s) 'example_task_group' retrieved from /home/airflow/.local/lib/python3.12/site-packages/airflow/example_dags/example_task_group.py
[2024-10-11T17:48:34.296+0000] {logging_mixin.py:188} INFO - [2024-10-11T17:48:34.295+0000] {dag.py:3096} INFO - Sync 1 DAGs
[2024-10-11T17:48:34.322+0000] {logging_mixin.py:188} INFO - [2024-10-11T17:48:34.322+0000] {dag.py:3954} INFO - Setting next_dagrun for example_task_group to 2024-10-10 00:00:00+00:00, run_after=2024-10-11 00:00:00+00:00
[2024-10-11T17:48:34.349+0000] {processor.py:183} INFO - Processing /home/airflow/.local/lib/python3.12/site-packages/airflow/example_dags/example_task_group.py took 0.098 seconds
[2024-10-11T17:49:04.786+0000] {processor.py:161} INFO - Started process (PID=2365) to work on /home/airflow/.local/lib/python3.12/site-packages/airflow/example_dags/example_task_group.py
[2024-10-11T17:49:04.788+0000] {processor.py:830} INFO - Processing file /home/airflow/.local/lib/python3.12/site-packages/airflow/example_dags/example_task_group.py for tasks to queue
[2024-10-11T17:49:04.790+0000] {logging_mixin.py:188} INFO - [2024-10-11T17:49:04.790+0000] {dagbag.py:545} INFO - Filling up the DagBag from /home/airflow/.local/lib/python3.12/site-packages/airflow/example_dags/example_task_group.py
[2024-10-11T17:49:04.797+0000] {processor.py:840} INFO - DAG(s) 'example_task_group' retrieved from /home/airflow/.local/lib/python3.12/site-packages/airflow/example_dags/example_task_group.py
[2024-10-11T17:49:04.824+0000] {logging_mixin.py:188} INFO - [2024-10-11T17:49:04.824+0000] {dag.py:3096} INFO - Sync 1 DAGs
[2024-10-11T17:49:04.853+0000] {logging_mixin.py:188} INFO - [2024-10-11T17:49:04.852+0000] {dag.py:3954} INFO - Setting next_dagrun for example_task_group to 2024-10-10 00:00:00+00:00, run_after=2024-10-11 00:00:00+00:00
[2024-10-11T17:49:04.881+0000] {processor.py:183} INFO - Processing /home/airflow/.local/lib/python3.12/site-packages/airflow/example_dags/example_task_group.py took 0.103 seconds
[2024-10-11T17:49:35.158+0000] {processor.py:161} INFO - Started process (PID=2627) to work on /home/airflow/.local/lib/python3.12/site-packages/airflow/example_dags/example_task_group.py
[2024-10-11T17:49:35.160+0000] {processor.py:830} INFO - Processing file /home/airflow/.local/lib/python3.12/site-packages/airflow/example_dags/example_task_group.py for tasks to queue
[2024-10-11T17:49:35.163+0000] {logging_mixin.py:188} INFO - [2024-10-11T17:49:35.162+0000] {dagbag.py:545} INFO - Filling up the DagBag from /home/airflow/.local/lib/python3.12/site-packages/airflow/example_dags/example_task_group.py
[2024-10-11T17:49:35.172+0000] {processor.py:840} INFO - DAG(s) 'example_task_group' retrieved from /home/airflow/.local/lib/python3.12/site-packages/airflow/example_dags/example_task_group.py
[2024-10-11T17:49:35.204+0000] {logging_mixin.py:188} INFO - [2024-10-11T17:49:35.204+0000] {dag.py:3096} INFO - Sync 1 DAGs
[2024-10-11T17:49:35.238+0000] {logging_mixin.py:188} INFO - [2024-10-11T17:49:35.237+0000] {dag.py:3954} INFO - Setting next_dagrun for example_task_group to 2024-10-10 00:00:00+00:00, run_after=2024-10-11 00:00:00+00:00
[2024-10-11T17:49:35.268+0000] {processor.py:183} INFO - Processing /home/airflow/.local/lib/python3.12/site-packages/airflow/example_dags/example_task_group.py took 0.117 seconds
[2024-10-11T17:50:05.460+0000] {processor.py:161} INFO - Started process (PID=2889) to work on /home/airflow/.local/lib/python3.12/site-packages/airflow/example_dags/example_task_group.py
[2024-10-11T17:50:05.461+0000] {processor.py:830} INFO - Processing file /home/airflow/.local/lib/python3.12/site-packages/airflow/example_dags/example_task_group.py for tasks to queue
[2024-10-11T17:50:05.463+0000] {logging_mixin.py:188} INFO - [2024-10-11T17:50:05.463+0000] {dagbag.py:545} INFO - Filling up the DagBag from /home/airflow/.local/lib/python3.12/site-packages/airflow/example_dags/example_task_group.py
[2024-10-11T17:50:05.470+0000] {processor.py:840} INFO - DAG(s) 'example_task_group' retrieved from /home/airflow/.local/lib/python3.12/site-packages/airflow/example_dags/example_task_group.py
[2024-10-11T17:50:05.496+0000] {logging_mixin.py:188} INFO - [2024-10-11T17:50:05.496+0000] {dag.py:3096} INFO - Sync 1 DAGs
[2024-10-11T17:50:05.522+0000] {logging_mixin.py:188} INFO - [2024-10-11T17:50:05.522+0000] {dag.py:3954} INFO - Setting next_dagrun for example_task_group to 2024-10-10 00:00:00+00:00, run_after=2024-10-11 00:00:00+00:00
[2024-10-11T17:50:05.548+0000] {processor.py:183} INFO - Processing /home/airflow/.local/lib/python3.12/site-packages/airflow/example_dags/example_task_group.py took 0.093 seconds
[2024-10-11T17:50:35.823+0000] {processor.py:161} INFO - Started process (PID=3151) to work on /home/airflow/.local/lib/python3.12/site-packages/airflow/example_dags/example_task_group.py
[2024-10-11T17:50:35.824+0000] {processor.py:830} INFO - Processing file /home/airflow/.local/lib/python3.12/site-packages/airflow/example_dags/example_task_group.py for tasks to queue
[2024-10-11T17:50:35.826+0000] {logging_mixin.py:188} INFO - [2024-10-11T17:50:35.825+0000] {dagbag.py:545} INFO - Filling up the DagBag from /home/airflow/.local/lib/python3.12/site-packages/airflow/example_dags/example_task_group.py
[2024-10-11T17:50:35.833+0000] {processor.py:840} INFO - DAG(s) 'example_task_group' retrieved from /home/airflow/.local/lib/python3.12/site-packages/airflow/example_dags/example_task_group.py
[2024-10-11T17:50:35.857+0000] {logging_mixin.py:188} INFO - [2024-10-11T17:50:35.856+0000] {dag.py:3096} INFO - Sync 1 DAGs
[2024-10-11T17:50:35.882+0000] {logging_mixin.py:188} INFO - [2024-10-11T17:50:35.881+0000] {dag.py:3954} INFO - Setting next_dagrun for example_task_group to 2024-10-10 00:00:00+00:00, run_after=2024-10-11 00:00:00+00:00
[2024-10-11T17:50:35.911+0000] {processor.py:183} INFO - Processing /home/airflow/.local/lib/python3.12/site-packages/airflow/example_dags/example_task_group.py took 0.093 seconds
[2024-10-11T17:51:06.312+0000] {processor.py:161} INFO - Started process (PID=3413) to work on /home/airflow/.local/lib/python3.12/site-packages/airflow/example_dags/example_task_group.py
[2024-10-11T17:51:06.313+0000] {processor.py:830} INFO - Processing file /home/airflow/.local/lib/python3.12/site-packages/airflow/example_dags/example_task_group.py for tasks to queue
[2024-10-11T17:51:06.316+0000] {logging_mixin.py:188} INFO - [2024-10-11T17:51:06.315+0000] {dagbag.py:545} INFO - Filling up the DagBag from /home/airflow/.local/lib/python3.12/site-packages/airflow/example_dags/example_task_group.py
[2024-10-11T17:51:06.323+0000] {processor.py:840} INFO - DAG(s) 'example_task_group' retrieved from /home/airflow/.local/lib/python3.12/site-packages/airflow/example_dags/example_task_group.py
[2024-10-11T17:51:06.350+0000] {logging_mixin.py:188} INFO - [2024-10-11T17:51:06.350+0000] {dag.py:3096} INFO - Sync 1 DAGs
[2024-10-11T17:51:06.374+0000] {logging_mixin.py:188} INFO - [2024-10-11T17:51:06.374+0000] {dag.py:3954} INFO - Setting next_dagrun for example_task_group to 2024-10-10 00:00:00+00:00, run_after=2024-10-11 00:00:00+00:00
[2024-10-11T17:51:06.400+0000] {processor.py:183} INFO - Processing /home/airflow/.local/lib/python3.12/site-packages/airflow/example_dags/example_task_group.py took 0.093 seconds
[2024-10-11T17:51:37.133+0000] {processor.py:161} INFO - Started process (PID=3675) to work on /home/airflow/.local/lib/python3.12/site-packages/airflow/example_dags/example_task_group.py
[2024-10-11T17:51:37.134+0000] {processor.py:830} INFO - Processing file /home/airflow/.local/lib/python3.12/site-packages/airflow/example_dags/example_task_group.py for tasks to queue
[2024-10-11T17:51:37.137+0000] {logging_mixin.py:188} INFO - [2024-10-11T17:51:37.136+0000] {dagbag.py:545} INFO - Filling up the DagBag from /home/airflow/.local/lib/python3.12/site-packages/airflow/example_dags/example_task_group.py
[2024-10-11T17:51:37.144+0000] {processor.py:840} INFO - DAG(s) 'example_task_group' retrieved from /home/airflow/.local/lib/python3.12/site-packages/airflow/example_dags/example_task_group.py
[2024-10-11T17:51:37.169+0000] {logging_mixin.py:188} INFO - [2024-10-11T17:51:37.168+0000] {dag.py:3096} INFO - Sync 1 DAGs
[2024-10-11T17:51:37.193+0000] {logging_mixin.py:188} INFO - [2024-10-11T17:51:37.193+0000] {dag.py:3954} INFO - Setting next_dagrun for example_task_group to 2024-10-10 00:00:00+00:00, run_after=2024-10-11 00:00:00+00:00
[2024-10-11T17:51:37.219+0000] {processor.py:183} INFO - Processing /home/airflow/.local/lib/python3.12/site-packages/airflow/example_dags/example_task_group.py took 0.091 seconds
[2024-10-11T17:52:07.572+0000] {processor.py:161} INFO - Started process (PID=3937) to work on /home/airflow/.local/lib/python3.12/site-packages/airflow/example_dags/example_task_group.py
[2024-10-11T17:52:07.574+0000] {processor.py:830} INFO - Processing file /home/airflow/.local/lib/python3.12/site-packages/airflow/example_dags/example_task_group.py for tasks to queue
[2024-10-11T17:52:07.576+0000] {logging_mixin.py:188} INFO - [2024-10-11T17:52:07.575+0000] {dagbag.py:545} INFO - Filling up the DagBag from /home/airflow/.local/lib/python3.12/site-packages/airflow/example_dags/example_task_group.py
[2024-10-11T17:52:07.583+0000] {processor.py:840} INFO - DAG(s) 'example_task_group' retrieved from /home/airflow/.local/lib/python3.12/site-packages/airflow/example_dags/example_task_group.py
[2024-10-11T17:52:07.610+0000] {logging_mixin.py:188} INFO - [2024-10-11T17:52:07.610+0000] {dag.py:3096} INFO - Sync 1 DAGs
[2024-10-11T17:52:07.635+0000] {logging_mixin.py:188} INFO - [2024-10-11T17:52:07.635+0000] {dag.py:3954} INFO - Setting next_dagrun for example_task_group to 2024-10-10 00:00:00+00:00, run_after=2024-10-11 00:00:00+00:00
[2024-10-11T17:52:07.661+0000] {processor.py:183} INFO - Processing /home/airflow/.local/lib/python3.12/site-packages/airflow/example_dags/example_task_group.py took 0.096 seconds
[2024-10-11T17:52:37.770+0000] {processor.py:161} INFO - Started process (PID=4199) to work on /home/airflow/.local/lib/python3.12/site-packages/airflow/example_dags/example_task_group.py
[2024-10-11T17:52:37.771+0000] {processor.py:830} INFO - Processing file /home/airflow/.local/lib/python3.12/site-packages/airflow/example_dags/example_task_group.py for tasks to queue
[2024-10-11T17:52:37.774+0000] {logging_mixin.py:188} INFO - [2024-10-11T17:52:37.773+0000] {dagbag.py:545} INFO - Filling up the DagBag from /home/airflow/.local/lib/python3.12/site-packages/airflow/example_dags/example_task_group.py
[2024-10-11T17:52:37.784+0000] {processor.py:840} INFO - DAG(s) 'example_task_group' retrieved from /home/airflow/.local/lib/python3.12/site-packages/airflow/example_dags/example_task_group.py
[2024-10-11T17:52:37.807+0000] {logging_mixin.py:188} INFO - [2024-10-11T17:52:37.807+0000] {dag.py:3096} INFO - Sync 1 DAGs
[2024-10-11T17:52:37.831+0000] {logging_mixin.py:188} INFO - [2024-10-11T17:52:37.831+0000] {dag.py:3954} INFO - Setting next_dagrun for example_task_group to 2024-10-10 00:00:00+00:00, run_after=2024-10-11 00:00:00+00:00
[2024-10-11T17:52:37.858+0000] {processor.py:183} INFO - Processing /home/airflow/.local/lib/python3.12/site-packages/airflow/example_dags/example_task_group.py took 0.094 seconds
[2024-10-11T17:53:08.059+0000] {processor.py:161} INFO - Started process (PID=4461) to work on /home/airflow/.local/lib/python3.12/site-packages/airflow/example_dags/example_task_group.py
[2024-10-11T17:53:08.061+0000] {processor.py:830} INFO - Processing file /home/airflow/.local/lib/python3.12/site-packages/airflow/example_dags/example_task_group.py for tasks to queue
[2024-10-11T17:53:08.063+0000] {logging_mixin.py:188} INFO - [2024-10-11T17:53:08.063+0000] {dagbag.py:545} INFO - Filling up the DagBag from /home/airflow/.local/lib/python3.12/site-packages/airflow/example_dags/example_task_group.py
[2024-10-11T17:53:08.072+0000] {processor.py:840} INFO - DAG(s) 'example_task_group' retrieved from /home/airflow/.local/lib/python3.12/site-packages/airflow/example_dags/example_task_group.py
[2024-10-11T17:53:08.101+0000] {logging_mixin.py:188} INFO - [2024-10-11T17:53:08.101+0000] {dag.py:3096} INFO - Sync 1 DAGs
[2024-10-11T17:53:08.127+0000] {logging_mixin.py:188} INFO - [2024-10-11T17:53:08.126+0000] {dag.py:3954} INFO - Setting next_dagrun for example_task_group to 2024-10-10 00:00:00+00:00, run_after=2024-10-11 00:00:00+00:00
[2024-10-11T17:53:08.153+0000] {processor.py:183} INFO - Processing /home/airflow/.local/lib/python3.12/site-packages/airflow/example_dags/example_task_group.py took 0.101 seconds
[2024-10-11T17:53:38.618+0000] {processor.py:161} INFO - Started process (PID=4723) to work on /home/airflow/.local/lib/python3.12/site-packages/airflow/example_dags/example_task_group.py
[2024-10-11T17:53:38.620+0000] {processor.py:830} INFO - Processing file /home/airflow/.local/lib/python3.12/site-packages/airflow/example_dags/example_task_group.py for tasks to queue
[2024-10-11T17:53:38.622+0000] {logging_mixin.py:188} INFO - [2024-10-11T17:53:38.621+0000] {dagbag.py:545} INFO - Filling up the DagBag from /home/airflow/.local/lib/python3.12/site-packages/airflow/example_dags/example_task_group.py
[2024-10-11T17:53:38.628+0000] {processor.py:840} INFO - DAG(s) 'example_task_group' retrieved from /home/airflow/.local/lib/python3.12/site-packages/airflow/example_dags/example_task_group.py
[2024-10-11T17:53:38.654+0000] {logging_mixin.py:188} INFO - [2024-10-11T17:53:38.654+0000] {dag.py:3096} INFO - Sync 1 DAGs
[2024-10-11T17:53:38.679+0000] {logging_mixin.py:188} INFO - [2024-10-11T17:53:38.679+0000] {dag.py:3954} INFO - Setting next_dagrun for example_task_group to 2024-10-10 00:00:00+00:00, run_after=2024-10-11 00:00:00+00:00
[2024-10-11T17:53:38.706+0000] {processor.py:183} INFO - Processing /home/airflow/.local/lib/python3.12/site-packages/airflow/example_dags/example_task_group.py took 0.093 seconds
[2024-10-11T17:54:08.820+0000] {processor.py:161} INFO - Started process (PID=4985) to work on /home/airflow/.local/lib/python3.12/site-packages/airflow/example_dags/example_task_group.py
[2024-10-11T17:54:08.821+0000] {processor.py:830} INFO - Processing file /home/airflow/.local/lib/python3.12/site-packages/airflow/example_dags/example_task_group.py for tasks to queue
[2024-10-11T17:54:08.824+0000] {logging_mixin.py:188} INFO - [2024-10-11T17:54:08.823+0000] {dagbag.py:545} INFO - Filling up the DagBag from /home/airflow/.local/lib/python3.12/site-packages/airflow/example_dags/example_task_group.py
[2024-10-11T17:54:08.831+0000] {processor.py:840} INFO - DAG(s) 'example_task_group' retrieved from /home/airflow/.local/lib/python3.12/site-packages/airflow/example_dags/example_task_group.py
[2024-10-11T17:54:08.855+0000] {logging_mixin.py:188} INFO - [2024-10-11T17:54:08.855+0000] {dag.py:3096} INFO - Sync 1 DAGs
[2024-10-11T17:54:08.881+0000] {logging_mixin.py:188} INFO - [2024-10-11T17:54:08.880+0000] {dag.py:3954} INFO - Setting next_dagrun for example_task_group to 2024-10-10 00:00:00+00:00, run_after=2024-10-11 00:00:00+00:00
[2024-10-11T17:54:08.909+0000] {processor.py:183} INFO - Processing /home/airflow/.local/lib/python3.12/site-packages/airflow/example_dags/example_task_group.py took 0.094 seconds
[2024-10-11T17:54:39.261+0000] {processor.py:161} INFO - Started process (PID=5247) to work on /home/airflow/.local/lib/python3.12/site-packages/airflow/example_dags/example_task_group.py
[2024-10-11T17:54:39.262+0000] {processor.py:830} INFO - Processing file /home/airflow/.local/lib/python3.12/site-packages/airflow/example_dags/example_task_group.py for tasks to queue
[2024-10-11T17:54:39.264+0000] {logging_mixin.py:188} INFO - [2024-10-11T17:54:39.264+0000] {dagbag.py:545} INFO - Filling up the DagBag from /home/airflow/.local/lib/python3.12/site-packages/airflow/example_dags/example_task_group.py
[2024-10-11T17:54:39.273+0000] {processor.py:840} INFO - DAG(s) 'example_task_group' retrieved from /home/airflow/.local/lib/python3.12/site-packages/airflow/example_dags/example_task_group.py
[2024-10-11T17:54:39.299+0000] {logging_mixin.py:188} INFO - [2024-10-11T17:54:39.299+0000] {dag.py:3096} INFO - Sync 1 DAGs
[2024-10-11T17:54:39.329+0000] {logging_mixin.py:188} INFO - [2024-10-11T17:54:39.328+0000] {dag.py:3954} INFO - Setting next_dagrun for example_task_group to 2024-10-10 00:00:00+00:00, run_after=2024-10-11 00:00:00+00:00
[2024-10-11T17:54:39.357+0000] {processor.py:183} INFO - Processing /home/airflow/.local/lib/python3.12/site-packages/airflow/example_dags/example_task_group.py took 0.102 seconds
[2024-10-11T17:55:09.756+0000] {processor.py:161} INFO - Started process (PID=5509) to work on /home/airflow/.local/lib/python3.12/site-packages/airflow/example_dags/example_task_group.py
[2024-10-11T17:55:09.758+0000] {processor.py:830} INFO - Processing file /home/airflow/.local/lib/python3.12/site-packages/airflow/example_dags/example_task_group.py for tasks to queue
[2024-10-11T17:55:09.762+0000] {logging_mixin.py:188} INFO - [2024-10-11T17:55:09.761+0000] {dagbag.py:545} INFO - Filling up the DagBag from /home/airflow/.local/lib/python3.12/site-packages/airflow/example_dags/example_task_group.py
[2024-10-11T17:55:09.779+0000] {processor.py:840} INFO - DAG(s) 'example_task_group' retrieved from /home/airflow/.local/lib/python3.12/site-packages/airflow/example_dags/example_task_group.py
[2024-10-11T17:55:09.830+0000] {logging_mixin.py:188} INFO - [2024-10-11T17:55:09.829+0000] {dag.py:3096} INFO - Sync 1 DAGs
[2024-10-11T17:55:09.879+0000] {logging_mixin.py:188} INFO - [2024-10-11T17:55:09.879+0000] {dag.py:3954} INFO - Setting next_dagrun for example_task_group to 2024-10-10 00:00:00+00:00, run_after=2024-10-11 00:00:00+00:00
[2024-10-11T17:55:09.924+0000] {processor.py:183} INFO - Processing /home/airflow/.local/lib/python3.12/site-packages/airflow/example_dags/example_task_group.py took 0.187 seconds
[2024-10-11T17:55:40.058+0000] {processor.py:161} INFO - Started process (PID=5773) to work on /home/airflow/.local/lib/python3.12/site-packages/airflow/example_dags/example_task_group.py
[2024-10-11T17:55:40.059+0000] {processor.py:830} INFO - Processing file /home/airflow/.local/lib/python3.12/site-packages/airflow/example_dags/example_task_group.py for tasks to queue
[2024-10-11T17:55:40.062+0000] {logging_mixin.py:188} INFO - [2024-10-11T17:55:40.061+0000] {dagbag.py:545} INFO - Filling up the DagBag from /home/airflow/.local/lib/python3.12/site-packages/airflow/example_dags/example_task_group.py
[2024-10-11T17:55:40.068+0000] {processor.py:840} INFO - DAG(s) 'example_task_group' retrieved from /home/airflow/.local/lib/python3.12/site-packages/airflow/example_dags/example_task_group.py
[2024-10-11T17:55:40.092+0000] {logging_mixin.py:188} INFO - [2024-10-11T17:55:40.092+0000] {dag.py:3096} INFO - Sync 1 DAGs
[2024-10-11T17:55:40.116+0000] {logging_mixin.py:188} INFO - [2024-10-11T17:55:40.116+0000] {dag.py:3954} INFO - Setting next_dagrun for example_task_group to 2024-10-10 00:00:00+00:00, run_after=2024-10-11 00:00:00+00:00
[2024-10-11T17:55:40.143+0000] {processor.py:183} INFO - Processing /home/airflow/.local/lib/python3.12/site-packages/airflow/example_dags/example_task_group.py took 0.090 seconds
[2024-10-11T17:56:10.644+0000] {processor.py:161} INFO - Started process (PID=6033) to work on /home/airflow/.local/lib/python3.12/site-packages/airflow/example_dags/example_task_group.py
[2024-10-11T17:56:10.646+0000] {processor.py:830} INFO - Processing file /home/airflow/.local/lib/python3.12/site-packages/airflow/example_dags/example_task_group.py for tasks to queue
[2024-10-11T17:56:10.648+0000] {logging_mixin.py:188} INFO - [2024-10-11T17:56:10.648+0000] {dagbag.py:545} INFO - Filling up the DagBag from /home/airflow/.local/lib/python3.12/site-packages/airflow/example_dags/example_task_group.py
[2024-10-11T17:56:10.658+0000] {processor.py:840} INFO - DAG(s) 'example_task_group' retrieved from /home/airflow/.local/lib/python3.12/site-packages/airflow/example_dags/example_task_group.py
[2024-10-11T17:56:10.691+0000] {logging_mixin.py:188} INFO - [2024-10-11T17:56:10.691+0000] {dag.py:3096} INFO - Sync 1 DAGs
[2024-10-11T17:56:10.730+0000] {logging_mixin.py:188} INFO - [2024-10-11T17:56:10.730+0000] {dag.py:3954} INFO - Setting next_dagrun for example_task_group to 2024-10-10 00:00:00+00:00, run_after=2024-10-11 00:00:00+00:00
[2024-10-11T17:56:10.763+0000] {processor.py:183} INFO - Processing /home/airflow/.local/lib/python3.12/site-packages/airflow/example_dags/example_task_group.py took 0.125 seconds
[2024-10-11T17:56:41.615+0000] {processor.py:161} INFO - Started process (PID=6295) to work on /home/airflow/.local/lib/python3.12/site-packages/airflow/example_dags/example_task_group.py
[2024-10-11T17:56:41.623+0000] {processor.py:830} INFO - Processing file /home/airflow/.local/lib/python3.12/site-packages/airflow/example_dags/example_task_group.py for tasks to queue
[2024-10-11T17:56:41.627+0000] {logging_mixin.py:188} INFO - [2024-10-11T17:56:41.626+0000] {dagbag.py:545} INFO - Filling up the DagBag from /home/airflow/.local/lib/python3.12/site-packages/airflow/example_dags/example_task_group.py
[2024-10-11T17:56:41.653+0000] {processor.py:840} INFO - DAG(s) 'example_task_group' retrieved from /home/airflow/.local/lib/python3.12/site-packages/airflow/example_dags/example_task_group.py
[2024-10-11T17:56:41.713+0000] {logging_mixin.py:188} INFO - [2024-10-11T17:56:41.712+0000] {dag.py:3096} INFO - Sync 1 DAGs
[2024-10-11T17:56:41.793+0000] {logging_mixin.py:188} INFO - [2024-10-11T17:56:41.793+0000] {dag.py:3954} INFO - Setting next_dagrun for example_task_group to 2024-10-10 00:00:00+00:00, run_after=2024-10-11 00:00:00+00:00
[2024-10-11T17:56:41.848+0000] {processor.py:183} INFO - Processing /home/airflow/.local/lib/python3.12/site-packages/airflow/example_dags/example_task_group.py took 0.239 seconds
[2024-10-11T17:57:12.803+0000] {processor.py:161} INFO - Started process (PID=6559) to work on /home/airflow/.local/lib/python3.12/site-packages/airflow/example_dags/example_task_group.py
[2024-10-11T17:57:12.804+0000] {processor.py:830} INFO - Processing file /home/airflow/.local/lib/python3.12/site-packages/airflow/example_dags/example_task_group.py for tasks to queue
[2024-10-11T17:57:12.807+0000] {logging_mixin.py:188} INFO - [2024-10-11T17:57:12.806+0000] {dagbag.py:545} INFO - Filling up the DagBag from /home/airflow/.local/lib/python3.12/site-packages/airflow/example_dags/example_task_group.py
[2024-10-11T17:57:12.819+0000] {processor.py:840} INFO - DAG(s) 'example_task_group' retrieved from /home/airflow/.local/lib/python3.12/site-packages/airflow/example_dags/example_task_group.py
[2024-10-11T17:57:12.855+0000] {logging_mixin.py:188} INFO - [2024-10-11T17:57:12.855+0000] {dag.py:3096} INFO - Sync 1 DAGs
[2024-10-11T17:57:12.886+0000] {logging_mixin.py:188} INFO - [2024-10-11T17:57:12.885+0000] {dag.py:3954} INFO - Setting next_dagrun for example_task_group to 2024-10-10 00:00:00+00:00, run_after=2024-10-11 00:00:00+00:00
[2024-10-11T17:57:12.918+0000] {processor.py:183} INFO - Processing /home/airflow/.local/lib/python3.12/site-packages/airflow/example_dags/example_task_group.py took 0.123 seconds
[2024-10-11T17:57:43.028+0000] {processor.py:161} INFO - Started process (PID=6821) to work on /home/airflow/.local/lib/python3.12/site-packages/airflow/example_dags/example_task_group.py
[2024-10-11T17:57:43.030+0000] {processor.py:830} INFO - Processing file /home/airflow/.local/lib/python3.12/site-packages/airflow/example_dags/example_task_group.py for tasks to queue
[2024-10-11T17:57:43.032+0000] {logging_mixin.py:188} INFO - [2024-10-11T17:57:43.032+0000] {dagbag.py:545} INFO - Filling up the DagBag from /home/airflow/.local/lib/python3.12/site-packages/airflow/example_dags/example_task_group.py
[2024-10-11T17:57:43.041+0000] {processor.py:840} INFO - DAG(s) 'example_task_group' retrieved from /home/airflow/.local/lib/python3.12/site-packages/airflow/example_dags/example_task_group.py
[2024-10-11T17:57:43.064+0000] {logging_mixin.py:188} INFO - [2024-10-11T17:57:43.064+0000] {dag.py:3096} INFO - Sync 1 DAGs
[2024-10-11T17:57:43.095+0000] {logging_mixin.py:188} INFO - [2024-10-11T17:57:43.095+0000] {dag.py:3954} INFO - Setting next_dagrun for example_task_group to 2024-10-10 00:00:00+00:00, run_after=2024-10-11 00:00:00+00:00
[2024-10-11T17:57:43.123+0000] {processor.py:183} INFO - Processing /home/airflow/.local/lib/python3.12/site-packages/airflow/example_dags/example_task_group.py took 0.099 seconds
[2024-10-11T17:58:13.280+0000] {processor.py:161} INFO - Started process (PID=7083) to work on /home/airflow/.local/lib/python3.12/site-packages/airflow/example_dags/example_task_group.py
[2024-10-11T17:58:13.281+0000] {processor.py:830} INFO - Processing file /home/airflow/.local/lib/python3.12/site-packages/airflow/example_dags/example_task_group.py for tasks to queue
[2024-10-11T17:58:13.284+0000] {logging_mixin.py:188} INFO - [2024-10-11T17:58:13.283+0000] {dagbag.py:545} INFO - Filling up the DagBag from /home/airflow/.local/lib/python3.12/site-packages/airflow/example_dags/example_task_group.py
[2024-10-11T17:58:13.291+0000] {processor.py:840} INFO - DAG(s) 'example_task_group' retrieved from /home/airflow/.local/lib/python3.12/site-packages/airflow/example_dags/example_task_group.py
[2024-10-11T17:58:13.314+0000] {logging_mixin.py:188} INFO - [2024-10-11T17:58:13.314+0000] {dag.py:3096} INFO - Sync 1 DAGs
[2024-10-11T17:58:13.341+0000] {logging_mixin.py:188} INFO - [2024-10-11T17:58:13.340+0000] {dag.py:3954} INFO - Setting next_dagrun for example_task_group to 2024-10-10 00:00:00+00:00, run_after=2024-10-11 00:00:00+00:00
[2024-10-11T17:58:13.370+0000] {processor.py:183} INFO - Processing /home/airflow/.local/lib/python3.12/site-packages/airflow/example_dags/example_task_group.py took 0.095 seconds
[2024-10-11T17:58:43.502+0000] {processor.py:161} INFO - Started process (PID=7345) to work on /home/airflow/.local/lib/python3.12/site-packages/airflow/example_dags/example_task_group.py
[2024-10-11T17:58:43.504+0000] {processor.py:830} INFO - Processing file /home/airflow/.local/lib/python3.12/site-packages/airflow/example_dags/example_task_group.py for tasks to queue
[2024-10-11T17:58:43.507+0000] {logging_mixin.py:188} INFO - [2024-10-11T17:58:43.506+0000] {dagbag.py:545} INFO - Filling up the DagBag from /home/airflow/.local/lib/python3.12/site-packages/airflow/example_dags/example_task_group.py
[2024-10-11T17:58:43.518+0000] {processor.py:840} INFO - DAG(s) 'example_task_group' retrieved from /home/airflow/.local/lib/python3.12/site-packages/airflow/example_dags/example_task_group.py
[2024-10-11T17:58:43.548+0000] {logging_mixin.py:188} INFO - [2024-10-11T17:58:43.547+0000] {dag.py:3096} INFO - Sync 1 DAGs
[2024-10-11T17:58:43.574+0000] {logging_mixin.py:188} INFO - [2024-10-11T17:58:43.574+0000] {dag.py:3954} INFO - Setting next_dagrun for example_task_group to 2024-10-10 00:00:00+00:00, run_after=2024-10-11 00:00:00+00:00
[2024-10-11T17:58:43.602+0000] {processor.py:183} INFO - Processing /home/airflow/.local/lib/python3.12/site-packages/airflow/example_dags/example_task_group.py took 0.110 seconds
[2024-10-11T17:59:13.723+0000] {processor.py:161} INFO - Started process (PID=7607) to work on /home/airflow/.local/lib/python3.12/site-packages/airflow/example_dags/example_task_group.py
[2024-10-11T17:59:13.724+0000] {processor.py:830} INFO - Processing file /home/airflow/.local/lib/python3.12/site-packages/airflow/example_dags/example_task_group.py for tasks to queue
[2024-10-11T17:59:13.727+0000] {logging_mixin.py:188} INFO - [2024-10-11T17:59:13.727+0000] {dagbag.py:545} INFO - Filling up the DagBag from /home/airflow/.local/lib/python3.12/site-packages/airflow/example_dags/example_task_group.py
[2024-10-11T17:59:13.738+0000] {processor.py:840} INFO - DAG(s) 'example_task_group' retrieved from /home/airflow/.local/lib/python3.12/site-packages/airflow/example_dags/example_task_group.py
[2024-10-11T17:59:13.767+0000] {logging_mixin.py:188} INFO - [2024-10-11T17:59:13.767+0000] {dag.py:3096} INFO - Sync 1 DAGs
[2024-10-11T17:59:13.793+0000] {logging_mixin.py:188} INFO - [2024-10-11T17:59:13.793+0000] {dag.py:3954} INFO - Setting next_dagrun for example_task_group to 2024-10-10 00:00:00+00:00, run_after=2024-10-11 00:00:00+00:00
[2024-10-11T17:59:13.821+0000] {processor.py:183} INFO - Processing /home/airflow/.local/lib/python3.12/site-packages/airflow/example_dags/example_task_group.py took 0.107 seconds
[2024-10-11T17:59:43.943+0000] {processor.py:161} INFO - Started process (PID=7869) to work on /home/airflow/.local/lib/python3.12/site-packages/airflow/example_dags/example_task_group.py
[2024-10-11T17:59:43.944+0000] {processor.py:830} INFO - Processing file /home/airflow/.local/lib/python3.12/site-packages/airflow/example_dags/example_task_group.py for tasks to queue
[2024-10-11T17:59:43.946+0000] {logging_mixin.py:188} INFO - [2024-10-11T17:59:43.946+0000] {dagbag.py:545} INFO - Filling up the DagBag from /home/airflow/.local/lib/python3.12/site-packages/airflow/example_dags/example_task_group.py
[2024-10-11T17:59:43.954+0000] {processor.py:840} INFO - DAG(s) 'example_task_group' retrieved from /home/airflow/.local/lib/python3.12/site-packages/airflow/example_dags/example_task_group.py
[2024-10-11T17:59:43.980+0000] {logging_mixin.py:188} INFO - [2024-10-11T17:59:43.980+0000] {dag.py:3096} INFO - Sync 1 DAGs
[2024-10-11T17:59:44.010+0000] {logging_mixin.py:188} INFO - [2024-10-11T17:59:44.010+0000] {dag.py:3954} INFO - Setting next_dagrun for example_task_group to 2024-10-10 00:00:00+00:00, run_after=2024-10-11 00:00:00+00:00
[2024-10-11T17:59:44.041+0000] {processor.py:183} INFO - Processing /home/airflow/.local/lib/python3.12/site-packages/airflow/example_dags/example_task_group.py took 0.105 seconds
[2024-10-11T18:00:14.332+0000] {processor.py:161} INFO - Started process (PID=8131) to work on /home/airflow/.local/lib/python3.12/site-packages/airflow/example_dags/example_task_group.py
[2024-10-11T18:00:14.333+0000] {processor.py:830} INFO - Processing file /home/airflow/.local/lib/python3.12/site-packages/airflow/example_dags/example_task_group.py for tasks to queue
[2024-10-11T18:00:14.335+0000] {logging_mixin.py:188} INFO - [2024-10-11T18:00:14.335+0000] {dagbag.py:545} INFO - Filling up the DagBag from /home/airflow/.local/lib/python3.12/site-packages/airflow/example_dags/example_task_group.py
[2024-10-11T18:00:14.341+0000] {processor.py:840} INFO - DAG(s) 'example_task_group' retrieved from /home/airflow/.local/lib/python3.12/site-packages/airflow/example_dags/example_task_group.py
[2024-10-11T18:00:14.364+0000] {logging_mixin.py:188} INFO - [2024-10-11T18:00:14.364+0000] {dag.py:3096} INFO - Sync 1 DAGs
[2024-10-11T18:00:14.388+0000] {logging_mixin.py:188} INFO - [2024-10-11T18:00:14.388+0000] {dag.py:3954} INFO - Setting next_dagrun for example_task_group to 2024-10-10 00:00:00+00:00, run_after=2024-10-11 00:00:00+00:00
[2024-10-11T18:00:14.415+0000] {processor.py:183} INFO - Processing /home/airflow/.local/lib/python3.12/site-packages/airflow/example_dags/example_task_group.py took 0.089 seconds
[2024-10-11T18:00:44.607+0000] {processor.py:161} INFO - Started process (PID=8393) to work on /home/airflow/.local/lib/python3.12/site-packages/airflow/example_dags/example_task_group.py
[2024-10-11T18:00:44.608+0000] {processor.py:830} INFO - Processing file /home/airflow/.local/lib/python3.12/site-packages/airflow/example_dags/example_task_group.py for tasks to queue
[2024-10-11T18:00:44.610+0000] {logging_mixin.py:188} INFO - [2024-10-11T18:00:44.610+0000] {dagbag.py:545} INFO - Filling up the DagBag from /home/airflow/.local/lib/python3.12/site-packages/airflow/example_dags/example_task_group.py
[2024-10-11T18:00:44.620+0000] {processor.py:840} INFO - DAG(s) 'example_task_group' retrieved from /home/airflow/.local/lib/python3.12/site-packages/airflow/example_dags/example_task_group.py
[2024-10-11T18:00:44.645+0000] {logging_mixin.py:188} INFO - [2024-10-11T18:00:44.645+0000] {dag.py:3096} INFO - Sync 1 DAGs
[2024-10-11T18:00:44.672+0000] {logging_mixin.py:188} INFO - [2024-10-11T18:00:44.672+0000] {dag.py:3954} INFO - Setting next_dagrun for example_task_group to 2024-10-10 00:00:00+00:00, run_after=2024-10-11 00:00:00+00:00
[2024-10-11T18:00:44.702+0000] {processor.py:183} INFO - Processing /home/airflow/.local/lib/python3.12/site-packages/airflow/example_dags/example_task_group.py took 0.102 seconds
[2024-10-11T18:01:15.279+0000] {processor.py:161} INFO - Started process (PID=8655) to work on /home/airflow/.local/lib/python3.12/site-packages/airflow/example_dags/example_task_group.py
[2024-10-11T18:01:15.281+0000] {processor.py:830} INFO - Processing file /home/airflow/.local/lib/python3.12/site-packages/airflow/example_dags/example_task_group.py for tasks to queue
[2024-10-11T18:01:15.283+0000] {logging_mixin.py:188} INFO - [2024-10-11T18:01:15.282+0000] {dagbag.py:545} INFO - Filling up the DagBag from /home/airflow/.local/lib/python3.12/site-packages/airflow/example_dags/example_task_group.py
[2024-10-11T18:01:15.290+0000] {processor.py:840} INFO - DAG(s) 'example_task_group' retrieved from /home/airflow/.local/lib/python3.12/site-packages/airflow/example_dags/example_task_group.py
[2024-10-11T18:01:15.315+0000] {logging_mixin.py:188} INFO - [2024-10-11T18:01:15.315+0000] {dag.py:3096} INFO - Sync 1 DAGs
[2024-10-11T18:01:15.340+0000] {logging_mixin.py:188} INFO - [2024-10-11T18:01:15.340+0000] {dag.py:3954} INFO - Setting next_dagrun for example_task_group to 2024-10-10 00:00:00+00:00, run_after=2024-10-11 00:00:00+00:00
[2024-10-11T18:01:15.554+0000] {processor.py:183} INFO - Processing /home/airflow/.local/lib/python3.12/site-packages/airflow/example_dags/example_task_group.py took 0.280 seconds
[2024-10-11T18:01:45.838+0000] {processor.py:161} INFO - Started process (PID=8917) to work on /home/airflow/.local/lib/python3.12/site-packages/airflow/example_dags/example_task_group.py
[2024-10-11T18:01:45.840+0000] {processor.py:830} INFO - Processing file /home/airflow/.local/lib/python3.12/site-packages/airflow/example_dags/example_task_group.py for tasks to queue
[2024-10-11T18:01:45.843+0000] {logging_mixin.py:188} INFO - [2024-10-11T18:01:45.842+0000] {dagbag.py:545} INFO - Filling up the DagBag from /home/airflow/.local/lib/python3.12/site-packages/airflow/example_dags/example_task_group.py
[2024-10-11T18:01:45.849+0000] {processor.py:840} INFO - DAG(s) 'example_task_group' retrieved from /home/airflow/.local/lib/python3.12/site-packages/airflow/example_dags/example_task_group.py
[2024-10-11T18:01:45.876+0000] {logging_mixin.py:188} INFO - [2024-10-11T18:01:45.875+0000] {dag.py:3096} INFO - Sync 1 DAGs
[2024-10-11T18:01:45.903+0000] {logging_mixin.py:188} INFO - [2024-10-11T18:01:45.903+0000] {dag.py:3954} INFO - Setting next_dagrun for example_task_group to 2024-10-10 00:00:00+00:00, run_after=2024-10-11 00:00:00+00:00
[2024-10-11T18:01:45.938+0000] {processor.py:183} INFO - Processing /home/airflow/.local/lib/python3.12/site-packages/airflow/example_dags/example_task_group.py took 0.107 seconds
[2024-10-11T18:02:16.413+0000] {processor.py:161} INFO - Started process (PID=9179) to work on /home/airflow/.local/lib/python3.12/site-packages/airflow/example_dags/example_task_group.py
[2024-10-11T18:02:16.414+0000] {processor.py:830} INFO - Processing file /home/airflow/.local/lib/python3.12/site-packages/airflow/example_dags/example_task_group.py for tasks to queue
[2024-10-11T18:02:16.417+0000] {logging_mixin.py:188} INFO - [2024-10-11T18:02:16.416+0000] {dagbag.py:545} INFO - Filling up the DagBag from /home/airflow/.local/lib/python3.12/site-packages/airflow/example_dags/example_task_group.py
[2024-10-11T18:02:16.424+0000] {processor.py:840} INFO - DAG(s) 'example_task_group' retrieved from /home/airflow/.local/lib/python3.12/site-packages/airflow/example_dags/example_task_group.py
[2024-10-11T18:02:16.448+0000] {logging_mixin.py:188} INFO - [2024-10-11T18:02:16.447+0000] {dag.py:3096} INFO - Sync 1 DAGs
[2024-10-11T18:02:16.473+0000] {logging_mixin.py:188} INFO - [2024-10-11T18:02:16.473+0000] {dag.py:3954} INFO - Setting next_dagrun for example_task_group to 2024-10-10 00:00:00+00:00, run_after=2024-10-11 00:00:00+00:00
[2024-10-11T18:02:16.505+0000] {processor.py:183} INFO - Processing /home/airflow/.local/lib/python3.12/site-packages/airflow/example_dags/example_task_group.py took 0.097 seconds
[2024-10-11T18:02:46.807+0000] {processor.py:161} INFO - Started process (PID=9441) to work on /home/airflow/.local/lib/python3.12/site-packages/airflow/example_dags/example_task_group.py
[2024-10-11T18:02:46.809+0000] {processor.py:830} INFO - Processing file /home/airflow/.local/lib/python3.12/site-packages/airflow/example_dags/example_task_group.py for tasks to queue
[2024-10-11T18:02:46.811+0000] {logging_mixin.py:188} INFO - [2024-10-11T18:02:46.810+0000] {dagbag.py:545} INFO - Filling up the DagBag from /home/airflow/.local/lib/python3.12/site-packages/airflow/example_dags/example_task_group.py
[2024-10-11T18:02:46.818+0000] {processor.py:840} INFO - DAG(s) 'example_task_group' retrieved from /home/airflow/.local/lib/python3.12/site-packages/airflow/example_dags/example_task_group.py
[2024-10-11T18:02:46.843+0000] {logging_mixin.py:188} INFO - [2024-10-11T18:02:46.842+0000] {dag.py:3096} INFO - Sync 1 DAGs
[2024-10-11T18:02:46.866+0000] {logging_mixin.py:188} INFO - [2024-10-11T18:02:46.866+0000] {dag.py:3954} INFO - Setting next_dagrun for example_task_group to 2024-10-10 00:00:00+00:00, run_after=2024-10-11 00:00:00+00:00
[2024-10-11T18:02:46.892+0000] {processor.py:183} INFO - Processing /home/airflow/.local/lib/python3.12/site-packages/airflow/example_dags/example_task_group.py took 0.091 seconds
[2024-10-11T18:03:17.344+0000] {processor.py:161} INFO - Started process (PID=9703) to work on /home/airflow/.local/lib/python3.12/site-packages/airflow/example_dags/example_task_group.py
[2024-10-11T18:03:17.345+0000] {processor.py:830} INFO - Processing file /home/airflow/.local/lib/python3.12/site-packages/airflow/example_dags/example_task_group.py for tasks to queue
[2024-10-11T18:03:17.347+0000] {logging_mixin.py:188} INFO - [2024-10-11T18:03:17.346+0000] {dagbag.py:545} INFO - Filling up the DagBag from /home/airflow/.local/lib/python3.12/site-packages/airflow/example_dags/example_task_group.py
[2024-10-11T18:03:17.354+0000] {processor.py:840} INFO - DAG(s) 'example_task_group' retrieved from /home/airflow/.local/lib/python3.12/site-packages/airflow/example_dags/example_task_group.py
[2024-10-11T18:03:17.379+0000] {logging_mixin.py:188} INFO - [2024-10-11T18:03:17.379+0000] {dag.py:3096} INFO - Sync 1 DAGs
[2024-10-11T18:03:17.408+0000] {logging_mixin.py:188} INFO - [2024-10-11T18:03:17.407+0000] {dag.py:3954} INFO - Setting next_dagrun for example_task_group to 2024-10-10 00:00:00+00:00, run_after=2024-10-11 00:00:00+00:00
[2024-10-11T18:03:17.441+0000] {processor.py:183} INFO - Processing /home/airflow/.local/lib/python3.12/site-packages/airflow/example_dags/example_task_group.py took 0.102 seconds
[2024-10-11T18:03:48.342+0000] {processor.py:161} INFO - Started process (PID=9965) to work on /home/airflow/.local/lib/python3.12/site-packages/airflow/example_dags/example_task_group.py
[2024-10-11T18:03:48.344+0000] {processor.py:830} INFO - Processing file /home/airflow/.local/lib/python3.12/site-packages/airflow/example_dags/example_task_group.py for tasks to queue
[2024-10-11T18:03:48.346+0000] {logging_mixin.py:188} INFO - [2024-10-11T18:03:48.345+0000] {dagbag.py:545} INFO - Filling up the DagBag from /home/airflow/.local/lib/python3.12/site-packages/airflow/example_dags/example_task_group.py
[2024-10-11T18:03:48.354+0000] {processor.py:840} INFO - DAG(s) 'example_task_group' retrieved from /home/airflow/.local/lib/python3.12/site-packages/airflow/example_dags/example_task_group.py
[2024-10-11T18:03:48.378+0000] {logging_mixin.py:188} INFO - [2024-10-11T18:03:48.378+0000] {dag.py:3096} INFO - Sync 1 DAGs
[2024-10-11T18:03:48.540+0000] {logging_mixin.py:188} INFO - [2024-10-11T18:03:48.539+0000] {dag.py:3954} INFO - Setting next_dagrun for example_task_group to 2024-10-10 00:00:00+00:00, run_after=2024-10-11 00:00:00+00:00
[2024-10-11T18:03:48.565+0000] {processor.py:183} INFO - Processing /home/airflow/.local/lib/python3.12/site-packages/airflow/example_dags/example_task_group.py took 0.230 seconds
