[2024-10-11T17:45:03.147+0000] {processor.py:161} INFO - Started process (PID=387) to work on /home/airflow/.local/lib/python3.12/site-packages/airflow/example_dags/example_branch_python_dop_operator_3.py
[2024-10-11T17:45:03.149+0000] {processor.py:830} INFO - Processing file /home/airflow/.local/lib/python3.12/site-packages/airflow/example_dags/example_branch_python_dop_operator_3.py for tasks to queue
[2024-10-11T17:45:03.151+0000] {logging_mixin.py:188} INFO - [2024-10-11T17:45:03.151+0000] {dagbag.py:545} INFO - Filling up the DagBag from /home/airflow/.local/lib/python3.12/site-packages/airflow/example_dags/example_branch_python_dop_operator_3.py
[2024-10-11T17:45:03.165+0000] {processor.py:840} INFO - DAG(s) 'example_branch_dop_operator_v3' retrieved from /home/airflow/.local/lib/python3.12/site-packages/airflow/example_dags/example_branch_python_dop_operator_3.py
[2024-10-11T17:45:03.209+0000] {logging_mixin.py:188} INFO - [2024-10-11T17:45:03.209+0000] {dag.py:3096} INFO - Sync 1 DAGs
[2024-10-11T17:45:03.246+0000] {logging_mixin.py:188} INFO - [2024-10-11T17:45:03.245+0000] {dag.py:3954} INFO - Setting next_dagrun for example_branch_dop_operator_v3 to 2024-10-11 17:44:00+00:00, run_after=2024-10-11 17:45:00+00:00
[2024-10-11T17:45:03.279+0000] {processor.py:183} INFO - Processing /home/airflow/.local/lib/python3.12/site-packages/airflow/example_dags/example_branch_python_dop_operator_3.py took 0.137 seconds
[2024-10-11T17:45:34.870+0000] {processor.py:161} INFO - Started process (PID=649) to work on /home/airflow/.local/lib/python3.12/site-packages/airflow/example_dags/example_branch_python_dop_operator_3.py
[2024-10-11T17:45:34.871+0000] {processor.py:830} INFO - Processing file /home/airflow/.local/lib/python3.12/site-packages/airflow/example_dags/example_branch_python_dop_operator_3.py for tasks to queue
[2024-10-11T17:45:34.873+0000] {logging_mixin.py:188} INFO - [2024-10-11T17:45:34.873+0000] {dagbag.py:545} INFO - Filling up the DagBag from /home/airflow/.local/lib/python3.12/site-packages/airflow/example_dags/example_branch_python_dop_operator_3.py
[2024-10-11T17:45:34.881+0000] {processor.py:840} INFO - DAG(s) 'example_branch_dop_operator_v3' retrieved from /home/airflow/.local/lib/python3.12/site-packages/airflow/example_dags/example_branch_python_dop_operator_3.py
[2024-10-11T17:45:35.002+0000] {logging_mixin.py:188} INFO - [2024-10-11T17:45:35.001+0000] {dag.py:3096} INFO - Sync 1 DAGs
[2024-10-11T17:45:35.035+0000] {logging_mixin.py:188} INFO - [2024-10-11T17:45:35.035+0000] {dag.py:3954} INFO - Setting next_dagrun for example_branch_dop_operator_v3 to 2024-10-11 17:44:00+00:00, run_after=2024-10-11 17:45:00+00:00
[2024-10-11T17:45:35.066+0000] {processor.py:183} INFO - Processing /home/airflow/.local/lib/python3.12/site-packages/airflow/example_dags/example_branch_python_dop_operator_3.py took 0.203 seconds
[2024-10-11T17:46:05.662+0000] {processor.py:161} INFO - Started process (PID=911) to work on /home/airflow/.local/lib/python3.12/site-packages/airflow/example_dags/example_branch_python_dop_operator_3.py
[2024-10-11T17:46:05.663+0000] {processor.py:830} INFO - Processing file /home/airflow/.local/lib/python3.12/site-packages/airflow/example_dags/example_branch_python_dop_operator_3.py for tasks to queue
[2024-10-11T17:46:05.665+0000] {logging_mixin.py:188} INFO - [2024-10-11T17:46:05.665+0000] {dagbag.py:545} INFO - Filling up the DagBag from /home/airflow/.local/lib/python3.12/site-packages/airflow/example_dags/example_branch_python_dop_operator_3.py
[2024-10-11T17:46:05.672+0000] {processor.py:840} INFO - DAG(s) 'example_branch_dop_operator_v3' retrieved from /home/airflow/.local/lib/python3.12/site-packages/airflow/example_dags/example_branch_python_dop_operator_3.py
[2024-10-11T17:46:05.697+0000] {logging_mixin.py:188} INFO - [2024-10-11T17:46:05.697+0000] {dag.py:3096} INFO - Sync 1 DAGs
[2024-10-11T17:46:05.725+0000] {logging_mixin.py:188} INFO - [2024-10-11T17:46:05.725+0000] {dag.py:3954} INFO - Setting next_dagrun for example_branch_dop_operator_v3 to 2024-10-11 17:45:00+00:00, run_after=2024-10-11 17:46:00+00:00
[2024-10-11T17:46:05.754+0000] {processor.py:183} INFO - Processing /home/airflow/.local/lib/python3.12/site-packages/airflow/example_dags/example_branch_python_dop_operator_3.py took 0.097 seconds
[2024-10-11T17:46:36.253+0000] {processor.py:161} INFO - Started process (PID=1175) to work on /home/airflow/.local/lib/python3.12/site-packages/airflow/example_dags/example_branch_python_dop_operator_3.py
[2024-10-11T17:46:36.254+0000] {processor.py:830} INFO - Processing file /home/airflow/.local/lib/python3.12/site-packages/airflow/example_dags/example_branch_python_dop_operator_3.py for tasks to queue
[2024-10-11T17:46:36.256+0000] {logging_mixin.py:188} INFO - [2024-10-11T17:46:36.256+0000] {dagbag.py:545} INFO - Filling up the DagBag from /home/airflow/.local/lib/python3.12/site-packages/airflow/example_dags/example_branch_python_dop_operator_3.py
[2024-10-11T17:46:36.264+0000] {processor.py:840} INFO - DAG(s) 'example_branch_dop_operator_v3' retrieved from /home/airflow/.local/lib/python3.12/site-packages/airflow/example_dags/example_branch_python_dop_operator_3.py
[2024-10-11T17:46:36.285+0000] {logging_mixin.py:188} INFO - [2024-10-11T17:46:36.285+0000] {dag.py:3096} INFO - Sync 1 DAGs
[2024-10-11T17:46:36.314+0000] {logging_mixin.py:188} INFO - [2024-10-11T17:46:36.314+0000] {dag.py:3954} INFO - Setting next_dagrun for example_branch_dop_operator_v3 to 2024-10-11 17:45:00+00:00, run_after=2024-10-11 17:46:00+00:00
[2024-10-11T17:46:36.340+0000] {processor.py:183} INFO - Processing /home/airflow/.local/lib/python3.12/site-packages/airflow/example_dags/example_branch_python_dop_operator_3.py took 0.092 seconds
[2024-10-11T17:47:07.047+0000] {processor.py:161} INFO - Started process (PID=1436) to work on /home/airflow/.local/lib/python3.12/site-packages/airflow/example_dags/example_branch_python_dop_operator_3.py
[2024-10-11T17:47:07.049+0000] {processor.py:830} INFO - Processing file /home/airflow/.local/lib/python3.12/site-packages/airflow/example_dags/example_branch_python_dop_operator_3.py for tasks to queue
[2024-10-11T17:47:07.051+0000] {logging_mixin.py:188} INFO - [2024-10-11T17:47:07.050+0000] {dagbag.py:545} INFO - Filling up the DagBag from /home/airflow/.local/lib/python3.12/site-packages/airflow/example_dags/example_branch_python_dop_operator_3.py
[2024-10-11T17:47:07.062+0000] {processor.py:840} INFO - DAG(s) 'example_branch_dop_operator_v3' retrieved from /home/airflow/.local/lib/python3.12/site-packages/airflow/example_dags/example_branch_python_dop_operator_3.py
[2024-10-11T17:47:07.094+0000] {logging_mixin.py:188} INFO - [2024-10-11T17:47:07.093+0000] {dag.py:3096} INFO - Sync 1 DAGs
[2024-10-11T17:47:07.149+0000] {logging_mixin.py:188} INFO - [2024-10-11T17:47:07.148+0000] {dag.py:3954} INFO - Setting next_dagrun for example_branch_dop_operator_v3 to 2024-10-11 17:46:00+00:00, run_after=2024-10-11 17:47:00+00:00
[2024-10-11T17:47:07.201+0000] {processor.py:183} INFO - Processing /home/airflow/.local/lib/python3.12/site-packages/airflow/example_dags/example_branch_python_dop_operator_3.py took 0.162 seconds
[2024-10-11T17:47:37.273+0000] {processor.py:161} INFO - Started process (PID=1699) to work on /home/airflow/.local/lib/python3.12/site-packages/airflow/example_dags/example_branch_python_dop_operator_3.py
[2024-10-11T17:47:37.275+0000] {processor.py:830} INFO - Processing file /home/airflow/.local/lib/python3.12/site-packages/airflow/example_dags/example_branch_python_dop_operator_3.py for tasks to queue
[2024-10-11T17:47:37.277+0000] {logging_mixin.py:188} INFO - [2024-10-11T17:47:37.276+0000] {dagbag.py:545} INFO - Filling up the DagBag from /home/airflow/.local/lib/python3.12/site-packages/airflow/example_dags/example_branch_python_dop_operator_3.py
[2024-10-11T17:47:37.285+0000] {processor.py:840} INFO - DAG(s) 'example_branch_dop_operator_v3' retrieved from /home/airflow/.local/lib/python3.12/site-packages/airflow/example_dags/example_branch_python_dop_operator_3.py
[2024-10-11T17:47:37.309+0000] {logging_mixin.py:188} INFO - [2024-10-11T17:47:37.309+0000] {dag.py:3096} INFO - Sync 1 DAGs
[2024-10-11T17:47:37.340+0000] {logging_mixin.py:188} INFO - [2024-10-11T17:47:37.340+0000] {dag.py:3954} INFO - Setting next_dagrun for example_branch_dop_operator_v3 to 2024-10-11 17:46:00+00:00, run_after=2024-10-11 17:47:00+00:00
[2024-10-11T17:47:37.368+0000] {processor.py:183} INFO - Processing /home/airflow/.local/lib/python3.12/site-packages/airflow/example_dags/example_branch_python_dop_operator_3.py took 0.099 seconds
[2024-10-11T17:48:07.698+0000] {processor.py:161} INFO - Started process (PID=1961) to work on /home/airflow/.local/lib/python3.12/site-packages/airflow/example_dags/example_branch_python_dop_operator_3.py
[2024-10-11T17:48:07.699+0000] {processor.py:830} INFO - Processing file /home/airflow/.local/lib/python3.12/site-packages/airflow/example_dags/example_branch_python_dop_operator_3.py for tasks to queue
[2024-10-11T17:48:07.702+0000] {logging_mixin.py:188} INFO - [2024-10-11T17:48:07.701+0000] {dagbag.py:545} INFO - Filling up the DagBag from /home/airflow/.local/lib/python3.12/site-packages/airflow/example_dags/example_branch_python_dop_operator_3.py
[2024-10-11T17:48:07.714+0000] {processor.py:840} INFO - DAG(s) 'example_branch_dop_operator_v3' retrieved from /home/airflow/.local/lib/python3.12/site-packages/airflow/example_dags/example_branch_python_dop_operator_3.py
[2024-10-11T17:48:07.736+0000] {logging_mixin.py:188} INFO - [2024-10-11T17:48:07.736+0000] {dag.py:3096} INFO - Sync 1 DAGs
[2024-10-11T17:48:07.767+0000] {logging_mixin.py:188} INFO - [2024-10-11T17:48:07.767+0000] {dag.py:3954} INFO - Setting next_dagrun for example_branch_dop_operator_v3 to 2024-10-11 17:47:00+00:00, run_after=2024-10-11 17:48:00+00:00
[2024-10-11T17:48:07.795+0000] {processor.py:183} INFO - Processing /home/airflow/.local/lib/python3.12/site-packages/airflow/example_dags/example_branch_python_dop_operator_3.py took 0.103 seconds
[2024-10-11T17:48:38.144+0000] {processor.py:161} INFO - Started process (PID=2223) to work on /home/airflow/.local/lib/python3.12/site-packages/airflow/example_dags/example_branch_python_dop_operator_3.py
[2024-10-11T17:48:38.145+0000] {processor.py:830} INFO - Processing file /home/airflow/.local/lib/python3.12/site-packages/airflow/example_dags/example_branch_python_dop_operator_3.py for tasks to queue
[2024-10-11T17:48:38.146+0000] {logging_mixin.py:188} INFO - [2024-10-11T17:48:38.146+0000] {dagbag.py:545} INFO - Filling up the DagBag from /home/airflow/.local/lib/python3.12/site-packages/airflow/example_dags/example_branch_python_dop_operator_3.py
[2024-10-11T17:48:38.155+0000] {processor.py:840} INFO - DAG(s) 'example_branch_dop_operator_v3' retrieved from /home/airflow/.local/lib/python3.12/site-packages/airflow/example_dags/example_branch_python_dop_operator_3.py
[2024-10-11T17:48:38.179+0000] {logging_mixin.py:188} INFO - [2024-10-11T17:48:38.178+0000] {dag.py:3096} INFO - Sync 1 DAGs
[2024-10-11T17:48:38.206+0000] {logging_mixin.py:188} INFO - [2024-10-11T17:48:38.206+0000] {dag.py:3954} INFO - Setting next_dagrun for example_branch_dop_operator_v3 to 2024-10-11 17:47:00+00:00, run_after=2024-10-11 17:48:00+00:00
[2024-10-11T17:48:38.233+0000] {processor.py:183} INFO - Processing /home/airflow/.local/lib/python3.12/site-packages/airflow/example_dags/example_branch_python_dop_operator_3.py took 0.095 seconds
[2024-10-11T17:49:08.678+0000] {processor.py:161} INFO - Started process (PID=2485) to work on /home/airflow/.local/lib/python3.12/site-packages/airflow/example_dags/example_branch_python_dop_operator_3.py
[2024-10-11T17:49:08.679+0000] {processor.py:830} INFO - Processing file /home/airflow/.local/lib/python3.12/site-packages/airflow/example_dags/example_branch_python_dop_operator_3.py for tasks to queue
[2024-10-11T17:49:08.681+0000] {logging_mixin.py:188} INFO - [2024-10-11T17:49:08.681+0000] {dagbag.py:545} INFO - Filling up the DagBag from /home/airflow/.local/lib/python3.12/site-packages/airflow/example_dags/example_branch_python_dop_operator_3.py
[2024-10-11T17:49:08.690+0000] {processor.py:840} INFO - DAG(s) 'example_branch_dop_operator_v3' retrieved from /home/airflow/.local/lib/python3.12/site-packages/airflow/example_dags/example_branch_python_dop_operator_3.py
[2024-10-11T17:49:08.712+0000] {logging_mixin.py:188} INFO - [2024-10-11T17:49:08.711+0000] {dag.py:3096} INFO - Sync 1 DAGs
[2024-10-11T17:49:08.753+0000] {logging_mixin.py:188} INFO - [2024-10-11T17:49:08.753+0000] {dag.py:3954} INFO - Setting next_dagrun for example_branch_dop_operator_v3 to 2024-10-11 17:48:00+00:00, run_after=2024-10-11 17:49:00+00:00
[2024-10-11T17:49:08.797+0000] {processor.py:183} INFO - Processing /home/airflow/.local/lib/python3.12/site-packages/airflow/example_dags/example_branch_python_dop_operator_3.py took 0.125 seconds
[2024-10-11T17:49:39.325+0000] {processor.py:161} INFO - Started process (PID=2747) to work on /home/airflow/.local/lib/python3.12/site-packages/airflow/example_dags/example_branch_python_dop_operator_3.py
[2024-10-11T17:49:39.327+0000] {processor.py:830} INFO - Processing file /home/airflow/.local/lib/python3.12/site-packages/airflow/example_dags/example_branch_python_dop_operator_3.py for tasks to queue
[2024-10-11T17:49:39.329+0000] {logging_mixin.py:188} INFO - [2024-10-11T17:49:39.328+0000] {dagbag.py:545} INFO - Filling up the DagBag from /home/airflow/.local/lib/python3.12/site-packages/airflow/example_dags/example_branch_python_dop_operator_3.py
[2024-10-11T17:49:39.337+0000] {processor.py:840} INFO - DAG(s) 'example_branch_dop_operator_v3' retrieved from /home/airflow/.local/lib/python3.12/site-packages/airflow/example_dags/example_branch_python_dop_operator_3.py
[2024-10-11T17:49:39.359+0000] {logging_mixin.py:188} INFO - [2024-10-11T17:49:39.359+0000] {dag.py:3096} INFO - Sync 1 DAGs
[2024-10-11T17:49:39.386+0000] {logging_mixin.py:188} INFO - [2024-10-11T17:49:39.386+0000] {dag.py:3954} INFO - Setting next_dagrun for example_branch_dop_operator_v3 to 2024-10-11 17:48:00+00:00, run_after=2024-10-11 17:49:00+00:00
[2024-10-11T17:49:39.413+0000] {processor.py:183} INFO - Processing /home/airflow/.local/lib/python3.12/site-packages/airflow/example_dags/example_branch_python_dop_operator_3.py took 0.093 seconds
[2024-10-11T17:50:10.293+0000] {processor.py:161} INFO - Started process (PID=3011) to work on /home/airflow/.local/lib/python3.12/site-packages/airflow/example_dags/example_branch_python_dop_operator_3.py
[2024-10-11T17:50:10.294+0000] {processor.py:830} INFO - Processing file /home/airflow/.local/lib/python3.12/site-packages/airflow/example_dags/example_branch_python_dop_operator_3.py for tasks to queue
[2024-10-11T17:50:10.297+0000] {logging_mixin.py:188} INFO - [2024-10-11T17:50:10.296+0000] {dagbag.py:545} INFO - Filling up the DagBag from /home/airflow/.local/lib/python3.12/site-packages/airflow/example_dags/example_branch_python_dop_operator_3.py
[2024-10-11T17:50:10.306+0000] {processor.py:840} INFO - DAG(s) 'example_branch_dop_operator_v3' retrieved from /home/airflow/.local/lib/python3.12/site-packages/airflow/example_dags/example_branch_python_dop_operator_3.py
[2024-10-11T17:50:10.330+0000] {logging_mixin.py:188} INFO - [2024-10-11T17:50:10.330+0000] {dag.py:3096} INFO - Sync 1 DAGs
[2024-10-11T17:50:10.367+0000] {logging_mixin.py:188} INFO - [2024-10-11T17:50:10.367+0000] {dag.py:3954} INFO - Setting next_dagrun for example_branch_dop_operator_v3 to 2024-10-11 17:49:00+00:00, run_after=2024-10-11 17:50:00+00:00
[2024-10-11T17:50:10.396+0000] {processor.py:183} INFO - Processing /home/airflow/.local/lib/python3.12/site-packages/airflow/example_dags/example_branch_python_dop_operator_3.py took 0.109 seconds
[2024-10-11T17:50:41.040+0000] {processor.py:161} INFO - Started process (PID=3273) to work on /home/airflow/.local/lib/python3.12/site-packages/airflow/example_dags/example_branch_python_dop_operator_3.py
[2024-10-11T17:50:41.042+0000] {processor.py:830} INFO - Processing file /home/airflow/.local/lib/python3.12/site-packages/airflow/example_dags/example_branch_python_dop_operator_3.py for tasks to queue
[2024-10-11T17:50:41.044+0000] {logging_mixin.py:188} INFO - [2024-10-11T17:50:41.044+0000] {dagbag.py:545} INFO - Filling up the DagBag from /home/airflow/.local/lib/python3.12/site-packages/airflow/example_dags/example_branch_python_dop_operator_3.py
[2024-10-11T17:50:41.056+0000] {processor.py:840} INFO - DAG(s) 'example_branch_dop_operator_v3' retrieved from /home/airflow/.local/lib/python3.12/site-packages/airflow/example_dags/example_branch_python_dop_operator_3.py
[2024-10-11T17:50:41.083+0000] {logging_mixin.py:188} INFO - [2024-10-11T17:50:41.083+0000] {dag.py:3096} INFO - Sync 1 DAGs
[2024-10-11T17:50:41.117+0000] {logging_mixin.py:188} INFO - [2024-10-11T17:50:41.116+0000] {dag.py:3954} INFO - Setting next_dagrun for example_branch_dop_operator_v3 to 2024-10-11 17:49:00+00:00, run_after=2024-10-11 17:50:00+00:00
[2024-10-11T17:50:41.148+0000] {processor.py:183} INFO - Processing /home/airflow/.local/lib/python3.12/site-packages/airflow/example_dags/example_branch_python_dop_operator_3.py took 0.113 seconds
[2024-10-11T17:51:11.353+0000] {processor.py:161} INFO - Started process (PID=3535) to work on /home/airflow/.local/lib/python3.12/site-packages/airflow/example_dags/example_branch_python_dop_operator_3.py
[2024-10-11T17:51:11.354+0000] {processor.py:830} INFO - Processing file /home/airflow/.local/lib/python3.12/site-packages/airflow/example_dags/example_branch_python_dop_operator_3.py for tasks to queue
[2024-10-11T17:51:11.357+0000] {logging_mixin.py:188} INFO - [2024-10-11T17:51:11.356+0000] {dagbag.py:545} INFO - Filling up the DagBag from /home/airflow/.local/lib/python3.12/site-packages/airflow/example_dags/example_branch_python_dop_operator_3.py
[2024-10-11T17:51:11.364+0000] {processor.py:840} INFO - DAG(s) 'example_branch_dop_operator_v3' retrieved from /home/airflow/.local/lib/python3.12/site-packages/airflow/example_dags/example_branch_python_dop_operator_3.py
[2024-10-11T17:51:11.385+0000] {logging_mixin.py:188} INFO - [2024-10-11T17:51:11.384+0000] {dag.py:3096} INFO - Sync 1 DAGs
[2024-10-11T17:51:11.413+0000] {logging_mixin.py:188} INFO - [2024-10-11T17:51:11.413+0000] {dag.py:3954} INFO - Setting next_dagrun for example_branch_dop_operator_v3 to 2024-10-11 17:50:00+00:00, run_after=2024-10-11 17:51:00+00:00
[2024-10-11T17:51:11.445+0000] {processor.py:183} INFO - Processing /home/airflow/.local/lib/python3.12/site-packages/airflow/example_dags/example_branch_python_dop_operator_3.py took 0.097 seconds
[2024-10-11T17:51:42.086+0000] {processor.py:161} INFO - Started process (PID=3795) to work on /home/airflow/.local/lib/python3.12/site-packages/airflow/example_dags/example_branch_python_dop_operator_3.py
[2024-10-11T17:51:42.088+0000] {processor.py:830} INFO - Processing file /home/airflow/.local/lib/python3.12/site-packages/airflow/example_dags/example_branch_python_dop_operator_3.py for tasks to queue
[2024-10-11T17:51:42.090+0000] {logging_mixin.py:188} INFO - [2024-10-11T17:51:42.089+0000] {dagbag.py:545} INFO - Filling up the DagBag from /home/airflow/.local/lib/python3.12/site-packages/airflow/example_dags/example_branch_python_dop_operator_3.py
[2024-10-11T17:51:42.098+0000] {processor.py:840} INFO - DAG(s) 'example_branch_dop_operator_v3' retrieved from /home/airflow/.local/lib/python3.12/site-packages/airflow/example_dags/example_branch_python_dop_operator_3.py
[2024-10-11T17:51:42.122+0000] {logging_mixin.py:188} INFO - [2024-10-11T17:51:42.121+0000] {dag.py:3096} INFO - Sync 1 DAGs
[2024-10-11T17:51:42.154+0000] {logging_mixin.py:188} INFO - [2024-10-11T17:51:42.154+0000] {dag.py:3954} INFO - Setting next_dagrun for example_branch_dop_operator_v3 to 2024-10-11 17:50:00+00:00, run_after=2024-10-11 17:51:00+00:00
[2024-10-11T17:51:42.189+0000] {processor.py:183} INFO - Processing /home/airflow/.local/lib/python3.12/site-packages/airflow/example_dags/example_branch_python_dop_operator_3.py took 0.108 seconds
[2024-10-11T17:52:12.759+0000] {processor.py:161} INFO - Started process (PID=4059) to work on /home/airflow/.local/lib/python3.12/site-packages/airflow/example_dags/example_branch_python_dop_operator_3.py
[2024-10-11T17:52:12.760+0000] {processor.py:830} INFO - Processing file /home/airflow/.local/lib/python3.12/site-packages/airflow/example_dags/example_branch_python_dop_operator_3.py for tasks to queue
[2024-10-11T17:52:12.763+0000] {logging_mixin.py:188} INFO - [2024-10-11T17:52:12.763+0000] {dagbag.py:545} INFO - Filling up the DagBag from /home/airflow/.local/lib/python3.12/site-packages/airflow/example_dags/example_branch_python_dop_operator_3.py
[2024-10-11T17:52:12.774+0000] {processor.py:840} INFO - DAG(s) 'example_branch_dop_operator_v3' retrieved from /home/airflow/.local/lib/python3.12/site-packages/airflow/example_dags/example_branch_python_dop_operator_3.py
[2024-10-11T17:52:12.810+0000] {logging_mixin.py:188} INFO - [2024-10-11T17:52:12.809+0000] {dag.py:3096} INFO - Sync 1 DAGs
[2024-10-11T17:52:12.851+0000] {logging_mixin.py:188} INFO - [2024-10-11T17:52:12.851+0000] {dag.py:3954} INFO - Setting next_dagrun for example_branch_dop_operator_v3 to 2024-10-11 17:51:00+00:00, run_after=2024-10-11 17:52:00+00:00
[2024-10-11T17:52:12.882+0000] {processor.py:183} INFO - Processing /home/airflow/.local/lib/python3.12/site-packages/airflow/example_dags/example_branch_python_dop_operator_3.py took 0.131 seconds
[2024-10-11T17:52:43.827+0000] {processor.py:161} INFO - Started process (PID=4321) to work on /home/airflow/.local/lib/python3.12/site-packages/airflow/example_dags/example_branch_python_dop_operator_3.py
[2024-10-11T17:52:43.829+0000] {processor.py:830} INFO - Processing file /home/airflow/.local/lib/python3.12/site-packages/airflow/example_dags/example_branch_python_dop_operator_3.py for tasks to queue
[2024-10-11T17:52:43.831+0000] {logging_mixin.py:188} INFO - [2024-10-11T17:52:43.830+0000] {dagbag.py:545} INFO - Filling up the DagBag from /home/airflow/.local/lib/python3.12/site-packages/airflow/example_dags/example_branch_python_dop_operator_3.py
[2024-10-11T17:52:43.840+0000] {processor.py:840} INFO - DAG(s) 'example_branch_dop_operator_v3' retrieved from /home/airflow/.local/lib/python3.12/site-packages/airflow/example_dags/example_branch_python_dop_operator_3.py
[2024-10-11T17:52:43.861+0000] {logging_mixin.py:188} INFO - [2024-10-11T17:52:43.861+0000] {dag.py:3096} INFO - Sync 1 DAGs
[2024-10-11T17:52:43.888+0000] {logging_mixin.py:188} INFO - [2024-10-11T17:52:43.888+0000] {dag.py:3954} INFO - Setting next_dagrun for example_branch_dop_operator_v3 to 2024-10-11 17:51:00+00:00, run_after=2024-10-11 17:52:00+00:00
[2024-10-11T17:52:43.912+0000] {processor.py:183} INFO - Processing /home/airflow/.local/lib/python3.12/site-packages/airflow/example_dags/example_branch_python_dop_operator_3.py took 0.089 seconds
[2024-10-11T17:53:14.217+0000] {processor.py:161} INFO - Started process (PID=4583) to work on /home/airflow/.local/lib/python3.12/site-packages/airflow/example_dags/example_branch_python_dop_operator_3.py
[2024-10-11T17:53:14.218+0000] {processor.py:830} INFO - Processing file /home/airflow/.local/lib/python3.12/site-packages/airflow/example_dags/example_branch_python_dop_operator_3.py for tasks to queue
[2024-10-11T17:53:14.219+0000] {logging_mixin.py:188} INFO - [2024-10-11T17:53:14.219+0000] {dagbag.py:545} INFO - Filling up the DagBag from /home/airflow/.local/lib/python3.12/site-packages/airflow/example_dags/example_branch_python_dop_operator_3.py
[2024-10-11T17:53:14.227+0000] {processor.py:840} INFO - DAG(s) 'example_branch_dop_operator_v3' retrieved from /home/airflow/.local/lib/python3.12/site-packages/airflow/example_dags/example_branch_python_dop_operator_3.py
[2024-10-11T17:53:14.250+0000] {logging_mixin.py:188} INFO - [2024-10-11T17:53:14.249+0000] {dag.py:3096} INFO - Sync 1 DAGs
[2024-10-11T17:53:14.282+0000] {logging_mixin.py:188} INFO - [2024-10-11T17:53:14.282+0000] {dag.py:3954} INFO - Setting next_dagrun for example_branch_dop_operator_v3 to 2024-10-11 17:52:00+00:00, run_after=2024-10-11 17:53:00+00:00
[2024-10-11T17:53:14.309+0000] {processor.py:183} INFO - Processing /home/airflow/.local/lib/python3.12/site-packages/airflow/example_dags/example_branch_python_dop_operator_3.py took 0.097 seconds
[2024-10-11T17:53:44.842+0000] {processor.py:161} INFO - Started process (PID=4845) to work on /home/airflow/.local/lib/python3.12/site-packages/airflow/example_dags/example_branch_python_dop_operator_3.py
[2024-10-11T17:53:44.843+0000] {processor.py:830} INFO - Processing file /home/airflow/.local/lib/python3.12/site-packages/airflow/example_dags/example_branch_python_dop_operator_3.py for tasks to queue
[2024-10-11T17:53:44.846+0000] {logging_mixin.py:188} INFO - [2024-10-11T17:53:44.845+0000] {dagbag.py:545} INFO - Filling up the DagBag from /home/airflow/.local/lib/python3.12/site-packages/airflow/example_dags/example_branch_python_dop_operator_3.py
[2024-10-11T17:53:44.858+0000] {processor.py:840} INFO - DAG(s) 'example_branch_dop_operator_v3' retrieved from /home/airflow/.local/lib/python3.12/site-packages/airflow/example_dags/example_branch_python_dop_operator_3.py
[2024-10-11T17:53:44.894+0000] {logging_mixin.py:188} INFO - [2024-10-11T17:53:44.893+0000] {dag.py:3096} INFO - Sync 1 DAGs
[2024-10-11T17:53:44.946+0000] {logging_mixin.py:188} INFO - [2024-10-11T17:53:44.946+0000] {dag.py:3954} INFO - Setting next_dagrun for example_branch_dop_operator_v3 to 2024-10-11 17:52:00+00:00, run_after=2024-10-11 17:53:00+00:00
[2024-10-11T17:53:44.983+0000] {processor.py:183} INFO - Processing /home/airflow/.local/lib/python3.12/site-packages/airflow/example_dags/example_branch_python_dop_operator_3.py took 0.148 seconds
[2024-10-11T17:54:15.284+0000] {processor.py:161} INFO - Started process (PID=5107) to work on /home/airflow/.local/lib/python3.12/site-packages/airflow/example_dags/example_branch_python_dop_operator_3.py
[2024-10-11T17:54:15.286+0000] {processor.py:830} INFO - Processing file /home/airflow/.local/lib/python3.12/site-packages/airflow/example_dags/example_branch_python_dop_operator_3.py for tasks to queue
[2024-10-11T17:54:15.290+0000] {logging_mixin.py:188} INFO - [2024-10-11T17:54:15.289+0000] {dagbag.py:545} INFO - Filling up the DagBag from /home/airflow/.local/lib/python3.12/site-packages/airflow/example_dags/example_branch_python_dop_operator_3.py
[2024-10-11T17:54:15.308+0000] {processor.py:840} INFO - DAG(s) 'example_branch_dop_operator_v3' retrieved from /home/airflow/.local/lib/python3.12/site-packages/airflow/example_dags/example_branch_python_dop_operator_3.py
[2024-10-11T17:54:15.376+0000] {logging_mixin.py:188} INFO - [2024-10-11T17:54:15.375+0000] {dag.py:3096} INFO - Sync 1 DAGs
[2024-10-11T17:54:15.426+0000] {logging_mixin.py:188} INFO - [2024-10-11T17:54:15.426+0000] {dag.py:3954} INFO - Setting next_dagrun for example_branch_dop_operator_v3 to 2024-10-11 17:53:00+00:00, run_after=2024-10-11 17:54:00+00:00
[2024-10-11T17:54:15.465+0000] {processor.py:183} INFO - Processing /home/airflow/.local/lib/python3.12/site-packages/airflow/example_dags/example_branch_python_dop_operator_3.py took 0.187 seconds
[2024-10-11T17:54:45.537+0000] {processor.py:161} INFO - Started process (PID=5369) to work on /home/airflow/.local/lib/python3.12/site-packages/airflow/example_dags/example_branch_python_dop_operator_3.py
[2024-10-11T17:54:45.538+0000] {processor.py:830} INFO - Processing file /home/airflow/.local/lib/python3.12/site-packages/airflow/example_dags/example_branch_python_dop_operator_3.py for tasks to queue
[2024-10-11T17:54:45.540+0000] {logging_mixin.py:188} INFO - [2024-10-11T17:54:45.540+0000] {dagbag.py:545} INFO - Filling up the DagBag from /home/airflow/.local/lib/python3.12/site-packages/airflow/example_dags/example_branch_python_dop_operator_3.py
[2024-10-11T17:54:45.551+0000] {processor.py:840} INFO - DAG(s) 'example_branch_dop_operator_v3' retrieved from /home/airflow/.local/lib/python3.12/site-packages/airflow/example_dags/example_branch_python_dop_operator_3.py
[2024-10-11T17:54:45.577+0000] {logging_mixin.py:188} INFO - [2024-10-11T17:54:45.576+0000] {dag.py:3096} INFO - Sync 1 DAGs
[2024-10-11T17:54:45.608+0000] {logging_mixin.py:188} INFO - [2024-10-11T17:54:45.608+0000] {dag.py:3954} INFO - Setting next_dagrun for example_branch_dop_operator_v3 to 2024-10-11 17:53:00+00:00, run_after=2024-10-11 17:54:00+00:00
[2024-10-11T17:54:45.634+0000] {processor.py:183} INFO - Processing /home/airflow/.local/lib/python3.12/site-packages/airflow/example_dags/example_branch_python_dop_operator_3.py took 0.105 seconds
[2024-10-11T17:55:16.159+0000] {processor.py:161} INFO - Started process (PID=5631) to work on /home/airflow/.local/lib/python3.12/site-packages/airflow/example_dags/example_branch_python_dop_operator_3.py
[2024-10-11T17:55:16.160+0000] {processor.py:830} INFO - Processing file /home/airflow/.local/lib/python3.12/site-packages/airflow/example_dags/example_branch_python_dop_operator_3.py for tasks to queue
[2024-10-11T17:55:16.162+0000] {logging_mixin.py:188} INFO - [2024-10-11T17:55:16.161+0000] {dagbag.py:545} INFO - Filling up the DagBag from /home/airflow/.local/lib/python3.12/site-packages/airflow/example_dags/example_branch_python_dop_operator_3.py
[2024-10-11T17:55:16.170+0000] {processor.py:840} INFO - DAG(s) 'example_branch_dop_operator_v3' retrieved from /home/airflow/.local/lib/python3.12/site-packages/airflow/example_dags/example_branch_python_dop_operator_3.py
[2024-10-11T17:55:16.193+0000] {logging_mixin.py:188} INFO - [2024-10-11T17:55:16.192+0000] {dag.py:3096} INFO - Sync 1 DAGs
[2024-10-11T17:55:16.225+0000] {logging_mixin.py:188} INFO - [2024-10-11T17:55:16.225+0000] {dag.py:3954} INFO - Setting next_dagrun for example_branch_dop_operator_v3 to 2024-10-11 17:54:00+00:00, run_after=2024-10-11 17:55:00+00:00
[2024-10-11T17:55:16.259+0000] {processor.py:183} INFO - Processing /home/airflow/.local/lib/python3.12/site-packages/airflow/example_dags/example_branch_python_dop_operator_3.py took 0.105 seconds
[2024-10-11T17:55:46.672+0000] {processor.py:161} INFO - Started process (PID=5893) to work on /home/airflow/.local/lib/python3.12/site-packages/airflow/example_dags/example_branch_python_dop_operator_3.py
[2024-10-11T17:55:46.673+0000] {processor.py:830} INFO - Processing file /home/airflow/.local/lib/python3.12/site-packages/airflow/example_dags/example_branch_python_dop_operator_3.py for tasks to queue
[2024-10-11T17:55:46.676+0000] {logging_mixin.py:188} INFO - [2024-10-11T17:55:46.676+0000] {dagbag.py:545} INFO - Filling up the DagBag from /home/airflow/.local/lib/python3.12/site-packages/airflow/example_dags/example_branch_python_dop_operator_3.py
[2024-10-11T17:55:46.685+0000] {processor.py:840} INFO - DAG(s) 'example_branch_dop_operator_v3' retrieved from /home/airflow/.local/lib/python3.12/site-packages/airflow/example_dags/example_branch_python_dop_operator_3.py
[2024-10-11T17:55:46.708+0000] {logging_mixin.py:188} INFO - [2024-10-11T17:55:46.708+0000] {dag.py:3096} INFO - Sync 1 DAGs
[2024-10-11T17:55:46.738+0000] {logging_mixin.py:188} INFO - [2024-10-11T17:55:46.738+0000] {dag.py:3954} INFO - Setting next_dagrun for example_branch_dop_operator_v3 to 2024-10-11 17:54:00+00:00, run_after=2024-10-11 17:55:00+00:00
[2024-10-11T17:55:46.765+0000] {processor.py:183} INFO - Processing /home/airflow/.local/lib/python3.12/site-packages/airflow/example_dags/example_branch_python_dop_operator_3.py took 0.098 seconds
[2024-10-11T17:56:17.945+0000] {processor.py:161} INFO - Started process (PID=6155) to work on /home/airflow/.local/lib/python3.12/site-packages/airflow/example_dags/example_branch_python_dop_operator_3.py
[2024-10-11T17:56:17.947+0000] {processor.py:830} INFO - Processing file /home/airflow/.local/lib/python3.12/site-packages/airflow/example_dags/example_branch_python_dop_operator_3.py for tasks to queue
[2024-10-11T17:56:17.950+0000] {logging_mixin.py:188} INFO - [2024-10-11T17:56:17.950+0000] {dagbag.py:545} INFO - Filling up the DagBag from /home/airflow/.local/lib/python3.12/site-packages/airflow/example_dags/example_branch_python_dop_operator_3.py
[2024-10-11T17:56:17.963+0000] {processor.py:840} INFO - DAG(s) 'example_branch_dop_operator_v3' retrieved from /home/airflow/.local/lib/python3.12/site-packages/airflow/example_dags/example_branch_python_dop_operator_3.py
[2024-10-11T17:56:18.000+0000] {logging_mixin.py:188} INFO - [2024-10-11T17:56:18.000+0000] {dag.py:3096} INFO - Sync 1 DAGs
[2024-10-11T17:56:18.036+0000] {logging_mixin.py:188} INFO - [2024-10-11T17:56:18.036+0000] {dag.py:3954} INFO - Setting next_dagrun for example_branch_dop_operator_v3 to 2024-10-11 17:55:00+00:00, run_after=2024-10-11 17:56:00+00:00
[2024-10-11T17:56:18.092+0000] {processor.py:183} INFO - Processing /home/airflow/.local/lib/python3.12/site-packages/airflow/example_dags/example_branch_python_dop_operator_3.py took 0.154 seconds
[2024-10-11T17:56:49.126+0000] {processor.py:161} INFO - Started process (PID=6417) to work on /home/airflow/.local/lib/python3.12/site-packages/airflow/example_dags/example_branch_python_dop_operator_3.py
[2024-10-11T17:56:49.129+0000] {processor.py:830} INFO - Processing file /home/airflow/.local/lib/python3.12/site-packages/airflow/example_dags/example_branch_python_dop_operator_3.py for tasks to queue
[2024-10-11T17:56:49.131+0000] {logging_mixin.py:188} INFO - [2024-10-11T17:56:49.131+0000] {dagbag.py:545} INFO - Filling up the DagBag from /home/airflow/.local/lib/python3.12/site-packages/airflow/example_dags/example_branch_python_dop_operator_3.py
[2024-10-11T17:56:49.142+0000] {processor.py:840} INFO - DAG(s) 'example_branch_dop_operator_v3' retrieved from /home/airflow/.local/lib/python3.12/site-packages/airflow/example_dags/example_branch_python_dop_operator_3.py
[2024-10-11T17:56:49.169+0000] {logging_mixin.py:188} INFO - [2024-10-11T17:56:49.169+0000] {dag.py:3096} INFO - Sync 1 DAGs
[2024-10-11T17:56:49.201+0000] {logging_mixin.py:188} INFO - [2024-10-11T17:56:49.200+0000] {dag.py:3954} INFO - Setting next_dagrun for example_branch_dop_operator_v3 to 2024-10-11 17:55:00+00:00, run_after=2024-10-11 17:56:00+00:00
[2024-10-11T17:56:49.236+0000] {processor.py:183} INFO - Processing /home/airflow/.local/lib/python3.12/site-packages/airflow/example_dags/example_branch_python_dop_operator_3.py took 0.115 seconds
[2024-10-11T17:57:19.788+0000] {processor.py:161} INFO - Started process (PID=6679) to work on /home/airflow/.local/lib/python3.12/site-packages/airflow/example_dags/example_branch_python_dop_operator_3.py
[2024-10-11T17:57:19.789+0000] {processor.py:830} INFO - Processing file /home/airflow/.local/lib/python3.12/site-packages/airflow/example_dags/example_branch_python_dop_operator_3.py for tasks to queue
[2024-10-11T17:57:19.792+0000] {logging_mixin.py:188} INFO - [2024-10-11T17:57:19.791+0000] {dagbag.py:545} INFO - Filling up the DagBag from /home/airflow/.local/lib/python3.12/site-packages/airflow/example_dags/example_branch_python_dop_operator_3.py
[2024-10-11T17:57:19.801+0000] {processor.py:840} INFO - DAG(s) 'example_branch_dop_operator_v3' retrieved from /home/airflow/.local/lib/python3.12/site-packages/airflow/example_dags/example_branch_python_dop_operator_3.py
[2024-10-11T17:57:19.830+0000] {logging_mixin.py:188} INFO - [2024-10-11T17:57:19.830+0000] {dag.py:3096} INFO - Sync 1 DAGs
[2024-10-11T17:57:19.861+0000] {logging_mixin.py:188} INFO - [2024-10-11T17:57:19.861+0000] {dag.py:3954} INFO - Setting next_dagrun for example_branch_dop_operator_v3 to 2024-10-11 17:56:00+00:00, run_after=2024-10-11 17:57:00+00:00
[2024-10-11T17:57:19.887+0000] {processor.py:183} INFO - Processing /home/airflow/.local/lib/python3.12/site-packages/airflow/example_dags/example_branch_python_dop_operator_3.py took 0.105 seconds
[2024-10-11T17:57:50.286+0000] {processor.py:161} INFO - Started process (PID=6941) to work on /home/airflow/.local/lib/python3.12/site-packages/airflow/example_dags/example_branch_python_dop_operator_3.py
[2024-10-11T17:57:50.287+0000] {processor.py:830} INFO - Processing file /home/airflow/.local/lib/python3.12/site-packages/airflow/example_dags/example_branch_python_dop_operator_3.py for tasks to queue
[2024-10-11T17:57:50.291+0000] {logging_mixin.py:188} INFO - [2024-10-11T17:57:50.290+0000] {dagbag.py:545} INFO - Filling up the DagBag from /home/airflow/.local/lib/python3.12/site-packages/airflow/example_dags/example_branch_python_dop_operator_3.py
[2024-10-11T17:57:50.303+0000] {processor.py:840} INFO - DAG(s) 'example_branch_dop_operator_v3' retrieved from /home/airflow/.local/lib/python3.12/site-packages/airflow/example_dags/example_branch_python_dop_operator_3.py
[2024-10-11T17:57:50.325+0000] {logging_mixin.py:188} INFO - [2024-10-11T17:57:50.325+0000] {dag.py:3096} INFO - Sync 1 DAGs
[2024-10-11T17:57:50.355+0000] {logging_mixin.py:188} INFO - [2024-10-11T17:57:50.355+0000] {dag.py:3954} INFO - Setting next_dagrun for example_branch_dop_operator_v3 to 2024-10-11 17:56:00+00:00, run_after=2024-10-11 17:57:00+00:00
[2024-10-11T17:57:50.384+0000] {processor.py:183} INFO - Processing /home/airflow/.local/lib/python3.12/site-packages/airflow/example_dags/example_branch_python_dop_operator_3.py took 0.104 seconds
[2024-10-11T17:58:20.460+0000] {processor.py:161} INFO - Started process (PID=7203) to work on /home/airflow/.local/lib/python3.12/site-packages/airflow/example_dags/example_branch_python_dop_operator_3.py
[2024-10-11T17:58:20.461+0000] {processor.py:830} INFO - Processing file /home/airflow/.local/lib/python3.12/site-packages/airflow/example_dags/example_branch_python_dop_operator_3.py for tasks to queue
[2024-10-11T17:58:20.463+0000] {logging_mixin.py:188} INFO - [2024-10-11T17:58:20.463+0000] {dagbag.py:545} INFO - Filling up the DagBag from /home/airflow/.local/lib/python3.12/site-packages/airflow/example_dags/example_branch_python_dop_operator_3.py
[2024-10-11T17:58:20.472+0000] {processor.py:840} INFO - DAG(s) 'example_branch_dop_operator_v3' retrieved from /home/airflow/.local/lib/python3.12/site-packages/airflow/example_dags/example_branch_python_dop_operator_3.py
[2024-10-11T17:58:20.495+0000] {logging_mixin.py:188} INFO - [2024-10-11T17:58:20.494+0000] {dag.py:3096} INFO - Sync 1 DAGs
[2024-10-11T17:58:20.525+0000] {logging_mixin.py:188} INFO - [2024-10-11T17:58:20.524+0000] {dag.py:3954} INFO - Setting next_dagrun for example_branch_dop_operator_v3 to 2024-10-11 17:57:00+00:00, run_after=2024-10-11 17:58:00+00:00
[2024-10-11T17:58:20.553+0000] {processor.py:183} INFO - Processing /home/airflow/.local/lib/python3.12/site-packages/airflow/example_dags/example_branch_python_dop_operator_3.py took 0.098 seconds
[2024-10-11T17:58:50.772+0000] {processor.py:161} INFO - Started process (PID=7465) to work on /home/airflow/.local/lib/python3.12/site-packages/airflow/example_dags/example_branch_python_dop_operator_3.py
[2024-10-11T17:58:50.774+0000] {processor.py:830} INFO - Processing file /home/airflow/.local/lib/python3.12/site-packages/airflow/example_dags/example_branch_python_dop_operator_3.py for tasks to queue
[2024-10-11T17:58:50.776+0000] {logging_mixin.py:188} INFO - [2024-10-11T17:58:50.775+0000] {dagbag.py:545} INFO - Filling up the DagBag from /home/airflow/.local/lib/python3.12/site-packages/airflow/example_dags/example_branch_python_dop_operator_3.py
[2024-10-11T17:58:50.784+0000] {processor.py:840} INFO - DAG(s) 'example_branch_dop_operator_v3' retrieved from /home/airflow/.local/lib/python3.12/site-packages/airflow/example_dags/example_branch_python_dop_operator_3.py
[2024-10-11T17:58:50.808+0000] {logging_mixin.py:188} INFO - [2024-10-11T17:58:50.808+0000] {dag.py:3096} INFO - Sync 1 DAGs
[2024-10-11T17:58:50.838+0000] {logging_mixin.py:188} INFO - [2024-10-11T17:58:50.838+0000] {dag.py:3954} INFO - Setting next_dagrun for example_branch_dop_operator_v3 to 2024-10-11 17:57:00+00:00, run_after=2024-10-11 17:58:00+00:00
[2024-10-11T17:58:50.864+0000] {processor.py:183} INFO - Processing /home/airflow/.local/lib/python3.12/site-packages/airflow/example_dags/example_branch_python_dop_operator_3.py took 0.097 seconds
[2024-10-11T17:59:21.665+0000] {processor.py:161} INFO - Started process (PID=7727) to work on /home/airflow/.local/lib/python3.12/site-packages/airflow/example_dags/example_branch_python_dop_operator_3.py
[2024-10-11T17:59:21.666+0000] {processor.py:830} INFO - Processing file /home/airflow/.local/lib/python3.12/site-packages/airflow/example_dags/example_branch_python_dop_operator_3.py for tasks to queue
[2024-10-11T17:59:21.669+0000] {logging_mixin.py:188} INFO - [2024-10-11T17:59:21.668+0000] {dagbag.py:545} INFO - Filling up the DagBag from /home/airflow/.local/lib/python3.12/site-packages/airflow/example_dags/example_branch_python_dop_operator_3.py
[2024-10-11T17:59:21.677+0000] {processor.py:840} INFO - DAG(s) 'example_branch_dop_operator_v3' retrieved from /home/airflow/.local/lib/python3.12/site-packages/airflow/example_dags/example_branch_python_dop_operator_3.py
[2024-10-11T17:59:21.699+0000] {logging_mixin.py:188} INFO - [2024-10-11T17:59:21.698+0000] {dag.py:3096} INFO - Sync 1 DAGs
[2024-10-11T17:59:21.727+0000] {logging_mixin.py:188} INFO - [2024-10-11T17:59:21.727+0000] {dag.py:3954} INFO - Setting next_dagrun for example_branch_dop_operator_v3 to 2024-10-11 17:58:00+00:00, run_after=2024-10-11 17:59:00+00:00
[2024-10-11T17:59:21.756+0000] {processor.py:183} INFO - Processing /home/airflow/.local/lib/python3.12/site-packages/airflow/example_dags/example_branch_python_dop_operator_3.py took 0.096 seconds
[2024-10-11T17:59:51.984+0000] {processor.py:161} INFO - Started process (PID=7989) to work on /home/airflow/.local/lib/python3.12/site-packages/airflow/example_dags/example_branch_python_dop_operator_3.py
[2024-10-11T17:59:51.985+0000] {processor.py:830} INFO - Processing file /home/airflow/.local/lib/python3.12/site-packages/airflow/example_dags/example_branch_python_dop_operator_3.py for tasks to queue
[2024-10-11T17:59:51.987+0000] {logging_mixin.py:188} INFO - [2024-10-11T17:59:51.987+0000] {dagbag.py:545} INFO - Filling up the DagBag from /home/airflow/.local/lib/python3.12/site-packages/airflow/example_dags/example_branch_python_dop_operator_3.py
[2024-10-11T17:59:51.995+0000] {processor.py:840} INFO - DAG(s) 'example_branch_dop_operator_v3' retrieved from /home/airflow/.local/lib/python3.12/site-packages/airflow/example_dags/example_branch_python_dop_operator_3.py
[2024-10-11T17:59:52.016+0000] {logging_mixin.py:188} INFO - [2024-10-11T17:59:52.016+0000] {dag.py:3096} INFO - Sync 1 DAGs
[2024-10-11T17:59:52.044+0000] {logging_mixin.py:188} INFO - [2024-10-11T17:59:52.044+0000] {dag.py:3954} INFO - Setting next_dagrun for example_branch_dop_operator_v3 to 2024-10-11 17:58:00+00:00, run_after=2024-10-11 17:59:00+00:00
[2024-10-11T17:59:52.070+0000] {processor.py:183} INFO - Processing /home/airflow/.local/lib/python3.12/site-packages/airflow/example_dags/example_branch_python_dop_operator_3.py took 0.091 seconds
[2024-10-11T18:00:22.311+0000] {processor.py:161} INFO - Started process (PID=8251) to work on /home/airflow/.local/lib/python3.12/site-packages/airflow/example_dags/example_branch_python_dop_operator_3.py
[2024-10-11T18:00:22.312+0000] {processor.py:830} INFO - Processing file /home/airflow/.local/lib/python3.12/site-packages/airflow/example_dags/example_branch_python_dop_operator_3.py for tasks to queue
[2024-10-11T18:00:22.315+0000] {logging_mixin.py:188} INFO - [2024-10-11T18:00:22.314+0000] {dagbag.py:545} INFO - Filling up the DagBag from /home/airflow/.local/lib/python3.12/site-packages/airflow/example_dags/example_branch_python_dop_operator_3.py
[2024-10-11T18:00:22.323+0000] {processor.py:840} INFO - DAG(s) 'example_branch_dop_operator_v3' retrieved from /home/airflow/.local/lib/python3.12/site-packages/airflow/example_dags/example_branch_python_dop_operator_3.py
[2024-10-11T18:00:22.344+0000] {logging_mixin.py:188} INFO - [2024-10-11T18:00:22.343+0000] {dag.py:3096} INFO - Sync 1 DAGs
[2024-10-11T18:00:22.373+0000] {logging_mixin.py:188} INFO - [2024-10-11T18:00:22.372+0000] {dag.py:3954} INFO - Setting next_dagrun for example_branch_dop_operator_v3 to 2024-10-11 17:59:00+00:00, run_after=2024-10-11 18:00:00+00:00
[2024-10-11T18:00:22.401+0000] {processor.py:183} INFO - Processing /home/airflow/.local/lib/python3.12/site-packages/airflow/example_dags/example_branch_python_dop_operator_3.py took 0.095 seconds
[2024-10-11T18:00:52.771+0000] {processor.py:161} INFO - Started process (PID=8513) to work on /home/airflow/.local/lib/python3.12/site-packages/airflow/example_dags/example_branch_python_dop_operator_3.py
[2024-10-11T18:00:52.772+0000] {processor.py:830} INFO - Processing file /home/airflow/.local/lib/python3.12/site-packages/airflow/example_dags/example_branch_python_dop_operator_3.py for tasks to queue
[2024-10-11T18:00:52.775+0000] {logging_mixin.py:188} INFO - [2024-10-11T18:00:52.774+0000] {dagbag.py:545} INFO - Filling up the DagBag from /home/airflow/.local/lib/python3.12/site-packages/airflow/example_dags/example_branch_python_dop_operator_3.py
[2024-10-11T18:00:52.783+0000] {processor.py:840} INFO - DAG(s) 'example_branch_dop_operator_v3' retrieved from /home/airflow/.local/lib/python3.12/site-packages/airflow/example_dags/example_branch_python_dop_operator_3.py
[2024-10-11T18:00:52.807+0000] {logging_mixin.py:188} INFO - [2024-10-11T18:00:52.806+0000] {dag.py:3096} INFO - Sync 1 DAGs
[2024-10-11T18:00:52.837+0000] {logging_mixin.py:188} INFO - [2024-10-11T18:00:52.837+0000] {dag.py:3954} INFO - Setting next_dagrun for example_branch_dop_operator_v3 to 2024-10-11 17:59:00+00:00, run_after=2024-10-11 18:00:00+00:00
[2024-10-11T18:00:52.864+0000] {processor.py:183} INFO - Processing /home/airflow/.local/lib/python3.12/site-packages/airflow/example_dags/example_branch_python_dop_operator_3.py took 0.099 seconds
[2024-10-11T18:01:23.293+0000] {processor.py:161} INFO - Started process (PID=8775) to work on /home/airflow/.local/lib/python3.12/site-packages/airflow/example_dags/example_branch_python_dop_operator_3.py
[2024-10-11T18:01:23.295+0000] {processor.py:830} INFO - Processing file /home/airflow/.local/lib/python3.12/site-packages/airflow/example_dags/example_branch_python_dop_operator_3.py for tasks to queue
[2024-10-11T18:01:23.297+0000] {logging_mixin.py:188} INFO - [2024-10-11T18:01:23.297+0000] {dagbag.py:545} INFO - Filling up the DagBag from /home/airflow/.local/lib/python3.12/site-packages/airflow/example_dags/example_branch_python_dop_operator_3.py
[2024-10-11T18:01:23.307+0000] {processor.py:840} INFO - DAG(s) 'example_branch_dop_operator_v3' retrieved from /home/airflow/.local/lib/python3.12/site-packages/airflow/example_dags/example_branch_python_dop_operator_3.py
[2024-10-11T18:01:23.330+0000] {logging_mixin.py:188} INFO - [2024-10-11T18:01:23.330+0000] {dag.py:3096} INFO - Sync 1 DAGs
[2024-10-11T18:01:23.358+0000] {logging_mixin.py:188} INFO - [2024-10-11T18:01:23.358+0000] {dag.py:3954} INFO - Setting next_dagrun for example_branch_dop_operator_v3 to 2024-10-11 18:00:00+00:00, run_after=2024-10-11 18:01:00+00:00
[2024-10-11T18:01:23.389+0000] {processor.py:183} INFO - Processing /home/airflow/.local/lib/python3.12/site-packages/airflow/example_dags/example_branch_python_dop_operator_3.py took 0.101 seconds
[2024-10-11T18:01:53.467+0000] {processor.py:161} INFO - Started process (PID=9037) to work on /home/airflow/.local/lib/python3.12/site-packages/airflow/example_dags/example_branch_python_dop_operator_3.py
[2024-10-11T18:01:53.468+0000] {processor.py:830} INFO - Processing file /home/airflow/.local/lib/python3.12/site-packages/airflow/example_dags/example_branch_python_dop_operator_3.py for tasks to queue
[2024-10-11T18:01:53.470+0000] {logging_mixin.py:188} INFO - [2024-10-11T18:01:53.470+0000] {dagbag.py:545} INFO - Filling up the DagBag from /home/airflow/.local/lib/python3.12/site-packages/airflow/example_dags/example_branch_python_dop_operator_3.py
[2024-10-11T18:01:53.479+0000] {processor.py:840} INFO - DAG(s) 'example_branch_dop_operator_v3' retrieved from /home/airflow/.local/lib/python3.12/site-packages/airflow/example_dags/example_branch_python_dop_operator_3.py
[2024-10-11T18:01:53.503+0000] {logging_mixin.py:188} INFO - [2024-10-11T18:01:53.502+0000] {dag.py:3096} INFO - Sync 1 DAGs
[2024-10-11T18:01:53.532+0000] {logging_mixin.py:188} INFO - [2024-10-11T18:01:53.532+0000] {dag.py:3954} INFO - Setting next_dagrun for example_branch_dop_operator_v3 to 2024-10-11 18:00:00+00:00, run_after=2024-10-11 18:01:00+00:00
[2024-10-11T18:01:53.564+0000] {processor.py:183} INFO - Processing /home/airflow/.local/lib/python3.12/site-packages/airflow/example_dags/example_branch_python_dop_operator_3.py took 0.103 seconds
[2024-10-11T18:02:23.625+0000] {processor.py:161} INFO - Started process (PID=9299) to work on /home/airflow/.local/lib/python3.12/site-packages/airflow/example_dags/example_branch_python_dop_operator_3.py
[2024-10-11T18:02:23.626+0000] {processor.py:830} INFO - Processing file /home/airflow/.local/lib/python3.12/site-packages/airflow/example_dags/example_branch_python_dop_operator_3.py for tasks to queue
[2024-10-11T18:02:23.629+0000] {logging_mixin.py:188} INFO - [2024-10-11T18:02:23.628+0000] {dagbag.py:545} INFO - Filling up the DagBag from /home/airflow/.local/lib/python3.12/site-packages/airflow/example_dags/example_branch_python_dop_operator_3.py
[2024-10-11T18:02:23.637+0000] {processor.py:840} INFO - DAG(s) 'example_branch_dop_operator_v3' retrieved from /home/airflow/.local/lib/python3.12/site-packages/airflow/example_dags/example_branch_python_dop_operator_3.py
[2024-10-11T18:02:23.661+0000] {logging_mixin.py:188} INFO - [2024-10-11T18:02:23.660+0000] {dag.py:3096} INFO - Sync 1 DAGs
[2024-10-11T18:02:23.688+0000] {logging_mixin.py:188} INFO - [2024-10-11T18:02:23.688+0000] {dag.py:3954} INFO - Setting next_dagrun for example_branch_dop_operator_v3 to 2024-10-11 18:01:00+00:00, run_after=2024-10-11 18:02:00+00:00
[2024-10-11T18:02:23.857+0000] {processor.py:183} INFO - Processing /home/airflow/.local/lib/python3.12/site-packages/airflow/example_dags/example_branch_python_dop_operator_3.py took 0.236 seconds
[2024-10-11T18:02:54.070+0000] {processor.py:161} INFO - Started process (PID=9559) to work on /home/airflow/.local/lib/python3.12/site-packages/airflow/example_dags/example_branch_python_dop_operator_3.py
[2024-10-11T18:02:54.071+0000] {processor.py:830} INFO - Processing file /home/airflow/.local/lib/python3.12/site-packages/airflow/example_dags/example_branch_python_dop_operator_3.py for tasks to queue
[2024-10-11T18:02:54.074+0000] {logging_mixin.py:188} INFO - [2024-10-11T18:02:54.074+0000] {dagbag.py:545} INFO - Filling up the DagBag from /home/airflow/.local/lib/python3.12/site-packages/airflow/example_dags/example_branch_python_dop_operator_3.py
[2024-10-11T18:02:54.083+0000] {processor.py:840} INFO - DAG(s) 'example_branch_dop_operator_v3' retrieved from /home/airflow/.local/lib/python3.12/site-packages/airflow/example_dags/example_branch_python_dop_operator_3.py
[2024-10-11T18:02:54.106+0000] {logging_mixin.py:188} INFO - [2024-10-11T18:02:54.105+0000] {dag.py:3096} INFO - Sync 1 DAGs
[2024-10-11T18:02:54.137+0000] {logging_mixin.py:188} INFO - [2024-10-11T18:02:54.137+0000] {dag.py:3954} INFO - Setting next_dagrun for example_branch_dop_operator_v3 to 2024-10-11 18:01:00+00:00, run_after=2024-10-11 18:02:00+00:00
[2024-10-11T18:02:54.165+0000] {processor.py:183} INFO - Processing /home/airflow/.local/lib/python3.12/site-packages/airflow/example_dags/example_branch_python_dop_operator_3.py took 0.100 seconds
[2024-10-11T18:03:24.442+0000] {processor.py:161} INFO - Started process (PID=9821) to work on /home/airflow/.local/lib/python3.12/site-packages/airflow/example_dags/example_branch_python_dop_operator_3.py
[2024-10-11T18:03:24.443+0000] {processor.py:830} INFO - Processing file /home/airflow/.local/lib/python3.12/site-packages/airflow/example_dags/example_branch_python_dop_operator_3.py for tasks to queue
[2024-10-11T18:03:24.446+0000] {logging_mixin.py:188} INFO - [2024-10-11T18:03:24.445+0000] {dagbag.py:545} INFO - Filling up the DagBag from /home/airflow/.local/lib/python3.12/site-packages/airflow/example_dags/example_branch_python_dop_operator_3.py
[2024-10-11T18:03:24.458+0000] {processor.py:840} INFO - DAG(s) 'example_branch_dop_operator_v3' retrieved from /home/airflow/.local/lib/python3.12/site-packages/airflow/example_dags/example_branch_python_dop_operator_3.py
[2024-10-11T18:03:24.484+0000] {logging_mixin.py:188} INFO - [2024-10-11T18:03:24.484+0000] {dag.py:3096} INFO - Sync 1 DAGs
[2024-10-11T18:03:24.518+0000] {logging_mixin.py:188} INFO - [2024-10-11T18:03:24.518+0000] {dag.py:3954} INFO - Setting next_dagrun for example_branch_dop_operator_v3 to 2024-10-11 18:02:00+00:00, run_after=2024-10-11 18:03:00+00:00
[2024-10-11T18:03:24.547+0000] {processor.py:183} INFO - Processing /home/airflow/.local/lib/python3.12/site-packages/airflow/example_dags/example_branch_python_dop_operator_3.py took 0.112 seconds
[2024-10-11T18:03:55.025+0000] {processor.py:161} INFO - Started process (PID=10083) to work on /home/airflow/.local/lib/python3.12/site-packages/airflow/example_dags/example_branch_python_dop_operator_3.py
[2024-10-11T18:03:55.026+0000] {processor.py:830} INFO - Processing file /home/airflow/.local/lib/python3.12/site-packages/airflow/example_dags/example_branch_python_dop_operator_3.py for tasks to queue
[2024-10-11T18:03:55.028+0000] {logging_mixin.py:188} INFO - [2024-10-11T18:03:55.028+0000] {dagbag.py:545} INFO - Filling up the DagBag from /home/airflow/.local/lib/python3.12/site-packages/airflow/example_dags/example_branch_python_dop_operator_3.py
[2024-10-11T18:03:55.037+0000] {processor.py:840} INFO - DAG(s) 'example_branch_dop_operator_v3' retrieved from /home/airflow/.local/lib/python3.12/site-packages/airflow/example_dags/example_branch_python_dop_operator_3.py
[2024-10-11T18:03:55.060+0000] {logging_mixin.py:188} INFO - [2024-10-11T18:03:55.060+0000] {dag.py:3096} INFO - Sync 1 DAGs
[2024-10-11T18:03:55.088+0000] {logging_mixin.py:188} INFO - [2024-10-11T18:03:55.087+0000] {dag.py:3954} INFO - Setting next_dagrun for example_branch_dop_operator_v3 to 2024-10-11 18:02:00+00:00, run_after=2024-10-11 18:03:00+00:00
[2024-10-11T18:03:55.115+0000] {processor.py:183} INFO - Processing /home/airflow/.local/lib/python3.12/site-packages/airflow/example_dags/example_branch_python_dop_operator_3.py took 0.095 seconds
