[2024-10-11T17:45:03.539+0000] {processor.py:161} INFO - Started process (PID=407) to work on /home/airflow/.local/lib/python3.12/site-packages/airflow/example_dags/example_latest_only_with_trigger.py
[2024-10-11T17:45:03.541+0000] {processor.py:830} INFO - Processing file /home/airflow/.local/lib/python3.12/site-packages/airflow/example_dags/example_latest_only_with_trigger.py for tasks to queue
[2024-10-11T17:45:03.544+0000] {logging_mixin.py:188} INFO - [2024-10-11T17:45:03.543+0000] {dagbag.py:545} INFO - Filling up the DagBag from /home/airflow/.local/lib/python3.12/site-packages/airflow/example_dags/example_latest_only_with_trigger.py
[2024-10-11T17:45:03.555+0000] {processor.py:840} INFO - DAG(s) 'latest_only_with_trigger' retrieved from /home/airflow/.local/lib/python3.12/site-packages/airflow/example_dags/example_latest_only_with_trigger.py
[2024-10-11T17:45:03.574+0000] {logging_mixin.py:188} INFO - [2024-10-11T17:45:03.573+0000] {dag.py:3096} INFO - Sync 1 DAGs
[2024-10-11T17:45:03.610+0000] {logging_mixin.py:188} INFO - [2024-10-11T17:45:03.610+0000] {dag.py:3954} INFO - Setting next_dagrun for latest_only_with_trigger to 2024-10-11 12:00:00+00:00, run_after=2024-10-11 16:00:00+00:00
[2024-10-11T17:45:03.655+0000] {processor.py:183} INFO - Processing /home/airflow/.local/lib/python3.12/site-packages/airflow/example_dags/example_latest_only_with_trigger.py took 0.121 seconds
[2024-10-11T17:45:35.324+0000] {processor.py:161} INFO - Started process (PID=669) to work on /home/airflow/.local/lib/python3.12/site-packages/airflow/example_dags/example_latest_only_with_trigger.py
[2024-10-11T17:45:35.325+0000] {processor.py:830} INFO - Processing file /home/airflow/.local/lib/python3.12/site-packages/airflow/example_dags/example_latest_only_with_trigger.py for tasks to queue
[2024-10-11T17:45:35.327+0000] {logging_mixin.py:188} INFO - [2024-10-11T17:45:35.327+0000] {dagbag.py:545} INFO - Filling up the DagBag from /home/airflow/.local/lib/python3.12/site-packages/airflow/example_dags/example_latest_only_with_trigger.py
[2024-10-11T17:45:35.332+0000] {processor.py:840} INFO - DAG(s) 'latest_only_with_trigger' retrieved from /home/airflow/.local/lib/python3.12/site-packages/airflow/example_dags/example_latest_only_with_trigger.py
[2024-10-11T17:45:35.436+0000] {logging_mixin.py:188} INFO - [2024-10-11T17:45:35.435+0000] {dag.py:3096} INFO - Sync 1 DAGs
[2024-10-11T17:45:35.458+0000] {logging_mixin.py:188} INFO - [2024-10-11T17:45:35.458+0000] {dag.py:3954} INFO - Setting next_dagrun for latest_only_with_trigger to 2024-10-11 12:00:00+00:00, run_after=2024-10-11 16:00:00+00:00
[2024-10-11T17:45:35.487+0000] {processor.py:183} INFO - Processing /home/airflow/.local/lib/python3.12/site-packages/airflow/example_dags/example_latest_only_with_trigger.py took 0.168 seconds
[2024-10-11T17:46:06.081+0000] {processor.py:161} INFO - Started process (PID=933) to work on /home/airflow/.local/lib/python3.12/site-packages/airflow/example_dags/example_latest_only_with_trigger.py
[2024-10-11T17:46:06.082+0000] {processor.py:830} INFO - Processing file /home/airflow/.local/lib/python3.12/site-packages/airflow/example_dags/example_latest_only_with_trigger.py for tasks to queue
[2024-10-11T17:46:06.085+0000] {logging_mixin.py:188} INFO - [2024-10-11T17:46:06.084+0000] {dagbag.py:545} INFO - Filling up the DagBag from /home/airflow/.local/lib/python3.12/site-packages/airflow/example_dags/example_latest_only_with_trigger.py
[2024-10-11T17:46:06.091+0000] {processor.py:840} INFO - DAG(s) 'latest_only_with_trigger' retrieved from /home/airflow/.local/lib/python3.12/site-packages/airflow/example_dags/example_latest_only_with_trigger.py
[2024-10-11T17:46:06.115+0000] {logging_mixin.py:188} INFO - [2024-10-11T17:46:06.115+0000] {dag.py:3096} INFO - Sync 1 DAGs
[2024-10-11T17:46:06.140+0000] {logging_mixin.py:188} INFO - [2024-10-11T17:46:06.139+0000] {dag.py:3954} INFO - Setting next_dagrun for latest_only_with_trigger to 2024-10-11 12:00:00+00:00, run_after=2024-10-11 16:00:00+00:00
[2024-10-11T17:46:06.166+0000] {processor.py:183} INFO - Processing /home/airflow/.local/lib/python3.12/site-packages/airflow/example_dags/example_latest_only_with_trigger.py took 0.090 seconds
[2024-10-11T17:46:36.648+0000] {processor.py:161} INFO - Started process (PID=1195) to work on /home/airflow/.local/lib/python3.12/site-packages/airflow/example_dags/example_latest_only_with_trigger.py
[2024-10-11T17:46:36.650+0000] {processor.py:830} INFO - Processing file /home/airflow/.local/lib/python3.12/site-packages/airflow/example_dags/example_latest_only_with_trigger.py for tasks to queue
[2024-10-11T17:46:36.652+0000] {logging_mixin.py:188} INFO - [2024-10-11T17:46:36.651+0000] {dagbag.py:545} INFO - Filling up the DagBag from /home/airflow/.local/lib/python3.12/site-packages/airflow/example_dags/example_latest_only_with_trigger.py
[2024-10-11T17:46:36.657+0000] {processor.py:840} INFO - DAG(s) 'latest_only_with_trigger' retrieved from /home/airflow/.local/lib/python3.12/site-packages/airflow/example_dags/example_latest_only_with_trigger.py
[2024-10-11T17:46:36.678+0000] {logging_mixin.py:188} INFO - [2024-10-11T17:46:36.678+0000] {dag.py:3096} INFO - Sync 1 DAGs
[2024-10-11T17:46:36.702+0000] {logging_mixin.py:188} INFO - [2024-10-11T17:46:36.702+0000] {dag.py:3954} INFO - Setting next_dagrun for latest_only_with_trigger to 2024-10-11 12:00:00+00:00, run_after=2024-10-11 16:00:00+00:00
[2024-10-11T17:46:36.729+0000] {processor.py:183} INFO - Processing /home/airflow/.local/lib/python3.12/site-packages/airflow/example_dags/example_latest_only_with_trigger.py took 0.085 seconds
[2024-10-11T17:47:07.768+0000] {processor.py:161} INFO - Started process (PID=1456) to work on /home/airflow/.local/lib/python3.12/site-packages/airflow/example_dags/example_latest_only_with_trigger.py
[2024-10-11T17:47:07.773+0000] {processor.py:830} INFO - Processing file /home/airflow/.local/lib/python3.12/site-packages/airflow/example_dags/example_latest_only_with_trigger.py for tasks to queue
[2024-10-11T17:47:07.779+0000] {logging_mixin.py:188} INFO - [2024-10-11T17:47:07.778+0000] {dagbag.py:545} INFO - Filling up the DagBag from /home/airflow/.local/lib/python3.12/site-packages/airflow/example_dags/example_latest_only_with_trigger.py
[2024-10-11T17:47:07.788+0000] {processor.py:840} INFO - DAG(s) 'latest_only_with_trigger' retrieved from /home/airflow/.local/lib/python3.12/site-packages/airflow/example_dags/example_latest_only_with_trigger.py
[2024-10-11T17:47:07.836+0000] {logging_mixin.py:188} INFO - [2024-10-11T17:47:07.835+0000] {dag.py:3096} INFO - Sync 1 DAGs
[2024-10-11T17:47:07.899+0000] {logging_mixin.py:188} INFO - [2024-10-11T17:47:07.899+0000] {dag.py:3954} INFO - Setting next_dagrun for latest_only_with_trigger to 2024-10-11 12:00:00+00:00, run_after=2024-10-11 16:00:00+00:00
[2024-10-11T17:47:07.961+0000] {processor.py:183} INFO - Processing /home/airflow/.local/lib/python3.12/site-packages/airflow/example_dags/example_latest_only_with_trigger.py took 0.204 seconds
[2024-10-11T17:47:38.615+0000] {processor.py:161} INFO - Started process (PID=1721) to work on /home/airflow/.local/lib/python3.12/site-packages/airflow/example_dags/example_latest_only_with_trigger.py
[2024-10-11T17:47:38.617+0000] {processor.py:830} INFO - Processing file /home/airflow/.local/lib/python3.12/site-packages/airflow/example_dags/example_latest_only_with_trigger.py for tasks to queue
[2024-10-11T17:47:38.620+0000] {logging_mixin.py:188} INFO - [2024-10-11T17:47:38.619+0000] {dagbag.py:545} INFO - Filling up the DagBag from /home/airflow/.local/lib/python3.12/site-packages/airflow/example_dags/example_latest_only_with_trigger.py
[2024-10-11T17:47:38.626+0000] {processor.py:840} INFO - DAG(s) 'latest_only_with_trigger' retrieved from /home/airflow/.local/lib/python3.12/site-packages/airflow/example_dags/example_latest_only_with_trigger.py
[2024-10-11T17:47:38.655+0000] {logging_mixin.py:188} INFO - [2024-10-11T17:47:38.655+0000] {dag.py:3096} INFO - Sync 1 DAGs
[2024-10-11T17:47:38.685+0000] {logging_mixin.py:188} INFO - [2024-10-11T17:47:38.684+0000] {dag.py:3954} INFO - Setting next_dagrun for latest_only_with_trigger to 2024-10-11 12:00:00+00:00, run_after=2024-10-11 16:00:00+00:00
[2024-10-11T17:47:38.727+0000] {processor.py:183} INFO - Processing /home/airflow/.local/lib/python3.12/site-packages/airflow/example_dags/example_latest_only_with_trigger.py took 0.120 seconds
[2024-10-11T17:48:08.994+0000] {processor.py:161} INFO - Started process (PID=1983) to work on /home/airflow/.local/lib/python3.12/site-packages/airflow/example_dags/example_latest_only_with_trigger.py
[2024-10-11T17:48:08.996+0000] {processor.py:830} INFO - Processing file /home/airflow/.local/lib/python3.12/site-packages/airflow/example_dags/example_latest_only_with_trigger.py for tasks to queue
[2024-10-11T17:48:08.998+0000] {logging_mixin.py:188} INFO - [2024-10-11T17:48:08.997+0000] {dagbag.py:545} INFO - Filling up the DagBag from /home/airflow/.local/lib/python3.12/site-packages/airflow/example_dags/example_latest_only_with_trigger.py
[2024-10-11T17:48:09.003+0000] {processor.py:840} INFO - DAG(s) 'latest_only_with_trigger' retrieved from /home/airflow/.local/lib/python3.12/site-packages/airflow/example_dags/example_latest_only_with_trigger.py
[2024-10-11T17:48:09.027+0000] {logging_mixin.py:188} INFO - [2024-10-11T17:48:09.026+0000] {dag.py:3096} INFO - Sync 1 DAGs
[2024-10-11T17:48:09.051+0000] {logging_mixin.py:188} INFO - [2024-10-11T17:48:09.051+0000] {dag.py:3954} INFO - Setting next_dagrun for latest_only_with_trigger to 2024-10-11 12:00:00+00:00, run_after=2024-10-11 16:00:00+00:00
[2024-10-11T17:48:09.077+0000] {processor.py:183} INFO - Processing /home/airflow/.local/lib/python3.12/site-packages/airflow/example_dags/example_latest_only_with_trigger.py took 0.087 seconds
[2024-10-11T17:48:39.441+0000] {processor.py:161} INFO - Started process (PID=2245) to work on /home/airflow/.local/lib/python3.12/site-packages/airflow/example_dags/example_latest_only_with_trigger.py
[2024-10-11T17:48:39.442+0000] {processor.py:830} INFO - Processing file /home/airflow/.local/lib/python3.12/site-packages/airflow/example_dags/example_latest_only_with_trigger.py for tasks to queue
[2024-10-11T17:48:39.444+0000] {logging_mixin.py:188} INFO - [2024-10-11T17:48:39.443+0000] {dagbag.py:545} INFO - Filling up the DagBag from /home/airflow/.local/lib/python3.12/site-packages/airflow/example_dags/example_latest_only_with_trigger.py
[2024-10-11T17:48:39.449+0000] {processor.py:840} INFO - DAG(s) 'latest_only_with_trigger' retrieved from /home/airflow/.local/lib/python3.12/site-packages/airflow/example_dags/example_latest_only_with_trigger.py
[2024-10-11T17:48:39.472+0000] {logging_mixin.py:188} INFO - [2024-10-11T17:48:39.472+0000] {dag.py:3096} INFO - Sync 1 DAGs
[2024-10-11T17:48:39.498+0000] {logging_mixin.py:188} INFO - [2024-10-11T17:48:39.498+0000] {dag.py:3954} INFO - Setting next_dagrun for latest_only_with_trigger to 2024-10-11 12:00:00+00:00, run_after=2024-10-11 16:00:00+00:00
[2024-10-11T17:48:39.524+0000] {processor.py:183} INFO - Processing /home/airflow/.local/lib/python3.12/site-packages/airflow/example_dags/example_latest_only_with_trigger.py took 0.089 seconds
[2024-10-11T17:49:10.000+0000] {processor.py:161} INFO - Started process (PID=2507) to work on /home/airflow/.local/lib/python3.12/site-packages/airflow/example_dags/example_latest_only_with_trigger.py
[2024-10-11T17:49:10.001+0000] {processor.py:830} INFO - Processing file /home/airflow/.local/lib/python3.12/site-packages/airflow/example_dags/example_latest_only_with_trigger.py for tasks to queue
[2024-10-11T17:49:10.003+0000] {logging_mixin.py:188} INFO - [2024-10-11T17:49:10.003+0000] {dagbag.py:545} INFO - Filling up the DagBag from /home/airflow/.local/lib/python3.12/site-packages/airflow/example_dags/example_latest_only_with_trigger.py
[2024-10-11T17:49:10.008+0000] {processor.py:840} INFO - DAG(s) 'latest_only_with_trigger' retrieved from /home/airflow/.local/lib/python3.12/site-packages/airflow/example_dags/example_latest_only_with_trigger.py
[2024-10-11T17:49:10.035+0000] {logging_mixin.py:188} INFO - [2024-10-11T17:49:10.035+0000] {dag.py:3096} INFO - Sync 1 DAGs
[2024-10-11T17:49:10.060+0000] {logging_mixin.py:188} INFO - [2024-10-11T17:49:10.059+0000] {dag.py:3954} INFO - Setting next_dagrun for latest_only_with_trigger to 2024-10-11 12:00:00+00:00, run_after=2024-10-11 16:00:00+00:00
[2024-10-11T17:49:10.086+0000] {processor.py:183} INFO - Processing /home/airflow/.local/lib/python3.12/site-packages/airflow/example_dags/example_latest_only_with_trigger.py took 0.091 seconds
[2024-10-11T17:49:40.629+0000] {processor.py:161} INFO - Started process (PID=2769) to work on /home/airflow/.local/lib/python3.12/site-packages/airflow/example_dags/example_latest_only_with_trigger.py
[2024-10-11T17:49:40.630+0000] {processor.py:830} INFO - Processing file /home/airflow/.local/lib/python3.12/site-packages/airflow/example_dags/example_latest_only_with_trigger.py for tasks to queue
[2024-10-11T17:49:40.633+0000] {logging_mixin.py:188} INFO - [2024-10-11T17:49:40.632+0000] {dagbag.py:545} INFO - Filling up the DagBag from /home/airflow/.local/lib/python3.12/site-packages/airflow/example_dags/example_latest_only_with_trigger.py
[2024-10-11T17:49:40.639+0000] {processor.py:840} INFO - DAG(s) 'latest_only_with_trigger' retrieved from /home/airflow/.local/lib/python3.12/site-packages/airflow/example_dags/example_latest_only_with_trigger.py
[2024-10-11T17:49:40.663+0000] {logging_mixin.py:188} INFO - [2024-10-11T17:49:40.663+0000] {dag.py:3096} INFO - Sync 1 DAGs
[2024-10-11T17:49:40.696+0000] {logging_mixin.py:188} INFO - [2024-10-11T17:49:40.695+0000] {dag.py:3954} INFO - Setting next_dagrun for latest_only_with_trigger to 2024-10-11 12:00:00+00:00, run_after=2024-10-11 16:00:00+00:00
[2024-10-11T17:49:40.732+0000] {processor.py:183} INFO - Processing /home/airflow/.local/lib/python3.12/site-packages/airflow/example_dags/example_latest_only_with_trigger.py took 0.108 seconds
[2024-10-11T17:50:11.619+0000] {processor.py:161} INFO - Started process (PID=3031) to work on /home/airflow/.local/lib/python3.12/site-packages/airflow/example_dags/example_latest_only_with_trigger.py
[2024-10-11T17:50:11.621+0000] {processor.py:830} INFO - Processing file /home/airflow/.local/lib/python3.12/site-packages/airflow/example_dags/example_latest_only_with_trigger.py for tasks to queue
[2024-10-11T17:50:11.623+0000] {logging_mixin.py:188} INFO - [2024-10-11T17:50:11.623+0000] {dagbag.py:545} INFO - Filling up the DagBag from /home/airflow/.local/lib/python3.12/site-packages/airflow/example_dags/example_latest_only_with_trigger.py
[2024-10-11T17:50:11.631+0000] {processor.py:840} INFO - DAG(s) 'latest_only_with_trigger' retrieved from /home/airflow/.local/lib/python3.12/site-packages/airflow/example_dags/example_latest_only_with_trigger.py
[2024-10-11T17:50:11.654+0000] {logging_mixin.py:188} INFO - [2024-10-11T17:50:11.653+0000] {dag.py:3096} INFO - Sync 1 DAGs
[2024-10-11T17:50:11.691+0000] {logging_mixin.py:188} INFO - [2024-10-11T17:50:11.690+0000] {dag.py:3954} INFO - Setting next_dagrun for latest_only_with_trigger to 2024-10-11 12:00:00+00:00, run_after=2024-10-11 16:00:00+00:00
[2024-10-11T17:50:11.724+0000] {processor.py:183} INFO - Processing /home/airflow/.local/lib/python3.12/site-packages/airflow/example_dags/example_latest_only_with_trigger.py took 0.111 seconds
[2024-10-11T17:50:42.360+0000] {processor.py:161} INFO - Started process (PID=3293) to work on /home/airflow/.local/lib/python3.12/site-packages/airflow/example_dags/example_latest_only_with_trigger.py
[2024-10-11T17:50:42.361+0000] {processor.py:830} INFO - Processing file /home/airflow/.local/lib/python3.12/site-packages/airflow/example_dags/example_latest_only_with_trigger.py for tasks to queue
[2024-10-11T17:50:42.363+0000] {logging_mixin.py:188} INFO - [2024-10-11T17:50:42.363+0000] {dagbag.py:545} INFO - Filling up the DagBag from /home/airflow/.local/lib/python3.12/site-packages/airflow/example_dags/example_latest_only_with_trigger.py
[2024-10-11T17:50:42.369+0000] {processor.py:840} INFO - DAG(s) 'latest_only_with_trigger' retrieved from /home/airflow/.local/lib/python3.12/site-packages/airflow/example_dags/example_latest_only_with_trigger.py
[2024-10-11T17:50:42.394+0000] {logging_mixin.py:188} INFO - [2024-10-11T17:50:42.394+0000] {dag.py:3096} INFO - Sync 1 DAGs
[2024-10-11T17:50:42.421+0000] {logging_mixin.py:188} INFO - [2024-10-11T17:50:42.421+0000] {dag.py:3954} INFO - Setting next_dagrun for latest_only_with_trigger to 2024-10-11 12:00:00+00:00, run_after=2024-10-11 16:00:00+00:00
[2024-10-11T17:50:42.453+0000] {processor.py:183} INFO - Processing /home/airflow/.local/lib/python3.12/site-packages/airflow/example_dags/example_latest_only_with_trigger.py took 0.097 seconds
[2024-10-11T17:51:12.645+0000] {processor.py:161} INFO - Started process (PID=3555) to work on /home/airflow/.local/lib/python3.12/site-packages/airflow/example_dags/example_latest_only_with_trigger.py
[2024-10-11T17:51:12.646+0000] {processor.py:830} INFO - Processing file /home/airflow/.local/lib/python3.12/site-packages/airflow/example_dags/example_latest_only_with_trigger.py for tasks to queue
[2024-10-11T17:51:12.648+0000] {logging_mixin.py:188} INFO - [2024-10-11T17:51:12.648+0000] {dagbag.py:545} INFO - Filling up the DagBag from /home/airflow/.local/lib/python3.12/site-packages/airflow/example_dags/example_latest_only_with_trigger.py
[2024-10-11T17:51:12.656+0000] {processor.py:840} INFO - DAG(s) 'latest_only_with_trigger' retrieved from /home/airflow/.local/lib/python3.12/site-packages/airflow/example_dags/example_latest_only_with_trigger.py
[2024-10-11T17:51:12.688+0000] {logging_mixin.py:188} INFO - [2024-10-11T17:51:12.687+0000] {dag.py:3096} INFO - Sync 1 DAGs
[2024-10-11T17:51:12.728+0000] {logging_mixin.py:188} INFO - [2024-10-11T17:51:12.728+0000] {dag.py:3954} INFO - Setting next_dagrun for latest_only_with_trigger to 2024-10-11 12:00:00+00:00, run_after=2024-10-11 16:00:00+00:00
[2024-10-11T17:51:12.765+0000] {processor.py:183} INFO - Processing /home/airflow/.local/lib/python3.12/site-packages/airflow/example_dags/example_latest_only_with_trigger.py took 0.127 seconds
[2024-10-11T17:51:43.412+0000] {processor.py:161} INFO - Started process (PID=3817) to work on /home/airflow/.local/lib/python3.12/site-packages/airflow/example_dags/example_latest_only_with_trigger.py
[2024-10-11T17:51:43.413+0000] {processor.py:830} INFO - Processing file /home/airflow/.local/lib/python3.12/site-packages/airflow/example_dags/example_latest_only_with_trigger.py for tasks to queue
[2024-10-11T17:51:43.416+0000] {logging_mixin.py:188} INFO - [2024-10-11T17:51:43.415+0000] {dagbag.py:545} INFO - Filling up the DagBag from /home/airflow/.local/lib/python3.12/site-packages/airflow/example_dags/example_latest_only_with_trigger.py
[2024-10-11T17:51:43.422+0000] {processor.py:840} INFO - DAG(s) 'latest_only_with_trigger' retrieved from /home/airflow/.local/lib/python3.12/site-packages/airflow/example_dags/example_latest_only_with_trigger.py
[2024-10-11T17:51:43.447+0000] {logging_mixin.py:188} INFO - [2024-10-11T17:51:43.446+0000] {dag.py:3096} INFO - Sync 1 DAGs
[2024-10-11T17:51:43.472+0000] {logging_mixin.py:188} INFO - [2024-10-11T17:51:43.472+0000] {dag.py:3954} INFO - Setting next_dagrun for latest_only_with_trigger to 2024-10-11 12:00:00+00:00, run_after=2024-10-11 16:00:00+00:00
[2024-10-11T17:51:43.498+0000] {processor.py:183} INFO - Processing /home/airflow/.local/lib/python3.12/site-packages/airflow/example_dags/example_latest_only_with_trigger.py took 0.092 seconds
[2024-10-11T17:52:14.147+0000] {processor.py:161} INFO - Started process (PID=4079) to work on /home/airflow/.local/lib/python3.12/site-packages/airflow/example_dags/example_latest_only_with_trigger.py
[2024-10-11T17:52:14.150+0000] {processor.py:830} INFO - Processing file /home/airflow/.local/lib/python3.12/site-packages/airflow/example_dags/example_latest_only_with_trigger.py for tasks to queue
[2024-10-11T17:52:14.153+0000] {logging_mixin.py:188} INFO - [2024-10-11T17:52:14.152+0000] {dagbag.py:545} INFO - Filling up the DagBag from /home/airflow/.local/lib/python3.12/site-packages/airflow/example_dags/example_latest_only_with_trigger.py
[2024-10-11T17:52:14.161+0000] {processor.py:840} INFO - DAG(s) 'latest_only_with_trigger' retrieved from /home/airflow/.local/lib/python3.12/site-packages/airflow/example_dags/example_latest_only_with_trigger.py
[2024-10-11T17:52:14.211+0000] {logging_mixin.py:188} INFO - [2024-10-11T17:52:14.210+0000] {dag.py:3096} INFO - Sync 1 DAGs
[2024-10-11T17:52:14.247+0000] {logging_mixin.py:188} INFO - [2024-10-11T17:52:14.246+0000] {dag.py:3954} INFO - Setting next_dagrun for latest_only_with_trigger to 2024-10-11 12:00:00+00:00, run_after=2024-10-11 16:00:00+00:00
[2024-10-11T17:52:14.282+0000] {processor.py:183} INFO - Processing /home/airflow/.local/lib/python3.12/site-packages/airflow/example_dags/example_latest_only_with_trigger.py took 0.143 seconds
[2024-10-11T17:52:44.388+0000] {processor.py:161} INFO - Started process (PID=4341) to work on /home/airflow/.local/lib/python3.12/site-packages/airflow/example_dags/example_latest_only_with_trigger.py
[2024-10-11T17:52:44.389+0000] {processor.py:830} INFO - Processing file /home/airflow/.local/lib/python3.12/site-packages/airflow/example_dags/example_latest_only_with_trigger.py for tasks to queue
[2024-10-11T17:52:44.392+0000] {logging_mixin.py:188} INFO - [2024-10-11T17:52:44.392+0000] {dagbag.py:545} INFO - Filling up the DagBag from /home/airflow/.local/lib/python3.12/site-packages/airflow/example_dags/example_latest_only_with_trigger.py
[2024-10-11T17:52:44.399+0000] {processor.py:840} INFO - DAG(s) 'latest_only_with_trigger' retrieved from /home/airflow/.local/lib/python3.12/site-packages/airflow/example_dags/example_latest_only_with_trigger.py
[2024-10-11T17:52:44.422+0000] {logging_mixin.py:188} INFO - [2024-10-11T17:52:44.421+0000] {dag.py:3096} INFO - Sync 1 DAGs
[2024-10-11T17:52:44.446+0000] {logging_mixin.py:188} INFO - [2024-10-11T17:52:44.446+0000] {dag.py:3954} INFO - Setting next_dagrun for latest_only_with_trigger to 2024-10-11 12:00:00+00:00, run_after=2024-10-11 16:00:00+00:00
[2024-10-11T17:52:44.472+0000] {processor.py:183} INFO - Processing /home/airflow/.local/lib/python3.12/site-packages/airflow/example_dags/example_latest_only_with_trigger.py took 0.089 seconds
[2024-10-11T17:53:14.633+0000] {processor.py:161} INFO - Started process (PID=4603) to work on /home/airflow/.local/lib/python3.12/site-packages/airflow/example_dags/example_latest_only_with_trigger.py
[2024-10-11T17:53:14.634+0000] {processor.py:830} INFO - Processing file /home/airflow/.local/lib/python3.12/site-packages/airflow/example_dags/example_latest_only_with_trigger.py for tasks to queue
[2024-10-11T17:53:14.637+0000] {logging_mixin.py:188} INFO - [2024-10-11T17:53:14.637+0000] {dagbag.py:545} INFO - Filling up the DagBag from /home/airflow/.local/lib/python3.12/site-packages/airflow/example_dags/example_latest_only_with_trigger.py
[2024-10-11T17:53:14.643+0000] {processor.py:840} INFO - DAG(s) 'latest_only_with_trigger' retrieved from /home/airflow/.local/lib/python3.12/site-packages/airflow/example_dags/example_latest_only_with_trigger.py
[2024-10-11T17:53:14.670+0000] {logging_mixin.py:188} INFO - [2024-10-11T17:53:14.669+0000] {dag.py:3096} INFO - Sync 1 DAGs
[2024-10-11T17:53:14.696+0000] {logging_mixin.py:188} INFO - [2024-10-11T17:53:14.696+0000] {dag.py:3954} INFO - Setting next_dagrun for latest_only_with_trigger to 2024-10-11 12:00:00+00:00, run_after=2024-10-11 16:00:00+00:00
[2024-10-11T17:53:14.728+0000] {processor.py:183} INFO - Processing /home/airflow/.local/lib/python3.12/site-packages/airflow/example_dags/example_latest_only_with_trigger.py took 0.100 seconds
[2024-10-11T17:53:45.320+0000] {processor.py:161} INFO - Started process (PID=4865) to work on /home/airflow/.local/lib/python3.12/site-packages/airflow/example_dags/example_latest_only_with_trigger.py
[2024-10-11T17:53:45.322+0000] {processor.py:830} INFO - Processing file /home/airflow/.local/lib/python3.12/site-packages/airflow/example_dags/example_latest_only_with_trigger.py for tasks to queue
[2024-10-11T17:53:45.324+0000] {logging_mixin.py:188} INFO - [2024-10-11T17:53:45.324+0000] {dagbag.py:545} INFO - Filling up the DagBag from /home/airflow/.local/lib/python3.12/site-packages/airflow/example_dags/example_latest_only_with_trigger.py
[2024-10-11T17:53:45.331+0000] {processor.py:840} INFO - DAG(s) 'latest_only_with_trigger' retrieved from /home/airflow/.local/lib/python3.12/site-packages/airflow/example_dags/example_latest_only_with_trigger.py
[2024-10-11T17:53:45.353+0000] {logging_mixin.py:188} INFO - [2024-10-11T17:53:45.353+0000] {dag.py:3096} INFO - Sync 1 DAGs
[2024-10-11T17:53:45.378+0000] {logging_mixin.py:188} INFO - [2024-10-11T17:53:45.378+0000] {dag.py:3954} INFO - Setting next_dagrun for latest_only_with_trigger to 2024-10-11 12:00:00+00:00, run_after=2024-10-11 16:00:00+00:00
[2024-10-11T17:53:45.407+0000] {processor.py:183} INFO - Processing /home/airflow/.local/lib/python3.12/site-packages/airflow/example_dags/example_latest_only_with_trigger.py took 0.092 seconds
[2024-10-11T17:54:16.049+0000] {processor.py:161} INFO - Started process (PID=5127) to work on /home/airflow/.local/lib/python3.12/site-packages/airflow/example_dags/example_latest_only_with_trigger.py
[2024-10-11T17:54:16.051+0000] {processor.py:830} INFO - Processing file /home/airflow/.local/lib/python3.12/site-packages/airflow/example_dags/example_latest_only_with_trigger.py for tasks to queue
[2024-10-11T17:54:16.054+0000] {logging_mixin.py:188} INFO - [2024-10-11T17:54:16.053+0000] {dagbag.py:545} INFO - Filling up the DagBag from /home/airflow/.local/lib/python3.12/site-packages/airflow/example_dags/example_latest_only_with_trigger.py
[2024-10-11T17:54:16.060+0000] {processor.py:840} INFO - DAG(s) 'latest_only_with_trigger' retrieved from /home/airflow/.local/lib/python3.12/site-packages/airflow/example_dags/example_latest_only_with_trigger.py
[2024-10-11T17:54:16.084+0000] {logging_mixin.py:188} INFO - [2024-10-11T17:54:16.084+0000] {dag.py:3096} INFO - Sync 1 DAGs
[2024-10-11T17:54:16.111+0000] {logging_mixin.py:188} INFO - [2024-10-11T17:54:16.111+0000] {dag.py:3954} INFO - Setting next_dagrun for latest_only_with_trigger to 2024-10-11 12:00:00+00:00, run_after=2024-10-11 16:00:00+00:00
[2024-10-11T17:54:16.140+0000] {processor.py:183} INFO - Processing /home/airflow/.local/lib/python3.12/site-packages/airflow/example_dags/example_latest_only_with_trigger.py took 0.096 seconds
[2024-10-11T17:54:46.704+0000] {processor.py:161} INFO - Started process (PID=5387) to work on /home/airflow/.local/lib/python3.12/site-packages/airflow/example_dags/example_latest_only_with_trigger.py
[2024-10-11T17:54:46.706+0000] {processor.py:830} INFO - Processing file /home/airflow/.local/lib/python3.12/site-packages/airflow/example_dags/example_latest_only_with_trigger.py for tasks to queue
[2024-10-11T17:54:46.708+0000] {logging_mixin.py:188} INFO - [2024-10-11T17:54:46.708+0000] {dagbag.py:545} INFO - Filling up the DagBag from /home/airflow/.local/lib/python3.12/site-packages/airflow/example_dags/example_latest_only_with_trigger.py
[2024-10-11T17:54:46.713+0000] {processor.py:840} INFO - DAG(s) 'latest_only_with_trigger' retrieved from /home/airflow/.local/lib/python3.12/site-packages/airflow/example_dags/example_latest_only_with_trigger.py
[2024-10-11T17:54:46.735+0000] {logging_mixin.py:188} INFO - [2024-10-11T17:54:46.735+0000] {dag.py:3096} INFO - Sync 1 DAGs
[2024-10-11T17:54:46.762+0000] {logging_mixin.py:188} INFO - [2024-10-11T17:54:46.761+0000] {dag.py:3954} INFO - Setting next_dagrun for latest_only_with_trigger to 2024-10-11 12:00:00+00:00, run_after=2024-10-11 16:00:00+00:00
[2024-10-11T17:54:46.786+0000] {processor.py:183} INFO - Processing /home/airflow/.local/lib/python3.12/site-packages/airflow/example_dags/example_latest_only_with_trigger.py took 0.087 seconds
[2024-10-11T17:55:17.595+0000] {processor.py:161} INFO - Started process (PID=5651) to work on /home/airflow/.local/lib/python3.12/site-packages/airflow/example_dags/example_latest_only_with_trigger.py
[2024-10-11T17:55:17.597+0000] {processor.py:830} INFO - Processing file /home/airflow/.local/lib/python3.12/site-packages/airflow/example_dags/example_latest_only_with_trigger.py for tasks to queue
[2024-10-11T17:55:17.600+0000] {logging_mixin.py:188} INFO - [2024-10-11T17:55:17.599+0000] {dagbag.py:545} INFO - Filling up the DagBag from /home/airflow/.local/lib/python3.12/site-packages/airflow/example_dags/example_latest_only_with_trigger.py
[2024-10-11T17:55:17.607+0000] {processor.py:840} INFO - DAG(s) 'latest_only_with_trigger' retrieved from /home/airflow/.local/lib/python3.12/site-packages/airflow/example_dags/example_latest_only_with_trigger.py
[2024-10-11T17:55:17.638+0000] {logging_mixin.py:188} INFO - [2024-10-11T17:55:17.637+0000] {dag.py:3096} INFO - Sync 1 DAGs
[2024-10-11T17:55:17.666+0000] {logging_mixin.py:188} INFO - [2024-10-11T17:55:17.666+0000] {dag.py:3954} INFO - Setting next_dagrun for latest_only_with_trigger to 2024-10-11 12:00:00+00:00, run_after=2024-10-11 16:00:00+00:00
[2024-10-11T17:55:17.706+0000] {processor.py:183} INFO - Processing /home/airflow/.local/lib/python3.12/site-packages/airflow/example_dags/example_latest_only_with_trigger.py took 0.119 seconds
[2024-10-11T17:55:47.877+0000] {processor.py:161} INFO - Started process (PID=5911) to work on /home/airflow/.local/lib/python3.12/site-packages/airflow/example_dags/example_latest_only_with_trigger.py
[2024-10-11T17:55:47.878+0000] {processor.py:830} INFO - Processing file /home/airflow/.local/lib/python3.12/site-packages/airflow/example_dags/example_latest_only_with_trigger.py for tasks to queue
[2024-10-11T17:55:47.880+0000] {logging_mixin.py:188} INFO - [2024-10-11T17:55:47.879+0000] {dagbag.py:545} INFO - Filling up the DagBag from /home/airflow/.local/lib/python3.12/site-packages/airflow/example_dags/example_latest_only_with_trigger.py
[2024-10-11T17:55:47.885+0000] {processor.py:840} INFO - DAG(s) 'latest_only_with_trigger' retrieved from /home/airflow/.local/lib/python3.12/site-packages/airflow/example_dags/example_latest_only_with_trigger.py
[2024-10-11T17:55:47.906+0000] {logging_mixin.py:188} INFO - [2024-10-11T17:55:47.906+0000] {dag.py:3096} INFO - Sync 1 DAGs
[2024-10-11T17:55:47.931+0000] {logging_mixin.py:188} INFO - [2024-10-11T17:55:47.930+0000] {dag.py:3954} INFO - Setting next_dagrun for latest_only_with_trigger to 2024-10-11 12:00:00+00:00, run_after=2024-10-11 16:00:00+00:00
[2024-10-11T17:55:47.958+0000] {processor.py:183} INFO - Processing /home/airflow/.local/lib/python3.12/site-packages/airflow/example_dags/example_latest_only_with_trigger.py took 0.086 seconds
[2024-10-11T17:56:19.162+0000] {processor.py:161} INFO - Started process (PID=6175) to work on /home/airflow/.local/lib/python3.12/site-packages/airflow/example_dags/example_latest_only_with_trigger.py
[2024-10-11T17:56:19.167+0000] {processor.py:830} INFO - Processing file /home/airflow/.local/lib/python3.12/site-packages/airflow/example_dags/example_latest_only_with_trigger.py for tasks to queue
[2024-10-11T17:56:19.183+0000] {logging_mixin.py:188} INFO - [2024-10-11T17:56:19.182+0000] {dagbag.py:545} INFO - Filling up the DagBag from /home/airflow/.local/lib/python3.12/site-packages/airflow/example_dags/example_latest_only_with_trigger.py
[2024-10-11T17:56:19.214+0000] {processor.py:840} INFO - DAG(s) 'latest_only_with_trigger' retrieved from /home/airflow/.local/lib/python3.12/site-packages/airflow/example_dags/example_latest_only_with_trigger.py
[2024-10-11T17:56:19.320+0000] {logging_mixin.py:188} INFO - [2024-10-11T17:56:19.320+0000] {dag.py:3096} INFO - Sync 1 DAGs
[2024-10-11T17:56:19.447+0000] {logging_mixin.py:188} INFO - [2024-10-11T17:56:19.446+0000] {dag.py:3954} INFO - Setting next_dagrun for latest_only_with_trigger to 2024-10-11 12:00:00+00:00, run_after=2024-10-11 16:00:00+00:00
[2024-10-11T17:56:19.518+0000] {processor.py:183} INFO - Processing /home/airflow/.local/lib/python3.12/site-packages/airflow/example_dags/example_latest_only_with_trigger.py took 0.399 seconds
[2024-10-11T17:56:50.323+0000] {processor.py:161} INFO - Started process (PID=6437) to work on /home/airflow/.local/lib/python3.12/site-packages/airflow/example_dags/example_latest_only_with_trigger.py
[2024-10-11T17:56:50.325+0000] {processor.py:830} INFO - Processing file /home/airflow/.local/lib/python3.12/site-packages/airflow/example_dags/example_latest_only_with_trigger.py for tasks to queue
[2024-10-11T17:56:50.328+0000] {logging_mixin.py:188} INFO - [2024-10-11T17:56:50.327+0000] {dagbag.py:545} INFO - Filling up the DagBag from /home/airflow/.local/lib/python3.12/site-packages/airflow/example_dags/example_latest_only_with_trigger.py
[2024-10-11T17:56:50.337+0000] {processor.py:840} INFO - DAG(s) 'latest_only_with_trigger' retrieved from /home/airflow/.local/lib/python3.12/site-packages/airflow/example_dags/example_latest_only_with_trigger.py
[2024-10-11T17:56:50.369+0000] {logging_mixin.py:188} INFO - [2024-10-11T17:56:50.369+0000] {dag.py:3096} INFO - Sync 1 DAGs
[2024-10-11T17:56:50.404+0000] {logging_mixin.py:188} INFO - [2024-10-11T17:56:50.404+0000] {dag.py:3954} INFO - Setting next_dagrun for latest_only_with_trigger to 2024-10-11 12:00:00+00:00, run_after=2024-10-11 16:00:00+00:00
[2024-10-11T17:56:50.450+0000] {processor.py:183} INFO - Processing /home/airflow/.local/lib/python3.12/site-packages/airflow/example_dags/example_latest_only_with_trigger.py took 0.134 seconds
[2024-10-11T17:57:21.082+0000] {processor.py:161} INFO - Started process (PID=6699) to work on /home/airflow/.local/lib/python3.12/site-packages/airflow/example_dags/example_latest_only_with_trigger.py
[2024-10-11T17:57:21.084+0000] {processor.py:830} INFO - Processing file /home/airflow/.local/lib/python3.12/site-packages/airflow/example_dags/example_latest_only_with_trigger.py for tasks to queue
[2024-10-11T17:57:21.086+0000] {logging_mixin.py:188} INFO - [2024-10-11T17:57:21.086+0000] {dagbag.py:545} INFO - Filling up the DagBag from /home/airflow/.local/lib/python3.12/site-packages/airflow/example_dags/example_latest_only_with_trigger.py
[2024-10-11T17:57:21.092+0000] {processor.py:840} INFO - DAG(s) 'latest_only_with_trigger' retrieved from /home/airflow/.local/lib/python3.12/site-packages/airflow/example_dags/example_latest_only_with_trigger.py
[2024-10-11T17:57:21.119+0000] {logging_mixin.py:188} INFO - [2024-10-11T17:57:21.118+0000] {dag.py:3096} INFO - Sync 1 DAGs
[2024-10-11T17:57:21.144+0000] {logging_mixin.py:188} INFO - [2024-10-11T17:57:21.143+0000] {dag.py:3954} INFO - Setting next_dagrun for latest_only_with_trigger to 2024-10-11 12:00:00+00:00, run_after=2024-10-11 16:00:00+00:00
[2024-10-11T17:57:21.173+0000] {processor.py:183} INFO - Processing /home/airflow/.local/lib/python3.12/site-packages/airflow/example_dags/example_latest_only_with_trigger.py took 0.097 seconds
[2024-10-11T17:57:51.587+0000] {processor.py:161} INFO - Started process (PID=6961) to work on /home/airflow/.local/lib/python3.12/site-packages/airflow/example_dags/example_latest_only_with_trigger.py
[2024-10-11T17:57:51.588+0000] {processor.py:830} INFO - Processing file /home/airflow/.local/lib/python3.12/site-packages/airflow/example_dags/example_latest_only_with_trigger.py for tasks to queue
[2024-10-11T17:57:51.590+0000] {logging_mixin.py:188} INFO - [2024-10-11T17:57:51.590+0000] {dagbag.py:545} INFO - Filling up the DagBag from /home/airflow/.local/lib/python3.12/site-packages/airflow/example_dags/example_latest_only_with_trigger.py
[2024-10-11T17:57:51.596+0000] {processor.py:840} INFO - DAG(s) 'latest_only_with_trigger' retrieved from /home/airflow/.local/lib/python3.12/site-packages/airflow/example_dags/example_latest_only_with_trigger.py
[2024-10-11T17:57:51.618+0000] {logging_mixin.py:188} INFO - [2024-10-11T17:57:51.617+0000] {dag.py:3096} INFO - Sync 1 DAGs
[2024-10-11T17:57:51.645+0000] {logging_mixin.py:188} INFO - [2024-10-11T17:57:51.645+0000] {dag.py:3954} INFO - Setting next_dagrun for latest_only_with_trigger to 2024-10-11 12:00:00+00:00, run_after=2024-10-11 16:00:00+00:00
[2024-10-11T17:57:51.679+0000] {processor.py:183} INFO - Processing /home/airflow/.local/lib/python3.12/site-packages/airflow/example_dags/example_latest_only_with_trigger.py took 0.098 seconds
[2024-10-11T17:58:21.762+0000] {processor.py:161} INFO - Started process (PID=7223) to work on /home/airflow/.local/lib/python3.12/site-packages/airflow/example_dags/example_latest_only_with_trigger.py
[2024-10-11T17:58:21.763+0000] {processor.py:830} INFO - Processing file /home/airflow/.local/lib/python3.12/site-packages/airflow/example_dags/example_latest_only_with_trigger.py for tasks to queue
[2024-10-11T17:58:21.765+0000] {logging_mixin.py:188} INFO - [2024-10-11T17:58:21.765+0000] {dagbag.py:545} INFO - Filling up the DagBag from /home/airflow/.local/lib/python3.12/site-packages/airflow/example_dags/example_latest_only_with_trigger.py
[2024-10-11T17:58:21.771+0000] {processor.py:840} INFO - DAG(s) 'latest_only_with_trigger' retrieved from /home/airflow/.local/lib/python3.12/site-packages/airflow/example_dags/example_latest_only_with_trigger.py
[2024-10-11T17:58:21.804+0000] {logging_mixin.py:188} INFO - [2024-10-11T17:58:21.804+0000] {dag.py:3096} INFO - Sync 1 DAGs
[2024-10-11T17:58:21.840+0000] {logging_mixin.py:188} INFO - [2024-10-11T17:58:21.840+0000] {dag.py:3954} INFO - Setting next_dagrun for latest_only_with_trigger to 2024-10-11 12:00:00+00:00, run_after=2024-10-11 16:00:00+00:00
[2024-10-11T17:58:21.874+0000] {processor.py:183} INFO - Processing /home/airflow/.local/lib/python3.12/site-packages/airflow/example_dags/example_latest_only_with_trigger.py took 0.118 seconds
[2024-10-11T17:58:52.061+0000] {processor.py:161} INFO - Started process (PID=7485) to work on /home/airflow/.local/lib/python3.12/site-packages/airflow/example_dags/example_latest_only_with_trigger.py
[2024-10-11T17:58:52.063+0000] {processor.py:830} INFO - Processing file /home/airflow/.local/lib/python3.12/site-packages/airflow/example_dags/example_latest_only_with_trigger.py for tasks to queue
[2024-10-11T17:58:52.065+0000] {logging_mixin.py:188} INFO - [2024-10-11T17:58:52.065+0000] {dagbag.py:545} INFO - Filling up the DagBag from /home/airflow/.local/lib/python3.12/site-packages/airflow/example_dags/example_latest_only_with_trigger.py
[2024-10-11T17:58:52.070+0000] {processor.py:840} INFO - DAG(s) 'latest_only_with_trigger' retrieved from /home/airflow/.local/lib/python3.12/site-packages/airflow/example_dags/example_latest_only_with_trigger.py
[2024-10-11T17:58:52.091+0000] {logging_mixin.py:188} INFO - [2024-10-11T17:58:52.090+0000] {dag.py:3096} INFO - Sync 1 DAGs
[2024-10-11T17:58:52.116+0000] {logging_mixin.py:188} INFO - [2024-10-11T17:58:52.116+0000] {dag.py:3954} INFO - Setting next_dagrun for latest_only_with_trigger to 2024-10-11 12:00:00+00:00, run_after=2024-10-11 16:00:00+00:00
[2024-10-11T17:58:52.142+0000] {processor.py:183} INFO - Processing /home/airflow/.local/lib/python3.12/site-packages/airflow/example_dags/example_latest_only_with_trigger.py took 0.088 seconds
[2024-10-11T17:59:22.969+0000] {processor.py:161} INFO - Started process (PID=7747) to work on /home/airflow/.local/lib/python3.12/site-packages/airflow/example_dags/example_latest_only_with_trigger.py
[2024-10-11T17:59:22.971+0000] {processor.py:830} INFO - Processing file /home/airflow/.local/lib/python3.12/site-packages/airflow/example_dags/example_latest_only_with_trigger.py for tasks to queue
[2024-10-11T17:59:22.973+0000] {logging_mixin.py:188} INFO - [2024-10-11T17:59:22.973+0000] {dagbag.py:545} INFO - Filling up the DagBag from /home/airflow/.local/lib/python3.12/site-packages/airflow/example_dags/example_latest_only_with_trigger.py
[2024-10-11T17:59:22.978+0000] {processor.py:840} INFO - DAG(s) 'latest_only_with_trigger' retrieved from /home/airflow/.local/lib/python3.12/site-packages/airflow/example_dags/example_latest_only_with_trigger.py
[2024-10-11T17:59:23.001+0000] {logging_mixin.py:188} INFO - [2024-10-11T17:59:23.001+0000] {dag.py:3096} INFO - Sync 1 DAGs
[2024-10-11T17:59:23.025+0000] {logging_mixin.py:188} INFO - [2024-10-11T17:59:23.025+0000] {dag.py:3954} INFO - Setting next_dagrun for latest_only_with_trigger to 2024-10-11 12:00:00+00:00, run_after=2024-10-11 16:00:00+00:00
[2024-10-11T17:59:23.051+0000] {processor.py:183} INFO - Processing /home/airflow/.local/lib/python3.12/site-packages/airflow/example_dags/example_latest_only_with_trigger.py took 0.086 seconds
[2024-10-11T17:59:53.281+0000] {processor.py:161} INFO - Started process (PID=8009) to work on /home/airflow/.local/lib/python3.12/site-packages/airflow/example_dags/example_latest_only_with_trigger.py
[2024-10-11T17:59:53.283+0000] {processor.py:830} INFO - Processing file /home/airflow/.local/lib/python3.12/site-packages/airflow/example_dags/example_latest_only_with_trigger.py for tasks to queue
[2024-10-11T17:59:53.286+0000] {logging_mixin.py:188} INFO - [2024-10-11T17:59:53.285+0000] {dagbag.py:545} INFO - Filling up the DagBag from /home/airflow/.local/lib/python3.12/site-packages/airflow/example_dags/example_latest_only_with_trigger.py
[2024-10-11T17:59:53.294+0000] {processor.py:840} INFO - DAG(s) 'latest_only_with_trigger' retrieved from /home/airflow/.local/lib/python3.12/site-packages/airflow/example_dags/example_latest_only_with_trigger.py
[2024-10-11T17:59:53.320+0000] {logging_mixin.py:188} INFO - [2024-10-11T17:59:53.319+0000] {dag.py:3096} INFO - Sync 1 DAGs
[2024-10-11T17:59:53.347+0000] {logging_mixin.py:188} INFO - [2024-10-11T17:59:53.346+0000] {dag.py:3954} INFO - Setting next_dagrun for latest_only_with_trigger to 2024-10-11 12:00:00+00:00, run_after=2024-10-11 16:00:00+00:00
[2024-10-11T17:59:53.376+0000] {processor.py:183} INFO - Processing /home/airflow/.local/lib/python3.12/site-packages/airflow/example_dags/example_latest_only_with_trigger.py took 0.101 seconds
[2024-10-11T18:00:23.588+0000] {processor.py:161} INFO - Started process (PID=8271) to work on /home/airflow/.local/lib/python3.12/site-packages/airflow/example_dags/example_latest_only_with_trigger.py
[2024-10-11T18:00:23.589+0000] {processor.py:830} INFO - Processing file /home/airflow/.local/lib/python3.12/site-packages/airflow/example_dags/example_latest_only_with_trigger.py for tasks to queue
[2024-10-11T18:00:23.591+0000] {logging_mixin.py:188} INFO - [2024-10-11T18:00:23.591+0000] {dagbag.py:545} INFO - Filling up the DagBag from /home/airflow/.local/lib/python3.12/site-packages/airflow/example_dags/example_latest_only_with_trigger.py
[2024-10-11T18:00:23.596+0000] {processor.py:840} INFO - DAG(s) 'latest_only_with_trigger' retrieved from /home/airflow/.local/lib/python3.12/site-packages/airflow/example_dags/example_latest_only_with_trigger.py
[2024-10-11T18:00:23.617+0000] {logging_mixin.py:188} INFO - [2024-10-11T18:00:23.617+0000] {dag.py:3096} INFO - Sync 1 DAGs
[2024-10-11T18:00:23.645+0000] {logging_mixin.py:188} INFO - [2024-10-11T18:00:23.645+0000] {dag.py:3954} INFO - Setting next_dagrun for latest_only_with_trigger to 2024-10-11 12:00:00+00:00, run_after=2024-10-11 16:00:00+00:00
[2024-10-11T18:00:23.672+0000] {processor.py:183} INFO - Processing /home/airflow/.local/lib/python3.12/site-packages/airflow/example_dags/example_latest_only_with_trigger.py took 0.088 seconds
[2024-10-11T18:00:54.070+0000] {processor.py:161} INFO - Started process (PID=8533) to work on /home/airflow/.local/lib/python3.12/site-packages/airflow/example_dags/example_latest_only_with_trigger.py
[2024-10-11T18:00:54.071+0000] {processor.py:830} INFO - Processing file /home/airflow/.local/lib/python3.12/site-packages/airflow/example_dags/example_latest_only_with_trigger.py for tasks to queue
[2024-10-11T18:00:54.074+0000] {logging_mixin.py:188} INFO - [2024-10-11T18:00:54.074+0000] {dagbag.py:545} INFO - Filling up the DagBag from /home/airflow/.local/lib/python3.12/site-packages/airflow/example_dags/example_latest_only_with_trigger.py
[2024-10-11T18:00:54.082+0000] {processor.py:840} INFO - DAG(s) 'latest_only_with_trigger' retrieved from /home/airflow/.local/lib/python3.12/site-packages/airflow/example_dags/example_latest_only_with_trigger.py
[2024-10-11T18:00:54.118+0000] {logging_mixin.py:188} INFO - [2024-10-11T18:00:54.117+0000] {dag.py:3096} INFO - Sync 1 DAGs
[2024-10-11T18:00:54.150+0000] {logging_mixin.py:188} INFO - [2024-10-11T18:00:54.150+0000] {dag.py:3954} INFO - Setting next_dagrun for latest_only_with_trigger to 2024-10-11 12:00:00+00:00, run_after=2024-10-11 16:00:00+00:00
[2024-10-11T18:00:54.182+0000] {processor.py:183} INFO - Processing /home/airflow/.local/lib/python3.12/site-packages/airflow/example_dags/example_latest_only_with_trigger.py took 0.118 seconds
[2024-10-11T18:01:24.463+0000] {processor.py:161} INFO - Started process (PID=8795) to work on /home/airflow/.local/lib/python3.12/site-packages/airflow/example_dags/example_latest_only_with_trigger.py
[2024-10-11T18:01:24.465+0000] {processor.py:830} INFO - Processing file /home/airflow/.local/lib/python3.12/site-packages/airflow/example_dags/example_latest_only_with_trigger.py for tasks to queue
[2024-10-11T18:01:24.467+0000] {logging_mixin.py:188} INFO - [2024-10-11T18:01:24.466+0000] {dagbag.py:545} INFO - Filling up the DagBag from /home/airflow/.local/lib/python3.12/site-packages/airflow/example_dags/example_latest_only_with_trigger.py
[2024-10-11T18:01:24.472+0000] {processor.py:840} INFO - DAG(s) 'latest_only_with_trigger' retrieved from /home/airflow/.local/lib/python3.12/site-packages/airflow/example_dags/example_latest_only_with_trigger.py
[2024-10-11T18:01:24.498+0000] {logging_mixin.py:188} INFO - [2024-10-11T18:01:24.497+0000] {dag.py:3096} INFO - Sync 1 DAGs
[2024-10-11T18:01:24.522+0000] {logging_mixin.py:188} INFO - [2024-10-11T18:01:24.522+0000] {dag.py:3954} INFO - Setting next_dagrun for latest_only_with_trigger to 2024-10-11 12:00:00+00:00, run_after=2024-10-11 16:00:00+00:00
[2024-10-11T18:01:24.550+0000] {processor.py:183} INFO - Processing /home/airflow/.local/lib/python3.12/site-packages/airflow/example_dags/example_latest_only_with_trigger.py took 0.092 seconds
[2024-10-11T18:01:54.754+0000] {processor.py:161} INFO - Started process (PID=9057) to work on /home/airflow/.local/lib/python3.12/site-packages/airflow/example_dags/example_latest_only_with_trigger.py
[2024-10-11T18:01:54.755+0000] {processor.py:830} INFO - Processing file /home/airflow/.local/lib/python3.12/site-packages/airflow/example_dags/example_latest_only_with_trigger.py for tasks to queue
[2024-10-11T18:01:54.758+0000] {logging_mixin.py:188} INFO - [2024-10-11T18:01:54.757+0000] {dagbag.py:545} INFO - Filling up the DagBag from /home/airflow/.local/lib/python3.12/site-packages/airflow/example_dags/example_latest_only_with_trigger.py
[2024-10-11T18:01:54.763+0000] {processor.py:840} INFO - DAG(s) 'latest_only_with_trigger' retrieved from /home/airflow/.local/lib/python3.12/site-packages/airflow/example_dags/example_latest_only_with_trigger.py
[2024-10-11T18:01:54.786+0000] {logging_mixin.py:188} INFO - [2024-10-11T18:01:54.786+0000] {dag.py:3096} INFO - Sync 1 DAGs
[2024-10-11T18:01:54.812+0000] {logging_mixin.py:188} INFO - [2024-10-11T18:01:54.812+0000] {dag.py:3954} INFO - Setting next_dagrun for latest_only_with_trigger to 2024-10-11 12:00:00+00:00, run_after=2024-10-11 16:00:00+00:00
[2024-10-11T18:01:54.839+0000] {processor.py:183} INFO - Processing /home/airflow/.local/lib/python3.12/site-packages/airflow/example_dags/example_latest_only_with_trigger.py took 0.091 seconds
[2024-10-11T18:02:25.198+0000] {processor.py:161} INFO - Started process (PID=9319) to work on /home/airflow/.local/lib/python3.12/site-packages/airflow/example_dags/example_latest_only_with_trigger.py
[2024-10-11T18:02:25.201+0000] {processor.py:830} INFO - Processing file /home/airflow/.local/lib/python3.12/site-packages/airflow/example_dags/example_latest_only_with_trigger.py for tasks to queue
[2024-10-11T18:02:25.203+0000] {logging_mixin.py:188} INFO - [2024-10-11T18:02:25.202+0000] {dagbag.py:545} INFO - Filling up the DagBag from /home/airflow/.local/lib/python3.12/site-packages/airflow/example_dags/example_latest_only_with_trigger.py
[2024-10-11T18:02:25.208+0000] {processor.py:840} INFO - DAG(s) 'latest_only_with_trigger' retrieved from /home/airflow/.local/lib/python3.12/site-packages/airflow/example_dags/example_latest_only_with_trigger.py
[2024-10-11T18:02:25.231+0000] {logging_mixin.py:188} INFO - [2024-10-11T18:02:25.231+0000] {dag.py:3096} INFO - Sync 1 DAGs
[2024-10-11T18:02:25.257+0000] {logging_mixin.py:188} INFO - [2024-10-11T18:02:25.256+0000] {dag.py:3954} INFO - Setting next_dagrun for latest_only_with_trigger to 2024-10-11 12:00:00+00:00, run_after=2024-10-11 16:00:00+00:00
[2024-10-11T18:02:25.454+0000] {processor.py:183} INFO - Processing /home/airflow/.local/lib/python3.12/site-packages/airflow/example_dags/example_latest_only_with_trigger.py took 0.262 seconds
[2024-10-11T18:02:55.515+0000] {processor.py:161} INFO - Started process (PID=9586) to work on /home/airflow/.local/lib/python3.12/site-packages/airflow/example_dags/example_latest_only_with_trigger.py
[2024-10-11T18:02:55.516+0000] {processor.py:830} INFO - Processing file /home/airflow/.local/lib/python3.12/site-packages/airflow/example_dags/example_latest_only_with_trigger.py for tasks to queue
[2024-10-11T18:02:55.520+0000] {logging_mixin.py:188} INFO - [2024-10-11T18:02:55.518+0000] {dagbag.py:545} INFO - Filling up the DagBag from /home/airflow/.local/lib/python3.12/site-packages/airflow/example_dags/example_latest_only_with_trigger.py
[2024-10-11T18:02:55.525+0000] {processor.py:840} INFO - DAG(s) 'latest_only_with_trigger' retrieved from /home/airflow/.local/lib/python3.12/site-packages/airflow/example_dags/example_latest_only_with_trigger.py
[2024-10-11T18:02:55.550+0000] {logging_mixin.py:188} INFO - [2024-10-11T18:02:55.550+0000] {dag.py:3096} INFO - Sync 1 DAGs
[2024-10-11T18:02:55.582+0000] {logging_mixin.py:188} INFO - [2024-10-11T18:02:55.582+0000] {dag.py:3954} INFO - Setting next_dagrun for latest_only_with_trigger to 2024-10-11 12:00:00+00:00, run_after=2024-10-11 16:00:00+00:00
[2024-10-11T18:02:55.617+0000] {processor.py:183} INFO - Processing /home/airflow/.local/lib/python3.12/site-packages/airflow/example_dags/example_latest_only_with_trigger.py took 0.108 seconds
[2024-10-11T18:03:25.805+0000] {processor.py:161} INFO - Started process (PID=9843) to work on /home/airflow/.local/lib/python3.12/site-packages/airflow/example_dags/example_latest_only_with_trigger.py
[2024-10-11T18:03:25.806+0000] {processor.py:830} INFO - Processing file /home/airflow/.local/lib/python3.12/site-packages/airflow/example_dags/example_latest_only_with_trigger.py for tasks to queue
[2024-10-11T18:03:25.809+0000] {logging_mixin.py:188} INFO - [2024-10-11T18:03:25.808+0000] {dagbag.py:545} INFO - Filling up the DagBag from /home/airflow/.local/lib/python3.12/site-packages/airflow/example_dags/example_latest_only_with_trigger.py
[2024-10-11T18:03:25.815+0000] {processor.py:840} INFO - DAG(s) 'latest_only_with_trigger' retrieved from /home/airflow/.local/lib/python3.12/site-packages/airflow/example_dags/example_latest_only_with_trigger.py
[2024-10-11T18:03:25.841+0000] {logging_mixin.py:188} INFO - [2024-10-11T18:03:25.841+0000] {dag.py:3096} INFO - Sync 1 DAGs
[2024-10-11T18:03:25.869+0000] {logging_mixin.py:188} INFO - [2024-10-11T18:03:25.868+0000] {dag.py:3954} INFO - Setting next_dagrun for latest_only_with_trigger to 2024-10-11 12:00:00+00:00, run_after=2024-10-11 16:00:00+00:00
[2024-10-11T18:03:25.899+0000] {processor.py:183} INFO - Processing /home/airflow/.local/lib/python3.12/site-packages/airflow/example_dags/example_latest_only_with_trigger.py took 0.100 seconds
[2024-10-11T18:03:56.451+0000] {processor.py:161} INFO - Started process (PID=10105) to work on /home/airflow/.local/lib/python3.12/site-packages/airflow/example_dags/example_latest_only_with_trigger.py
[2024-10-11T18:03:56.453+0000] {processor.py:830} INFO - Processing file /home/airflow/.local/lib/python3.12/site-packages/airflow/example_dags/example_latest_only_with_trigger.py for tasks to queue
[2024-10-11T18:03:56.456+0000] {logging_mixin.py:188} INFO - [2024-10-11T18:03:56.456+0000] {dagbag.py:545} INFO - Filling up the DagBag from /home/airflow/.local/lib/python3.12/site-packages/airflow/example_dags/example_latest_only_with_trigger.py
[2024-10-11T18:03:56.468+0000] {processor.py:840} INFO - DAG(s) 'latest_only_with_trigger' retrieved from /home/airflow/.local/lib/python3.12/site-packages/airflow/example_dags/example_latest_only_with_trigger.py
[2024-10-11T18:03:56.514+0000] {logging_mixin.py:188} INFO - [2024-10-11T18:03:56.514+0000] {dag.py:3096} INFO - Sync 1 DAGs
[2024-10-11T18:03:56.547+0000] {logging_mixin.py:188} INFO - [2024-10-11T18:03:56.547+0000] {dag.py:3954} INFO - Setting next_dagrun for latest_only_with_trigger to 2024-10-11 12:00:00+00:00, run_after=2024-10-11 16:00:00+00:00
[2024-10-11T18:03:56.579+0000] {processor.py:183} INFO - Processing /home/airflow/.local/lib/python3.12/site-packages/airflow/example_dags/example_latest_only_with_trigger.py took 0.136 seconds
