[2024-10-11T17:45:03.714+0000] {processor.py:161} INFO - Started process (PID=417) to work on /home/airflow/.local/lib/python3.12/site-packages/airflow/example_dags/example_python_decorator.py
[2024-10-11T17:45:03.716+0000] {processor.py:830} INFO - Processing file /home/airflow/.local/lib/python3.12/site-packages/airflow/example_dags/example_python_decorator.py for tasks to queue
[2024-10-11T17:45:03.718+0000] {logging_mixin.py:188} INFO - [2024-10-11T17:45:03.718+0000] {dagbag.py:545} INFO - Filling up the DagBag from /home/airflow/.local/lib/python3.12/site-packages/airflow/example_dags/example_python_decorator.py
[2024-10-11T17:45:03.737+0000] {processor.py:840} INFO - DAG(s) 'example_python_decorator' retrieved from /home/airflow/.local/lib/python3.12/site-packages/airflow/example_dags/example_python_decorator.py
[2024-10-11T17:45:03.758+0000] {logging_mixin.py:188} INFO - [2024-10-11T17:45:03.757+0000] {dag.py:3096} INFO - Sync 1 DAGs
[2024-10-11T17:45:03.799+0000] {logging_mixin.py:188} INFO - [2024-10-11T17:45:03.798+0000] {dag.py:3954} INFO - Setting next_dagrun for example_python_decorator to None, run_after=None
[2024-10-11T17:45:03.843+0000] {processor.py:183} INFO - Processing /home/airflow/.local/lib/python3.12/site-packages/airflow/example_dags/example_python_decorator.py took 0.140 seconds
[2024-10-11T17:45:35.757+0000] {processor.py:161} INFO - Started process (PID=681) to work on /home/airflow/.local/lib/python3.12/site-packages/airflow/example_dags/example_python_decorator.py
[2024-10-11T17:45:35.758+0000] {processor.py:830} INFO - Processing file /home/airflow/.local/lib/python3.12/site-packages/airflow/example_dags/example_python_decorator.py for tasks to queue
[2024-10-11T17:45:35.760+0000] {logging_mixin.py:188} INFO - [2024-10-11T17:45:35.760+0000] {dagbag.py:545} INFO - Filling up the DagBag from /home/airflow/.local/lib/python3.12/site-packages/airflow/example_dags/example_python_decorator.py
[2024-10-11T17:45:35.774+0000] {processor.py:840} INFO - DAG(s) 'example_python_decorator' retrieved from /home/airflow/.local/lib/python3.12/site-packages/airflow/example_dags/example_python_decorator.py
[2024-10-11T17:45:35.914+0000] {logging_mixin.py:188} INFO - [2024-10-11T17:45:35.913+0000] {dag.py:3096} INFO - Sync 1 DAGs
[2024-10-11T17:45:35.927+0000] {logging_mixin.py:188} INFO - [2024-10-11T17:45:35.926+0000] {dag.py:3954} INFO - Setting next_dagrun for example_python_decorator to None, run_after=None
[2024-10-11T17:45:35.955+0000] {processor.py:183} INFO - Processing /home/airflow/.local/lib/python3.12/site-packages/airflow/example_dags/example_python_decorator.py took 0.206 seconds
[2024-10-11T17:46:06.340+0000] {processor.py:161} INFO - Started process (PID=943) to work on /home/airflow/.local/lib/python3.12/site-packages/airflow/example_dags/example_python_decorator.py
[2024-10-11T17:46:06.341+0000] {processor.py:830} INFO - Processing file /home/airflow/.local/lib/python3.12/site-packages/airflow/example_dags/example_python_decorator.py for tasks to queue
[2024-10-11T17:46:06.343+0000] {logging_mixin.py:188} INFO - [2024-10-11T17:46:06.343+0000] {dagbag.py:545} INFO - Filling up the DagBag from /home/airflow/.local/lib/python3.12/site-packages/airflow/example_dags/example_python_decorator.py
[2024-10-11T17:46:06.356+0000] {processor.py:840} INFO - DAG(s) 'example_python_decorator' retrieved from /home/airflow/.local/lib/python3.12/site-packages/airflow/example_dags/example_python_decorator.py
[2024-10-11T17:46:06.382+0000] {logging_mixin.py:188} INFO - [2024-10-11T17:46:06.381+0000] {dag.py:3096} INFO - Sync 1 DAGs
[2024-10-11T17:46:06.396+0000] {logging_mixin.py:188} INFO - [2024-10-11T17:46:06.396+0000] {dag.py:3954} INFO - Setting next_dagrun for example_python_decorator to None, run_after=None
[2024-10-11T17:46:06.422+0000] {processor.py:183} INFO - Processing /home/airflow/.local/lib/python3.12/site-packages/airflow/example_dags/example_python_decorator.py took 0.087 seconds
[2024-10-11T17:46:36.772+0000] {processor.py:161} INFO - Started process (PID=1205) to work on /home/airflow/.local/lib/python3.12/site-packages/airflow/example_dags/example_python_decorator.py
[2024-10-11T17:46:36.773+0000] {processor.py:830} INFO - Processing file /home/airflow/.local/lib/python3.12/site-packages/airflow/example_dags/example_python_decorator.py for tasks to queue
[2024-10-11T17:46:36.776+0000] {logging_mixin.py:188} INFO - [2024-10-11T17:46:36.775+0000] {dagbag.py:545} INFO - Filling up the DagBag from /home/airflow/.local/lib/python3.12/site-packages/airflow/example_dags/example_python_decorator.py
[2024-10-11T17:46:36.789+0000] {processor.py:840} INFO - DAG(s) 'example_python_decorator' retrieved from /home/airflow/.local/lib/python3.12/site-packages/airflow/example_dags/example_python_decorator.py
[2024-10-11T17:46:36.815+0000] {logging_mixin.py:188} INFO - [2024-10-11T17:46:36.814+0000] {dag.py:3096} INFO - Sync 1 DAGs
[2024-10-11T17:46:36.828+0000] {logging_mixin.py:188} INFO - [2024-10-11T17:46:36.828+0000] {dag.py:3954} INFO - Setting next_dagrun for example_python_decorator to None, run_after=None
[2024-10-11T17:46:36.854+0000] {processor.py:183} INFO - Processing /home/airflow/.local/lib/python3.12/site-packages/airflow/example_dags/example_python_decorator.py took 0.090 seconds
[2024-10-11T17:47:08.034+0000] {processor.py:161} INFO - Started process (PID=1468) to work on /home/airflow/.local/lib/python3.12/site-packages/airflow/example_dags/example_python_decorator.py
[2024-10-11T17:47:08.036+0000] {processor.py:830} INFO - Processing file /home/airflow/.local/lib/python3.12/site-packages/airflow/example_dags/example_python_decorator.py for tasks to queue
[2024-10-11T17:47:08.039+0000] {logging_mixin.py:188} INFO - [2024-10-11T17:47:08.038+0000] {dagbag.py:545} INFO - Filling up the DagBag from /home/airflow/.local/lib/python3.12/site-packages/airflow/example_dags/example_python_decorator.py
[2024-10-11T17:47:08.063+0000] {processor.py:840} INFO - DAG(s) 'example_python_decorator' retrieved from /home/airflow/.local/lib/python3.12/site-packages/airflow/example_dags/example_python_decorator.py
[2024-10-11T17:47:08.100+0000] {logging_mixin.py:188} INFO - [2024-10-11T17:47:08.100+0000] {dag.py:3096} INFO - Sync 1 DAGs
[2024-10-11T17:47:08.117+0000] {logging_mixin.py:188} INFO - [2024-10-11T17:47:08.117+0000] {dag.py:3954} INFO - Setting next_dagrun for example_python_decorator to None, run_after=None
[2024-10-11T17:47:08.150+0000] {processor.py:183} INFO - Processing /home/airflow/.local/lib/python3.12/site-packages/airflow/example_dags/example_python_decorator.py took 0.123 seconds
[2024-10-11T17:47:38.799+0000] {processor.py:161} INFO - Started process (PID=1729) to work on /home/airflow/.local/lib/python3.12/site-packages/airflow/example_dags/example_python_decorator.py
[2024-10-11T17:47:38.800+0000] {processor.py:830} INFO - Processing file /home/airflow/.local/lib/python3.12/site-packages/airflow/example_dags/example_python_decorator.py for tasks to queue
[2024-10-11T17:47:38.803+0000] {logging_mixin.py:188} INFO - [2024-10-11T17:47:38.803+0000] {dagbag.py:545} INFO - Filling up the DagBag from /home/airflow/.local/lib/python3.12/site-packages/airflow/example_dags/example_python_decorator.py
[2024-10-11T17:47:38.820+0000] {processor.py:840} INFO - DAG(s) 'example_python_decorator' retrieved from /home/airflow/.local/lib/python3.12/site-packages/airflow/example_dags/example_python_decorator.py
[2024-10-11T17:47:38.850+0000] {logging_mixin.py:188} INFO - [2024-10-11T17:47:38.850+0000] {dag.py:3096} INFO - Sync 1 DAGs
[2024-10-11T17:47:38.865+0000] {logging_mixin.py:188} INFO - [2024-10-11T17:47:38.864+0000] {dag.py:3954} INFO - Setting next_dagrun for example_python_decorator to None, run_after=None
[2024-10-11T17:47:38.896+0000] {processor.py:183} INFO - Processing /home/airflow/.local/lib/python3.12/site-packages/airflow/example_dags/example_python_decorator.py took 0.102 seconds
[2024-10-11T17:48:09.127+0000] {processor.py:161} INFO - Started process (PID=1991) to work on /home/airflow/.local/lib/python3.12/site-packages/airflow/example_dags/example_python_decorator.py
[2024-10-11T17:48:09.129+0000] {processor.py:830} INFO - Processing file /home/airflow/.local/lib/python3.12/site-packages/airflow/example_dags/example_python_decorator.py for tasks to queue
[2024-10-11T17:48:09.131+0000] {logging_mixin.py:188} INFO - [2024-10-11T17:48:09.130+0000] {dagbag.py:545} INFO - Filling up the DagBag from /home/airflow/.local/lib/python3.12/site-packages/airflow/example_dags/example_python_decorator.py
[2024-10-11T17:48:09.148+0000] {processor.py:840} INFO - DAG(s) 'example_python_decorator' retrieved from /home/airflow/.local/lib/python3.12/site-packages/airflow/example_dags/example_python_decorator.py
[2024-10-11T17:48:09.174+0000] {logging_mixin.py:188} INFO - [2024-10-11T17:48:09.174+0000] {dag.py:3096} INFO - Sync 1 DAGs
[2024-10-11T17:48:09.189+0000] {logging_mixin.py:188} INFO - [2024-10-11T17:48:09.189+0000] {dag.py:3954} INFO - Setting next_dagrun for example_python_decorator to None, run_after=None
[2024-10-11T17:48:09.220+0000] {processor.py:183} INFO - Processing /home/airflow/.local/lib/python3.12/site-packages/airflow/example_dags/example_python_decorator.py took 0.097 seconds
[2024-10-11T17:48:39.570+0000] {processor.py:161} INFO - Started process (PID=2253) to work on /home/airflow/.local/lib/python3.12/site-packages/airflow/example_dags/example_python_decorator.py
[2024-10-11T17:48:39.571+0000] {processor.py:830} INFO - Processing file /home/airflow/.local/lib/python3.12/site-packages/airflow/example_dags/example_python_decorator.py for tasks to queue
[2024-10-11T17:48:39.573+0000] {logging_mixin.py:188} INFO - [2024-10-11T17:48:39.573+0000] {dagbag.py:545} INFO - Filling up the DagBag from /home/airflow/.local/lib/python3.12/site-packages/airflow/example_dags/example_python_decorator.py
[2024-10-11T17:48:39.585+0000] {processor.py:840} INFO - DAG(s) 'example_python_decorator' retrieved from /home/airflow/.local/lib/python3.12/site-packages/airflow/example_dags/example_python_decorator.py
[2024-10-11T17:48:39.608+0000] {logging_mixin.py:188} INFO - [2024-10-11T17:48:39.608+0000] {dag.py:3096} INFO - Sync 1 DAGs
[2024-10-11T17:48:39.622+0000] {logging_mixin.py:188} INFO - [2024-10-11T17:48:39.622+0000] {dag.py:3954} INFO - Setting next_dagrun for example_python_decorator to None, run_after=None
[2024-10-11T17:48:39.649+0000] {processor.py:183} INFO - Processing /home/airflow/.local/lib/python3.12/site-packages/airflow/example_dags/example_python_decorator.py took 0.085 seconds
[2024-10-11T17:49:10.128+0000] {processor.py:161} INFO - Started process (PID=2517) to work on /home/airflow/.local/lib/python3.12/site-packages/airflow/example_dags/example_python_decorator.py
[2024-10-11T17:49:10.129+0000] {processor.py:830} INFO - Processing file /home/airflow/.local/lib/python3.12/site-packages/airflow/example_dags/example_python_decorator.py for tasks to queue
[2024-10-11T17:49:10.131+0000] {logging_mixin.py:188} INFO - [2024-10-11T17:49:10.131+0000] {dagbag.py:545} INFO - Filling up the DagBag from /home/airflow/.local/lib/python3.12/site-packages/airflow/example_dags/example_python_decorator.py
[2024-10-11T17:49:10.144+0000] {processor.py:840} INFO - DAG(s) 'example_python_decorator' retrieved from /home/airflow/.local/lib/python3.12/site-packages/airflow/example_dags/example_python_decorator.py
[2024-10-11T17:49:10.172+0000] {logging_mixin.py:188} INFO - [2024-10-11T17:49:10.171+0000] {dag.py:3096} INFO - Sync 1 DAGs
[2024-10-11T17:49:10.185+0000] {logging_mixin.py:188} INFO - [2024-10-11T17:49:10.184+0000] {dag.py:3954} INFO - Setting next_dagrun for example_python_decorator to None, run_after=None
[2024-10-11T17:49:10.211+0000] {processor.py:183} INFO - Processing /home/airflow/.local/lib/python3.12/site-packages/airflow/example_dags/example_python_decorator.py took 0.090 seconds
[2024-10-11T17:49:40.789+0000] {processor.py:161} INFO - Started process (PID=2777) to work on /home/airflow/.local/lib/python3.12/site-packages/airflow/example_dags/example_python_decorator.py
[2024-10-11T17:49:40.791+0000] {processor.py:830} INFO - Processing file /home/airflow/.local/lib/python3.12/site-packages/airflow/example_dags/example_python_decorator.py for tasks to queue
[2024-10-11T17:49:40.794+0000] {logging_mixin.py:188} INFO - [2024-10-11T17:49:40.794+0000] {dagbag.py:545} INFO - Filling up the DagBag from /home/airflow/.local/lib/python3.12/site-packages/airflow/example_dags/example_python_decorator.py
[2024-10-11T17:49:40.813+0000] {processor.py:840} INFO - DAG(s) 'example_python_decorator' retrieved from /home/airflow/.local/lib/python3.12/site-packages/airflow/example_dags/example_python_decorator.py
[2024-10-11T17:49:40.840+0000] {logging_mixin.py:188} INFO - [2024-10-11T17:49:40.840+0000] {dag.py:3096} INFO - Sync 1 DAGs
[2024-10-11T17:49:40.854+0000] {logging_mixin.py:188} INFO - [2024-10-11T17:49:40.853+0000] {dag.py:3954} INFO - Setting next_dagrun for example_python_decorator to None, run_after=None
[2024-10-11T17:49:40.878+0000] {processor.py:183} INFO - Processing /home/airflow/.local/lib/python3.12/site-packages/airflow/example_dags/example_python_decorator.py took 0.096 seconds
[2024-10-11T17:50:11.767+0000] {processor.py:161} INFO - Started process (PID=3041) to work on /home/airflow/.local/lib/python3.12/site-packages/airflow/example_dags/example_python_decorator.py
[2024-10-11T17:50:11.768+0000] {processor.py:830} INFO - Processing file /home/airflow/.local/lib/python3.12/site-packages/airflow/example_dags/example_python_decorator.py for tasks to queue
[2024-10-11T17:50:11.771+0000] {logging_mixin.py:188} INFO - [2024-10-11T17:50:11.771+0000] {dagbag.py:545} INFO - Filling up the DagBag from /home/airflow/.local/lib/python3.12/site-packages/airflow/example_dags/example_python_decorator.py
[2024-10-11T17:50:11.784+0000] {processor.py:840} INFO - DAG(s) 'example_python_decorator' retrieved from /home/airflow/.local/lib/python3.12/site-packages/airflow/example_dags/example_python_decorator.py
[2024-10-11T17:50:11.810+0000] {logging_mixin.py:188} INFO - [2024-10-11T17:50:11.810+0000] {dag.py:3096} INFO - Sync 1 DAGs
[2024-10-11T17:50:11.828+0000] {logging_mixin.py:188} INFO - [2024-10-11T17:50:11.828+0000] {dag.py:3954} INFO - Setting next_dagrun for example_python_decorator to None, run_after=None
[2024-10-11T17:50:11.861+0000] {processor.py:183} INFO - Processing /home/airflow/.local/lib/python3.12/site-packages/airflow/example_dags/example_python_decorator.py took 0.100 seconds
[2024-10-11T17:50:42.508+0000] {processor.py:161} INFO - Started process (PID=3301) to work on /home/airflow/.local/lib/python3.12/site-packages/airflow/example_dags/example_python_decorator.py
[2024-10-11T17:50:42.509+0000] {processor.py:830} INFO - Processing file /home/airflow/.local/lib/python3.12/site-packages/airflow/example_dags/example_python_decorator.py for tasks to queue
[2024-10-11T17:50:42.511+0000] {logging_mixin.py:188} INFO - [2024-10-11T17:50:42.511+0000] {dagbag.py:545} INFO - Filling up the DagBag from /home/airflow/.local/lib/python3.12/site-packages/airflow/example_dags/example_python_decorator.py
[2024-10-11T17:50:42.524+0000] {processor.py:840} INFO - DAG(s) 'example_python_decorator' retrieved from /home/airflow/.local/lib/python3.12/site-packages/airflow/example_dags/example_python_decorator.py
[2024-10-11T17:50:42.554+0000] {logging_mixin.py:188} INFO - [2024-10-11T17:50:42.554+0000] {dag.py:3096} INFO - Sync 1 DAGs
[2024-10-11T17:50:42.573+0000] {logging_mixin.py:188} INFO - [2024-10-11T17:50:42.572+0000] {dag.py:3954} INFO - Setting next_dagrun for example_python_decorator to None, run_after=None
[2024-10-11T17:50:42.602+0000] {processor.py:183} INFO - Processing /home/airflow/.local/lib/python3.12/site-packages/airflow/example_dags/example_python_decorator.py took 0.101 seconds
[2024-10-11T17:51:12.822+0000] {processor.py:161} INFO - Started process (PID=3563) to work on /home/airflow/.local/lib/python3.12/site-packages/airflow/example_dags/example_python_decorator.py
[2024-10-11T17:51:12.824+0000] {processor.py:830} INFO - Processing file /home/airflow/.local/lib/python3.12/site-packages/airflow/example_dags/example_python_decorator.py for tasks to queue
[2024-10-11T17:51:12.826+0000] {logging_mixin.py:188} INFO - [2024-10-11T17:51:12.825+0000] {dagbag.py:545} INFO - Filling up the DagBag from /home/airflow/.local/lib/python3.12/site-packages/airflow/example_dags/example_python_decorator.py
[2024-10-11T17:51:12.838+0000] {processor.py:840} INFO - DAG(s) 'example_python_decorator' retrieved from /home/airflow/.local/lib/python3.12/site-packages/airflow/example_dags/example_python_decorator.py
[2024-10-11T17:51:12.865+0000] {logging_mixin.py:188} INFO - [2024-10-11T17:51:12.865+0000] {dag.py:3096} INFO - Sync 1 DAGs
[2024-10-11T17:51:12.881+0000] {logging_mixin.py:188} INFO - [2024-10-11T17:51:12.880+0000] {dag.py:3954} INFO - Setting next_dagrun for example_python_decorator to None, run_after=None
[2024-10-11T17:51:12.912+0000] {processor.py:183} INFO - Processing /home/airflow/.local/lib/python3.12/site-packages/airflow/example_dags/example_python_decorator.py took 0.094 seconds
[2024-10-11T17:51:43.548+0000] {processor.py:161} INFO - Started process (PID=3825) to work on /home/airflow/.local/lib/python3.12/site-packages/airflow/example_dags/example_python_decorator.py
[2024-10-11T17:51:43.549+0000] {processor.py:830} INFO - Processing file /home/airflow/.local/lib/python3.12/site-packages/airflow/example_dags/example_python_decorator.py for tasks to queue
[2024-10-11T17:51:43.552+0000] {logging_mixin.py:188} INFO - [2024-10-11T17:51:43.552+0000] {dagbag.py:545} INFO - Filling up the DagBag from /home/airflow/.local/lib/python3.12/site-packages/airflow/example_dags/example_python_decorator.py
[2024-10-11T17:51:43.564+0000] {processor.py:840} INFO - DAG(s) 'example_python_decorator' retrieved from /home/airflow/.local/lib/python3.12/site-packages/airflow/example_dags/example_python_decorator.py
[2024-10-11T17:51:43.598+0000] {logging_mixin.py:188} INFO - [2024-10-11T17:51:43.597+0000] {dag.py:3096} INFO - Sync 1 DAGs
[2024-10-11T17:51:43.615+0000] {logging_mixin.py:188} INFO - [2024-10-11T17:51:43.615+0000] {dag.py:3954} INFO - Setting next_dagrun for example_python_decorator to None, run_after=None
[2024-10-11T17:51:43.643+0000] {processor.py:183} INFO - Processing /home/airflow/.local/lib/python3.12/site-packages/airflow/example_dags/example_python_decorator.py took 0.102 seconds
[2024-10-11T17:52:14.333+0000] {processor.py:161} INFO - Started process (PID=4089) to work on /home/airflow/.local/lib/python3.12/site-packages/airflow/example_dags/example_python_decorator.py
[2024-10-11T17:52:14.334+0000] {processor.py:830} INFO - Processing file /home/airflow/.local/lib/python3.12/site-packages/airflow/example_dags/example_python_decorator.py for tasks to queue
[2024-10-11T17:52:14.336+0000] {logging_mixin.py:188} INFO - [2024-10-11T17:52:14.336+0000] {dagbag.py:545} INFO - Filling up the DagBag from /home/airflow/.local/lib/python3.12/site-packages/airflow/example_dags/example_python_decorator.py
[2024-10-11T17:52:14.348+0000] {processor.py:840} INFO - DAG(s) 'example_python_decorator' retrieved from /home/airflow/.local/lib/python3.12/site-packages/airflow/example_dags/example_python_decorator.py
[2024-10-11T17:52:14.375+0000] {logging_mixin.py:188} INFO - [2024-10-11T17:52:14.374+0000] {dag.py:3096} INFO - Sync 1 DAGs
[2024-10-11T17:52:14.389+0000] {logging_mixin.py:188} INFO - [2024-10-11T17:52:14.389+0000] {dag.py:3954} INFO - Setting next_dagrun for example_python_decorator to None, run_after=None
[2024-10-11T17:52:14.417+0000] {processor.py:183} INFO - Processing /home/airflow/.local/lib/python3.12/site-packages/airflow/example_dags/example_python_decorator.py took 0.089 seconds
[2024-10-11T17:52:44.512+0000] {processor.py:161} INFO - Started process (PID=4351) to work on /home/airflow/.local/lib/python3.12/site-packages/airflow/example_dags/example_python_decorator.py
[2024-10-11T17:52:44.513+0000] {processor.py:830} INFO - Processing file /home/airflow/.local/lib/python3.12/site-packages/airflow/example_dags/example_python_decorator.py for tasks to queue
[2024-10-11T17:52:44.515+0000] {logging_mixin.py:188} INFO - [2024-10-11T17:52:44.515+0000] {dagbag.py:545} INFO - Filling up the DagBag from /home/airflow/.local/lib/python3.12/site-packages/airflow/example_dags/example_python_decorator.py
[2024-10-11T17:52:44.527+0000] {processor.py:840} INFO - DAG(s) 'example_python_decorator' retrieved from /home/airflow/.local/lib/python3.12/site-packages/airflow/example_dags/example_python_decorator.py
[2024-10-11T17:52:44.552+0000] {logging_mixin.py:188} INFO - [2024-10-11T17:52:44.552+0000] {dag.py:3096} INFO - Sync 1 DAGs
[2024-10-11T17:52:44.566+0000] {logging_mixin.py:188} INFO - [2024-10-11T17:52:44.566+0000] {dag.py:3954} INFO - Setting next_dagrun for example_python_decorator to None, run_after=None
[2024-10-11T17:52:44.593+0000] {processor.py:183} INFO - Processing /home/airflow/.local/lib/python3.12/site-packages/airflow/example_dags/example_python_decorator.py took 0.086 seconds
[2024-10-11T17:53:14.772+0000] {processor.py:161} INFO - Started process (PID=4613) to work on /home/airflow/.local/lib/python3.12/site-packages/airflow/example_dags/example_python_decorator.py
[2024-10-11T17:53:14.774+0000] {processor.py:830} INFO - Processing file /home/airflow/.local/lib/python3.12/site-packages/airflow/example_dags/example_python_decorator.py for tasks to queue
[2024-10-11T17:53:14.776+0000] {logging_mixin.py:188} INFO - [2024-10-11T17:53:14.776+0000] {dagbag.py:545} INFO - Filling up the DagBag from /home/airflow/.local/lib/python3.12/site-packages/airflow/example_dags/example_python_decorator.py
[2024-10-11T17:53:14.790+0000] {processor.py:840} INFO - DAG(s) 'example_python_decorator' retrieved from /home/airflow/.local/lib/python3.12/site-packages/airflow/example_dags/example_python_decorator.py
[2024-10-11T17:53:14.816+0000] {logging_mixin.py:188} INFO - [2024-10-11T17:53:14.815+0000] {dag.py:3096} INFO - Sync 1 DAGs
[2024-10-11T17:53:14.830+0000] {logging_mixin.py:188} INFO - [2024-10-11T17:53:14.830+0000] {dag.py:3954} INFO - Setting next_dagrun for example_python_decorator to None, run_after=None
[2024-10-11T17:53:14.857+0000] {processor.py:183} INFO - Processing /home/airflow/.local/lib/python3.12/site-packages/airflow/example_dags/example_python_decorator.py took 0.089 seconds
[2024-10-11T17:53:45.447+0000] {processor.py:161} INFO - Started process (PID=4875) to work on /home/airflow/.local/lib/python3.12/site-packages/airflow/example_dags/example_python_decorator.py
[2024-10-11T17:53:45.448+0000] {processor.py:830} INFO - Processing file /home/airflow/.local/lib/python3.12/site-packages/airflow/example_dags/example_python_decorator.py for tasks to queue
[2024-10-11T17:53:45.450+0000] {logging_mixin.py:188} INFO - [2024-10-11T17:53:45.449+0000] {dagbag.py:545} INFO - Filling up the DagBag from /home/airflow/.local/lib/python3.12/site-packages/airflow/example_dags/example_python_decorator.py
[2024-10-11T17:53:45.461+0000] {processor.py:840} INFO - DAG(s) 'example_python_decorator' retrieved from /home/airflow/.local/lib/python3.12/site-packages/airflow/example_dags/example_python_decorator.py
[2024-10-11T17:53:45.487+0000] {logging_mixin.py:188} INFO - [2024-10-11T17:53:45.486+0000] {dag.py:3096} INFO - Sync 1 DAGs
[2024-10-11T17:53:45.507+0000] {logging_mixin.py:188} INFO - [2024-10-11T17:53:45.507+0000] {dag.py:3954} INFO - Setting next_dagrun for example_python_decorator to None, run_after=None
[2024-10-11T17:53:45.542+0000] {processor.py:183} INFO - Processing /home/airflow/.local/lib/python3.12/site-packages/airflow/example_dags/example_python_decorator.py took 0.101 seconds
[2024-10-11T17:54:16.189+0000] {processor.py:161} INFO - Started process (PID=5137) to work on /home/airflow/.local/lib/python3.12/site-packages/airflow/example_dags/example_python_decorator.py
[2024-10-11T17:54:16.191+0000] {processor.py:830} INFO - Processing file /home/airflow/.local/lib/python3.12/site-packages/airflow/example_dags/example_python_decorator.py for tasks to queue
[2024-10-11T17:54:16.193+0000] {logging_mixin.py:188} INFO - [2024-10-11T17:54:16.193+0000] {dagbag.py:545} INFO - Filling up the DagBag from /home/airflow/.local/lib/python3.12/site-packages/airflow/example_dags/example_python_decorator.py
[2024-10-11T17:54:16.209+0000] {processor.py:840} INFO - DAG(s) 'example_python_decorator' retrieved from /home/airflow/.local/lib/python3.12/site-packages/airflow/example_dags/example_python_decorator.py
[2024-10-11T17:54:16.239+0000] {logging_mixin.py:188} INFO - [2024-10-11T17:54:16.239+0000] {dag.py:3096} INFO - Sync 1 DAGs
[2024-10-11T17:54:16.255+0000] {logging_mixin.py:188} INFO - [2024-10-11T17:54:16.254+0000] {dag.py:3954} INFO - Setting next_dagrun for example_python_decorator to None, run_after=None
[2024-10-11T17:54:16.284+0000] {processor.py:183} INFO - Processing /home/airflow/.local/lib/python3.12/site-packages/airflow/example_dags/example_python_decorator.py took 0.100 seconds
[2024-10-11T17:54:46.957+0000] {processor.py:161} INFO - Started process (PID=5399) to work on /home/airflow/.local/lib/python3.12/site-packages/airflow/example_dags/example_python_decorator.py
[2024-10-11T17:54:46.958+0000] {processor.py:830} INFO - Processing file /home/airflow/.local/lib/python3.12/site-packages/airflow/example_dags/example_python_decorator.py for tasks to queue
[2024-10-11T17:54:46.960+0000] {logging_mixin.py:188} INFO - [2024-10-11T17:54:46.960+0000] {dagbag.py:545} INFO - Filling up the DagBag from /home/airflow/.local/lib/python3.12/site-packages/airflow/example_dags/example_python_decorator.py
[2024-10-11T17:54:46.973+0000] {processor.py:840} INFO - DAG(s) 'example_python_decorator' retrieved from /home/airflow/.local/lib/python3.12/site-packages/airflow/example_dags/example_python_decorator.py
[2024-10-11T17:54:46.998+0000] {logging_mixin.py:188} INFO - [2024-10-11T17:54:46.998+0000] {dag.py:3096} INFO - Sync 1 DAGs
[2024-10-11T17:54:47.012+0000] {logging_mixin.py:188} INFO - [2024-10-11T17:54:47.012+0000] {dag.py:3954} INFO - Setting next_dagrun for example_python_decorator to None, run_after=None
[2024-10-11T17:54:47.042+0000] {processor.py:183} INFO - Processing /home/airflow/.local/lib/python3.12/site-packages/airflow/example_dags/example_python_decorator.py took 0.091 seconds
[2024-10-11T17:55:17.731+0000] {processor.py:161} INFO - Started process (PID=5661) to work on /home/airflow/.local/lib/python3.12/site-packages/airflow/example_dags/example_python_decorator.py
[2024-10-11T17:55:17.733+0000] {processor.py:830} INFO - Processing file /home/airflow/.local/lib/python3.12/site-packages/airflow/example_dags/example_python_decorator.py for tasks to queue
[2024-10-11T17:55:17.735+0000] {logging_mixin.py:188} INFO - [2024-10-11T17:55:17.735+0000] {dagbag.py:545} INFO - Filling up the DagBag from /home/airflow/.local/lib/python3.12/site-packages/airflow/example_dags/example_python_decorator.py
[2024-10-11T17:55:17.748+0000] {processor.py:840} INFO - DAG(s) 'example_python_decorator' retrieved from /home/airflow/.local/lib/python3.12/site-packages/airflow/example_dags/example_python_decorator.py
[2024-10-11T17:55:17.773+0000] {logging_mixin.py:188} INFO - [2024-10-11T17:55:17.772+0000] {dag.py:3096} INFO - Sync 1 DAGs
[2024-10-11T17:55:17.785+0000] {logging_mixin.py:188} INFO - [2024-10-11T17:55:17.785+0000] {dag.py:3954} INFO - Setting next_dagrun for example_python_decorator to None, run_after=None
[2024-10-11T17:55:17.817+0000] {processor.py:183} INFO - Processing /home/airflow/.local/lib/python3.12/site-packages/airflow/example_dags/example_python_decorator.py took 0.091 seconds
[2024-10-11T17:55:48.153+0000] {processor.py:161} INFO - Started process (PID=5923) to work on /home/airflow/.local/lib/python3.12/site-packages/airflow/example_dags/example_python_decorator.py
[2024-10-11T17:55:48.154+0000] {processor.py:830} INFO - Processing file /home/airflow/.local/lib/python3.12/site-packages/airflow/example_dags/example_python_decorator.py for tasks to queue
[2024-10-11T17:55:48.157+0000] {logging_mixin.py:188} INFO - [2024-10-11T17:55:48.156+0000] {dagbag.py:545} INFO - Filling up the DagBag from /home/airflow/.local/lib/python3.12/site-packages/airflow/example_dags/example_python_decorator.py
[2024-10-11T17:55:48.168+0000] {processor.py:840} INFO - DAG(s) 'example_python_decorator' retrieved from /home/airflow/.local/lib/python3.12/site-packages/airflow/example_dags/example_python_decorator.py
[2024-10-11T17:55:48.194+0000] {logging_mixin.py:188} INFO - [2024-10-11T17:55:48.194+0000] {dag.py:3096} INFO - Sync 1 DAGs
[2024-10-11T17:55:48.208+0000] {logging_mixin.py:188} INFO - [2024-10-11T17:55:48.208+0000] {dag.py:3954} INFO - Setting next_dagrun for example_python_decorator to None, run_after=None
[2024-10-11T17:55:48.238+0000] {processor.py:183} INFO - Processing /home/airflow/.local/lib/python3.12/site-packages/airflow/example_dags/example_python_decorator.py took 0.090 seconds
[2024-10-11T17:56:19.582+0000] {processor.py:161} INFO - Started process (PID=6185) to work on /home/airflow/.local/lib/python3.12/site-packages/airflow/example_dags/example_python_decorator.py
[2024-10-11T17:56:19.587+0000] {processor.py:830} INFO - Processing file /home/airflow/.local/lib/python3.12/site-packages/airflow/example_dags/example_python_decorator.py for tasks to queue
[2024-10-11T17:56:19.592+0000] {logging_mixin.py:188} INFO - [2024-10-11T17:56:19.590+0000] {dagbag.py:545} INFO - Filling up the DagBag from /home/airflow/.local/lib/python3.12/site-packages/airflow/example_dags/example_python_decorator.py
[2024-10-11T17:56:19.636+0000] {processor.py:840} INFO - DAG(s) 'example_python_decorator' retrieved from /home/airflow/.local/lib/python3.12/site-packages/airflow/example_dags/example_python_decorator.py
[2024-10-11T17:56:19.705+0000] {logging_mixin.py:188} INFO - [2024-10-11T17:56:19.705+0000] {dag.py:3096} INFO - Sync 1 DAGs
[2024-10-11T17:56:19.743+0000] {logging_mixin.py:188} INFO - [2024-10-11T17:56:19.743+0000] {dag.py:3954} INFO - Setting next_dagrun for example_python_decorator to None, run_after=None
[2024-10-11T17:56:19.802+0000] {processor.py:183} INFO - Processing /home/airflow/.local/lib/python3.12/site-packages/airflow/example_dags/example_python_decorator.py took 0.232 seconds
[2024-10-11T17:56:50.505+0000] {processor.py:161} INFO - Started process (PID=6447) to work on /home/airflow/.local/lib/python3.12/site-packages/airflow/example_dags/example_python_decorator.py
[2024-10-11T17:56:50.506+0000] {processor.py:830} INFO - Processing file /home/airflow/.local/lib/python3.12/site-packages/airflow/example_dags/example_python_decorator.py for tasks to queue
[2024-10-11T17:56:50.508+0000] {logging_mixin.py:188} INFO - [2024-10-11T17:56:50.508+0000] {dagbag.py:545} INFO - Filling up the DagBag from /home/airflow/.local/lib/python3.12/site-packages/airflow/example_dags/example_python_decorator.py
[2024-10-11T17:56:50.524+0000] {processor.py:840} INFO - DAG(s) 'example_python_decorator' retrieved from /home/airflow/.local/lib/python3.12/site-packages/airflow/example_dags/example_python_decorator.py
[2024-10-11T17:56:50.551+0000] {logging_mixin.py:188} INFO - [2024-10-11T17:56:50.550+0000] {dag.py:3096} INFO - Sync 1 DAGs
[2024-10-11T17:56:50.567+0000] {logging_mixin.py:188} INFO - [2024-10-11T17:56:50.566+0000] {dag.py:3954} INFO - Setting next_dagrun for example_python_decorator to None, run_after=None
[2024-10-11T17:56:50.603+0000] {processor.py:183} INFO - Processing /home/airflow/.local/lib/python3.12/site-packages/airflow/example_dags/example_python_decorator.py took 0.105 seconds
[2024-10-11T17:57:21.227+0000] {processor.py:161} INFO - Started process (PID=6709) to work on /home/airflow/.local/lib/python3.12/site-packages/airflow/example_dags/example_python_decorator.py
[2024-10-11T17:57:21.229+0000] {processor.py:830} INFO - Processing file /home/airflow/.local/lib/python3.12/site-packages/airflow/example_dags/example_python_decorator.py for tasks to queue
[2024-10-11T17:57:21.231+0000] {logging_mixin.py:188} INFO - [2024-10-11T17:57:21.231+0000] {dagbag.py:545} INFO - Filling up the DagBag from /home/airflow/.local/lib/python3.12/site-packages/airflow/example_dags/example_python_decorator.py
[2024-10-11T17:57:21.249+0000] {processor.py:840} INFO - DAG(s) 'example_python_decorator' retrieved from /home/airflow/.local/lib/python3.12/site-packages/airflow/example_dags/example_python_decorator.py
[2024-10-11T17:57:21.286+0000] {logging_mixin.py:188} INFO - [2024-10-11T17:57:21.285+0000] {dag.py:3096} INFO - Sync 1 DAGs
[2024-10-11T17:57:21.305+0000] {logging_mixin.py:188} INFO - [2024-10-11T17:57:21.305+0000] {dag.py:3954} INFO - Setting next_dagrun for example_python_decorator to None, run_after=None
[2024-10-11T17:57:21.348+0000] {processor.py:183} INFO - Processing /home/airflow/.local/lib/python3.12/site-packages/airflow/example_dags/example_python_decorator.py took 0.127 seconds
[2024-10-11T17:57:51.712+0000] {processor.py:161} INFO - Started process (PID=6971) to work on /home/airflow/.local/lib/python3.12/site-packages/airflow/example_dags/example_python_decorator.py
[2024-10-11T17:57:51.714+0000] {processor.py:830} INFO - Processing file /home/airflow/.local/lib/python3.12/site-packages/airflow/example_dags/example_python_decorator.py for tasks to queue
[2024-10-11T17:57:51.716+0000] {logging_mixin.py:188} INFO - [2024-10-11T17:57:51.716+0000] {dagbag.py:545} INFO - Filling up the DagBag from /home/airflow/.local/lib/python3.12/site-packages/airflow/example_dags/example_python_decorator.py
[2024-10-11T17:57:51.728+0000] {processor.py:840} INFO - DAG(s) 'example_python_decorator' retrieved from /home/airflow/.local/lib/python3.12/site-packages/airflow/example_dags/example_python_decorator.py
[2024-10-11T17:57:51.754+0000] {logging_mixin.py:188} INFO - [2024-10-11T17:57:51.754+0000] {dag.py:3096} INFO - Sync 1 DAGs
[2024-10-11T17:57:51.771+0000] {logging_mixin.py:188} INFO - [2024-10-11T17:57:51.771+0000] {dag.py:3954} INFO - Setting next_dagrun for example_python_decorator to None, run_after=None
[2024-10-11T17:57:51.798+0000] {processor.py:183} INFO - Processing /home/airflow/.local/lib/python3.12/site-packages/airflow/example_dags/example_python_decorator.py took 0.091 seconds
[2024-10-11T17:58:21.932+0000] {processor.py:161} INFO - Started process (PID=7233) to work on /home/airflow/.local/lib/python3.12/site-packages/airflow/example_dags/example_python_decorator.py
[2024-10-11T17:58:21.933+0000] {processor.py:830} INFO - Processing file /home/airflow/.local/lib/python3.12/site-packages/airflow/example_dags/example_python_decorator.py for tasks to queue
[2024-10-11T17:58:21.936+0000] {logging_mixin.py:188} INFO - [2024-10-11T17:58:21.935+0000] {dagbag.py:545} INFO - Filling up the DagBag from /home/airflow/.local/lib/python3.12/site-packages/airflow/example_dags/example_python_decorator.py
[2024-10-11T17:58:21.955+0000] {processor.py:840} INFO - DAG(s) 'example_python_decorator' retrieved from /home/airflow/.local/lib/python3.12/site-packages/airflow/example_dags/example_python_decorator.py
[2024-10-11T17:58:21.984+0000] {logging_mixin.py:188} INFO - [2024-10-11T17:58:21.984+0000] {dag.py:3096} INFO - Sync 1 DAGs
[2024-10-11T17:58:22.004+0000] {logging_mixin.py:188} INFO - [2024-10-11T17:58:22.003+0000] {dag.py:3954} INFO - Setting next_dagrun for example_python_decorator to None, run_after=None
[2024-10-11T17:58:22.040+0000] {processor.py:183} INFO - Processing /home/airflow/.local/lib/python3.12/site-packages/airflow/example_dags/example_python_decorator.py took 0.115 seconds
[2024-10-11T17:58:52.184+0000] {processor.py:161} INFO - Started process (PID=7495) to work on /home/airflow/.local/lib/python3.12/site-packages/airflow/example_dags/example_python_decorator.py
[2024-10-11T17:58:52.187+0000] {processor.py:830} INFO - Processing file /home/airflow/.local/lib/python3.12/site-packages/airflow/example_dags/example_python_decorator.py for tasks to queue
[2024-10-11T17:58:52.190+0000] {logging_mixin.py:188} INFO - [2024-10-11T17:58:52.190+0000] {dagbag.py:545} INFO - Filling up the DagBag from /home/airflow/.local/lib/python3.12/site-packages/airflow/example_dags/example_python_decorator.py
[2024-10-11T17:58:52.204+0000] {processor.py:840} INFO - DAG(s) 'example_python_decorator' retrieved from /home/airflow/.local/lib/python3.12/site-packages/airflow/example_dags/example_python_decorator.py
[2024-10-11T17:58:52.232+0000] {logging_mixin.py:188} INFO - [2024-10-11T17:58:52.231+0000] {dag.py:3096} INFO - Sync 1 DAGs
[2024-10-11T17:58:52.249+0000] {logging_mixin.py:188} INFO - [2024-10-11T17:58:52.248+0000] {dag.py:3954} INFO - Setting next_dagrun for example_python_decorator to None, run_after=None
[2024-10-11T17:58:52.276+0000] {processor.py:183} INFO - Processing /home/airflow/.local/lib/python3.12/site-packages/airflow/example_dags/example_python_decorator.py took 0.098 seconds
[2024-10-11T17:59:23.098+0000] {processor.py:161} INFO - Started process (PID=7757) to work on /home/airflow/.local/lib/python3.12/site-packages/airflow/example_dags/example_python_decorator.py
[2024-10-11T17:59:23.099+0000] {processor.py:830} INFO - Processing file /home/airflow/.local/lib/python3.12/site-packages/airflow/example_dags/example_python_decorator.py for tasks to queue
[2024-10-11T17:59:23.102+0000] {logging_mixin.py:188} INFO - [2024-10-11T17:59:23.102+0000] {dagbag.py:545} INFO - Filling up the DagBag from /home/airflow/.local/lib/python3.12/site-packages/airflow/example_dags/example_python_decorator.py
[2024-10-11T17:59:23.117+0000] {processor.py:840} INFO - DAG(s) 'example_python_decorator' retrieved from /home/airflow/.local/lib/python3.12/site-packages/airflow/example_dags/example_python_decorator.py
[2024-10-11T17:59:23.143+0000] {logging_mixin.py:188} INFO - [2024-10-11T17:59:23.143+0000] {dag.py:3096} INFO - Sync 1 DAGs
[2024-10-11T17:59:23.157+0000] {logging_mixin.py:188} INFO - [2024-10-11T17:59:23.157+0000] {dag.py:3954} INFO - Setting next_dagrun for example_python_decorator to None, run_after=None
[2024-10-11T17:59:23.184+0000] {processor.py:183} INFO - Processing /home/airflow/.local/lib/python3.12/site-packages/airflow/example_dags/example_python_decorator.py took 0.090 seconds
[2024-10-11T17:59:53.420+0000] {processor.py:161} INFO - Started process (PID=8019) to work on /home/airflow/.local/lib/python3.12/site-packages/airflow/example_dags/example_python_decorator.py
[2024-10-11T17:59:53.421+0000] {processor.py:830} INFO - Processing file /home/airflow/.local/lib/python3.12/site-packages/airflow/example_dags/example_python_decorator.py for tasks to queue
[2024-10-11T17:59:53.424+0000] {logging_mixin.py:188} INFO - [2024-10-11T17:59:53.423+0000] {dagbag.py:545} INFO - Filling up the DagBag from /home/airflow/.local/lib/python3.12/site-packages/airflow/example_dags/example_python_decorator.py
[2024-10-11T17:59:53.435+0000] {processor.py:840} INFO - DAG(s) 'example_python_decorator' retrieved from /home/airflow/.local/lib/python3.12/site-packages/airflow/example_dags/example_python_decorator.py
[2024-10-11T17:59:53.460+0000] {logging_mixin.py:188} INFO - [2024-10-11T17:59:53.460+0000] {dag.py:3096} INFO - Sync 1 DAGs
[2024-10-11T17:59:53.474+0000] {logging_mixin.py:188} INFO - [2024-10-11T17:59:53.474+0000] {dag.py:3954} INFO - Setting next_dagrun for example_python_decorator to None, run_after=None
[2024-10-11T17:59:53.501+0000] {processor.py:183} INFO - Processing /home/airflow/.local/lib/python3.12/site-packages/airflow/example_dags/example_python_decorator.py took 0.087 seconds
[2024-10-11T18:00:23.716+0000] {processor.py:161} INFO - Started process (PID=8281) to work on /home/airflow/.local/lib/python3.12/site-packages/airflow/example_dags/example_python_decorator.py
[2024-10-11T18:00:23.717+0000] {processor.py:830} INFO - Processing file /home/airflow/.local/lib/python3.12/site-packages/airflow/example_dags/example_python_decorator.py for tasks to queue
[2024-10-11T18:00:23.719+0000] {logging_mixin.py:188} INFO - [2024-10-11T18:00:23.719+0000] {dagbag.py:545} INFO - Filling up the DagBag from /home/airflow/.local/lib/python3.12/site-packages/airflow/example_dags/example_python_decorator.py
[2024-10-11T18:00:23.731+0000] {processor.py:840} INFO - DAG(s) 'example_python_decorator' retrieved from /home/airflow/.local/lib/python3.12/site-packages/airflow/example_dags/example_python_decorator.py
[2024-10-11T18:00:23.757+0000] {logging_mixin.py:188} INFO - [2024-10-11T18:00:23.757+0000] {dag.py:3096} INFO - Sync 1 DAGs
[2024-10-11T18:00:23.772+0000] {logging_mixin.py:188} INFO - [2024-10-11T18:00:23.772+0000] {dag.py:3954} INFO - Setting next_dagrun for example_python_decorator to None, run_after=None
[2024-10-11T18:00:23.798+0000] {processor.py:183} INFO - Processing /home/airflow/.local/lib/python3.12/site-packages/airflow/example_dags/example_python_decorator.py took 0.087 seconds
[2024-10-11T18:00:54.232+0000] {processor.py:161} INFO - Started process (PID=8543) to work on /home/airflow/.local/lib/python3.12/site-packages/airflow/example_dags/example_python_decorator.py
[2024-10-11T18:00:54.233+0000] {processor.py:830} INFO - Processing file /home/airflow/.local/lib/python3.12/site-packages/airflow/example_dags/example_python_decorator.py for tasks to queue
[2024-10-11T18:00:54.236+0000] {logging_mixin.py:188} INFO - [2024-10-11T18:00:54.235+0000] {dagbag.py:545} INFO - Filling up the DagBag from /home/airflow/.local/lib/python3.12/site-packages/airflow/example_dags/example_python_decorator.py
[2024-10-11T18:00:54.250+0000] {processor.py:840} INFO - DAG(s) 'example_python_decorator' retrieved from /home/airflow/.local/lib/python3.12/site-packages/airflow/example_dags/example_python_decorator.py
[2024-10-11T18:00:54.278+0000] {logging_mixin.py:188} INFO - [2024-10-11T18:00:54.278+0000] {dag.py:3096} INFO - Sync 1 DAGs
[2024-10-11T18:00:54.294+0000] {logging_mixin.py:188} INFO - [2024-10-11T18:00:54.294+0000] {dag.py:3954} INFO - Setting next_dagrun for example_python_decorator to None, run_after=None
[2024-10-11T18:00:54.321+0000] {processor.py:183} INFO - Processing /home/airflow/.local/lib/python3.12/site-packages/airflow/example_dags/example_python_decorator.py took 0.095 seconds
[2024-10-11T18:01:24.607+0000] {processor.py:161} INFO - Started process (PID=8805) to work on /home/airflow/.local/lib/python3.12/site-packages/airflow/example_dags/example_python_decorator.py
[2024-10-11T18:01:24.608+0000] {processor.py:830} INFO - Processing file /home/airflow/.local/lib/python3.12/site-packages/airflow/example_dags/example_python_decorator.py for tasks to queue
[2024-10-11T18:01:24.610+0000] {logging_mixin.py:188} INFO - [2024-10-11T18:01:24.610+0000] {dagbag.py:545} INFO - Filling up the DagBag from /home/airflow/.local/lib/python3.12/site-packages/airflow/example_dags/example_python_decorator.py
[2024-10-11T18:01:24.626+0000] {processor.py:840} INFO - DAG(s) 'example_python_decorator' retrieved from /home/airflow/.local/lib/python3.12/site-packages/airflow/example_dags/example_python_decorator.py
[2024-10-11T18:01:24.658+0000] {logging_mixin.py:188} INFO - [2024-10-11T18:01:24.658+0000] {dag.py:3096} INFO - Sync 1 DAGs
[2024-10-11T18:01:24.676+0000] {logging_mixin.py:188} INFO - [2024-10-11T18:01:24.675+0000] {dag.py:3954} INFO - Setting next_dagrun for example_python_decorator to None, run_after=None
[2024-10-11T18:01:24.717+0000] {processor.py:183} INFO - Processing /home/airflow/.local/lib/python3.12/site-packages/airflow/example_dags/example_python_decorator.py took 0.116 seconds
[2024-10-11T18:01:54.888+0000] {processor.py:161} INFO - Started process (PID=9067) to work on /home/airflow/.local/lib/python3.12/site-packages/airflow/example_dags/example_python_decorator.py
[2024-10-11T18:01:54.889+0000] {processor.py:830} INFO - Processing file /home/airflow/.local/lib/python3.12/site-packages/airflow/example_dags/example_python_decorator.py for tasks to queue
[2024-10-11T18:01:54.891+0000] {logging_mixin.py:188} INFO - [2024-10-11T18:01:54.891+0000] {dagbag.py:545} INFO - Filling up the DagBag from /home/airflow/.local/lib/python3.12/site-packages/airflow/example_dags/example_python_decorator.py
[2024-10-11T18:01:54.904+0000] {processor.py:840} INFO - DAG(s) 'example_python_decorator' retrieved from /home/airflow/.local/lib/python3.12/site-packages/airflow/example_dags/example_python_decorator.py
[2024-10-11T18:01:54.931+0000] {logging_mixin.py:188} INFO - [2024-10-11T18:01:54.931+0000] {dag.py:3096} INFO - Sync 1 DAGs
[2024-10-11T18:01:54.947+0000] {logging_mixin.py:188} INFO - [2024-10-11T18:01:54.946+0000] {dag.py:3954} INFO - Setting next_dagrun for example_python_decorator to None, run_after=None
[2024-10-11T18:01:54.973+0000] {processor.py:183} INFO - Processing /home/airflow/.local/lib/python3.12/site-packages/airflow/example_dags/example_python_decorator.py took 0.091 seconds
[2024-10-11T18:02:25.327+0000] {processor.py:161} INFO - Started process (PID=9327) to work on /home/airflow/.local/lib/python3.12/site-packages/airflow/example_dags/example_python_decorator.py
[2024-10-11T18:02:25.328+0000] {processor.py:830} INFO - Processing file /home/airflow/.local/lib/python3.12/site-packages/airflow/example_dags/example_python_decorator.py for tasks to queue
[2024-10-11T18:02:25.331+0000] {logging_mixin.py:188} INFO - [2024-10-11T18:02:25.331+0000] {dagbag.py:545} INFO - Filling up the DagBag from /home/airflow/.local/lib/python3.12/site-packages/airflow/example_dags/example_python_decorator.py
[2024-10-11T18:02:25.351+0000] {processor.py:840} INFO - DAG(s) 'example_python_decorator' retrieved from /home/airflow/.local/lib/python3.12/site-packages/airflow/example_dags/example_python_decorator.py
[2024-10-11T18:02:25.389+0000] {logging_mixin.py:188} INFO - [2024-10-11T18:02:25.388+0000] {dag.py:3096} INFO - Sync 1 DAGs
[2024-10-11T18:02:25.412+0000] {logging_mixin.py:188} INFO - [2024-10-11T18:02:25.411+0000] {dag.py:3954} INFO - Setting next_dagrun for example_python_decorator to None, run_after=None
[2024-10-11T18:02:25.586+0000] {processor.py:183} INFO - Processing /home/airflow/.local/lib/python3.12/site-packages/airflow/example_dags/example_python_decorator.py took 0.269 seconds
[2024-10-11T18:02:55.680+0000] {processor.py:161} INFO - Started process (PID=9591) to work on /home/airflow/.local/lib/python3.12/site-packages/airflow/example_dags/example_python_decorator.py
[2024-10-11T18:02:55.681+0000] {processor.py:830} INFO - Processing file /home/airflow/.local/lib/python3.12/site-packages/airflow/example_dags/example_python_decorator.py for tasks to queue
[2024-10-11T18:02:55.684+0000] {logging_mixin.py:188} INFO - [2024-10-11T18:02:55.683+0000] {dagbag.py:545} INFO - Filling up the DagBag from /home/airflow/.local/lib/python3.12/site-packages/airflow/example_dags/example_python_decorator.py
[2024-10-11T18:02:55.700+0000] {processor.py:840} INFO - DAG(s) 'example_python_decorator' retrieved from /home/airflow/.local/lib/python3.12/site-packages/airflow/example_dags/example_python_decorator.py
[2024-10-11T18:02:55.728+0000] {logging_mixin.py:188} INFO - [2024-10-11T18:02:55.728+0000] {dag.py:3096} INFO - Sync 1 DAGs
[2024-10-11T18:02:55.758+0000] {logging_mixin.py:188} INFO - [2024-10-11T18:02:55.758+0000] {dag.py:3954} INFO - Setting next_dagrun for example_python_decorator to None, run_after=None
[2024-10-11T18:02:55.806+0000] {processor.py:183} INFO - Processing /home/airflow/.local/lib/python3.12/site-packages/airflow/example_dags/example_python_decorator.py took 0.132 seconds
[2024-10-11T18:03:25.941+0000] {processor.py:161} INFO - Started process (PID=9853) to work on /home/airflow/.local/lib/python3.12/site-packages/airflow/example_dags/example_python_decorator.py
[2024-10-11T18:03:25.942+0000] {processor.py:830} INFO - Processing file /home/airflow/.local/lib/python3.12/site-packages/airflow/example_dags/example_python_decorator.py for tasks to queue
[2024-10-11T18:03:25.944+0000] {logging_mixin.py:188} INFO - [2024-10-11T18:03:25.944+0000] {dagbag.py:545} INFO - Filling up the DagBag from /home/airflow/.local/lib/python3.12/site-packages/airflow/example_dags/example_python_decorator.py
[2024-10-11T18:03:25.956+0000] {processor.py:840} INFO - DAG(s) 'example_python_decorator' retrieved from /home/airflow/.local/lib/python3.12/site-packages/airflow/example_dags/example_python_decorator.py
[2024-10-11T18:03:25.983+0000] {logging_mixin.py:188} INFO - [2024-10-11T18:03:25.982+0000] {dag.py:3096} INFO - Sync 1 DAGs
[2024-10-11T18:03:26.000+0000] {logging_mixin.py:188} INFO - [2024-10-11T18:03:26.000+0000] {dag.py:3954} INFO - Setting next_dagrun for example_python_decorator to None, run_after=None
[2024-10-11T18:03:26.026+0000] {processor.py:183} INFO - Processing /home/airflow/.local/lib/python3.12/site-packages/airflow/example_dags/example_python_decorator.py took 0.090 seconds
[2024-10-11T18:03:56.625+0000] {processor.py:161} INFO - Started process (PID=10115) to work on /home/airflow/.local/lib/python3.12/site-packages/airflow/example_dags/example_python_decorator.py
[2024-10-11T18:03:56.626+0000] {processor.py:830} INFO - Processing file /home/airflow/.local/lib/python3.12/site-packages/airflow/example_dags/example_python_decorator.py for tasks to queue
[2024-10-11T18:03:56.628+0000] {logging_mixin.py:188} INFO - [2024-10-11T18:03:56.628+0000] {dagbag.py:545} INFO - Filling up the DagBag from /home/airflow/.local/lib/python3.12/site-packages/airflow/example_dags/example_python_decorator.py
[2024-10-11T18:03:56.648+0000] {processor.py:840} INFO - DAG(s) 'example_python_decorator' retrieved from /home/airflow/.local/lib/python3.12/site-packages/airflow/example_dags/example_python_decorator.py
[2024-10-11T18:03:56.681+0000] {logging_mixin.py:188} INFO - [2024-10-11T18:03:56.681+0000] {dag.py:3096} INFO - Sync 1 DAGs
[2024-10-11T18:03:56.701+0000] {logging_mixin.py:188} INFO - [2024-10-11T18:03:56.700+0000] {dag.py:3954} INFO - Setting next_dagrun for example_python_decorator to None, run_after=None
[2024-10-11T18:03:56.736+0000] {processor.py:183} INFO - Processing /home/airflow/.local/lib/python3.12/site-packages/airflow/example_dags/example_python_decorator.py took 0.118 seconds
