[2024-10-11T17:45:00.436+0000] {processor.py:161} INFO - Started process (PID=282) to work on /home/airflow/.local/lib/python3.12/site-packages/airflow/example_dags/example_complex.py
[2024-10-11T17:45:00.437+0000] {processor.py:830} INFO - Processing file /home/airflow/.local/lib/python3.12/site-packages/airflow/example_dags/example_complex.py for tasks to queue
[2024-10-11T17:45:00.439+0000] {logging_mixin.py:188} INFO - [2024-10-11T17:45:00.439+0000] {dagbag.py:545} INFO - Filling up the DagBag from /home/airflow/.local/lib/python3.12/site-packages/airflow/example_dags/example_complex.py
[2024-10-11T17:45:00.457+0000] {processor.py:840} INFO - DAG(s) 'example_complex' retrieved from /home/airflow/.local/lib/python3.12/site-packages/airflow/example_dags/example_complex.py
[2024-10-11T17:45:00.477+0000] {logging_mixin.py:188} INFO - [2024-10-11T17:45:00.476+0000] {dag.py:3096} INFO - Sync 1 DAGs
[2024-10-11T17:45:00.505+0000] {logging_mixin.py:188} INFO - [2024-10-11T17:45:00.505+0000] {dag.py:3954} INFO - Setting next_dagrun for example_complex to None, run_after=None
[2024-10-11T17:45:00.548+0000] {processor.py:183} INFO - Processing /home/airflow/.local/lib/python3.12/site-packages/airflow/example_dags/example_complex.py took 0.119 seconds
[2024-10-11T17:45:31.471+0000] {processor.py:161} INFO - Started process (PID=544) to work on /home/airflow/.local/lib/python3.12/site-packages/airflow/example_dags/example_complex.py
[2024-10-11T17:45:31.472+0000] {processor.py:830} INFO - Processing file /home/airflow/.local/lib/python3.12/site-packages/airflow/example_dags/example_complex.py for tasks to queue
[2024-10-11T17:45:31.474+0000] {logging_mixin.py:188} INFO - [2024-10-11T17:45:31.474+0000] {dagbag.py:545} INFO - Filling up the DagBag from /home/airflow/.local/lib/python3.12/site-packages/airflow/example_dags/example_complex.py
[2024-10-11T17:45:31.485+0000] {processor.py:840} INFO - DAG(s) 'example_complex' retrieved from /home/airflow/.local/lib/python3.12/site-packages/airflow/example_dags/example_complex.py
[2024-10-11T17:45:31.629+0000] {logging_mixin.py:188} INFO - [2024-10-11T17:45:31.628+0000] {dag.py:3096} INFO - Sync 1 DAGs
[2024-10-11T17:45:31.641+0000] {logging_mixin.py:188} INFO - [2024-10-11T17:45:31.641+0000] {dag.py:3954} INFO - Setting next_dagrun for example_complex to None, run_after=None
[2024-10-11T17:45:31.670+0000] {processor.py:183} INFO - Processing /home/airflow/.local/lib/python3.12/site-packages/airflow/example_dags/example_complex.py took 0.204 seconds
[2024-10-11T17:46:02.080+0000] {processor.py:161} INFO - Started process (PID=806) to work on /home/airflow/.local/lib/python3.12/site-packages/airflow/example_dags/example_complex.py
[2024-10-11T17:46:02.081+0000] {processor.py:830} INFO - Processing file /home/airflow/.local/lib/python3.12/site-packages/airflow/example_dags/example_complex.py for tasks to queue
[2024-10-11T17:46:02.083+0000] {logging_mixin.py:188} INFO - [2024-10-11T17:46:02.083+0000] {dagbag.py:545} INFO - Filling up the DagBag from /home/airflow/.local/lib/python3.12/site-packages/airflow/example_dags/example_complex.py
[2024-10-11T17:46:02.093+0000] {processor.py:840} INFO - DAG(s) 'example_complex' retrieved from /home/airflow/.local/lib/python3.12/site-packages/airflow/example_dags/example_complex.py
[2024-10-11T17:46:02.129+0000] {logging_mixin.py:188} INFO - [2024-10-11T17:46:02.129+0000] {dag.py:3096} INFO - Sync 1 DAGs
[2024-10-11T17:46:02.145+0000] {logging_mixin.py:188} INFO - [2024-10-11T17:46:02.145+0000] {dag.py:3954} INFO - Setting next_dagrun for example_complex to None, run_after=None
[2024-10-11T17:46:02.170+0000] {processor.py:183} INFO - Processing /home/airflow/.local/lib/python3.12/site-packages/airflow/example_dags/example_complex.py took 0.096 seconds
[2024-10-11T17:46:32.567+0000] {processor.py:161} INFO - Started process (PID=1068) to work on /home/airflow/.local/lib/python3.12/site-packages/airflow/example_dags/example_complex.py
[2024-10-11T17:46:32.568+0000] {processor.py:830} INFO - Processing file /home/airflow/.local/lib/python3.12/site-packages/airflow/example_dags/example_complex.py for tasks to queue
[2024-10-11T17:46:32.572+0000] {logging_mixin.py:188} INFO - [2024-10-11T17:46:32.571+0000] {dagbag.py:545} INFO - Filling up the DagBag from /home/airflow/.local/lib/python3.12/site-packages/airflow/example_dags/example_complex.py
[2024-10-11T17:46:32.582+0000] {processor.py:840} INFO - DAG(s) 'example_complex' retrieved from /home/airflow/.local/lib/python3.12/site-packages/airflow/example_dags/example_complex.py
[2024-10-11T17:46:32.618+0000] {logging_mixin.py:188} INFO - [2024-10-11T17:46:32.618+0000] {dag.py:3096} INFO - Sync 1 DAGs
[2024-10-11T17:46:32.636+0000] {logging_mixin.py:188} INFO - [2024-10-11T17:46:32.635+0000] {dag.py:3954} INFO - Setting next_dagrun for example_complex to None, run_after=None
[2024-10-11T17:46:32.664+0000] {processor.py:183} INFO - Processing /home/airflow/.local/lib/python3.12/site-packages/airflow/example_dags/example_complex.py took 0.102 seconds
[2024-10-11T17:47:03.338+0000] {processor.py:161} INFO - Started process (PID=1331) to work on /home/airflow/.local/lib/python3.12/site-packages/airflow/example_dags/example_complex.py
[2024-10-11T17:47:03.339+0000] {processor.py:830} INFO - Processing file /home/airflow/.local/lib/python3.12/site-packages/airflow/example_dags/example_complex.py for tasks to queue
[2024-10-11T17:47:03.342+0000] {logging_mixin.py:188} INFO - [2024-10-11T17:47:03.341+0000] {dagbag.py:545} INFO - Filling up the DagBag from /home/airflow/.local/lib/python3.12/site-packages/airflow/example_dags/example_complex.py
[2024-10-11T17:47:03.353+0000] {processor.py:840} INFO - DAG(s) 'example_complex' retrieved from /home/airflow/.local/lib/python3.12/site-packages/airflow/example_dags/example_complex.py
[2024-10-11T17:47:03.391+0000] {logging_mixin.py:188} INFO - [2024-10-11T17:47:03.390+0000] {dag.py:3096} INFO - Sync 1 DAGs
[2024-10-11T17:47:03.405+0000] {logging_mixin.py:188} INFO - [2024-10-11T17:47:03.404+0000] {dag.py:3954} INFO - Setting next_dagrun for example_complex to None, run_after=None
[2024-10-11T17:47:03.431+0000] {processor.py:183} INFO - Processing /home/airflow/.local/lib/python3.12/site-packages/airflow/example_dags/example_complex.py took 0.098 seconds
[2024-10-11T17:47:33.512+0000] {processor.py:161} INFO - Started process (PID=1589) to work on /home/airflow/.local/lib/python3.12/site-packages/airflow/example_dags/example_complex.py
[2024-10-11T17:47:33.514+0000] {processor.py:830} INFO - Processing file /home/airflow/.local/lib/python3.12/site-packages/airflow/example_dags/example_complex.py for tasks to queue
[2024-10-11T17:47:33.516+0000] {logging_mixin.py:188} INFO - [2024-10-11T17:47:33.516+0000] {dagbag.py:545} INFO - Filling up the DagBag from /home/airflow/.local/lib/python3.12/site-packages/airflow/example_dags/example_complex.py
[2024-10-11T17:47:33.532+0000] {processor.py:840} INFO - DAG(s) 'example_complex' retrieved from /home/airflow/.local/lib/python3.12/site-packages/airflow/example_dags/example_complex.py
[2024-10-11T17:47:33.573+0000] {logging_mixin.py:188} INFO - [2024-10-11T17:47:33.573+0000] {dag.py:3096} INFO - Sync 1 DAGs
[2024-10-11T17:47:33.590+0000] {logging_mixin.py:188} INFO - [2024-10-11T17:47:33.589+0000] {dag.py:3954} INFO - Setting next_dagrun for example_complex to None, run_after=None
[2024-10-11T17:47:33.618+0000] {processor.py:183} INFO - Processing /home/airflow/.local/lib/python3.12/site-packages/airflow/example_dags/example_complex.py took 0.113 seconds
[2024-10-11T17:48:03.778+0000] {processor.py:161} INFO - Started process (PID=1851) to work on /home/airflow/.local/lib/python3.12/site-packages/airflow/example_dags/example_complex.py
[2024-10-11T17:48:03.780+0000] {processor.py:830} INFO - Processing file /home/airflow/.local/lib/python3.12/site-packages/airflow/example_dags/example_complex.py for tasks to queue
[2024-10-11T17:48:03.782+0000] {logging_mixin.py:188} INFO - [2024-10-11T17:48:03.781+0000] {dagbag.py:545} INFO - Filling up the DagBag from /home/airflow/.local/lib/python3.12/site-packages/airflow/example_dags/example_complex.py
[2024-10-11T17:48:03.792+0000] {processor.py:840} INFO - DAG(s) 'example_complex' retrieved from /home/airflow/.local/lib/python3.12/site-packages/airflow/example_dags/example_complex.py
[2024-10-11T17:48:03.828+0000] {logging_mixin.py:188} INFO - [2024-10-11T17:48:03.828+0000] {dag.py:3096} INFO - Sync 1 DAGs
[2024-10-11T17:48:03.843+0000] {logging_mixin.py:188} INFO - [2024-10-11T17:48:03.842+0000] {dag.py:3954} INFO - Setting next_dagrun for example_complex to None, run_after=None
[2024-10-11T17:48:03.869+0000] {processor.py:183} INFO - Processing /home/airflow/.local/lib/python3.12/site-packages/airflow/example_dags/example_complex.py took 0.096 seconds
[2024-10-11T17:48:34.312+0000] {processor.py:161} INFO - Started process (PID=2108) to work on /home/airflow/.local/lib/python3.12/site-packages/airflow/example_dags/example_complex.py
[2024-10-11T17:48:34.313+0000] {processor.py:830} INFO - Processing file /home/airflow/.local/lib/python3.12/site-packages/airflow/example_dags/example_complex.py for tasks to queue
[2024-10-11T17:48:34.315+0000] {logging_mixin.py:188} INFO - [2024-10-11T17:48:34.315+0000] {dagbag.py:545} INFO - Filling up the DagBag from /home/airflow/.local/lib/python3.12/site-packages/airflow/example_dags/example_complex.py
[2024-10-11T17:48:34.325+0000] {processor.py:840} INFO - DAG(s) 'example_complex' retrieved from /home/airflow/.local/lib/python3.12/site-packages/airflow/example_dags/example_complex.py
[2024-10-11T17:48:34.360+0000] {logging_mixin.py:188} INFO - [2024-10-11T17:48:34.360+0000] {dag.py:3096} INFO - Sync 1 DAGs
[2024-10-11T17:48:34.375+0000] {logging_mixin.py:188} INFO - [2024-10-11T17:48:34.375+0000] {dag.py:3954} INFO - Setting next_dagrun for example_complex to None, run_after=None
[2024-10-11T17:48:34.403+0000] {processor.py:183} INFO - Processing /home/airflow/.local/lib/python3.12/site-packages/airflow/example_dags/example_complex.py took 0.096 seconds
[2024-10-11T17:49:04.829+0000] {processor.py:161} INFO - Started process (PID=2370) to work on /home/airflow/.local/lib/python3.12/site-packages/airflow/example_dags/example_complex.py
[2024-10-11T17:49:04.830+0000] {processor.py:830} INFO - Processing file /home/airflow/.local/lib/python3.12/site-packages/airflow/example_dags/example_complex.py for tasks to queue
[2024-10-11T17:49:04.833+0000] {logging_mixin.py:188} INFO - [2024-10-11T17:49:04.832+0000] {dagbag.py:545} INFO - Filling up the DagBag from /home/airflow/.local/lib/python3.12/site-packages/airflow/example_dags/example_complex.py
[2024-10-11T17:49:04.847+0000] {processor.py:840} INFO - DAG(s) 'example_complex' retrieved from /home/airflow/.local/lib/python3.12/site-packages/airflow/example_dags/example_complex.py
[2024-10-11T17:49:04.881+0000] {logging_mixin.py:188} INFO - [2024-10-11T17:49:04.881+0000] {dag.py:3096} INFO - Sync 1 DAGs
[2024-10-11T17:49:04.896+0000] {logging_mixin.py:188} INFO - [2024-10-11T17:49:04.896+0000] {dag.py:3954} INFO - Setting next_dagrun for example_complex to None, run_after=None
[2024-10-11T17:49:04.923+0000] {processor.py:183} INFO - Processing /home/airflow/.local/lib/python3.12/site-packages/airflow/example_dags/example_complex.py took 0.099 seconds
[2024-10-11T17:49:35.215+0000] {processor.py:161} INFO - Started process (PID=2632) to work on /home/airflow/.local/lib/python3.12/site-packages/airflow/example_dags/example_complex.py
[2024-10-11T17:49:35.218+0000] {processor.py:830} INFO - Processing file /home/airflow/.local/lib/python3.12/site-packages/airflow/example_dags/example_complex.py for tasks to queue
[2024-10-11T17:49:35.220+0000] {logging_mixin.py:188} INFO - [2024-10-11T17:49:35.220+0000] {dagbag.py:545} INFO - Filling up the DagBag from /home/airflow/.local/lib/python3.12/site-packages/airflow/example_dags/example_complex.py
[2024-10-11T17:49:35.232+0000] {processor.py:840} INFO - DAG(s) 'example_complex' retrieved from /home/airflow/.local/lib/python3.12/site-packages/airflow/example_dags/example_complex.py
[2024-10-11T17:49:35.277+0000] {logging_mixin.py:188} INFO - [2024-10-11T17:49:35.277+0000] {dag.py:3096} INFO - Sync 1 DAGs
[2024-10-11T17:49:35.296+0000] {logging_mixin.py:188} INFO - [2024-10-11T17:49:35.296+0000] {dag.py:3954} INFO - Setting next_dagrun for example_complex to None, run_after=None
[2024-10-11T17:49:35.326+0000] {processor.py:183} INFO - Processing /home/airflow/.local/lib/python3.12/site-packages/airflow/example_dags/example_complex.py took 0.121 seconds
[2024-10-11T17:50:05.505+0000] {processor.py:161} INFO - Started process (PID=2894) to work on /home/airflow/.local/lib/python3.12/site-packages/airflow/example_dags/example_complex.py
[2024-10-11T17:50:05.507+0000] {processor.py:830} INFO - Processing file /home/airflow/.local/lib/python3.12/site-packages/airflow/example_dags/example_complex.py for tasks to queue
[2024-10-11T17:50:05.509+0000] {logging_mixin.py:188} INFO - [2024-10-11T17:50:05.509+0000] {dagbag.py:545} INFO - Filling up the DagBag from /home/airflow/.local/lib/python3.12/site-packages/airflow/example_dags/example_complex.py
[2024-10-11T17:50:05.520+0000] {processor.py:840} INFO - DAG(s) 'example_complex' retrieved from /home/airflow/.local/lib/python3.12/site-packages/airflow/example_dags/example_complex.py
[2024-10-11T17:50:05.555+0000] {logging_mixin.py:188} INFO - [2024-10-11T17:50:05.555+0000] {dag.py:3096} INFO - Sync 1 DAGs
[2024-10-11T17:50:05.573+0000] {logging_mixin.py:188} INFO - [2024-10-11T17:50:05.572+0000] {dag.py:3954} INFO - Setting next_dagrun for example_complex to None, run_after=None
[2024-10-11T17:50:05.600+0000] {processor.py:183} INFO - Processing /home/airflow/.local/lib/python3.12/site-packages/airflow/example_dags/example_complex.py took 0.101 seconds
[2024-10-11T17:50:35.859+0000] {processor.py:161} INFO - Started process (PID=3156) to work on /home/airflow/.local/lib/python3.12/site-packages/airflow/example_dags/example_complex.py
[2024-10-11T17:50:35.860+0000] {processor.py:830} INFO - Processing file /home/airflow/.local/lib/python3.12/site-packages/airflow/example_dags/example_complex.py for tasks to queue
[2024-10-11T17:50:35.862+0000] {logging_mixin.py:188} INFO - [2024-10-11T17:50:35.862+0000] {dagbag.py:545} INFO - Filling up the DagBag from /home/airflow/.local/lib/python3.12/site-packages/airflow/example_dags/example_complex.py
[2024-10-11T17:50:35.872+0000] {processor.py:840} INFO - DAG(s) 'example_complex' retrieved from /home/airflow/.local/lib/python3.12/site-packages/airflow/example_dags/example_complex.py
[2024-10-11T17:50:35.915+0000] {logging_mixin.py:188} INFO - [2024-10-11T17:50:35.914+0000] {dag.py:3096} INFO - Sync 1 DAGs
[2024-10-11T17:50:35.931+0000] {logging_mixin.py:188} INFO - [2024-10-11T17:50:35.930+0000] {dag.py:3954} INFO - Setting next_dagrun for example_complex to None, run_after=None
[2024-10-11T17:50:35.961+0000] {processor.py:183} INFO - Processing /home/airflow/.local/lib/python3.12/site-packages/airflow/example_dags/example_complex.py took 0.107 seconds
[2024-10-11T17:51:06.356+0000] {processor.py:161} INFO - Started process (PID=3418) to work on /home/airflow/.local/lib/python3.12/site-packages/airflow/example_dags/example_complex.py
[2024-10-11T17:51:06.357+0000] {processor.py:830} INFO - Processing file /home/airflow/.local/lib/python3.12/site-packages/airflow/example_dags/example_complex.py for tasks to queue
[2024-10-11T17:51:06.359+0000] {logging_mixin.py:188} INFO - [2024-10-11T17:51:06.359+0000] {dagbag.py:545} INFO - Filling up the DagBag from /home/airflow/.local/lib/python3.12/site-packages/airflow/example_dags/example_complex.py
[2024-10-11T17:51:06.369+0000] {processor.py:840} INFO - DAG(s) 'example_complex' retrieved from /home/airflow/.local/lib/python3.12/site-packages/airflow/example_dags/example_complex.py
[2024-10-11T17:51:06.406+0000] {logging_mixin.py:188} INFO - [2024-10-11T17:51:06.406+0000] {dag.py:3096} INFO - Sync 1 DAGs
[2024-10-11T17:51:06.421+0000] {logging_mixin.py:188} INFO - [2024-10-11T17:51:06.421+0000] {dag.py:3954} INFO - Setting next_dagrun for example_complex to None, run_after=None
[2024-10-11T17:51:06.450+0000] {processor.py:183} INFO - Processing /home/airflow/.local/lib/python3.12/site-packages/airflow/example_dags/example_complex.py took 0.100 seconds
[2024-10-11T17:51:37.263+0000] {processor.py:161} INFO - Started process (PID=3685) to work on /home/airflow/.local/lib/python3.12/site-packages/airflow/example_dags/example_complex.py
[2024-10-11T17:51:37.264+0000] {processor.py:830} INFO - Processing file /home/airflow/.local/lib/python3.12/site-packages/airflow/example_dags/example_complex.py for tasks to queue
[2024-10-11T17:51:37.266+0000] {logging_mixin.py:188} INFO - [2024-10-11T17:51:37.266+0000] {dagbag.py:545} INFO - Filling up the DagBag from /home/airflow/.local/lib/python3.12/site-packages/airflow/example_dags/example_complex.py
[2024-10-11T17:51:37.280+0000] {processor.py:840} INFO - DAG(s) 'example_complex' retrieved from /home/airflow/.local/lib/python3.12/site-packages/airflow/example_dags/example_complex.py
[2024-10-11T17:51:37.326+0000] {logging_mixin.py:188} INFO - [2024-10-11T17:51:37.325+0000] {dag.py:3096} INFO - Sync 1 DAGs
[2024-10-11T17:51:37.343+0000] {logging_mixin.py:188} INFO - [2024-10-11T17:51:37.343+0000] {dag.py:3954} INFO - Setting next_dagrun for example_complex to None, run_after=None
[2024-10-11T17:51:37.380+0000] {processor.py:183} INFO - Processing /home/airflow/.local/lib/python3.12/site-packages/airflow/example_dags/example_complex.py took 0.123 seconds
[2024-10-11T17:52:07.714+0000] {processor.py:161} INFO - Started process (PID=3947) to work on /home/airflow/.local/lib/python3.12/site-packages/airflow/example_dags/example_complex.py
[2024-10-11T17:52:07.715+0000] {processor.py:830} INFO - Processing file /home/airflow/.local/lib/python3.12/site-packages/airflow/example_dags/example_complex.py for tasks to queue
[2024-10-11T17:52:07.717+0000] {logging_mixin.py:188} INFO - [2024-10-11T17:52:07.717+0000] {dagbag.py:545} INFO - Filling up the DagBag from /home/airflow/.local/lib/python3.12/site-packages/airflow/example_dags/example_complex.py
[2024-10-11T17:52:07.736+0000] {processor.py:840} INFO - DAG(s) 'example_complex' retrieved from /home/airflow/.local/lib/python3.12/site-packages/airflow/example_dags/example_complex.py
[2024-10-11T17:52:07.774+0000] {logging_mixin.py:188} INFO - [2024-10-11T17:52:07.774+0000] {dag.py:3096} INFO - Sync 1 DAGs
[2024-10-11T17:52:07.794+0000] {logging_mixin.py:188} INFO - [2024-10-11T17:52:07.793+0000] {dag.py:3954} INFO - Setting next_dagrun for example_complex to None, run_after=None
[2024-10-11T17:52:07.827+0000] {processor.py:183} INFO - Processing /home/airflow/.local/lib/python3.12/site-packages/airflow/example_dags/example_complex.py took 0.120 seconds
[2024-10-11T17:52:37.906+0000] {processor.py:161} INFO - Started process (PID=4209) to work on /home/airflow/.local/lib/python3.12/site-packages/airflow/example_dags/example_complex.py
[2024-10-11T17:52:37.907+0000] {processor.py:830} INFO - Processing file /home/airflow/.local/lib/python3.12/site-packages/airflow/example_dags/example_complex.py for tasks to queue
[2024-10-11T17:52:37.910+0000] {logging_mixin.py:188} INFO - [2024-10-11T17:52:37.909+0000] {dagbag.py:545} INFO - Filling up the DagBag from /home/airflow/.local/lib/python3.12/site-packages/airflow/example_dags/example_complex.py
[2024-10-11T17:52:37.920+0000] {processor.py:840} INFO - DAG(s) 'example_complex' retrieved from /home/airflow/.local/lib/python3.12/site-packages/airflow/example_dags/example_complex.py
[2024-10-11T17:52:37.954+0000] {logging_mixin.py:188} INFO - [2024-10-11T17:52:37.954+0000] {dag.py:3096} INFO - Sync 1 DAGs
[2024-10-11T17:52:37.967+0000] {logging_mixin.py:188} INFO - [2024-10-11T17:52:37.967+0000] {dag.py:3954} INFO - Setting next_dagrun for example_complex to None, run_after=None
[2024-10-11T17:52:37.995+0000] {processor.py:183} INFO - Processing /home/airflow/.local/lib/python3.12/site-packages/airflow/example_dags/example_complex.py took 0.093 seconds
[2024-10-11T17:53:08.100+0000] {processor.py:161} INFO - Started process (PID=4466) to work on /home/airflow/.local/lib/python3.12/site-packages/airflow/example_dags/example_complex.py
[2024-10-11T17:53:08.101+0000] {processor.py:830} INFO - Processing file /home/airflow/.local/lib/python3.12/site-packages/airflow/example_dags/example_complex.py for tasks to queue
[2024-10-11T17:53:08.103+0000] {logging_mixin.py:188} INFO - [2024-10-11T17:53:08.103+0000] {dagbag.py:545} INFO - Filling up the DagBag from /home/airflow/.local/lib/python3.12/site-packages/airflow/example_dags/example_complex.py
[2024-10-11T17:53:08.114+0000] {processor.py:840} INFO - DAG(s) 'example_complex' retrieved from /home/airflow/.local/lib/python3.12/site-packages/airflow/example_dags/example_complex.py
[2024-10-11T17:53:08.154+0000] {logging_mixin.py:188} INFO - [2024-10-11T17:53:08.154+0000] {dag.py:3096} INFO - Sync 1 DAGs
[2024-10-11T17:53:08.169+0000] {logging_mixin.py:188} INFO - [2024-10-11T17:53:08.169+0000] {dag.py:3954} INFO - Setting next_dagrun for example_complex to None, run_after=None
[2024-10-11T17:53:08.202+0000] {processor.py:183} INFO - Processing /home/airflow/.local/lib/python3.12/site-packages/airflow/example_dags/example_complex.py took 0.107 seconds
[2024-10-11T17:53:38.749+0000] {processor.py:161} INFO - Started process (PID=4733) to work on /home/airflow/.local/lib/python3.12/site-packages/airflow/example_dags/example_complex.py
[2024-10-11T17:53:38.750+0000] {processor.py:830} INFO - Processing file /home/airflow/.local/lib/python3.12/site-packages/airflow/example_dags/example_complex.py for tasks to queue
[2024-10-11T17:53:38.752+0000] {logging_mixin.py:188} INFO - [2024-10-11T17:53:38.752+0000] {dagbag.py:545} INFO - Filling up the DagBag from /home/airflow/.local/lib/python3.12/site-packages/airflow/example_dags/example_complex.py
[2024-10-11T17:53:38.764+0000] {processor.py:840} INFO - DAG(s) 'example_complex' retrieved from /home/airflow/.local/lib/python3.12/site-packages/airflow/example_dags/example_complex.py
[2024-10-11T17:53:38.800+0000] {logging_mixin.py:188} INFO - [2024-10-11T17:53:38.800+0000] {dag.py:3096} INFO - Sync 1 DAGs
[2024-10-11T17:53:38.814+0000] {logging_mixin.py:188} INFO - [2024-10-11T17:53:38.814+0000] {dag.py:3954} INFO - Setting next_dagrun for example_complex to None, run_after=None
[2024-10-11T17:53:38.843+0000] {processor.py:183} INFO - Processing /home/airflow/.local/lib/python3.12/site-packages/airflow/example_dags/example_complex.py took 0.099 seconds
[2024-10-11T17:54:08.910+0000] {processor.py:161} INFO - Started process (PID=4990) to work on /home/airflow/.local/lib/python3.12/site-packages/airflow/example_dags/example_complex.py
[2024-10-11T17:54:08.912+0000] {processor.py:830} INFO - Processing file /home/airflow/.local/lib/python3.12/site-packages/airflow/example_dags/example_complex.py for tasks to queue
[2024-10-11T17:54:08.914+0000] {logging_mixin.py:188} INFO - [2024-10-11T17:54:08.913+0000] {dagbag.py:545} INFO - Filling up the DagBag from /home/airflow/.local/lib/python3.12/site-packages/airflow/example_dags/example_complex.py
[2024-10-11T17:54:08.925+0000] {processor.py:840} INFO - DAG(s) 'example_complex' retrieved from /home/airflow/.local/lib/python3.12/site-packages/airflow/example_dags/example_complex.py
[2024-10-11T17:54:08.964+0000] {logging_mixin.py:188} INFO - [2024-10-11T17:54:08.963+0000] {dag.py:3096} INFO - Sync 1 DAGs
[2024-10-11T17:54:08.977+0000] {logging_mixin.py:188} INFO - [2024-10-11T17:54:08.977+0000] {dag.py:3954} INFO - Setting next_dagrun for example_complex to None, run_after=None
[2024-10-11T17:54:09.003+0000] {processor.py:183} INFO - Processing /home/airflow/.local/lib/python3.12/site-packages/airflow/example_dags/example_complex.py took 0.099 seconds
[2024-10-11T17:54:39.402+0000] {processor.py:161} INFO - Started process (PID=5257) to work on /home/airflow/.local/lib/python3.12/site-packages/airflow/example_dags/example_complex.py
[2024-10-11T17:54:39.403+0000] {processor.py:830} INFO - Processing file /home/airflow/.local/lib/python3.12/site-packages/airflow/example_dags/example_complex.py for tasks to queue
[2024-10-11T17:54:39.405+0000] {logging_mixin.py:188} INFO - [2024-10-11T17:54:39.405+0000] {dagbag.py:545} INFO - Filling up the DagBag from /home/airflow/.local/lib/python3.12/site-packages/airflow/example_dags/example_complex.py
[2024-10-11T17:54:39.416+0000] {processor.py:840} INFO - DAG(s) 'example_complex' retrieved from /home/airflow/.local/lib/python3.12/site-packages/airflow/example_dags/example_complex.py
[2024-10-11T17:54:39.458+0000] {logging_mixin.py:188} INFO - [2024-10-11T17:54:39.457+0000] {dag.py:3096} INFO - Sync 1 DAGs
[2024-10-11T17:54:39.476+0000] {logging_mixin.py:188} INFO - [2024-10-11T17:54:39.475+0000] {dag.py:3954} INFO - Setting next_dagrun for example_complex to None, run_after=None
[2024-10-11T17:54:39.505+0000] {processor.py:183} INFO - Processing /home/airflow/.local/lib/python3.12/site-packages/airflow/example_dags/example_complex.py took 0.108 seconds
[2024-10-11T17:55:09.868+0000] {processor.py:161} INFO - Started process (PID=5514) to work on /home/airflow/.local/lib/python3.12/site-packages/airflow/example_dags/example_complex.py
[2024-10-11T17:55:09.870+0000] {processor.py:830} INFO - Processing file /home/airflow/.local/lib/python3.12/site-packages/airflow/example_dags/example_complex.py for tasks to queue
[2024-10-11T17:55:09.874+0000] {logging_mixin.py:188} INFO - [2024-10-11T17:55:09.873+0000] {dagbag.py:545} INFO - Filling up the DagBag from /home/airflow/.local/lib/python3.12/site-packages/airflow/example_dags/example_complex.py
[2024-10-11T17:55:09.891+0000] {processor.py:840} INFO - DAG(s) 'example_complex' retrieved from /home/airflow/.local/lib/python3.12/site-packages/airflow/example_dags/example_complex.py
[2024-10-11T17:55:09.964+0000] {logging_mixin.py:188} INFO - [2024-10-11T17:55:09.963+0000] {dag.py:3096} INFO - Sync 1 DAGs
[2024-10-11T17:55:09.996+0000] {logging_mixin.py:188} INFO - [2024-10-11T17:55:09.995+0000] {dag.py:3954} INFO - Setting next_dagrun for example_complex to None, run_after=None
[2024-10-11T17:55:10.106+0000] {processor.py:183} INFO - Processing /home/airflow/.local/lib/python3.12/site-packages/airflow/example_dags/example_complex.py took 0.247 seconds
[2024-10-11T17:55:40.234+0000] {processor.py:161} INFO - Started process (PID=5778) to work on /home/airflow/.local/lib/python3.12/site-packages/airflow/example_dags/example_complex.py
[2024-10-11T17:55:40.236+0000] {processor.py:830} INFO - Processing file /home/airflow/.local/lib/python3.12/site-packages/airflow/example_dags/example_complex.py for tasks to queue
[2024-10-11T17:55:40.239+0000] {logging_mixin.py:188} INFO - [2024-10-11T17:55:40.238+0000] {dagbag.py:545} INFO - Filling up the DagBag from /home/airflow/.local/lib/python3.12/site-packages/airflow/example_dags/example_complex.py
[2024-10-11T17:55:40.250+0000] {processor.py:840} INFO - DAG(s) 'example_complex' retrieved from /home/airflow/.local/lib/python3.12/site-packages/airflow/example_dags/example_complex.py
[2024-10-11T17:55:40.290+0000] {logging_mixin.py:188} INFO - [2024-10-11T17:55:40.290+0000] {dag.py:3096} INFO - Sync 1 DAGs
[2024-10-11T17:55:40.308+0000] {logging_mixin.py:188} INFO - [2024-10-11T17:55:40.308+0000] {dag.py:3954} INFO - Setting next_dagrun for example_complex to None, run_after=None
[2024-10-11T17:55:40.343+0000] {processor.py:183} INFO - Processing /home/airflow/.local/lib/python3.12/site-packages/airflow/example_dags/example_complex.py took 0.114 seconds
[2024-10-11T17:56:10.714+0000] {processor.py:161} INFO - Started process (PID=6038) to work on /home/airflow/.local/lib/python3.12/site-packages/airflow/example_dags/example_complex.py
[2024-10-11T17:56:10.715+0000] {processor.py:830} INFO - Processing file /home/airflow/.local/lib/python3.12/site-packages/airflow/example_dags/example_complex.py for tasks to queue
[2024-10-11T17:56:10.718+0000] {logging_mixin.py:188} INFO - [2024-10-11T17:56:10.718+0000] {dagbag.py:545} INFO - Filling up the DagBag from /home/airflow/.local/lib/python3.12/site-packages/airflow/example_dags/example_complex.py
[2024-10-11T17:56:10.731+0000] {processor.py:840} INFO - DAG(s) 'example_complex' retrieved from /home/airflow/.local/lib/python3.12/site-packages/airflow/example_dags/example_complex.py
[2024-10-11T17:56:10.780+0000] {logging_mixin.py:188} INFO - [2024-10-11T17:56:10.779+0000] {dag.py:3096} INFO - Sync 1 DAGs
[2024-10-11T17:56:10.800+0000] {logging_mixin.py:188} INFO - [2024-10-11T17:56:10.799+0000] {dag.py:3954} INFO - Setting next_dagrun for example_complex to None, run_after=None
[2024-10-11T17:56:10.831+0000] {processor.py:183} INFO - Processing /home/airflow/.local/lib/python3.12/site-packages/airflow/example_dags/example_complex.py took 0.124 seconds
[2024-10-11T17:56:41.923+0000] {processor.py:161} INFO - Started process (PID=6305) to work on /home/airflow/.local/lib/python3.12/site-packages/airflow/example_dags/example_complex.py
[2024-10-11T17:56:41.930+0000] {processor.py:830} INFO - Processing file /home/airflow/.local/lib/python3.12/site-packages/airflow/example_dags/example_complex.py for tasks to queue
[2024-10-11T17:56:41.933+0000] {logging_mixin.py:188} INFO - [2024-10-11T17:56:41.932+0000] {dagbag.py:545} INFO - Filling up the DagBag from /home/airflow/.local/lib/python3.12/site-packages/airflow/example_dags/example_complex.py
[2024-10-11T17:56:41.952+0000] {processor.py:840} INFO - DAG(s) 'example_complex' retrieved from /home/airflow/.local/lib/python3.12/site-packages/airflow/example_dags/example_complex.py
[2024-10-11T17:56:42.016+0000] {logging_mixin.py:188} INFO - [2024-10-11T17:56:42.015+0000] {dag.py:3096} INFO - Sync 1 DAGs
[2024-10-11T17:56:42.041+0000] {logging_mixin.py:188} INFO - [2024-10-11T17:56:42.041+0000] {dag.py:3954} INFO - Setting next_dagrun for example_complex to None, run_after=None
[2024-10-11T17:56:42.081+0000] {processor.py:183} INFO - Processing /home/airflow/.local/lib/python3.12/site-packages/airflow/example_dags/example_complex.py took 0.168 seconds
[2024-10-11T17:57:13.003+0000] {processor.py:161} INFO - Started process (PID=6567) to work on /home/airflow/.local/lib/python3.12/site-packages/airflow/example_dags/example_complex.py
[2024-10-11T17:57:13.005+0000] {processor.py:830} INFO - Processing file /home/airflow/.local/lib/python3.12/site-packages/airflow/example_dags/example_complex.py for tasks to queue
[2024-10-11T17:57:13.007+0000] {logging_mixin.py:188} INFO - [2024-10-11T17:57:13.006+0000] {dagbag.py:545} INFO - Filling up the DagBag from /home/airflow/.local/lib/python3.12/site-packages/airflow/example_dags/example_complex.py
[2024-10-11T17:57:13.020+0000] {processor.py:840} INFO - DAG(s) 'example_complex' retrieved from /home/airflow/.local/lib/python3.12/site-packages/airflow/example_dags/example_complex.py
[2024-10-11T17:57:13.056+0000] {logging_mixin.py:188} INFO - [2024-10-11T17:57:13.056+0000] {dag.py:3096} INFO - Sync 1 DAGs
[2024-10-11T17:57:13.073+0000] {logging_mixin.py:188} INFO - [2024-10-11T17:57:13.072+0000] {dag.py:3954} INFO - Setting next_dagrun for example_complex to None, run_after=None
[2024-10-11T17:57:13.097+0000] {processor.py:183} INFO - Processing /home/airflow/.local/lib/python3.12/site-packages/airflow/example_dags/example_complex.py took 0.100 seconds
[2024-10-11T17:57:43.171+0000] {processor.py:161} INFO - Started process (PID=6829) to work on /home/airflow/.local/lib/python3.12/site-packages/airflow/example_dags/example_complex.py
[2024-10-11T17:57:43.173+0000] {processor.py:830} INFO - Processing file /home/airflow/.local/lib/python3.12/site-packages/airflow/example_dags/example_complex.py for tasks to queue
[2024-10-11T17:57:43.174+0000] {logging_mixin.py:188} INFO - [2024-10-11T17:57:43.174+0000] {dagbag.py:545} INFO - Filling up the DagBag from /home/airflow/.local/lib/python3.12/site-packages/airflow/example_dags/example_complex.py
[2024-10-11T17:57:43.185+0000] {processor.py:840} INFO - DAG(s) 'example_complex' retrieved from /home/airflow/.local/lib/python3.12/site-packages/airflow/example_dags/example_complex.py
[2024-10-11T17:57:43.221+0000] {logging_mixin.py:188} INFO - [2024-10-11T17:57:43.221+0000] {dag.py:3096} INFO - Sync 1 DAGs
[2024-10-11T17:57:43.235+0000] {logging_mixin.py:188} INFO - [2024-10-11T17:57:43.235+0000] {dag.py:3954} INFO - Setting next_dagrun for example_complex to None, run_after=None
[2024-10-11T17:57:43.260+0000] {processor.py:183} INFO - Processing /home/airflow/.local/lib/python3.12/site-packages/airflow/example_dags/example_complex.py took 0.093 seconds
[2024-10-11T17:58:13.305+0000] {processor.py:161} INFO - Started process (PID=7086) to work on /home/airflow/.local/lib/python3.12/site-packages/airflow/example_dags/example_complex.py
[2024-10-11T17:58:13.306+0000] {processor.py:830} INFO - Processing file /home/airflow/.local/lib/python3.12/site-packages/airflow/example_dags/example_complex.py for tasks to queue
[2024-10-11T17:58:13.307+0000] {logging_mixin.py:188} INFO - [2024-10-11T17:58:13.307+0000] {dagbag.py:545} INFO - Filling up the DagBag from /home/airflow/.local/lib/python3.12/site-packages/airflow/example_dags/example_complex.py
[2024-10-11T17:58:13.318+0000] {processor.py:840} INFO - DAG(s) 'example_complex' retrieved from /home/airflow/.local/lib/python3.12/site-packages/airflow/example_dags/example_complex.py
[2024-10-11T17:58:13.357+0000] {logging_mixin.py:188} INFO - [2024-10-11T17:58:13.357+0000] {dag.py:3096} INFO - Sync 1 DAGs
[2024-10-11T17:58:13.372+0000] {logging_mixin.py:188} INFO - [2024-10-11T17:58:13.371+0000] {dag.py:3954} INFO - Setting next_dagrun for example_complex to None, run_after=None
[2024-10-11T17:58:13.399+0000] {processor.py:183} INFO - Processing /home/airflow/.local/lib/python3.12/site-packages/airflow/example_dags/example_complex.py took 0.100 seconds
[2024-10-11T17:58:43.502+0000] {processor.py:161} INFO - Started process (PID=7348) to work on /home/airflow/.local/lib/python3.12/site-packages/airflow/example_dags/example_complex.py
[2024-10-11T17:58:43.503+0000] {processor.py:830} INFO - Processing file /home/airflow/.local/lib/python3.12/site-packages/airflow/example_dags/example_complex.py for tasks to queue
[2024-10-11T17:58:43.507+0000] {logging_mixin.py:188} INFO - [2024-10-11T17:58:43.506+0000] {dagbag.py:545} INFO - Filling up the DagBag from /home/airflow/.local/lib/python3.12/site-packages/airflow/example_dags/example_complex.py
[2024-10-11T17:58:43.520+0000] {processor.py:840} INFO - DAG(s) 'example_complex' retrieved from /home/airflow/.local/lib/python3.12/site-packages/airflow/example_dags/example_complex.py
[2024-10-11T17:58:43.564+0000] {logging_mixin.py:188} INFO - [2024-10-11T17:58:43.563+0000] {dag.py:3096} INFO - Sync 1 DAGs
[2024-10-11T17:58:43.580+0000] {logging_mixin.py:188} INFO - [2024-10-11T17:58:43.579+0000] {dag.py:3954} INFO - Setting next_dagrun for example_complex to None, run_after=None
[2024-10-11T17:58:43.608+0000] {processor.py:183} INFO - Processing /home/airflow/.local/lib/python3.12/site-packages/airflow/example_dags/example_complex.py took 0.113 seconds
[2024-10-11T17:59:13.724+0000] {processor.py:161} INFO - Started process (PID=7610) to work on /home/airflow/.local/lib/python3.12/site-packages/airflow/example_dags/example_complex.py
[2024-10-11T17:59:13.725+0000] {processor.py:830} INFO - Processing file /home/airflow/.local/lib/python3.12/site-packages/airflow/example_dags/example_complex.py for tasks to queue
[2024-10-11T17:59:13.727+0000] {logging_mixin.py:188} INFO - [2024-10-11T17:59:13.727+0000] {dagbag.py:545} INFO - Filling up the DagBag from /home/airflow/.local/lib/python3.12/site-packages/airflow/example_dags/example_complex.py
[2024-10-11T17:59:13.738+0000] {processor.py:840} INFO - DAG(s) 'example_complex' retrieved from /home/airflow/.local/lib/python3.12/site-packages/airflow/example_dags/example_complex.py
[2024-10-11T17:59:13.775+0000] {logging_mixin.py:188} INFO - [2024-10-11T17:59:13.775+0000] {dag.py:3096} INFO - Sync 1 DAGs
[2024-10-11T17:59:13.789+0000] {logging_mixin.py:188} INFO - [2024-10-11T17:59:13.789+0000] {dag.py:3954} INFO - Setting next_dagrun for example_complex to None, run_after=None
[2024-10-11T17:59:13.818+0000] {processor.py:183} INFO - Processing /home/airflow/.local/lib/python3.12/site-packages/airflow/example_dags/example_complex.py took 0.101 seconds
[2024-10-11T17:59:43.942+0000] {processor.py:161} INFO - Started process (PID=7872) to work on /home/airflow/.local/lib/python3.12/site-packages/airflow/example_dags/example_complex.py
[2024-10-11T17:59:43.943+0000] {processor.py:830} INFO - Processing file /home/airflow/.local/lib/python3.12/site-packages/airflow/example_dags/example_complex.py for tasks to queue
[2024-10-11T17:59:43.946+0000] {logging_mixin.py:188} INFO - [2024-10-11T17:59:43.945+0000] {dagbag.py:545} INFO - Filling up the DagBag from /home/airflow/.local/lib/python3.12/site-packages/airflow/example_dags/example_complex.py
[2024-10-11T17:59:43.957+0000] {processor.py:840} INFO - DAG(s) 'example_complex' retrieved from /home/airflow/.local/lib/python3.12/site-packages/airflow/example_dags/example_complex.py
[2024-10-11T17:59:43.993+0000] {logging_mixin.py:188} INFO - [2024-10-11T17:59:43.992+0000] {dag.py:3096} INFO - Sync 1 DAGs
[2024-10-11T17:59:44.006+0000] {logging_mixin.py:188} INFO - [2024-10-11T17:59:44.005+0000] {dag.py:3954} INFO - Setting next_dagrun for example_complex to None, run_after=None
[2024-10-11T17:59:44.040+0000] {processor.py:183} INFO - Processing /home/airflow/.local/lib/python3.12/site-packages/airflow/example_dags/example_complex.py took 0.104 seconds
[2024-10-11T18:00:14.331+0000] {processor.py:161} INFO - Started process (PID=8134) to work on /home/airflow/.local/lib/python3.12/site-packages/airflow/example_dags/example_complex.py
[2024-10-11T18:00:14.333+0000] {processor.py:830} INFO - Processing file /home/airflow/.local/lib/python3.12/site-packages/airflow/example_dags/example_complex.py for tasks to queue
[2024-10-11T18:00:14.335+0000] {logging_mixin.py:188} INFO - [2024-10-11T18:00:14.335+0000] {dagbag.py:545} INFO - Filling up the DagBag from /home/airflow/.local/lib/python3.12/site-packages/airflow/example_dags/example_complex.py
[2024-10-11T18:00:14.345+0000] {processor.py:840} INFO - DAG(s) 'example_complex' retrieved from /home/airflow/.local/lib/python3.12/site-packages/airflow/example_dags/example_complex.py
[2024-10-11T18:00:14.378+0000] {logging_mixin.py:188} INFO - [2024-10-11T18:00:14.378+0000] {dag.py:3096} INFO - Sync 1 DAGs
[2024-10-11T18:00:14.394+0000] {logging_mixin.py:188} INFO - [2024-10-11T18:00:14.394+0000] {dag.py:3954} INFO - Setting next_dagrun for example_complex to None, run_after=None
[2024-10-11T18:00:14.419+0000] {processor.py:183} INFO - Processing /home/airflow/.local/lib/python3.12/site-packages/airflow/example_dags/example_complex.py took 0.093 seconds
[2024-10-11T18:00:44.609+0000] {processor.py:161} INFO - Started process (PID=8396) to work on /home/airflow/.local/lib/python3.12/site-packages/airflow/example_dags/example_complex.py
[2024-10-11T18:00:44.610+0000] {processor.py:830} INFO - Processing file /home/airflow/.local/lib/python3.12/site-packages/airflow/example_dags/example_complex.py for tasks to queue
[2024-10-11T18:00:44.612+0000] {logging_mixin.py:188} INFO - [2024-10-11T18:00:44.612+0000] {dagbag.py:545} INFO - Filling up the DagBag from /home/airflow/.local/lib/python3.12/site-packages/airflow/example_dags/example_complex.py
[2024-10-11T18:00:44.624+0000] {processor.py:840} INFO - DAG(s) 'example_complex' retrieved from /home/airflow/.local/lib/python3.12/site-packages/airflow/example_dags/example_complex.py
[2024-10-11T18:00:44.666+0000] {logging_mixin.py:188} INFO - [2024-10-11T18:00:44.666+0000] {dag.py:3096} INFO - Sync 1 DAGs
[2024-10-11T18:00:44.680+0000] {logging_mixin.py:188} INFO - [2024-10-11T18:00:44.680+0000] {dag.py:3954} INFO - Setting next_dagrun for example_complex to None, run_after=None
[2024-10-11T18:00:44.711+0000] {processor.py:183} INFO - Processing /home/airflow/.local/lib/python3.12/site-packages/airflow/example_dags/example_complex.py took 0.109 seconds
[2024-10-11T18:01:15.285+0000] {processor.py:161} INFO - Started process (PID=8658) to work on /home/airflow/.local/lib/python3.12/site-packages/airflow/example_dags/example_complex.py
[2024-10-11T18:01:15.287+0000] {processor.py:830} INFO - Processing file /home/airflow/.local/lib/python3.12/site-packages/airflow/example_dags/example_complex.py for tasks to queue
[2024-10-11T18:01:15.289+0000] {logging_mixin.py:188} INFO - [2024-10-11T18:01:15.288+0000] {dagbag.py:545} INFO - Filling up the DagBag from /home/airflow/.local/lib/python3.12/site-packages/airflow/example_dags/example_complex.py
[2024-10-11T18:01:15.305+0000] {processor.py:840} INFO - DAG(s) 'example_complex' retrieved from /home/airflow/.local/lib/python3.12/site-packages/airflow/example_dags/example_complex.py
[2024-10-11T18:01:15.344+0000] {logging_mixin.py:188} INFO - [2024-10-11T18:01:15.344+0000] {dag.py:3096} INFO - Sync 1 DAGs
[2024-10-11T18:01:15.359+0000] {logging_mixin.py:188} INFO - [2024-10-11T18:01:15.359+0000] {dag.py:3954} INFO - Setting next_dagrun for example_complex to None, run_after=None
[2024-10-11T18:01:15.393+0000] {processor.py:183} INFO - Processing /home/airflow/.local/lib/python3.12/site-packages/airflow/example_dags/example_complex.py took 0.115 seconds
[2024-10-11T18:01:45.838+0000] {processor.py:161} INFO - Started process (PID=8920) to work on /home/airflow/.local/lib/python3.12/site-packages/airflow/example_dags/example_complex.py
[2024-10-11T18:01:45.840+0000] {processor.py:830} INFO - Processing file /home/airflow/.local/lib/python3.12/site-packages/airflow/example_dags/example_complex.py for tasks to queue
[2024-10-11T18:01:45.842+0000] {logging_mixin.py:188} INFO - [2024-10-11T18:01:45.842+0000] {dagbag.py:545} INFO - Filling up the DagBag from /home/airflow/.local/lib/python3.12/site-packages/airflow/example_dags/example_complex.py
[2024-10-11T18:01:45.855+0000] {processor.py:840} INFO - DAG(s) 'example_complex' retrieved from /home/airflow/.local/lib/python3.12/site-packages/airflow/example_dags/example_complex.py
[2024-10-11T18:01:45.890+0000] {logging_mixin.py:188} INFO - [2024-10-11T18:01:45.890+0000] {dag.py:3096} INFO - Sync 1 DAGs
[2024-10-11T18:01:45.905+0000] {logging_mixin.py:188} INFO - [2024-10-11T18:01:45.904+0000] {dag.py:3954} INFO - Setting next_dagrun for example_complex to None, run_after=None
[2024-10-11T18:01:45.938+0000] {processor.py:183} INFO - Processing /home/airflow/.local/lib/python3.12/site-packages/airflow/example_dags/example_complex.py took 0.107 seconds
[2024-10-11T18:02:16.413+0000] {processor.py:161} INFO - Started process (PID=9182) to work on /home/airflow/.local/lib/python3.12/site-packages/airflow/example_dags/example_complex.py
[2024-10-11T18:02:16.414+0000] {processor.py:830} INFO - Processing file /home/airflow/.local/lib/python3.12/site-packages/airflow/example_dags/example_complex.py for tasks to queue
[2024-10-11T18:02:16.417+0000] {logging_mixin.py:188} INFO - [2024-10-11T18:02:16.416+0000] {dagbag.py:545} INFO - Filling up the DagBag from /home/airflow/.local/lib/python3.12/site-packages/airflow/example_dags/example_complex.py
[2024-10-11T18:02:16.427+0000] {processor.py:840} INFO - DAG(s) 'example_complex' retrieved from /home/airflow/.local/lib/python3.12/site-packages/airflow/example_dags/example_complex.py
[2024-10-11T18:02:16.462+0000] {logging_mixin.py:188} INFO - [2024-10-11T18:02:16.462+0000] {dag.py:3096} INFO - Sync 1 DAGs
[2024-10-11T18:02:16.475+0000] {logging_mixin.py:188} INFO - [2024-10-11T18:02:16.475+0000] {dag.py:3954} INFO - Setting next_dagrun for example_complex to None, run_after=None
[2024-10-11T18:02:16.505+0000] {processor.py:183} INFO - Processing /home/airflow/.local/lib/python3.12/site-packages/airflow/example_dags/example_complex.py took 0.098 seconds
[2024-10-11T18:02:46.806+0000] {processor.py:161} INFO - Started process (PID=9444) to work on /home/airflow/.local/lib/python3.12/site-packages/airflow/example_dags/example_complex.py
[2024-10-11T18:02:46.807+0000] {processor.py:830} INFO - Processing file /home/airflow/.local/lib/python3.12/site-packages/airflow/example_dags/example_complex.py for tasks to queue
[2024-10-11T18:02:46.810+0000] {logging_mixin.py:188} INFO - [2024-10-11T18:02:46.810+0000] {dagbag.py:545} INFO - Filling up the DagBag from /home/airflow/.local/lib/python3.12/site-packages/airflow/example_dags/example_complex.py
[2024-10-11T18:02:46.821+0000] {processor.py:840} INFO - DAG(s) 'example_complex' retrieved from /home/airflow/.local/lib/python3.12/site-packages/airflow/example_dags/example_complex.py
[2024-10-11T18:02:46.856+0000] {logging_mixin.py:188} INFO - [2024-10-11T18:02:46.856+0000] {dag.py:3096} INFO - Sync 1 DAGs
[2024-10-11T18:02:46.871+0000] {logging_mixin.py:188} INFO - [2024-10-11T18:02:46.871+0000] {dag.py:3954} INFO - Setting next_dagrun for example_complex to None, run_after=None
[2024-10-11T18:02:46.899+0000] {processor.py:183} INFO - Processing /home/airflow/.local/lib/python3.12/site-packages/airflow/example_dags/example_complex.py took 0.099 seconds
[2024-10-11T18:03:17.344+0000] {processor.py:161} INFO - Started process (PID=9706) to work on /home/airflow/.local/lib/python3.12/site-packages/airflow/example_dags/example_complex.py
[2024-10-11T18:03:17.345+0000] {processor.py:830} INFO - Processing file /home/airflow/.local/lib/python3.12/site-packages/airflow/example_dags/example_complex.py for tasks to queue
[2024-10-11T18:03:17.347+0000] {logging_mixin.py:188} INFO - [2024-10-11T18:03:17.347+0000] {dagbag.py:545} INFO - Filling up the DagBag from /home/airflow/.local/lib/python3.12/site-packages/airflow/example_dags/example_complex.py
[2024-10-11T18:03:17.357+0000] {processor.py:840} INFO - DAG(s) 'example_complex' retrieved from /home/airflow/.local/lib/python3.12/site-packages/airflow/example_dags/example_complex.py
[2024-10-11T18:03:17.394+0000] {logging_mixin.py:188} INFO - [2024-10-11T18:03:17.394+0000] {dag.py:3096} INFO - Sync 1 DAGs
[2024-10-11T18:03:17.409+0000] {logging_mixin.py:188} INFO - [2024-10-11T18:03:17.409+0000] {dag.py:3954} INFO - Setting next_dagrun for example_complex to None, run_after=None
[2024-10-11T18:03:17.438+0000] {processor.py:183} INFO - Processing /home/airflow/.local/lib/python3.12/site-packages/airflow/example_dags/example_complex.py took 0.099 seconds
[2024-10-11T18:03:48.344+0000] {processor.py:161} INFO - Started process (PID=9968) to work on /home/airflow/.local/lib/python3.12/site-packages/airflow/example_dags/example_complex.py
[2024-10-11T18:03:48.345+0000] {processor.py:830} INFO - Processing file /home/airflow/.local/lib/python3.12/site-packages/airflow/example_dags/example_complex.py for tasks to queue
[2024-10-11T18:03:48.348+0000] {logging_mixin.py:188} INFO - [2024-10-11T18:03:48.348+0000] {dagbag.py:545} INFO - Filling up the DagBag from /home/airflow/.local/lib/python3.12/site-packages/airflow/example_dags/example_complex.py
[2024-10-11T18:03:48.359+0000] {processor.py:840} INFO - DAG(s) 'example_complex' retrieved from /home/airflow/.local/lib/python3.12/site-packages/airflow/example_dags/example_complex.py
[2024-10-11T18:03:48.392+0000] {logging_mixin.py:188} INFO - [2024-10-11T18:03:48.391+0000] {dag.py:3096} INFO - Sync 1 DAGs
[2024-10-11T18:03:48.544+0000] {logging_mixin.py:188} INFO - [2024-10-11T18:03:48.544+0000] {dag.py:3954} INFO - Setting next_dagrun for example_complex to None, run_after=None
[2024-10-11T18:03:48.571+0000] {processor.py:183} INFO - Processing /home/airflow/.local/lib/python3.12/site-packages/airflow/example_dags/example_complex.py took 0.234 seconds
