[2024-10-11T17:45:00.873+0000] {processor.py:161} INFO - Started process (PID=299) to work on /home/airflow/.local/lib/python3.12/site-packages/airflow/example_dags/example_params_trigger_ui.py
[2024-10-11T17:45:00.874+0000] {processor.py:830} INFO - Processing file /home/airflow/.local/lib/python3.12/site-packages/airflow/example_dags/example_params_trigger_ui.py for tasks to queue
[2024-10-11T17:45:00.877+0000] {logging_mixin.py:188} INFO - [2024-10-11T17:45:00.876+0000] {dagbag.py:545} INFO - Filling up the DagBag from /home/airflow/.local/lib/python3.12/site-packages/airflow/example_dags/example_params_trigger_ui.py
[2024-10-11T17:45:00.899+0000] {processor.py:840} INFO - DAG(s) 'example_params_trigger_ui' retrieved from /home/airflow/.local/lib/python3.12/site-packages/airflow/example_dags/example_params_trigger_ui.py
[2024-10-11T17:45:00.916+0000] {logging_mixin.py:188} INFO - [2024-10-11T17:45:00.916+0000] {dag.py:3096} INFO - Sync 1 DAGs
[2024-10-11T17:45:00.956+0000] {logging_mixin.py:188} INFO - [2024-10-11T17:45:00.956+0000] {dag.py:3954} INFO - Setting next_dagrun for example_params_trigger_ui to None, run_after=None
[2024-10-11T17:45:00.988+0000] {processor.py:183} INFO - Processing /home/airflow/.local/lib/python3.12/site-packages/airflow/example_dags/example_params_trigger_ui.py took 0.120 seconds
[2024-10-11T17:45:31.949+0000] {processor.py:161} INFO - Started process (PID=559) to work on /home/airflow/.local/lib/python3.12/site-packages/airflow/example_dags/example_params_trigger_ui.py
[2024-10-11T17:45:31.950+0000] {processor.py:830} INFO - Processing file /home/airflow/.local/lib/python3.12/site-packages/airflow/example_dags/example_params_trigger_ui.py for tasks to queue
[2024-10-11T17:45:31.952+0000] {logging_mixin.py:188} INFO - [2024-10-11T17:45:31.952+0000] {dagbag.py:545} INFO - Filling up the DagBag from /home/airflow/.local/lib/python3.12/site-packages/airflow/example_dags/example_params_trigger_ui.py
[2024-10-11T17:45:31.966+0000] {processor.py:840} INFO - DAG(s) 'example_params_trigger_ui' retrieved from /home/airflow/.local/lib/python3.12/site-packages/airflow/example_dags/example_params_trigger_ui.py
[2024-10-11T17:45:32.120+0000] {logging_mixin.py:188} INFO - [2024-10-11T17:45:32.120+0000] {dag.py:3096} INFO - Sync 1 DAGs
[2024-10-11T17:45:32.135+0000] {logging_mixin.py:188} INFO - [2024-10-11T17:45:32.135+0000] {dag.py:3954} INFO - Setting next_dagrun for example_params_trigger_ui to None, run_after=None
[2024-10-11T17:45:32.165+0000] {processor.py:183} INFO - Processing /home/airflow/.local/lib/python3.12/site-packages/airflow/example_dags/example_params_trigger_ui.py took 0.221 seconds
[2024-10-11T17:46:02.350+0000] {processor.py:161} INFO - Started process (PID=822) to work on /home/airflow/.local/lib/python3.12/site-packages/airflow/example_dags/example_params_trigger_ui.py
[2024-10-11T17:46:02.352+0000] {processor.py:830} INFO - Processing file /home/airflow/.local/lib/python3.12/site-packages/airflow/example_dags/example_params_trigger_ui.py for tasks to queue
[2024-10-11T17:46:02.354+0000] {logging_mixin.py:188} INFO - [2024-10-11T17:46:02.354+0000] {dagbag.py:545} INFO - Filling up the DagBag from /home/airflow/.local/lib/python3.12/site-packages/airflow/example_dags/example_params_trigger_ui.py
[2024-10-11T17:46:02.368+0000] {processor.py:840} INFO - DAG(s) 'example_params_trigger_ui' retrieved from /home/airflow/.local/lib/python3.12/site-packages/airflow/example_dags/example_params_trigger_ui.py
[2024-10-11T17:46:02.416+0000] {logging_mixin.py:188} INFO - [2024-10-11T17:46:02.415+0000] {dag.py:3096} INFO - Sync 1 DAGs
[2024-10-11T17:46:02.429+0000] {logging_mixin.py:188} INFO - [2024-10-11T17:46:02.429+0000] {dag.py:3954} INFO - Setting next_dagrun for example_params_trigger_ui to None, run_after=None
[2024-10-11T17:46:02.456+0000] {processor.py:183} INFO - Processing /home/airflow/.local/lib/python3.12/site-packages/airflow/example_dags/example_params_trigger_ui.py took 0.110 seconds
[2024-10-11T17:46:32.790+0000] {processor.py:161} INFO - Started process (PID=1083) to work on /home/airflow/.local/lib/python3.12/site-packages/airflow/example_dags/example_params_trigger_ui.py
[2024-10-11T17:46:32.791+0000] {processor.py:830} INFO - Processing file /home/airflow/.local/lib/python3.12/site-packages/airflow/example_dags/example_params_trigger_ui.py for tasks to queue
[2024-10-11T17:46:32.794+0000] {logging_mixin.py:188} INFO - [2024-10-11T17:46:32.793+0000] {dagbag.py:545} INFO - Filling up the DagBag from /home/airflow/.local/lib/python3.12/site-packages/airflow/example_dags/example_params_trigger_ui.py
[2024-10-11T17:46:32.808+0000] {processor.py:840} INFO - DAG(s) 'example_params_trigger_ui' retrieved from /home/airflow/.local/lib/python3.12/site-packages/airflow/example_dags/example_params_trigger_ui.py
[2024-10-11T17:46:32.860+0000] {logging_mixin.py:188} INFO - [2024-10-11T17:46:32.860+0000] {dag.py:3096} INFO - Sync 1 DAGs
[2024-10-11T17:46:32.876+0000] {logging_mixin.py:188} INFO - [2024-10-11T17:46:32.876+0000] {dag.py:3954} INFO - Setting next_dagrun for example_params_trigger_ui to None, run_after=None
[2024-10-11T17:46:32.905+0000] {processor.py:183} INFO - Processing /home/airflow/.local/lib/python3.12/site-packages/airflow/example_dags/example_params_trigger_ui.py took 0.121 seconds
[2024-10-11T17:47:03.599+0000] {processor.py:161} INFO - Started process (PID=1346) to work on /home/airflow/.local/lib/python3.12/site-packages/airflow/example_dags/example_params_trigger_ui.py
[2024-10-11T17:47:03.601+0000] {processor.py:830} INFO - Processing file /home/airflow/.local/lib/python3.12/site-packages/airflow/example_dags/example_params_trigger_ui.py for tasks to queue
[2024-10-11T17:47:03.603+0000] {logging_mixin.py:188} INFO - [2024-10-11T17:47:03.603+0000] {dagbag.py:545} INFO - Filling up the DagBag from /home/airflow/.local/lib/python3.12/site-packages/airflow/example_dags/example_params_trigger_ui.py
[2024-10-11T17:47:03.617+0000] {processor.py:840} INFO - DAG(s) 'example_params_trigger_ui' retrieved from /home/airflow/.local/lib/python3.12/site-packages/airflow/example_dags/example_params_trigger_ui.py
[2024-10-11T17:47:03.672+0000] {logging_mixin.py:188} INFO - [2024-10-11T17:47:03.671+0000] {dag.py:3096} INFO - Sync 1 DAGs
[2024-10-11T17:47:03.685+0000] {logging_mixin.py:188} INFO - [2024-10-11T17:47:03.685+0000] {dag.py:3954} INFO - Setting next_dagrun for example_params_trigger_ui to None, run_after=None
[2024-10-11T17:47:03.713+0000] {processor.py:183} INFO - Processing /home/airflow/.local/lib/python3.12/site-packages/airflow/example_dags/example_params_trigger_ui.py took 0.119 seconds
[2024-10-11T17:47:33.824+0000] {processor.py:161} INFO - Started process (PID=1609) to work on /home/airflow/.local/lib/python3.12/site-packages/airflow/example_dags/example_params_trigger_ui.py
[2024-10-11T17:47:33.825+0000] {processor.py:830} INFO - Processing file /home/airflow/.local/lib/python3.12/site-packages/airflow/example_dags/example_params_trigger_ui.py for tasks to queue
[2024-10-11T17:47:33.828+0000] {logging_mixin.py:188} INFO - [2024-10-11T17:47:33.827+0000] {dagbag.py:545} INFO - Filling up the DagBag from /home/airflow/.local/lib/python3.12/site-packages/airflow/example_dags/example_params_trigger_ui.py
[2024-10-11T17:47:33.843+0000] {processor.py:840} INFO - DAG(s) 'example_params_trigger_ui' retrieved from /home/airflow/.local/lib/python3.12/site-packages/airflow/example_dags/example_params_trigger_ui.py
[2024-10-11T17:47:33.899+0000] {logging_mixin.py:188} INFO - [2024-10-11T17:47:33.899+0000] {dag.py:3096} INFO - Sync 1 DAGs
[2024-10-11T17:47:33.917+0000] {logging_mixin.py:188} INFO - [2024-10-11T17:47:33.917+0000] {dag.py:3954} INFO - Setting next_dagrun for example_params_trigger_ui to None, run_after=None
[2024-10-11T17:47:33.946+0000] {processor.py:183} INFO - Processing /home/airflow/.local/lib/python3.12/site-packages/airflow/example_dags/example_params_trigger_ui.py took 0.128 seconds
[2024-10-11T17:48:04.406+0000] {processor.py:161} INFO - Started process (PID=1873) to work on /home/airflow/.local/lib/python3.12/site-packages/airflow/example_dags/example_params_trigger_ui.py
[2024-10-11T17:48:04.408+0000] {processor.py:830} INFO - Processing file /home/airflow/.local/lib/python3.12/site-packages/airflow/example_dags/example_params_trigger_ui.py for tasks to queue
[2024-10-11T17:48:04.410+0000] {logging_mixin.py:188} INFO - [2024-10-11T17:48:04.410+0000] {dagbag.py:545} INFO - Filling up the DagBag from /home/airflow/.local/lib/python3.12/site-packages/airflow/example_dags/example_params_trigger_ui.py
[2024-10-11T17:48:04.423+0000] {processor.py:840} INFO - DAG(s) 'example_params_trigger_ui' retrieved from /home/airflow/.local/lib/python3.12/site-packages/airflow/example_dags/example_params_trigger_ui.py
[2024-10-11T17:48:04.483+0000] {logging_mixin.py:188} INFO - [2024-10-11T17:48:04.483+0000] {dag.py:3096} INFO - Sync 1 DAGs
[2024-10-11T17:48:04.499+0000] {logging_mixin.py:188} INFO - [2024-10-11T17:48:04.499+0000] {dag.py:3954} INFO - Setting next_dagrun for example_params_trigger_ui to None, run_after=None
[2024-10-11T17:48:04.526+0000] {processor.py:183} INFO - Processing /home/airflow/.local/lib/python3.12/site-packages/airflow/example_dags/example_params_trigger_ui.py took 0.126 seconds
[2024-10-11T17:48:34.842+0000] {processor.py:161} INFO - Started process (PID=2133) to work on /home/airflow/.local/lib/python3.12/site-packages/airflow/example_dags/example_params_trigger_ui.py
[2024-10-11T17:48:34.844+0000] {processor.py:830} INFO - Processing file /home/airflow/.local/lib/python3.12/site-packages/airflow/example_dags/example_params_trigger_ui.py for tasks to queue
[2024-10-11T17:48:34.846+0000] {logging_mixin.py:188} INFO - [2024-10-11T17:48:34.846+0000] {dagbag.py:545} INFO - Filling up the DagBag from /home/airflow/.local/lib/python3.12/site-packages/airflow/example_dags/example_params_trigger_ui.py
[2024-10-11T17:48:34.861+0000] {processor.py:840} INFO - DAG(s) 'example_params_trigger_ui' retrieved from /home/airflow/.local/lib/python3.12/site-packages/airflow/example_dags/example_params_trigger_ui.py
[2024-10-11T17:48:34.916+0000] {logging_mixin.py:188} INFO - [2024-10-11T17:48:34.915+0000] {dag.py:3096} INFO - Sync 1 DAGs
[2024-10-11T17:48:34.932+0000] {logging_mixin.py:188} INFO - [2024-10-11T17:48:34.931+0000] {dag.py:3954} INFO - Setting next_dagrun for example_params_trigger_ui to None, run_after=None
[2024-10-11T17:48:34.963+0000] {processor.py:183} INFO - Processing /home/airflow/.local/lib/python3.12/site-packages/airflow/example_dags/example_params_trigger_ui.py took 0.128 seconds
[2024-10-11T17:49:05.344+0000] {processor.py:161} INFO - Started process (PID=2395) to work on /home/airflow/.local/lib/python3.12/site-packages/airflow/example_dags/example_params_trigger_ui.py
[2024-10-11T17:49:05.345+0000] {processor.py:830} INFO - Processing file /home/airflow/.local/lib/python3.12/site-packages/airflow/example_dags/example_params_trigger_ui.py for tasks to queue
[2024-10-11T17:49:05.348+0000] {logging_mixin.py:188} INFO - [2024-10-11T17:49:05.347+0000] {dagbag.py:545} INFO - Filling up the DagBag from /home/airflow/.local/lib/python3.12/site-packages/airflow/example_dags/example_params_trigger_ui.py
[2024-10-11T17:49:05.363+0000] {processor.py:840} INFO - DAG(s) 'example_params_trigger_ui' retrieved from /home/airflow/.local/lib/python3.12/site-packages/airflow/example_dags/example_params_trigger_ui.py
[2024-10-11T17:49:05.412+0000] {logging_mixin.py:188} INFO - [2024-10-11T17:49:05.412+0000] {dag.py:3096} INFO - Sync 1 DAGs
[2024-10-11T17:49:05.425+0000] {logging_mixin.py:188} INFO - [2024-10-11T17:49:05.425+0000] {dag.py:3954} INFO - Setting next_dagrun for example_params_trigger_ui to None, run_after=None
[2024-10-11T17:49:05.450+0000] {processor.py:183} INFO - Processing /home/airflow/.local/lib/python3.12/site-packages/airflow/example_dags/example_params_trigger_ui.py took 0.111 seconds
[2024-10-11T17:49:35.743+0000] {processor.py:161} INFO - Started process (PID=2657) to work on /home/airflow/.local/lib/python3.12/site-packages/airflow/example_dags/example_params_trigger_ui.py
[2024-10-11T17:49:35.744+0000] {processor.py:830} INFO - Processing file /home/airflow/.local/lib/python3.12/site-packages/airflow/example_dags/example_params_trigger_ui.py for tasks to queue
[2024-10-11T17:49:35.746+0000] {logging_mixin.py:188} INFO - [2024-10-11T17:49:35.746+0000] {dagbag.py:545} INFO - Filling up the DagBag from /home/airflow/.local/lib/python3.12/site-packages/airflow/example_dags/example_params_trigger_ui.py
[2024-10-11T17:49:35.761+0000] {processor.py:840} INFO - DAG(s) 'example_params_trigger_ui' retrieved from /home/airflow/.local/lib/python3.12/site-packages/airflow/example_dags/example_params_trigger_ui.py
[2024-10-11T17:49:35.810+0000] {logging_mixin.py:188} INFO - [2024-10-11T17:49:35.810+0000] {dag.py:3096} INFO - Sync 1 DAGs
[2024-10-11T17:49:35.826+0000] {logging_mixin.py:188} INFO - [2024-10-11T17:49:35.826+0000] {dag.py:3954} INFO - Setting next_dagrun for example_params_trigger_ui to None, run_after=None
[2024-10-11T17:49:35.852+0000] {processor.py:183} INFO - Processing /home/airflow/.local/lib/python3.12/site-packages/airflow/example_dags/example_params_trigger_ui.py took 0.114 seconds
[2024-10-11T17:50:06.227+0000] {processor.py:161} INFO - Started process (PID=2919) to work on /home/airflow/.local/lib/python3.12/site-packages/airflow/example_dags/example_params_trigger_ui.py
[2024-10-11T17:50:06.228+0000] {processor.py:830} INFO - Processing file /home/airflow/.local/lib/python3.12/site-packages/airflow/example_dags/example_params_trigger_ui.py for tasks to queue
[2024-10-11T17:50:06.230+0000] {logging_mixin.py:188} INFO - [2024-10-11T17:50:06.230+0000] {dagbag.py:545} INFO - Filling up the DagBag from /home/airflow/.local/lib/python3.12/site-packages/airflow/example_dags/example_params_trigger_ui.py
[2024-10-11T17:50:06.244+0000] {processor.py:840} INFO - DAG(s) 'example_params_trigger_ui' retrieved from /home/airflow/.local/lib/python3.12/site-packages/airflow/example_dags/example_params_trigger_ui.py
[2024-10-11T17:50:06.295+0000] {logging_mixin.py:188} INFO - [2024-10-11T17:50:06.294+0000] {dag.py:3096} INFO - Sync 1 DAGs
[2024-10-11T17:50:06.310+0000] {logging_mixin.py:188} INFO - [2024-10-11T17:50:06.310+0000] {dag.py:3954} INFO - Setting next_dagrun for example_params_trigger_ui to None, run_after=None
[2024-10-11T17:50:06.341+0000] {processor.py:183} INFO - Processing /home/airflow/.local/lib/python3.12/site-packages/airflow/example_dags/example_params_trigger_ui.py took 0.120 seconds
[2024-10-11T17:50:36.517+0000] {processor.py:161} INFO - Started process (PID=3181) to work on /home/airflow/.local/lib/python3.12/site-packages/airflow/example_dags/example_params_trigger_ui.py
[2024-10-11T17:50:36.518+0000] {processor.py:830} INFO - Processing file /home/airflow/.local/lib/python3.12/site-packages/airflow/example_dags/example_params_trigger_ui.py for tasks to queue
[2024-10-11T17:50:36.521+0000] {logging_mixin.py:188} INFO - [2024-10-11T17:50:36.520+0000] {dagbag.py:545} INFO - Filling up the DagBag from /home/airflow/.local/lib/python3.12/site-packages/airflow/example_dags/example_params_trigger_ui.py
[2024-10-11T17:50:36.536+0000] {processor.py:840} INFO - DAG(s) 'example_params_trigger_ui' retrieved from /home/airflow/.local/lib/python3.12/site-packages/airflow/example_dags/example_params_trigger_ui.py
[2024-10-11T17:50:36.602+0000] {logging_mixin.py:188} INFO - [2024-10-11T17:50:36.602+0000] {dag.py:3096} INFO - Sync 1 DAGs
[2024-10-11T17:50:36.619+0000] {logging_mixin.py:188} INFO - [2024-10-11T17:50:36.619+0000] {dag.py:3954} INFO - Setting next_dagrun for example_params_trigger_ui to None, run_after=None
[2024-10-11T17:50:36.648+0000] {processor.py:183} INFO - Processing /home/airflow/.local/lib/python3.12/site-packages/airflow/example_dags/example_params_trigger_ui.py took 0.137 seconds
[2024-10-11T17:51:06.706+0000] {processor.py:161} INFO - Started process (PID=3438) to work on /home/airflow/.local/lib/python3.12/site-packages/airflow/example_dags/example_params_trigger_ui.py
[2024-10-11T17:51:06.707+0000] {processor.py:830} INFO - Processing file /home/airflow/.local/lib/python3.12/site-packages/airflow/example_dags/example_params_trigger_ui.py for tasks to queue
[2024-10-11T17:51:06.709+0000] {logging_mixin.py:188} INFO - [2024-10-11T17:51:06.709+0000] {dagbag.py:545} INFO - Filling up the DagBag from /home/airflow/.local/lib/python3.12/site-packages/airflow/example_dags/example_params_trigger_ui.py
[2024-10-11T17:51:06.723+0000] {processor.py:840} INFO - DAG(s) 'example_params_trigger_ui' retrieved from /home/airflow/.local/lib/python3.12/site-packages/airflow/example_dags/example_params_trigger_ui.py
[2024-10-11T17:51:06.780+0000] {logging_mixin.py:188} INFO - [2024-10-11T17:51:06.780+0000] {dag.py:3096} INFO - Sync 1 DAGs
[2024-10-11T17:51:06.794+0000] {logging_mixin.py:188} INFO - [2024-10-11T17:51:06.794+0000] {dag.py:3954} INFO - Setting next_dagrun for example_params_trigger_ui to None, run_after=None
[2024-10-11T17:51:06.819+0000] {processor.py:183} INFO - Processing /home/airflow/.local/lib/python3.12/site-packages/airflow/example_dags/example_params_trigger_ui.py took 0.119 seconds
[2024-10-11T17:51:37.577+0000] {processor.py:161} INFO - Started process (PID=3700) to work on /home/airflow/.local/lib/python3.12/site-packages/airflow/example_dags/example_params_trigger_ui.py
[2024-10-11T17:51:37.578+0000] {processor.py:830} INFO - Processing file /home/airflow/.local/lib/python3.12/site-packages/airflow/example_dags/example_params_trigger_ui.py for tasks to queue
[2024-10-11T17:51:37.580+0000] {logging_mixin.py:188} INFO - [2024-10-11T17:51:37.579+0000] {dagbag.py:545} INFO - Filling up the DagBag from /home/airflow/.local/lib/python3.12/site-packages/airflow/example_dags/example_params_trigger_ui.py
[2024-10-11T17:51:37.593+0000] {processor.py:840} INFO - DAG(s) 'example_params_trigger_ui' retrieved from /home/airflow/.local/lib/python3.12/site-packages/airflow/example_dags/example_params_trigger_ui.py
[2024-10-11T17:51:37.641+0000] {logging_mixin.py:188} INFO - [2024-10-11T17:51:37.640+0000] {dag.py:3096} INFO - Sync 1 DAGs
[2024-10-11T17:51:37.654+0000] {logging_mixin.py:188} INFO - [2024-10-11T17:51:37.654+0000] {dag.py:3954} INFO - Setting next_dagrun for example_params_trigger_ui to None, run_after=None
[2024-10-11T17:51:37.681+0000] {processor.py:183} INFO - Processing /home/airflow/.local/lib/python3.12/site-packages/airflow/example_dags/example_params_trigger_ui.py took 0.108 seconds
[2024-10-11T17:52:08.024+0000] {processor.py:161} INFO - Started process (PID=3962) to work on /home/airflow/.local/lib/python3.12/site-packages/airflow/example_dags/example_params_trigger_ui.py
[2024-10-11T17:52:08.026+0000] {processor.py:830} INFO - Processing file /home/airflow/.local/lib/python3.12/site-packages/airflow/example_dags/example_params_trigger_ui.py for tasks to queue
[2024-10-11T17:52:08.029+0000] {logging_mixin.py:188} INFO - [2024-10-11T17:52:08.028+0000] {dagbag.py:545} INFO - Filling up the DagBag from /home/airflow/.local/lib/python3.12/site-packages/airflow/example_dags/example_params_trigger_ui.py
[2024-10-11T17:52:08.048+0000] {processor.py:840} INFO - DAG(s) 'example_params_trigger_ui' retrieved from /home/airflow/.local/lib/python3.12/site-packages/airflow/example_dags/example_params_trigger_ui.py
[2024-10-11T17:52:08.136+0000] {logging_mixin.py:188} INFO - [2024-10-11T17:52:08.135+0000] {dag.py:3096} INFO - Sync 1 DAGs
[2024-10-11T17:52:08.163+0000] {logging_mixin.py:188} INFO - [2024-10-11T17:52:08.163+0000] {dag.py:3954} INFO - Setting next_dagrun for example_params_trigger_ui to None, run_after=None
[2024-10-11T17:52:08.211+0000] {processor.py:183} INFO - Processing /home/airflow/.local/lib/python3.12/site-packages/airflow/example_dags/example_params_trigger_ui.py took 0.193 seconds
[2024-10-11T17:52:39.290+0000] {processor.py:161} INFO - Started process (PID=4229) to work on /home/airflow/.local/lib/python3.12/site-packages/airflow/example_dags/example_params_trigger_ui.py
[2024-10-11T17:52:39.291+0000] {processor.py:830} INFO - Processing file /home/airflow/.local/lib/python3.12/site-packages/airflow/example_dags/example_params_trigger_ui.py for tasks to queue
[2024-10-11T17:52:39.293+0000] {logging_mixin.py:188} INFO - [2024-10-11T17:52:39.293+0000] {dagbag.py:545} INFO - Filling up the DagBag from /home/airflow/.local/lib/python3.12/site-packages/airflow/example_dags/example_params_trigger_ui.py
[2024-10-11T17:52:39.307+0000] {processor.py:840} INFO - DAG(s) 'example_params_trigger_ui' retrieved from /home/airflow/.local/lib/python3.12/site-packages/airflow/example_dags/example_params_trigger_ui.py
[2024-10-11T17:52:39.368+0000] {logging_mixin.py:188} INFO - [2024-10-11T17:52:39.368+0000] {dag.py:3096} INFO - Sync 1 DAGs
[2024-10-11T17:52:39.383+0000] {logging_mixin.py:188} INFO - [2024-10-11T17:52:39.383+0000] {dag.py:3954} INFO - Setting next_dagrun for example_params_trigger_ui to None, run_after=None
[2024-10-11T17:52:39.411+0000] {processor.py:183} INFO - Processing /home/airflow/.local/lib/python3.12/site-packages/airflow/example_dags/example_params_trigger_ui.py took 0.128 seconds
[2024-10-11T17:53:09.567+0000] {processor.py:161} INFO - Started process (PID=4491) to work on /home/airflow/.local/lib/python3.12/site-packages/airflow/example_dags/example_params_trigger_ui.py
[2024-10-11T17:53:09.569+0000] {processor.py:830} INFO - Processing file /home/airflow/.local/lib/python3.12/site-packages/airflow/example_dags/example_params_trigger_ui.py for tasks to queue
[2024-10-11T17:53:09.572+0000] {logging_mixin.py:188} INFO - [2024-10-11T17:53:09.571+0000] {dagbag.py:545} INFO - Filling up the DagBag from /home/airflow/.local/lib/python3.12/site-packages/airflow/example_dags/example_params_trigger_ui.py
[2024-10-11T17:53:09.589+0000] {processor.py:840} INFO - DAG(s) 'example_params_trigger_ui' retrieved from /home/airflow/.local/lib/python3.12/site-packages/airflow/example_dags/example_params_trigger_ui.py
[2024-10-11T17:53:09.657+0000] {logging_mixin.py:188} INFO - [2024-10-11T17:53:09.656+0000] {dag.py:3096} INFO - Sync 1 DAGs
[2024-10-11T17:53:09.674+0000] {logging_mixin.py:188} INFO - [2024-10-11T17:53:09.674+0000] {dag.py:3954} INFO - Setting next_dagrun for example_params_trigger_ui to None, run_after=None
[2024-10-11T17:53:09.702+0000] {processor.py:183} INFO - Processing /home/airflow/.local/lib/python3.12/site-packages/airflow/example_dags/example_params_trigger_ui.py took 0.143 seconds
[2024-10-11T17:53:40.065+0000] {processor.py:161} INFO - Started process (PID=4753) to work on /home/airflow/.local/lib/python3.12/site-packages/airflow/example_dags/example_params_trigger_ui.py
[2024-10-11T17:53:40.066+0000] {processor.py:830} INFO - Processing file /home/airflow/.local/lib/python3.12/site-packages/airflow/example_dags/example_params_trigger_ui.py for tasks to queue
[2024-10-11T17:53:40.068+0000] {logging_mixin.py:188} INFO - [2024-10-11T17:53:40.068+0000] {dagbag.py:545} INFO - Filling up the DagBag from /home/airflow/.local/lib/python3.12/site-packages/airflow/example_dags/example_params_trigger_ui.py
[2024-10-11T17:53:40.085+0000] {processor.py:840} INFO - DAG(s) 'example_params_trigger_ui' retrieved from /home/airflow/.local/lib/python3.12/site-packages/airflow/example_dags/example_params_trigger_ui.py
[2024-10-11T17:53:40.147+0000] {logging_mixin.py:188} INFO - [2024-10-11T17:53:40.146+0000] {dag.py:3096} INFO - Sync 1 DAGs
[2024-10-11T17:53:40.162+0000] {logging_mixin.py:188} INFO - [2024-10-11T17:53:40.161+0000] {dag.py:3954} INFO - Setting next_dagrun for example_params_trigger_ui to None, run_after=None
[2024-10-11T17:53:40.190+0000] {processor.py:183} INFO - Processing /home/airflow/.local/lib/python3.12/site-packages/airflow/example_dags/example_params_trigger_ui.py took 0.133 seconds
[2024-10-11T17:54:10.414+0000] {processor.py:161} INFO - Started process (PID=5015) to work on /home/airflow/.local/lib/python3.12/site-packages/airflow/example_dags/example_params_trigger_ui.py
[2024-10-11T17:54:10.415+0000] {processor.py:830} INFO - Processing file /home/airflow/.local/lib/python3.12/site-packages/airflow/example_dags/example_params_trigger_ui.py for tasks to queue
[2024-10-11T17:54:10.417+0000] {logging_mixin.py:188} INFO - [2024-10-11T17:54:10.417+0000] {dagbag.py:545} INFO - Filling up the DagBag from /home/airflow/.local/lib/python3.12/site-packages/airflow/example_dags/example_params_trigger_ui.py
[2024-10-11T17:54:10.434+0000] {processor.py:840} INFO - DAG(s) 'example_params_trigger_ui' retrieved from /home/airflow/.local/lib/python3.12/site-packages/airflow/example_dags/example_params_trigger_ui.py
[2024-10-11T17:54:10.499+0000] {logging_mixin.py:188} INFO - [2024-10-11T17:54:10.499+0000] {dag.py:3096} INFO - Sync 1 DAGs
[2024-10-11T17:54:10.519+0000] {logging_mixin.py:188} INFO - [2024-10-11T17:54:10.519+0000] {dag.py:3954} INFO - Setting next_dagrun for example_params_trigger_ui to None, run_after=None
[2024-10-11T17:54:10.550+0000] {processor.py:183} INFO - Processing /home/airflow/.local/lib/python3.12/site-packages/airflow/example_dags/example_params_trigger_ui.py took 0.143 seconds
[2024-10-11T17:54:40.606+0000] {processor.py:161} INFO - Started process (PID=5272) to work on /home/airflow/.local/lib/python3.12/site-packages/airflow/example_dags/example_params_trigger_ui.py
[2024-10-11T17:54:40.607+0000] {processor.py:830} INFO - Processing file /home/airflow/.local/lib/python3.12/site-packages/airflow/example_dags/example_params_trigger_ui.py for tasks to queue
[2024-10-11T17:54:40.609+0000] {logging_mixin.py:188} INFO - [2024-10-11T17:54:40.609+0000] {dagbag.py:545} INFO - Filling up the DagBag from /home/airflow/.local/lib/python3.12/site-packages/airflow/example_dags/example_params_trigger_ui.py
[2024-10-11T17:54:40.623+0000] {processor.py:840} INFO - DAG(s) 'example_params_trigger_ui' retrieved from /home/airflow/.local/lib/python3.12/site-packages/airflow/example_dags/example_params_trigger_ui.py
[2024-10-11T17:54:40.729+0000] {logging_mixin.py:188} INFO - [2024-10-11T17:54:40.729+0000] {dag.py:3096} INFO - Sync 1 DAGs
[2024-10-11T17:54:40.744+0000] {logging_mixin.py:188} INFO - [2024-10-11T17:54:40.744+0000] {dag.py:3954} INFO - Setting next_dagrun for example_params_trigger_ui to None, run_after=None
[2024-10-11T17:54:40.773+0000] {processor.py:183} INFO - Processing /home/airflow/.local/lib/python3.12/site-packages/airflow/example_dags/example_params_trigger_ui.py took 0.173 seconds
[2024-10-11T17:55:11.565+0000] {processor.py:161} INFO - Started process (PID=5539) to work on /home/airflow/.local/lib/python3.12/site-packages/airflow/example_dags/example_params_trigger_ui.py
[2024-10-11T17:55:11.566+0000] {processor.py:830} INFO - Processing file /home/airflow/.local/lib/python3.12/site-packages/airflow/example_dags/example_params_trigger_ui.py for tasks to queue
[2024-10-11T17:55:11.567+0000] {logging_mixin.py:188} INFO - [2024-10-11T17:55:11.567+0000] {dagbag.py:545} INFO - Filling up the DagBag from /home/airflow/.local/lib/python3.12/site-packages/airflow/example_dags/example_params_trigger_ui.py
[2024-10-11T17:55:11.582+0000] {processor.py:840} INFO - DAG(s) 'example_params_trigger_ui' retrieved from /home/airflow/.local/lib/python3.12/site-packages/airflow/example_dags/example_params_trigger_ui.py
[2024-10-11T17:55:11.632+0000] {logging_mixin.py:188} INFO - [2024-10-11T17:55:11.631+0000] {dag.py:3096} INFO - Sync 1 DAGs
[2024-10-11T17:55:11.645+0000] {logging_mixin.py:188} INFO - [2024-10-11T17:55:11.645+0000] {dag.py:3954} INFO - Setting next_dagrun for example_params_trigger_ui to None, run_after=None
[2024-10-11T17:55:11.675+0000] {processor.py:183} INFO - Processing /home/airflow/.local/lib/python3.12/site-packages/airflow/example_dags/example_params_trigger_ui.py took 0.117 seconds
[2024-10-11T17:55:41.790+0000] {processor.py:161} INFO - Started process (PID=5798) to work on /home/airflow/.local/lib/python3.12/site-packages/airflow/example_dags/example_params_trigger_ui.py
[2024-10-11T17:55:41.791+0000] {processor.py:830} INFO - Processing file /home/airflow/.local/lib/python3.12/site-packages/airflow/example_dags/example_params_trigger_ui.py for tasks to queue
[2024-10-11T17:55:41.794+0000] {logging_mixin.py:188} INFO - [2024-10-11T17:55:41.793+0000] {dagbag.py:545} INFO - Filling up the DagBag from /home/airflow/.local/lib/python3.12/site-packages/airflow/example_dags/example_params_trigger_ui.py
[2024-10-11T17:55:41.829+0000] {processor.py:840} INFO - DAG(s) 'example_params_trigger_ui' retrieved from /home/airflow/.local/lib/python3.12/site-packages/airflow/example_dags/example_params_trigger_ui.py
[2024-10-11T17:55:41.901+0000] {logging_mixin.py:188} INFO - [2024-10-11T17:55:41.901+0000] {dag.py:3096} INFO - Sync 1 DAGs
[2024-10-11T17:55:41.921+0000] {logging_mixin.py:188} INFO - [2024-10-11T17:55:41.921+0000] {dag.py:3954} INFO - Setting next_dagrun for example_params_trigger_ui to None, run_after=None
[2024-10-11T17:55:41.959+0000] {processor.py:183} INFO - Processing /home/airflow/.local/lib/python3.12/site-packages/airflow/example_dags/example_params_trigger_ui.py took 0.178 seconds
[2024-10-11T17:56:12.217+0000] {processor.py:161} INFO - Started process (PID=6058) to work on /home/airflow/.local/lib/python3.12/site-packages/airflow/example_dags/example_params_trigger_ui.py
[2024-10-11T17:56:12.219+0000] {processor.py:830} INFO - Processing file /home/airflow/.local/lib/python3.12/site-packages/airflow/example_dags/example_params_trigger_ui.py for tasks to queue
[2024-10-11T17:56:12.222+0000] {logging_mixin.py:188} INFO - [2024-10-11T17:56:12.221+0000] {dagbag.py:545} INFO - Filling up the DagBag from /home/airflow/.local/lib/python3.12/site-packages/airflow/example_dags/example_params_trigger_ui.py
[2024-10-11T17:56:12.241+0000] {processor.py:840} INFO - DAG(s) 'example_params_trigger_ui' retrieved from /home/airflow/.local/lib/python3.12/site-packages/airflow/example_dags/example_params_trigger_ui.py
[2024-10-11T17:56:12.309+0000] {logging_mixin.py:188} INFO - [2024-10-11T17:56:12.309+0000] {dag.py:3096} INFO - Sync 1 DAGs
[2024-10-11T17:56:12.330+0000] {logging_mixin.py:188} INFO - [2024-10-11T17:56:12.330+0000] {dag.py:3954} INFO - Setting next_dagrun for example_params_trigger_ui to None, run_after=None
[2024-10-11T17:56:12.373+0000] {processor.py:183} INFO - Processing /home/airflow/.local/lib/python3.12/site-packages/airflow/example_dags/example_params_trigger_ui.py took 0.164 seconds
[2024-10-11T17:56:42.465+0000] {processor.py:161} INFO - Started process (PID=6322) to work on /home/airflow/.local/lib/python3.12/site-packages/airflow/example_dags/example_params_trigger_ui.py
[2024-10-11T17:56:42.467+0000] {processor.py:830} INFO - Processing file /home/airflow/.local/lib/python3.12/site-packages/airflow/example_dags/example_params_trigger_ui.py for tasks to queue
[2024-10-11T17:56:42.469+0000] {logging_mixin.py:188} INFO - [2024-10-11T17:56:42.468+0000] {dagbag.py:545} INFO - Filling up the DagBag from /home/airflow/.local/lib/python3.12/site-packages/airflow/example_dags/example_params_trigger_ui.py
[2024-10-11T17:56:42.483+0000] {processor.py:840} INFO - DAG(s) 'example_params_trigger_ui' retrieved from /home/airflow/.local/lib/python3.12/site-packages/airflow/example_dags/example_params_trigger_ui.py
[2024-10-11T17:56:42.590+0000] {logging_mixin.py:188} INFO - [2024-10-11T17:56:42.589+0000] {dag.py:3096} INFO - Sync 1 DAGs
[2024-10-11T17:56:42.605+0000] {logging_mixin.py:188} INFO - [2024-10-11T17:56:42.605+0000] {dag.py:3954} INFO - Setting next_dagrun for example_params_trigger_ui to None, run_after=None
[2024-10-11T17:56:42.651+0000] {processor.py:183} INFO - Processing /home/airflow/.local/lib/python3.12/site-packages/airflow/example_dags/example_params_trigger_ui.py took 0.192 seconds
[2024-10-11T17:57:13.201+0000] {processor.py:161} INFO - Started process (PID=6582) to work on /home/airflow/.local/lib/python3.12/site-packages/airflow/example_dags/example_params_trigger_ui.py
[2024-10-11T17:57:13.203+0000] {processor.py:830} INFO - Processing file /home/airflow/.local/lib/python3.12/site-packages/airflow/example_dags/example_params_trigger_ui.py for tasks to queue
[2024-10-11T17:57:13.205+0000] {logging_mixin.py:188} INFO - [2024-10-11T17:57:13.205+0000] {dagbag.py:545} INFO - Filling up the DagBag from /home/airflow/.local/lib/python3.12/site-packages/airflow/example_dags/example_params_trigger_ui.py
[2024-10-11T17:57:13.218+0000] {processor.py:840} INFO - DAG(s) 'example_params_trigger_ui' retrieved from /home/airflow/.local/lib/python3.12/site-packages/airflow/example_dags/example_params_trigger_ui.py
[2024-10-11T17:57:13.270+0000] {logging_mixin.py:188} INFO - [2024-10-11T17:57:13.270+0000] {dag.py:3096} INFO - Sync 1 DAGs
[2024-10-11T17:57:13.283+0000] {logging_mixin.py:188} INFO - [2024-10-11T17:57:13.283+0000] {dag.py:3954} INFO - Setting next_dagrun for example_params_trigger_ui to None, run_after=None
[2024-10-11T17:57:13.310+0000] {processor.py:183} INFO - Processing /home/airflow/.local/lib/python3.12/site-packages/airflow/example_dags/example_params_trigger_ui.py took 0.114 seconds
[2024-10-11T17:57:43.473+0000] {processor.py:161} INFO - Started process (PID=6844) to work on /home/airflow/.local/lib/python3.12/site-packages/airflow/example_dags/example_params_trigger_ui.py
[2024-10-11T17:57:43.474+0000] {processor.py:830} INFO - Processing file /home/airflow/.local/lib/python3.12/site-packages/airflow/example_dags/example_params_trigger_ui.py for tasks to queue
[2024-10-11T17:57:43.476+0000] {logging_mixin.py:188} INFO - [2024-10-11T17:57:43.476+0000] {dagbag.py:545} INFO - Filling up the DagBag from /home/airflow/.local/lib/python3.12/site-packages/airflow/example_dags/example_params_trigger_ui.py
[2024-10-11T17:57:43.496+0000] {processor.py:840} INFO - DAG(s) 'example_params_trigger_ui' retrieved from /home/airflow/.local/lib/python3.12/site-packages/airflow/example_dags/example_params_trigger_ui.py
[2024-10-11T17:57:43.557+0000] {logging_mixin.py:188} INFO - [2024-10-11T17:57:43.556+0000] {dag.py:3096} INFO - Sync 1 DAGs
[2024-10-11T17:57:43.576+0000] {logging_mixin.py:188} INFO - [2024-10-11T17:57:43.576+0000] {dag.py:3954} INFO - Setting next_dagrun for example_params_trigger_ui to None, run_after=None
[2024-10-11T17:57:43.608+0000] {processor.py:183} INFO - Processing /home/airflow/.local/lib/python3.12/site-packages/airflow/example_dags/example_params_trigger_ui.py took 0.140 seconds
[2024-10-11T17:58:13.764+0000] {processor.py:161} INFO - Started process (PID=7108) to work on /home/airflow/.local/lib/python3.12/site-packages/airflow/example_dags/example_params_trigger_ui.py
[2024-10-11T17:58:13.765+0000] {processor.py:830} INFO - Processing file /home/airflow/.local/lib/python3.12/site-packages/airflow/example_dags/example_params_trigger_ui.py for tasks to queue
[2024-10-11T17:58:13.767+0000] {logging_mixin.py:188} INFO - [2024-10-11T17:58:13.767+0000] {dagbag.py:545} INFO - Filling up the DagBag from /home/airflow/.local/lib/python3.12/site-packages/airflow/example_dags/example_params_trigger_ui.py
[2024-10-11T17:58:13.780+0000] {processor.py:840} INFO - DAG(s) 'example_params_trigger_ui' retrieved from /home/airflow/.local/lib/python3.12/site-packages/airflow/example_dags/example_params_trigger_ui.py
[2024-10-11T17:58:13.916+0000] {logging_mixin.py:188} INFO - [2024-10-11T17:58:13.916+0000] {dag.py:3096} INFO - Sync 1 DAGs
[2024-10-11T17:58:13.933+0000] {logging_mixin.py:188} INFO - [2024-10-11T17:58:13.933+0000] {dag.py:3954} INFO - Setting next_dagrun for example_params_trigger_ui to None, run_after=None
[2024-10-11T17:58:13.961+0000] {processor.py:183} INFO - Processing /home/airflow/.local/lib/python3.12/site-packages/airflow/example_dags/example_params_trigger_ui.py took 0.203 seconds
[2024-10-11T17:58:44.055+0000] {processor.py:161} INFO - Started process (PID=7370) to work on /home/airflow/.local/lib/python3.12/site-packages/airflow/example_dags/example_params_trigger_ui.py
[2024-10-11T17:58:44.057+0000] {processor.py:830} INFO - Processing file /home/airflow/.local/lib/python3.12/site-packages/airflow/example_dags/example_params_trigger_ui.py for tasks to queue
[2024-10-11T17:58:44.059+0000] {logging_mixin.py:188} INFO - [2024-10-11T17:58:44.058+0000] {dagbag.py:545} INFO - Filling up the DagBag from /home/airflow/.local/lib/python3.12/site-packages/airflow/example_dags/example_params_trigger_ui.py
[2024-10-11T17:58:44.076+0000] {processor.py:840} INFO - DAG(s) 'example_params_trigger_ui' retrieved from /home/airflow/.local/lib/python3.12/site-packages/airflow/example_dags/example_params_trigger_ui.py
[2024-10-11T17:58:44.132+0000] {logging_mixin.py:188} INFO - [2024-10-11T17:58:44.132+0000] {dag.py:3096} INFO - Sync 1 DAGs
[2024-10-11T17:58:44.147+0000] {logging_mixin.py:188} INFO - [2024-10-11T17:58:44.147+0000] {dag.py:3954} INFO - Setting next_dagrun for example_params_trigger_ui to None, run_after=None
[2024-10-11T17:58:44.175+0000] {processor.py:183} INFO - Processing /home/airflow/.local/lib/python3.12/site-packages/airflow/example_dags/example_params_trigger_ui.py took 0.126 seconds
[2024-10-11T17:59:15.067+0000] {processor.py:161} INFO - Started process (PID=7632) to work on /home/airflow/.local/lib/python3.12/site-packages/airflow/example_dags/example_params_trigger_ui.py
[2024-10-11T17:59:15.068+0000] {processor.py:830} INFO - Processing file /home/airflow/.local/lib/python3.12/site-packages/airflow/example_dags/example_params_trigger_ui.py for tasks to queue
[2024-10-11T17:59:15.070+0000] {logging_mixin.py:188} INFO - [2024-10-11T17:59:15.070+0000] {dagbag.py:545} INFO - Filling up the DagBag from /home/airflow/.local/lib/python3.12/site-packages/airflow/example_dags/example_params_trigger_ui.py
[2024-10-11T17:59:15.084+0000] {processor.py:840} INFO - DAG(s) 'example_params_trigger_ui' retrieved from /home/airflow/.local/lib/python3.12/site-packages/airflow/example_dags/example_params_trigger_ui.py
[2024-10-11T17:59:15.139+0000] {logging_mixin.py:188} INFO - [2024-10-11T17:59:15.139+0000] {dag.py:3096} INFO - Sync 1 DAGs
[2024-10-11T17:59:15.158+0000] {logging_mixin.py:188} INFO - [2024-10-11T17:59:15.158+0000] {dag.py:3954} INFO - Setting next_dagrun for example_params_trigger_ui to None, run_after=None
[2024-10-11T17:59:15.186+0000] {processor.py:183} INFO - Processing /home/airflow/.local/lib/python3.12/site-packages/airflow/example_dags/example_params_trigger_ui.py took 0.126 seconds
[2024-10-11T17:59:45.342+0000] {processor.py:161} INFO - Started process (PID=7894) to work on /home/airflow/.local/lib/python3.12/site-packages/airflow/example_dags/example_params_trigger_ui.py
[2024-10-11T17:59:45.343+0000] {processor.py:830} INFO - Processing file /home/airflow/.local/lib/python3.12/site-packages/airflow/example_dags/example_params_trigger_ui.py for tasks to queue
[2024-10-11T17:59:45.345+0000] {logging_mixin.py:188} INFO - [2024-10-11T17:59:45.345+0000] {dagbag.py:545} INFO - Filling up the DagBag from /home/airflow/.local/lib/python3.12/site-packages/airflow/example_dags/example_params_trigger_ui.py
[2024-10-11T17:59:45.358+0000] {processor.py:840} INFO - DAG(s) 'example_params_trigger_ui' retrieved from /home/airflow/.local/lib/python3.12/site-packages/airflow/example_dags/example_params_trigger_ui.py
[2024-10-11T17:59:45.407+0000] {logging_mixin.py:188} INFO - [2024-10-11T17:59:45.406+0000] {dag.py:3096} INFO - Sync 1 DAGs
[2024-10-11T17:59:45.422+0000] {logging_mixin.py:188} INFO - [2024-10-11T17:59:45.421+0000] {dag.py:3954} INFO - Setting next_dagrun for example_params_trigger_ui to None, run_after=None
[2024-10-11T17:59:45.448+0000] {processor.py:183} INFO - Processing /home/airflow/.local/lib/python3.12/site-packages/airflow/example_dags/example_params_trigger_ui.py took 0.111 seconds
[2024-10-11T18:00:15.786+0000] {processor.py:161} INFO - Started process (PID=8156) to work on /home/airflow/.local/lib/python3.12/site-packages/airflow/example_dags/example_params_trigger_ui.py
[2024-10-11T18:00:15.787+0000] {processor.py:830} INFO - Processing file /home/airflow/.local/lib/python3.12/site-packages/airflow/example_dags/example_params_trigger_ui.py for tasks to queue
[2024-10-11T18:00:15.789+0000] {logging_mixin.py:188} INFO - [2024-10-11T18:00:15.789+0000] {dagbag.py:545} INFO - Filling up the DagBag from /home/airflow/.local/lib/python3.12/site-packages/airflow/example_dags/example_params_trigger_ui.py
[2024-10-11T18:00:15.801+0000] {processor.py:840} INFO - DAG(s) 'example_params_trigger_ui' retrieved from /home/airflow/.local/lib/python3.12/site-packages/airflow/example_dags/example_params_trigger_ui.py
[2024-10-11T18:00:15.848+0000] {logging_mixin.py:188} INFO - [2024-10-11T18:00:15.848+0000] {dag.py:3096} INFO - Sync 1 DAGs
[2024-10-11T18:00:15.862+0000] {logging_mixin.py:188} INFO - [2024-10-11T18:00:15.862+0000] {dag.py:3954} INFO - Setting next_dagrun for example_params_trigger_ui to None, run_after=None
[2024-10-11T18:00:15.889+0000] {processor.py:183} INFO - Processing /home/airflow/.local/lib/python3.12/site-packages/airflow/example_dags/example_params_trigger_ui.py took 0.110 seconds
[2024-10-11T18:00:46.062+0000] {processor.py:161} INFO - Started process (PID=8416) to work on /home/airflow/.local/lib/python3.12/site-packages/airflow/example_dags/example_params_trigger_ui.py
[2024-10-11T18:00:46.064+0000] {processor.py:830} INFO - Processing file /home/airflow/.local/lib/python3.12/site-packages/airflow/example_dags/example_params_trigger_ui.py for tasks to queue
[2024-10-11T18:00:46.066+0000] {logging_mixin.py:188} INFO - [2024-10-11T18:00:46.065+0000] {dagbag.py:545} INFO - Filling up the DagBag from /home/airflow/.local/lib/python3.12/site-packages/airflow/example_dags/example_params_trigger_ui.py
[2024-10-11T18:00:46.082+0000] {processor.py:840} INFO - DAG(s) 'example_params_trigger_ui' retrieved from /home/airflow/.local/lib/python3.12/site-packages/airflow/example_dags/example_params_trigger_ui.py
[2024-10-11T18:00:46.209+0000] {logging_mixin.py:188} INFO - [2024-10-11T18:00:46.209+0000] {dag.py:3096} INFO - Sync 1 DAGs
[2024-10-11T18:00:46.226+0000] {logging_mixin.py:188} INFO - [2024-10-11T18:00:46.226+0000] {dag.py:3954} INFO - Setting next_dagrun for example_params_trigger_ui to None, run_after=None
[2024-10-11T18:00:46.254+0000] {processor.py:183} INFO - Processing /home/airflow/.local/lib/python3.12/site-packages/airflow/example_dags/example_params_trigger_ui.py took 0.199 seconds
[2024-10-11T18:01:16.691+0000] {processor.py:161} INFO - Started process (PID=8678) to work on /home/airflow/.local/lib/python3.12/site-packages/airflow/example_dags/example_params_trigger_ui.py
[2024-10-11T18:01:16.692+0000] {processor.py:830} INFO - Processing file /home/airflow/.local/lib/python3.12/site-packages/airflow/example_dags/example_params_trigger_ui.py for tasks to queue
[2024-10-11T18:01:16.694+0000] {logging_mixin.py:188} INFO - [2024-10-11T18:01:16.693+0000] {dagbag.py:545} INFO - Filling up the DagBag from /home/airflow/.local/lib/python3.12/site-packages/airflow/example_dags/example_params_trigger_ui.py
[2024-10-11T18:01:16.706+0000] {processor.py:840} INFO - DAG(s) 'example_params_trigger_ui' retrieved from /home/airflow/.local/lib/python3.12/site-packages/airflow/example_dags/example_params_trigger_ui.py
[2024-10-11T18:01:16.753+0000] {logging_mixin.py:188} INFO - [2024-10-11T18:01:16.753+0000] {dag.py:3096} INFO - Sync 1 DAGs
[2024-10-11T18:01:16.766+0000] {logging_mixin.py:188} INFO - [2024-10-11T18:01:16.765+0000] {dag.py:3954} INFO - Setting next_dagrun for example_params_trigger_ui to None, run_after=None
[2024-10-11T18:01:16.794+0000] {processor.py:183} INFO - Processing /home/airflow/.local/lib/python3.12/site-packages/airflow/example_dags/example_params_trigger_ui.py took 0.108 seconds
[2024-10-11T18:01:47.448+0000] {processor.py:161} INFO - Started process (PID=8940) to work on /home/airflow/.local/lib/python3.12/site-packages/airflow/example_dags/example_params_trigger_ui.py
[2024-10-11T18:01:47.449+0000] {processor.py:830} INFO - Processing file /home/airflow/.local/lib/python3.12/site-packages/airflow/example_dags/example_params_trigger_ui.py for tasks to queue
[2024-10-11T18:01:47.452+0000] {logging_mixin.py:188} INFO - [2024-10-11T18:01:47.451+0000] {dagbag.py:545} INFO - Filling up the DagBag from /home/airflow/.local/lib/python3.12/site-packages/airflow/example_dags/example_params_trigger_ui.py
[2024-10-11T18:01:47.465+0000] {processor.py:840} INFO - DAG(s) 'example_params_trigger_ui' retrieved from /home/airflow/.local/lib/python3.12/site-packages/airflow/example_dags/example_params_trigger_ui.py
[2024-10-11T18:01:47.519+0000] {logging_mixin.py:188} INFO - [2024-10-11T18:01:47.518+0000] {dag.py:3096} INFO - Sync 1 DAGs
[2024-10-11T18:01:47.539+0000] {logging_mixin.py:188} INFO - [2024-10-11T18:01:47.538+0000] {dag.py:3954} INFO - Setting next_dagrun for example_params_trigger_ui to None, run_after=None
[2024-10-11T18:01:47.569+0000] {processor.py:183} INFO - Processing /home/airflow/.local/lib/python3.12/site-packages/airflow/example_dags/example_params_trigger_ui.py took 0.126 seconds
[2024-10-11T18:02:18.092+0000] {processor.py:161} INFO - Started process (PID=9204) to work on /home/airflow/.local/lib/python3.12/site-packages/airflow/example_dags/example_params_trigger_ui.py
[2024-10-11T18:02:18.093+0000] {processor.py:830} INFO - Processing file /home/airflow/.local/lib/python3.12/site-packages/airflow/example_dags/example_params_trigger_ui.py for tasks to queue
[2024-10-11T18:02:18.096+0000] {logging_mixin.py:188} INFO - [2024-10-11T18:02:18.095+0000] {dagbag.py:545} INFO - Filling up the DagBag from /home/airflow/.local/lib/python3.12/site-packages/airflow/example_dags/example_params_trigger_ui.py
[2024-10-11T18:02:18.108+0000] {processor.py:840} INFO - DAG(s) 'example_params_trigger_ui' retrieved from /home/airflow/.local/lib/python3.12/site-packages/airflow/example_dags/example_params_trigger_ui.py
[2024-10-11T18:02:18.158+0000] {logging_mixin.py:188} INFO - [2024-10-11T18:02:18.158+0000] {dag.py:3096} INFO - Sync 1 DAGs
[2024-10-11T18:02:18.172+0000] {logging_mixin.py:188} INFO - [2024-10-11T18:02:18.171+0000] {dag.py:3954} INFO - Setting next_dagrun for example_params_trigger_ui to None, run_after=None
[2024-10-11T18:02:18.203+0000] {processor.py:183} INFO - Processing /home/airflow/.local/lib/python3.12/site-packages/airflow/example_dags/example_params_trigger_ui.py took 0.117 seconds
[2024-10-11T18:02:48.598+0000] {processor.py:161} INFO - Started process (PID=9466) to work on /home/airflow/.local/lib/python3.12/site-packages/airflow/example_dags/example_params_trigger_ui.py
[2024-10-11T18:02:48.600+0000] {processor.py:830} INFO - Processing file /home/airflow/.local/lib/python3.12/site-packages/airflow/example_dags/example_params_trigger_ui.py for tasks to queue
[2024-10-11T18:02:48.603+0000] {logging_mixin.py:188} INFO - [2024-10-11T18:02:48.602+0000] {dagbag.py:545} INFO - Filling up the DagBag from /home/airflow/.local/lib/python3.12/site-packages/airflow/example_dags/example_params_trigger_ui.py
[2024-10-11T18:02:48.617+0000] {processor.py:840} INFO - DAG(s) 'example_params_trigger_ui' retrieved from /home/airflow/.local/lib/python3.12/site-packages/airflow/example_dags/example_params_trigger_ui.py
[2024-10-11T18:02:48.669+0000] {logging_mixin.py:188} INFO - [2024-10-11T18:02:48.669+0000] {dag.py:3096} INFO - Sync 1 DAGs
[2024-10-11T18:02:48.684+0000] {logging_mixin.py:188} INFO - [2024-10-11T18:02:48.684+0000] {dag.py:3954} INFO - Setting next_dagrun for example_params_trigger_ui to None, run_after=None
[2024-10-11T18:02:48.712+0000] {processor.py:183} INFO - Processing /home/airflow/.local/lib/python3.12/site-packages/airflow/example_dags/example_params_trigger_ui.py took 0.120 seconds
[2024-10-11T18:03:19.504+0000] {processor.py:161} INFO - Started process (PID=9726) to work on /home/airflow/.local/lib/python3.12/site-packages/airflow/example_dags/example_params_trigger_ui.py
[2024-10-11T18:03:19.506+0000] {processor.py:830} INFO - Processing file /home/airflow/.local/lib/python3.12/site-packages/airflow/example_dags/example_params_trigger_ui.py for tasks to queue
[2024-10-11T18:03:19.509+0000] {logging_mixin.py:188} INFO - [2024-10-11T18:03:19.508+0000] {dagbag.py:545} INFO - Filling up the DagBag from /home/airflow/.local/lib/python3.12/site-packages/airflow/example_dags/example_params_trigger_ui.py
[2024-10-11T18:03:19.552+0000] {processor.py:840} INFO - DAG(s) 'example_params_trigger_ui' retrieved from /home/airflow/.local/lib/python3.12/site-packages/airflow/example_dags/example_params_trigger_ui.py
[2024-10-11T18:03:19.631+0000] {logging_mixin.py:188} INFO - [2024-10-11T18:03:19.631+0000] {dag.py:3096} INFO - Sync 1 DAGs
[2024-10-11T18:03:19.648+0000] {logging_mixin.py:188} INFO - [2024-10-11T18:03:19.647+0000] {dag.py:3954} INFO - Setting next_dagrun for example_params_trigger_ui to None, run_after=None
[2024-10-11T18:03:19.677+0000] {processor.py:183} INFO - Processing /home/airflow/.local/lib/python3.12/site-packages/airflow/example_dags/example_params_trigger_ui.py took 0.178 seconds
[2024-10-11T18:03:49.959+0000] {processor.py:161} INFO - Started process (PID=9988) to work on /home/airflow/.local/lib/python3.12/site-packages/airflow/example_dags/example_params_trigger_ui.py
[2024-10-11T18:03:49.961+0000] {processor.py:830} INFO - Processing file /home/airflow/.local/lib/python3.12/site-packages/airflow/example_dags/example_params_trigger_ui.py for tasks to queue
[2024-10-11T18:03:49.963+0000] {logging_mixin.py:188} INFO - [2024-10-11T18:03:49.963+0000] {dagbag.py:545} INFO - Filling up the DagBag from /home/airflow/.local/lib/python3.12/site-packages/airflow/example_dags/example_params_trigger_ui.py
[2024-10-11T18:03:49.979+0000] {processor.py:840} INFO - DAG(s) 'example_params_trigger_ui' retrieved from /home/airflow/.local/lib/python3.12/site-packages/airflow/example_dags/example_params_trigger_ui.py
[2024-10-11T18:03:50.214+0000] {logging_mixin.py:188} INFO - [2024-10-11T18:03:50.214+0000] {dag.py:3096} INFO - Sync 1 DAGs
[2024-10-11T18:03:50.227+0000] {logging_mixin.py:188} INFO - [2024-10-11T18:03:50.226+0000] {dag.py:3954} INFO - Setting next_dagrun for example_params_trigger_ui to None, run_after=None
[2024-10-11T18:03:50.252+0000] {processor.py:183} INFO - Processing /home/airflow/.local/lib/python3.12/site-packages/airflow/example_dags/example_params_trigger_ui.py took 0.300 seconds
