[2024-10-17T03:53:16.630+0000] {local_task_job_runner.py:120} INFO - ::group::Pre task execution logs
[2024-10-17T03:53:16.719+0000] {taskinstance.py:2076} INFO - Dependencies all met for dep_context=non-requeueable deps ti=<TaskInstance: transform_and_load_to_staging.extract_and_load_to_staging scheduled__2023-01-15T00:00:00+00:00 [queued]>
[2024-10-17T03:53:16.745+0000] {taskinstance.py:2076} INFO - Dependencies all met for dep_context=requeueable deps ti=<TaskInstance: transform_and_load_to_staging.extract_and_load_to_staging scheduled__2023-01-15T00:00:00+00:00 [queued]>
[2024-10-17T03:53:16.747+0000] {taskinstance.py:2306} INFO - Starting attempt 1 of 2
[2024-10-17T03:53:16.785+0000] {taskinstance.py:2330} INFO - Executing <Task(PythonOperator): extract_and_load_to_staging> on 2023-01-15 00:00:00+00:00
[2024-10-17T03:53:16.844+0000] {standard_task_runner.py:90} INFO - Running: ['***', 'tasks', 'run', 'transform_and_load_to_staging', 'extract_and_load_to_staging', 'scheduled__2023-01-15T00:00:00+00:00', '--job-id', '20', '--raw', '--subdir', 'DAGS_FOLDER/extract_data.py', '--cfg-path', '/tmp/tmpb4oeicc5']
[2024-10-17T03:53:16.869+0000] {standard_task_runner.py:91} INFO - Job 20: Subtask extract_and_load_to_staging
[2024-10-17T03:53:16.872+0000] {logging_mixin.py:188} WARNING - /home/***/.local/lib/python3.12/site-packages/***/task/task_runner/standard_task_runner.py:61 DeprecationWarning: This process (pid=818) is multi-threaded, use of fork() may lead to deadlocks in the child.
[2024-10-17T03:53:16.875+0000] {standard_task_runner.py:63} INFO - Started process 824 to run task
[2024-10-17T03:53:17.387+0000] {task_command.py:426} INFO - Running <TaskInstance: transform_and_load_to_staging.extract_and_load_to_staging scheduled__2023-01-15T00:00:00+00:00 [running]> on host c5c3360080e3
[2024-10-17T03:53:17.514+0000] {taskinstance.py:2648} INFO - Exporting env vars: AIRFLOW_CTX_DAG_OWNER='***' AIRFLOW_CTX_DAG_ID='transform_and_load_to_staging' AIRFLOW_CTX_TASK_ID='extract_and_load_to_staging' AIRFLOW_CTX_EXECUTION_DATE='2023-01-15T00:00:00+00:00' AIRFLOW_CTX_TRY_NUMBER='1' AIRFLOW_CTX_DAG_RUN_ID='scheduled__2023-01-15T00:00:00+00:00'
[2024-10-17T03:53:17.516+0000] {taskinstance.py:430} INFO - ::endgroup::
[2024-10-17T03:53:17.550+0000] {mysql_operator.py:13} ERROR - Can't connect to mysql_source database
[2024-10-17T03:53:17.561+0000] {taskinstance.py:441} INFO - ::group::Post task execution logs
[2024-10-17T03:53:17.579+0000] {taskinstance.py:2905} ERROR - Task failed with exception
Traceback (most recent call last):
  File "/home/airflow/.local/lib/python3.12/site-packages/airflow/models/taskinstance.py", line 465, in _execute_task
    result = _execute_callable(context=context, **execute_callable_kwargs)
             ^^^^^^^^^^^^^^^^^^^^^^^^^^^^^^^^^^^^^^^^^^^^^^^^^^^^^^^^^^^^^
  File "/home/airflow/.local/lib/python3.12/site-packages/airflow/models/taskinstance.py", line 432, in _execute_callable
    return execute_callable(context=context, **execute_callable_kwargs)
           ^^^^^^^^^^^^^^^^^^^^^^^^^^^^^^^^^^^^^^^^^^^^^^^^^^^^^^^^^^^^
  File "/home/airflow/.local/lib/python3.12/site-packages/airflow/models/baseoperator.py", line 401, in wrapper
    return func(self, *args, **kwargs)
           ^^^^^^^^^^^^^^^^^^^^^^^^^^^
  File "/home/airflow/.local/lib/python3.12/site-packages/airflow/operators/python.py", line 235, in execute
    return_value = self.execute_callable()
                   ^^^^^^^^^^^^^^^^^^^^^^^
  File "/home/airflow/.local/lib/python3.12/site-packages/airflow/operators/python.py", line 252, in execute_callable
    return self.python_callable(*self.op_args, **self.op_kwargs)
           ^^^^^^^^^^^^^^^^^^^^^^^^^^^^^^^^^^^^^^^^^^^^^^^^^^^^^
  File "/opt/airflow/dags/extract_data.py", line 120, in extract_and_load_to_staging
    df = source_operator.get_data_to_pd(f"SELECT * FROM {table}")
         ^^^^^^^^^^^^^^^^^^^^^^^^^^^^^^^^^^^^^^^^^^^^^^^^^^^^^^^^
  File "/opt/airflow/plugins/mysql_operator.py", line 15, in get_data_to_pd
    return self.mysqlhook.get_pandas_df(query)
           ^^^^^^^^^^^^^^^^^^^^^^^^^^^^^^^^^^^
  File "/home/airflow/.local/lib/python3.12/site-packages/airflow/providers/common/sql/hooks/sql.py", line 262, in get_pandas_df
    with closing(self.get_conn()) as conn:
                 ^^^^^^^^^^^^^^^
  File "/home/airflow/.local/lib/python3.12/site-packages/airflow/providers/mysql/hooks/mysql.py", line 188, in get_conn
    conn = self.connection or self.get_connection(getattr(self, self.conn_name_attr))
                              ^^^^^^^^^^^^^^^^^^^^^^^^^^^^^^^^^^^^^^^^^^^^^^^^^^^^^^^
  File "/home/airflow/.local/lib/python3.12/site-packages/airflow/hooks/base.py", line 83, in get_connection
    conn = Connection.get_connection_from_secrets(conn_id)
           ^^^^^^^^^^^^^^^^^^^^^^^^^^^^^^^^^^^^^^^^^^^^^^^
  File "/home/airflow/.local/lib/python3.12/site-packages/airflow/models/connection.py", line 519, in get_connection_from_secrets
    raise AirflowNotFoundException(f"The conn_id `{conn_id}` isn't defined")
airflow.exceptions.AirflowNotFoundException: The conn_id `mysql_source` isn't defined
[2024-10-17T03:53:17.596+0000] {taskinstance.py:1206} INFO - Marking task as UP_FOR_RETRY. dag_id=transform_and_load_to_staging, task_id=extract_and_load_to_staging, run_id=scheduled__2023-01-15T00:00:00+00:00, execution_date=20230115T000000, start_date=20241017T035316, end_date=20241017T035317
[2024-10-17T03:53:17.617+0000] {standard_task_runner.py:110} ERROR - Failed to execute job 20 for task extract_and_load_to_staging (The conn_id `mysql_source` isn't defined; 824)
[2024-10-17T03:53:17.670+0000] {local_task_job_runner.py:240} INFO - Task exited with return code 1
[2024-10-17T03:53:17.920+0000] {taskinstance.py:3503} INFO - 0 downstream tasks scheduled from follow-on schedule check
[2024-10-17T03:53:17.923+0000] {local_task_job_runner.py:222} INFO - ::endgroup::
