[2024-10-26T07:35:56.642+0000] {local_task_job_runner.py:120} INFO - ::group::Pre task execution logs
[2024-10-26T07:35:56.679+0000] {taskinstance.py:2076} INFO - Dependencies all met for dep_context=non-requeueable deps ti=<TaskInstance: transform_and_load_to_staging.extract_and_load_to_staging manual__2024-10-26T07:35:56.268717+00:00 [queued]>
[2024-10-26T07:35:56.693+0000] {taskinstance.py:2076} INFO - Dependencies all met for dep_context=requeueable deps ti=<TaskInstance: transform_and_load_to_staging.extract_and_load_to_staging manual__2024-10-26T07:35:56.268717+00:00 [queued]>
[2024-10-26T07:35:56.694+0000] {taskinstance.py:2306} INFO - Starting attempt 1 of 1
[2024-10-26T07:35:56.714+0000] {taskinstance.py:2330} INFO - Executing <Task(PythonOperator): extract_and_load_to_staging> on 2024-10-26 07:35:56.268717+00:00
[2024-10-26T07:35:56.722+0000] {standard_task_runner.py:63} INFO - Started process 525 to run task
[2024-10-26T07:35:56.726+0000] {standard_task_runner.py:90} INFO - Running: ['***', 'tasks', 'run', 'transform_and_load_to_staging', 'extract_and_load_to_staging', 'manual__2024-10-26T07:35:56.268717+00:00', '--job-id', '690', '--raw', '--subdir', 'DAGS_FOLDER/extract_data.py', '--cfg-path', '/tmp/tmp2lfbk32n']
[2024-10-26T07:35:56.730+0000] {standard_task_runner.py:91} INFO - Job 690: Subtask extract_and_load_to_staging
[2024-10-26T07:35:56.784+0000] {task_command.py:426} INFO - Running <TaskInstance: transform_and_load_to_staging.extract_and_load_to_staging manual__2024-10-26T07:35:56.268717+00:00 [running]> on host eed3011aebc3
[2024-10-26T07:35:56.875+0000] {taskinstance.py:2648} INFO - Exporting env vars: AIRFLOW_CTX_DAG_OWNER='***' AIRFLOW_CTX_DAG_ID='transform_and_load_to_staging' AIRFLOW_CTX_TASK_ID='extract_and_load_to_staging' AIRFLOW_CTX_EXECUTION_DATE='2024-10-26T07:35:56.268717+00:00' AIRFLOW_CTX_TRY_NUMBER='1' AIRFLOW_CTX_DAG_RUN_ID='manual__2024-10-26T07:35:56.268717+00:00'
[2024-10-26T07:35:56.876+0000] {taskinstance.py:430} INFO - ::endgroup::
[2024-10-26T07:35:56.898+0000] {base.py:84} INFO - Using connection ID 'mysql' for task execution.
[2024-10-26T07:35:56.942+0000] {base.py:84} INFO - Using connection ID 'mysql' for task execution.
[2024-10-26T07:35:56.960+0000] {logging_mixin.py:188} WARNING - /home/***/.local/lib/python3.10/site-packages/***/providers/common/sql/hooks/sql.py:263 UserWarning: pandas only supports SQLAlchemy connectable (engine/connection) or database string URI or sqlite3 DBAPI2 connection. Other DBAPI2 objects are not tested. Please consider using SQLAlchemy.
[2024-10-26T07:35:56.987+0000] {base.py:84} INFO - Using connection ID 'postgres' for task execution.
[2024-10-26T07:35:57.053+0000] {logging_mixin.py:188} INFO - Đã trích xuất và lưu bảng product_category_name_translation từ MySQL vào PostgreSQL public
[2024-10-26T07:35:57.060+0000] {base.py:84} INFO - Using connection ID 'mysql' for task execution.
[2024-10-26T07:35:57.073+0000] {logging_mixin.py:188} WARNING - /home/***/.local/lib/python3.10/site-packages/***/providers/common/sql/hooks/sql.py:263 UserWarning: pandas only supports SQLAlchemy connectable (engine/connection) or database string URI or sqlite3 DBAPI2 connection. Other DBAPI2 objects are not tested. Please consider using SQLAlchemy.
[2024-10-26T07:35:57.088+0000] {base.py:84} INFO - Using connection ID 'postgres' for task execution.
[2024-10-26T07:35:57.146+0000] {logging_mixin.py:188} INFO - Đã trích xuất và lưu bảng geolocation từ MySQL vào PostgreSQL public
[2024-10-26T07:35:57.154+0000] {base.py:84} INFO - Using connection ID 'mysql' for task execution.
[2024-10-26T07:35:57.167+0000] {logging_mixin.py:188} WARNING - /home/***/.local/lib/python3.10/site-packages/***/providers/common/sql/hooks/sql.py:263 UserWarning: pandas only supports SQLAlchemy connectable (engine/connection) or database string URI or sqlite3 DBAPI2 connection. Other DBAPI2 objects are not tested. Please consider using SQLAlchemy.
[2024-10-26T07:35:57.181+0000] {base.py:84} INFO - Using connection ID 'postgres' for task execution.
[2024-10-26T07:35:57.239+0000] {logging_mixin.py:188} INFO - Đã trích xuất và lưu bảng sellers từ MySQL vào PostgreSQL public
[2024-10-26T07:35:57.249+0000] {base.py:84} INFO - Using connection ID 'mysql' for task execution.
[2024-10-26T07:35:57.261+0000] {logging_mixin.py:188} WARNING - /home/***/.local/lib/python3.10/site-packages/***/providers/common/sql/hooks/sql.py:263 UserWarning: pandas only supports SQLAlchemy connectable (engine/connection) or database string URI or sqlite3 DBAPI2 connection. Other DBAPI2 objects are not tested. Please consider using SQLAlchemy.
[2024-10-26T07:35:57.278+0000] {base.py:84} INFO - Using connection ID 'postgres' for task execution.
[2024-10-26T07:35:57.336+0000] {logging_mixin.py:188} INFO - Đã trích xuất và lưu bảng customers từ MySQL vào PostgreSQL public
[2024-10-26T07:35:57.344+0000] {base.py:84} INFO - Using connection ID 'mysql' for task execution.
[2024-10-26T07:35:57.356+0000] {logging_mixin.py:188} WARNING - /home/***/.local/lib/python3.10/site-packages/***/providers/common/sql/hooks/sql.py:263 UserWarning: pandas only supports SQLAlchemy connectable (engine/connection) or database string URI or sqlite3 DBAPI2 connection. Other DBAPI2 objects are not tested. Please consider using SQLAlchemy.
[2024-10-26T07:35:57.369+0000] {base.py:84} INFO - Using connection ID 'postgres' for task execution.
[2024-10-26T07:35:57.427+0000] {logging_mixin.py:188} INFO - Đã trích xuất và lưu bảng products từ MySQL vào PostgreSQL public
[2024-10-26T07:35:57.434+0000] {base.py:84} INFO - Using connection ID 'mysql' for task execution.
[2024-10-26T07:35:57.447+0000] {logging_mixin.py:188} WARNING - /home/***/.local/lib/python3.10/site-packages/***/providers/common/sql/hooks/sql.py:263 UserWarning: pandas only supports SQLAlchemy connectable (engine/connection) or database string URI or sqlite3 DBAPI2 connection. Other DBAPI2 objects are not tested. Please consider using SQLAlchemy.
[2024-10-26T07:35:57.460+0000] {base.py:84} INFO - Using connection ID 'postgres' for task execution.
[2024-10-26T07:35:57.518+0000] {logging_mixin.py:188} INFO - Đã trích xuất và lưu bảng orders từ MySQL vào PostgreSQL public
[2024-10-26T07:35:57.525+0000] {base.py:84} INFO - Using connection ID 'mysql' for task execution.
[2024-10-26T07:35:57.538+0000] {logging_mixin.py:188} WARNING - /home/***/.local/lib/python3.10/site-packages/***/providers/common/sql/hooks/sql.py:263 UserWarning: pandas only supports SQLAlchemy connectable (engine/connection) or database string URI or sqlite3 DBAPI2 connection. Other DBAPI2 objects are not tested. Please consider using SQLAlchemy.
[2024-10-26T07:35:57.554+0000] {base.py:84} INFO - Using connection ID 'postgres' for task execution.
[2024-10-26T07:35:57.612+0000] {logging_mixin.py:188} INFO - Đã trích xuất và lưu bảng order_items từ MySQL vào PostgreSQL public
[2024-10-26T07:35:57.619+0000] {base.py:84} INFO - Using connection ID 'mysql' for task execution.
[2024-10-26T07:35:57.632+0000] {logging_mixin.py:188} WARNING - /home/***/.local/lib/python3.10/site-packages/***/providers/common/sql/hooks/sql.py:263 UserWarning: pandas only supports SQLAlchemy connectable (engine/connection) or database string URI or sqlite3 DBAPI2 connection. Other DBAPI2 objects are not tested. Please consider using SQLAlchemy.
[2024-10-26T07:35:57.645+0000] {base.py:84} INFO - Using connection ID 'postgres' for task execution.
[2024-10-26T07:35:57.702+0000] {logging_mixin.py:188} INFO - Đã trích xuất và lưu bảng payments từ MySQL vào PostgreSQL public
[2024-10-26T07:35:57.710+0000] {base.py:84} INFO - Using connection ID 'mysql' for task execution.
[2024-10-26T07:35:57.722+0000] {logging_mixin.py:188} WARNING - /home/***/.local/lib/python3.10/site-packages/***/providers/common/sql/hooks/sql.py:263 UserWarning: pandas only supports SQLAlchemy connectable (engine/connection) or database string URI or sqlite3 DBAPI2 connection. Other DBAPI2 objects are not tested. Please consider using SQLAlchemy.
[2024-10-26T07:35:57.737+0000] {base.py:84} INFO - Using connection ID 'postgres' for task execution.
[2024-10-26T07:35:57.794+0000] {logging_mixin.py:188} INFO - Đã trích xuất và lưu bảng order_reviews từ MySQL vào PostgreSQL public
[2024-10-26T07:35:57.795+0000] {python.py:237} INFO - Done. Returned value was: None
[2024-10-26T07:35:57.796+0000] {taskinstance.py:441} INFO - ::group::Post task execution logs
[2024-10-26T07:35:57.808+0000] {taskinstance.py:1206} INFO - Marking task as SUCCESS. dag_id=transform_and_load_to_staging, task_id=extract_and_load_to_staging, run_id=manual__2024-10-26T07:35:56.268717+00:00, execution_date=20241026T073556, start_date=20241026T073556, end_date=20241026T073557
[2024-10-26T07:35:57.863+0000] {local_task_job_runner.py:240} INFO - Task exited with return code 0
[2024-10-26T07:35:57.885+0000] {taskinstance.py:3503} INFO - 1 downstream tasks scheduled from follow-on schedule check
[2024-10-26T07:35:57.888+0000] {local_task_job_runner.py:222} INFO - ::endgroup::
