[2024-10-10T14:57:20.350+0000] {processor.py:161} INFO - Started process (PID=191) to work on /home/airflow/.local/lib/python3.12/site-packages/airflow/example_dags/example_kubernetes_executor.py
[2024-10-10T14:57:20.351+0000] {processor.py:830} INFO - Processing file /home/airflow/.local/lib/python3.12/site-packages/airflow/example_dags/example_kubernetes_executor.py for tasks to queue
[2024-10-10T14:57:20.354+0000] {logging_mixin.py:188} INFO - [2024-10-10T14:57:20.354+0000] {dagbag.py:545} INFO - Filling up the DagBag from /home/airflow/.local/lib/python3.12/site-packages/airflow/example_dags/example_kubernetes_executor.py
[2024-10-10T14:57:20.376+0000] {processor.py:840} INFO - DAG(s) 'example_kubernetes_executor' retrieved from /home/airflow/.local/lib/python3.12/site-packages/airflow/example_dags/example_kubernetes_executor.py
[2024-10-10T14:57:20.624+0000] {logging_mixin.py:188} INFO - [2024-10-10T14:57:20.624+0000] {override.py:1829} INFO - Created Permission View: can edit on DAG:example_kubernetes_executor
[2024-10-10T14:57:20.639+0000] {logging_mixin.py:188} INFO - [2024-10-10T14:57:20.639+0000] {override.py:1829} INFO - Created Permission View: can read on DAG:example_kubernetes_executor
[2024-10-10T14:57:20.651+0000] {logging_mixin.py:188} INFO - [2024-10-10T14:57:20.650+0000] {override.py:1829} INFO - Created Permission View: can delete on DAG:example_kubernetes_executor
[2024-10-10T14:57:20.652+0000] {logging_mixin.py:188} INFO - [2024-10-10T14:57:20.652+0000] {dag.py:3096} INFO - Sync 1 DAGs
[2024-10-10T14:57:20.665+0000] {logging_mixin.py:188} INFO - [2024-10-10T14:57:20.664+0000] {dag.py:3118} INFO - Creating ORM DAG for example_kubernetes_executor
[2024-10-10T14:57:20.666+0000] {logging_mixin.py:188} INFO - [2024-10-10T14:57:20.666+0000] {dag.py:3954} INFO - Setting next_dagrun for example_kubernetes_executor to None, run_after=None
[2024-10-10T14:57:20.692+0000] {processor.py:183} INFO - Processing /home/airflow/.local/lib/python3.12/site-packages/airflow/example_dags/example_kubernetes_executor.py took 0.350 seconds
[2024-10-10T14:57:51.390+0000] {processor.py:161} INFO - Started process (PID=454) to work on /home/airflow/.local/lib/python3.12/site-packages/airflow/example_dags/example_kubernetes_executor.py
[2024-10-10T14:57:51.391+0000] {processor.py:830} INFO - Processing file /home/airflow/.local/lib/python3.12/site-packages/airflow/example_dags/example_kubernetes_executor.py for tasks to queue
[2024-10-10T14:57:51.396+0000] {logging_mixin.py:188} INFO - [2024-10-10T14:57:51.395+0000] {dagbag.py:545} INFO - Filling up the DagBag from /home/airflow/.local/lib/python3.12/site-packages/airflow/example_dags/example_kubernetes_executor.py
[2024-10-10T14:57:51.424+0000] {processor.py:840} INFO - DAG(s) 'example_kubernetes_executor' retrieved from /home/airflow/.local/lib/python3.12/site-packages/airflow/example_dags/example_kubernetes_executor.py
[2024-10-10T14:57:51.527+0000] {logging_mixin.py:188} INFO - [2024-10-10T14:57:51.527+0000] {dag.py:3096} INFO - Sync 1 DAGs
[2024-10-10T14:57:51.552+0000] {logging_mixin.py:188} INFO - [2024-10-10T14:57:51.551+0000] {dag.py:3954} INFO - Setting next_dagrun for example_kubernetes_executor to None, run_after=None
[2024-10-10T14:57:51.587+0000] {processor.py:183} INFO - Processing /home/airflow/.local/lib/python3.12/site-packages/airflow/example_dags/example_kubernetes_executor.py took 0.208 seconds
[2024-10-10T14:58:21.844+0000] {processor.py:161} INFO - Started process (PID=714) to work on /home/airflow/.local/lib/python3.12/site-packages/airflow/example_dags/example_kubernetes_executor.py
[2024-10-10T14:58:21.845+0000] {processor.py:830} INFO - Processing file /home/airflow/.local/lib/python3.12/site-packages/airflow/example_dags/example_kubernetes_executor.py for tasks to queue
[2024-10-10T14:58:21.848+0000] {logging_mixin.py:188} INFO - [2024-10-10T14:58:21.847+0000] {dagbag.py:545} INFO - Filling up the DagBag from /home/airflow/.local/lib/python3.12/site-packages/airflow/example_dags/example_kubernetes_executor.py
[2024-10-10T14:58:21.859+0000] {processor.py:840} INFO - DAG(s) 'example_kubernetes_executor' retrieved from /home/airflow/.local/lib/python3.12/site-packages/airflow/example_dags/example_kubernetes_executor.py
[2024-10-10T14:58:21.899+0000] {logging_mixin.py:188} INFO - [2024-10-10T14:58:21.899+0000] {dag.py:3096} INFO - Sync 1 DAGs
[2024-10-10T14:58:21.915+0000] {logging_mixin.py:188} INFO - [2024-10-10T14:58:21.915+0000] {dag.py:3954} INFO - Setting next_dagrun for example_kubernetes_executor to None, run_after=None
[2024-10-10T14:58:22.071+0000] {processor.py:183} INFO - Processing /home/airflow/.local/lib/python3.12/site-packages/airflow/example_dags/example_kubernetes_executor.py took 0.231 seconds
[2024-10-10T14:58:52.210+0000] {processor.py:161} INFO - Started process (PID=976) to work on /home/airflow/.local/lib/python3.12/site-packages/airflow/example_dags/example_kubernetes_executor.py
[2024-10-10T14:58:52.211+0000] {processor.py:830} INFO - Processing file /home/airflow/.local/lib/python3.12/site-packages/airflow/example_dags/example_kubernetes_executor.py for tasks to queue
[2024-10-10T14:58:52.214+0000] {logging_mixin.py:188} INFO - [2024-10-10T14:58:52.214+0000] {dagbag.py:545} INFO - Filling up the DagBag from /home/airflow/.local/lib/python3.12/site-packages/airflow/example_dags/example_kubernetes_executor.py
[2024-10-10T14:58:52.225+0000] {processor.py:840} INFO - DAG(s) 'example_kubernetes_executor' retrieved from /home/airflow/.local/lib/python3.12/site-packages/airflow/example_dags/example_kubernetes_executor.py
[2024-10-10T14:58:52.265+0000] {logging_mixin.py:188} INFO - [2024-10-10T14:58:52.264+0000] {dag.py:3096} INFO - Sync 1 DAGs
[2024-10-10T14:58:52.279+0000] {logging_mixin.py:188} INFO - [2024-10-10T14:58:52.279+0000] {dag.py:3954} INFO - Setting next_dagrun for example_kubernetes_executor to None, run_after=None
[2024-10-10T14:58:52.603+0000] {processor.py:183} INFO - Processing /home/airflow/.local/lib/python3.12/site-packages/airflow/example_dags/example_kubernetes_executor.py took 0.397 seconds
[2024-10-10T14:59:22.688+0000] {processor.py:161} INFO - Started process (PID=1241) to work on /home/airflow/.local/lib/python3.12/site-packages/airflow/example_dags/example_kubernetes_executor.py
[2024-10-10T14:59:22.689+0000] {processor.py:830} INFO - Processing file /home/airflow/.local/lib/python3.12/site-packages/airflow/example_dags/example_kubernetes_executor.py for tasks to queue
[2024-10-10T14:59:22.691+0000] {logging_mixin.py:188} INFO - [2024-10-10T14:59:22.691+0000] {dagbag.py:545} INFO - Filling up the DagBag from /home/airflow/.local/lib/python3.12/site-packages/airflow/example_dags/example_kubernetes_executor.py
[2024-10-10T14:59:22.704+0000] {processor.py:840} INFO - DAG(s) 'example_kubernetes_executor' retrieved from /home/airflow/.local/lib/python3.12/site-packages/airflow/example_dags/example_kubernetes_executor.py
[2024-10-10T14:59:22.742+0000] {logging_mixin.py:188} INFO - [2024-10-10T14:59:22.742+0000] {dag.py:3096} INFO - Sync 1 DAGs
[2024-10-10T14:59:22.756+0000] {logging_mixin.py:188} INFO - [2024-10-10T14:59:22.756+0000] {dag.py:3954} INFO - Setting next_dagrun for example_kubernetes_executor to None, run_after=None
[2024-10-10T14:59:22.783+0000] {processor.py:183} INFO - Processing /home/airflow/.local/lib/python3.12/site-packages/airflow/example_dags/example_kubernetes_executor.py took 0.101 seconds
[2024-10-10T14:59:53.678+0000] {processor.py:161} INFO - Started process (PID=1503) to work on /home/airflow/.local/lib/python3.12/site-packages/airflow/example_dags/example_kubernetes_executor.py
[2024-10-10T14:59:53.679+0000] {processor.py:830} INFO - Processing file /home/airflow/.local/lib/python3.12/site-packages/airflow/example_dags/example_kubernetes_executor.py for tasks to queue
[2024-10-10T14:59:53.682+0000] {logging_mixin.py:188} INFO - [2024-10-10T14:59:53.681+0000] {dagbag.py:545} INFO - Filling up the DagBag from /home/airflow/.local/lib/python3.12/site-packages/airflow/example_dags/example_kubernetes_executor.py
[2024-10-10T14:59:53.695+0000] {processor.py:840} INFO - DAG(s) 'example_kubernetes_executor' retrieved from /home/airflow/.local/lib/python3.12/site-packages/airflow/example_dags/example_kubernetes_executor.py
[2024-10-10T14:59:53.752+0000] {logging_mixin.py:188} INFO - [2024-10-10T14:59:53.751+0000] {dag.py:3096} INFO - Sync 1 DAGs
[2024-10-10T14:59:53.785+0000] {logging_mixin.py:188} INFO - [2024-10-10T14:59:53.784+0000] {dag.py:3954} INFO - Setting next_dagrun for example_kubernetes_executor to None, run_after=None
[2024-10-10T14:59:53.819+0000] {processor.py:183} INFO - Processing /home/airflow/.local/lib/python3.12/site-packages/airflow/example_dags/example_kubernetes_executor.py took 0.148 seconds
[2024-10-10T15:00:24.217+0000] {processor.py:161} INFO - Started process (PID=1765) to work on /home/airflow/.local/lib/python3.12/site-packages/airflow/example_dags/example_kubernetes_executor.py
[2024-10-10T15:00:24.218+0000] {processor.py:830} INFO - Processing file /home/airflow/.local/lib/python3.12/site-packages/airflow/example_dags/example_kubernetes_executor.py for tasks to queue
[2024-10-10T15:00:24.221+0000] {logging_mixin.py:188} INFO - [2024-10-10T15:00:24.221+0000] {dagbag.py:545} INFO - Filling up the DagBag from /home/airflow/.local/lib/python3.12/site-packages/airflow/example_dags/example_kubernetes_executor.py
[2024-10-10T15:00:24.238+0000] {processor.py:840} INFO - DAG(s) 'example_kubernetes_executor' retrieved from /home/airflow/.local/lib/python3.12/site-packages/airflow/example_dags/example_kubernetes_executor.py
[2024-10-10T15:00:24.290+0000] {logging_mixin.py:188} INFO - [2024-10-10T15:00:24.290+0000] {dag.py:3096} INFO - Sync 1 DAGs
[2024-10-10T15:00:24.305+0000] {logging_mixin.py:188} INFO - [2024-10-10T15:00:24.305+0000] {dag.py:3954} INFO - Setting next_dagrun for example_kubernetes_executor to None, run_after=None
[2024-10-10T15:00:24.337+0000] {processor.py:183} INFO - Processing /home/airflow/.local/lib/python3.12/site-packages/airflow/example_dags/example_kubernetes_executor.py took 0.126 seconds
[2024-10-10T15:00:54.784+0000] {processor.py:161} INFO - Started process (PID=2027) to work on /home/airflow/.local/lib/python3.12/site-packages/airflow/example_dags/example_kubernetes_executor.py
[2024-10-10T15:00:54.785+0000] {processor.py:830} INFO - Processing file /home/airflow/.local/lib/python3.12/site-packages/airflow/example_dags/example_kubernetes_executor.py for tasks to queue
[2024-10-10T15:00:54.788+0000] {logging_mixin.py:188} INFO - [2024-10-10T15:00:54.788+0000] {dagbag.py:545} INFO - Filling up the DagBag from /home/airflow/.local/lib/python3.12/site-packages/airflow/example_dags/example_kubernetes_executor.py
[2024-10-10T15:00:54.803+0000] {processor.py:840} INFO - DAG(s) 'example_kubernetes_executor' retrieved from /home/airflow/.local/lib/python3.12/site-packages/airflow/example_dags/example_kubernetes_executor.py
[2024-10-10T15:00:54.860+0000] {logging_mixin.py:188} INFO - [2024-10-10T15:00:54.859+0000] {dag.py:3096} INFO - Sync 1 DAGs
[2024-10-10T15:00:54.888+0000] {logging_mixin.py:188} INFO - [2024-10-10T15:00:54.887+0000] {dag.py:3954} INFO - Setting next_dagrun for example_kubernetes_executor to None, run_after=None
[2024-10-10T15:00:54.931+0000] {processor.py:183} INFO - Processing /home/airflow/.local/lib/python3.12/site-packages/airflow/example_dags/example_kubernetes_executor.py took 0.153 seconds
[2024-10-10T15:01:25.396+0000] {processor.py:161} INFO - Started process (PID=2289) to work on /home/airflow/.local/lib/python3.12/site-packages/airflow/example_dags/example_kubernetes_executor.py
[2024-10-10T15:01:25.398+0000] {processor.py:830} INFO - Processing file /home/airflow/.local/lib/python3.12/site-packages/airflow/example_dags/example_kubernetes_executor.py for tasks to queue
[2024-10-10T15:01:25.400+0000] {logging_mixin.py:188} INFO - [2024-10-10T15:01:25.399+0000] {dagbag.py:545} INFO - Filling up the DagBag from /home/airflow/.local/lib/python3.12/site-packages/airflow/example_dags/example_kubernetes_executor.py
[2024-10-10T15:01:25.412+0000] {processor.py:840} INFO - DAG(s) 'example_kubernetes_executor' retrieved from /home/airflow/.local/lib/python3.12/site-packages/airflow/example_dags/example_kubernetes_executor.py
[2024-10-10T15:01:25.454+0000] {logging_mixin.py:188} INFO - [2024-10-10T15:01:25.454+0000] {dag.py:3096} INFO - Sync 1 DAGs
[2024-10-10T15:01:25.468+0000] {logging_mixin.py:188} INFO - [2024-10-10T15:01:25.467+0000] {dag.py:3954} INFO - Setting next_dagrun for example_kubernetes_executor to None, run_after=None
[2024-10-10T15:01:25.496+0000] {processor.py:183} INFO - Processing /home/airflow/.local/lib/python3.12/site-packages/airflow/example_dags/example_kubernetes_executor.py took 0.105 seconds
[2024-10-10T15:03:14.359+0000] {processor.py:161} INFO - Started process (PID=189) to work on /home/airflow/.local/lib/python3.12/site-packages/airflow/example_dags/example_kubernetes_executor.py
[2024-10-10T15:03:14.361+0000] {processor.py:830} INFO - Processing file /home/airflow/.local/lib/python3.12/site-packages/airflow/example_dags/example_kubernetes_executor.py for tasks to queue
[2024-10-10T15:03:14.364+0000] {logging_mixin.py:188} INFO - [2024-10-10T15:03:14.363+0000] {dagbag.py:545} INFO - Filling up the DagBag from /home/airflow/.local/lib/python3.12/site-packages/airflow/example_dags/example_kubernetes_executor.py
[2024-10-10T15:03:14.384+0000] {processor.py:840} INFO - DAG(s) 'example_kubernetes_executor' retrieved from /home/airflow/.local/lib/python3.12/site-packages/airflow/example_dags/example_kubernetes_executor.py
[2024-10-10T15:03:14.401+0000] {logging_mixin.py:188} INFO - [2024-10-10T15:03:14.401+0000] {dag.py:3096} INFO - Sync 1 DAGs
[2024-10-10T15:03:14.417+0000] {logging_mixin.py:188} INFO - [2024-10-10T15:03:14.416+0000] {dag.py:3954} INFO - Setting next_dagrun for example_kubernetes_executor to None, run_after=None
[2024-10-10T15:03:14.442+0000] {processor.py:183} INFO - Processing /home/airflow/.local/lib/python3.12/site-packages/airflow/example_dags/example_kubernetes_executor.py took 0.088 seconds
[2024-10-10T15:03:45.041+0000] {processor.py:161} INFO - Started process (PID=451) to work on /home/airflow/.local/lib/python3.12/site-packages/airflow/example_dags/example_kubernetes_executor.py
[2024-10-10T15:03:45.042+0000] {processor.py:830} INFO - Processing file /home/airflow/.local/lib/python3.12/site-packages/airflow/example_dags/example_kubernetes_executor.py for tasks to queue
[2024-10-10T15:03:45.045+0000] {logging_mixin.py:188} INFO - [2024-10-10T15:03:45.044+0000] {dagbag.py:545} INFO - Filling up the DagBag from /home/airflow/.local/lib/python3.12/site-packages/airflow/example_dags/example_kubernetes_executor.py
[2024-10-10T15:03:45.058+0000] {processor.py:840} INFO - DAG(s) 'example_kubernetes_executor' retrieved from /home/airflow/.local/lib/python3.12/site-packages/airflow/example_dags/example_kubernetes_executor.py
[2024-10-10T15:03:45.201+0000] {logging_mixin.py:188} INFO - [2024-10-10T15:03:45.201+0000] {dag.py:3096} INFO - Sync 1 DAGs
[2024-10-10T15:03:45.214+0000] {logging_mixin.py:188} INFO - [2024-10-10T15:03:45.214+0000] {dag.py:3954} INFO - Setting next_dagrun for example_kubernetes_executor to None, run_after=None
[2024-10-10T15:03:45.259+0000] {processor.py:183} INFO - Processing /home/airflow/.local/lib/python3.12/site-packages/airflow/example_dags/example_kubernetes_executor.py took 0.224 seconds
