[2024-10-10T14:57:23.127+0000] {processor.py:161} INFO - Started process (PID=254) to work on /home/airflow/.local/lib/python3.12/site-packages/airflow/example_dags/example_sensors.py
[2024-10-10T14:57:23.128+0000] {processor.py:830} INFO - Processing file /home/airflow/.local/lib/python3.12/site-packages/airflow/example_dags/example_sensors.py for tasks to queue
[2024-10-10T14:57:23.131+0000] {logging_mixin.py:188} INFO - [2024-10-10T14:57:23.131+0000] {dagbag.py:545} INFO - Filling up the DagBag from /home/airflow/.local/lib/python3.12/site-packages/airflow/example_dags/example_sensors.py
[2024-10-10T14:57:23.150+0000] {processor.py:840} INFO - DAG(s) 'example_sensors' retrieved from /home/airflow/.local/lib/python3.12/site-packages/airflow/example_dags/example_sensors.py
[2024-10-10T14:57:23.373+0000] {logging_mixin.py:188} INFO - [2024-10-10T14:57:23.372+0000] {override.py:1829} INFO - Created Permission View: can edit on DAG:example_sensors
[2024-10-10T14:57:23.395+0000] {logging_mixin.py:188} INFO - [2024-10-10T14:57:23.394+0000] {override.py:1829} INFO - Created Permission View: can read on DAG:example_sensors
[2024-10-10T14:57:23.413+0000] {logging_mixin.py:188} INFO - [2024-10-10T14:57:23.412+0000] {override.py:1829} INFO - Created Permission View: can delete on DAG:example_sensors
[2024-10-10T14:57:23.415+0000] {logging_mixin.py:188} INFO - [2024-10-10T14:57:23.414+0000] {dag.py:3096} INFO - Sync 1 DAGs
[2024-10-10T14:57:23.437+0000] {logging_mixin.py:188} INFO - [2024-10-10T14:57:23.437+0000] {dag.py:3118} INFO - Creating ORM DAG for example_sensors
[2024-10-10T14:57:23.439+0000] {logging_mixin.py:188} INFO - [2024-10-10T14:57:23.439+0000] {dag.py:3954} INFO - Setting next_dagrun for example_sensors to None, run_after=None
[2024-10-10T14:57:23.475+0000] {processor.py:183} INFO - Processing /home/airflow/.local/lib/python3.12/site-packages/airflow/example_dags/example_sensors.py took 0.356 seconds
[2024-10-10T14:57:53.914+0000] {processor.py:161} INFO - Started process (PID=517) to work on /home/airflow/.local/lib/python3.12/site-packages/airflow/example_dags/example_sensors.py
[2024-10-10T14:57:53.916+0000] {processor.py:830} INFO - Processing file /home/airflow/.local/lib/python3.12/site-packages/airflow/example_dags/example_sensors.py for tasks to queue
[2024-10-10T14:57:53.918+0000] {logging_mixin.py:188} INFO - [2024-10-10T14:57:53.917+0000] {dagbag.py:545} INFO - Filling up the DagBag from /home/airflow/.local/lib/python3.12/site-packages/airflow/example_dags/example_sensors.py
[2024-10-10T14:57:53.929+0000] {processor.py:840} INFO - DAG(s) 'example_sensors' retrieved from /home/airflow/.local/lib/python3.12/site-packages/airflow/example_dags/example_sensors.py
[2024-10-10T14:57:53.970+0000] {logging_mixin.py:188} INFO - [2024-10-10T14:57:53.969+0000] {dag.py:3096} INFO - Sync 1 DAGs
[2024-10-10T14:57:53.991+0000] {logging_mixin.py:188} INFO - [2024-10-10T14:57:53.991+0000] {dag.py:3954} INFO - Setting next_dagrun for example_sensors to None, run_after=None
[2024-10-10T14:57:54.037+0000] {processor.py:183} INFO - Processing /home/airflow/.local/lib/python3.12/site-packages/airflow/example_dags/example_sensors.py took 0.129 seconds
[2024-10-10T14:58:24.369+0000] {processor.py:161} INFO - Started process (PID=779) to work on /home/airflow/.local/lib/python3.12/site-packages/airflow/example_dags/example_sensors.py
[2024-10-10T14:58:24.370+0000] {processor.py:830} INFO - Processing file /home/airflow/.local/lib/python3.12/site-packages/airflow/example_dags/example_sensors.py for tasks to queue
[2024-10-10T14:58:24.372+0000] {logging_mixin.py:188} INFO - [2024-10-10T14:58:24.372+0000] {dagbag.py:545} INFO - Filling up the DagBag from /home/airflow/.local/lib/python3.12/site-packages/airflow/example_dags/example_sensors.py
[2024-10-10T14:58:24.380+0000] {processor.py:840} INFO - DAG(s) 'example_sensors' retrieved from /home/airflow/.local/lib/python3.12/site-packages/airflow/example_dags/example_sensors.py
[2024-10-10T14:58:24.407+0000] {logging_mixin.py:188} INFO - [2024-10-10T14:58:24.406+0000] {dag.py:3096} INFO - Sync 1 DAGs
[2024-10-10T14:58:24.420+0000] {logging_mixin.py:188} INFO - [2024-10-10T14:58:24.420+0000] {dag.py:3954} INFO - Setting next_dagrun for example_sensors to None, run_after=None
[2024-10-10T14:58:24.574+0000] {processor.py:183} INFO - Processing /home/airflow/.local/lib/python3.12/site-packages/airflow/example_dags/example_sensors.py took 0.210 seconds
[2024-10-10T14:58:54.913+0000] {processor.py:161} INFO - Started process (PID=1041) to work on /home/airflow/.local/lib/python3.12/site-packages/airflow/example_dags/example_sensors.py
[2024-10-10T14:58:54.914+0000] {processor.py:830} INFO - Processing file /home/airflow/.local/lib/python3.12/site-packages/airflow/example_dags/example_sensors.py for tasks to queue
[2024-10-10T14:58:54.917+0000] {logging_mixin.py:188} INFO - [2024-10-10T14:58:54.916+0000] {dagbag.py:545} INFO - Filling up the DagBag from /home/airflow/.local/lib/python3.12/site-packages/airflow/example_dags/example_sensors.py
[2024-10-10T14:58:54.925+0000] {processor.py:840} INFO - DAG(s) 'example_sensors' retrieved from /home/airflow/.local/lib/python3.12/site-packages/airflow/example_dags/example_sensors.py
[2024-10-10T14:58:54.953+0000] {logging_mixin.py:188} INFO - [2024-10-10T14:58:54.953+0000] {dag.py:3096} INFO - Sync 1 DAGs
[2024-10-10T14:58:54.967+0000] {logging_mixin.py:188} INFO - [2024-10-10T14:58:54.966+0000] {dag.py:3954} INFO - Setting next_dagrun for example_sensors to None, run_after=None
[2024-10-10T14:58:55.142+0000] {processor.py:183} INFO - Processing /home/airflow/.local/lib/python3.12/site-packages/airflow/example_dags/example_sensors.py took 0.234 seconds
[2024-10-10T14:59:31.741+0000] {processor.py:161} INFO - Started process (PID=1304) to work on /home/airflow/.local/lib/python3.12/site-packages/airflow/example_dags/example_sensors.py
[2024-10-10T14:59:31.742+0000] {processor.py:830} INFO - Processing file /home/airflow/.local/lib/python3.12/site-packages/airflow/example_dags/example_sensors.py for tasks to queue
[2024-10-10T14:59:31.745+0000] {logging_mixin.py:188} INFO - [2024-10-10T14:59:31.745+0000] {dagbag.py:545} INFO - Filling up the DagBag from /home/airflow/.local/lib/python3.12/site-packages/airflow/example_dags/example_sensors.py
[2024-10-10T14:59:31.761+0000] {processor.py:840} INFO - DAG(s) 'example_sensors' retrieved from /home/airflow/.local/lib/python3.12/site-packages/airflow/example_dags/example_sensors.py
[2024-10-10T14:59:31.796+0000] {logging_mixin.py:188} INFO - [2024-10-10T14:59:31.795+0000] {dag.py:3096} INFO - Sync 1 DAGs
[2024-10-10T14:59:31.811+0000] {logging_mixin.py:188} INFO - [2024-10-10T14:59:31.811+0000] {dag.py:3954} INFO - Setting next_dagrun for example_sensors to None, run_after=None
[2024-10-10T14:59:31.849+0000] {processor.py:183} INFO - Processing /home/airflow/.local/lib/python3.12/site-packages/airflow/example_dags/example_sensors.py took 0.115 seconds
[2024-10-10T15:00:02.326+0000] {processor.py:161} INFO - Started process (PID=1566) to work on /home/airflow/.local/lib/python3.12/site-packages/airflow/example_dags/example_sensors.py
[2024-10-10T15:00:02.330+0000] {processor.py:830} INFO - Processing file /home/airflow/.local/lib/python3.12/site-packages/airflow/example_dags/example_sensors.py for tasks to queue
[2024-10-10T15:00:02.334+0000] {logging_mixin.py:188} INFO - [2024-10-10T15:00:02.333+0000] {dagbag.py:545} INFO - Filling up the DagBag from /home/airflow/.local/lib/python3.12/site-packages/airflow/example_dags/example_sensors.py
[2024-10-10T15:00:02.353+0000] {processor.py:840} INFO - DAG(s) 'example_sensors' retrieved from /home/airflow/.local/lib/python3.12/site-packages/airflow/example_dags/example_sensors.py
[2024-10-10T15:00:02.449+0000] {logging_mixin.py:188} INFO - [2024-10-10T15:00:02.448+0000] {dag.py:3096} INFO - Sync 1 DAGs
[2024-10-10T15:00:02.530+0000] {logging_mixin.py:188} INFO - [2024-10-10T15:00:02.530+0000] {dag.py:3954} INFO - Setting next_dagrun for example_sensors to None, run_after=None
[2024-10-10T15:00:02.621+0000] {processor.py:183} INFO - Processing /home/airflow/.local/lib/python3.12/site-packages/airflow/example_dags/example_sensors.py took 0.319 seconds
[2024-10-10T15:00:33.508+0000] {processor.py:161} INFO - Started process (PID=1828) to work on /home/airflow/.local/lib/python3.12/site-packages/airflow/example_dags/example_sensors.py
[2024-10-10T15:00:33.509+0000] {processor.py:830} INFO - Processing file /home/airflow/.local/lib/python3.12/site-packages/airflow/example_dags/example_sensors.py for tasks to queue
[2024-10-10T15:00:33.511+0000] {logging_mixin.py:188} INFO - [2024-10-10T15:00:33.511+0000] {dagbag.py:545} INFO - Filling up the DagBag from /home/airflow/.local/lib/python3.12/site-packages/airflow/example_dags/example_sensors.py
[2024-10-10T15:00:33.521+0000] {processor.py:840} INFO - DAG(s) 'example_sensors' retrieved from /home/airflow/.local/lib/python3.12/site-packages/airflow/example_dags/example_sensors.py
[2024-10-10T15:00:33.555+0000] {logging_mixin.py:188} INFO - [2024-10-10T15:00:33.555+0000] {dag.py:3096} INFO - Sync 1 DAGs
[2024-10-10T15:00:33.574+0000] {logging_mixin.py:188} INFO - [2024-10-10T15:00:33.573+0000] {dag.py:3954} INFO - Setting next_dagrun for example_sensors to None, run_after=None
[2024-10-10T15:00:33.602+0000] {processor.py:183} INFO - Processing /home/airflow/.local/lib/python3.12/site-packages/airflow/example_dags/example_sensors.py took 0.099 seconds
[2024-10-10T15:01:03.987+0000] {processor.py:161} INFO - Started process (PID=2090) to work on /home/airflow/.local/lib/python3.12/site-packages/airflow/example_dags/example_sensors.py
[2024-10-10T15:01:03.989+0000] {processor.py:830} INFO - Processing file /home/airflow/.local/lib/python3.12/site-packages/airflow/example_dags/example_sensors.py for tasks to queue
[2024-10-10T15:01:03.993+0000] {logging_mixin.py:188} INFO - [2024-10-10T15:01:03.992+0000] {dagbag.py:545} INFO - Filling up the DagBag from /home/airflow/.local/lib/python3.12/site-packages/airflow/example_dags/example_sensors.py
[2024-10-10T15:01:04.016+0000] {processor.py:840} INFO - DAG(s) 'example_sensors' retrieved from /home/airflow/.local/lib/python3.12/site-packages/airflow/example_dags/example_sensors.py
[2024-10-10T15:01:04.063+0000] {logging_mixin.py:188} INFO - [2024-10-10T15:01:04.062+0000] {dag.py:3096} INFO - Sync 1 DAGs
[2024-10-10T15:01:04.083+0000] {logging_mixin.py:188} INFO - [2024-10-10T15:01:04.083+0000] {dag.py:3954} INFO - Setting next_dagrun for example_sensors to None, run_after=None
[2024-10-10T15:01:04.121+0000] {processor.py:183} INFO - Processing /home/airflow/.local/lib/python3.12/site-packages/airflow/example_dags/example_sensors.py took 0.149 seconds
[2024-10-10T15:01:34.916+0000] {processor.py:161} INFO - Started process (PID=2358) to work on /home/airflow/.local/lib/python3.12/site-packages/airflow/example_dags/example_sensors.py
[2024-10-10T15:01:34.918+0000] {processor.py:830} INFO - Processing file /home/airflow/.local/lib/python3.12/site-packages/airflow/example_dags/example_sensors.py for tasks to queue
[2024-10-10T15:01:34.920+0000] {logging_mixin.py:188} INFO - [2024-10-10T15:01:34.919+0000] {dagbag.py:545} INFO - Filling up the DagBag from /home/airflow/.local/lib/python3.12/site-packages/airflow/example_dags/example_sensors.py
[2024-10-10T15:01:34.928+0000] {processor.py:840} INFO - DAG(s) 'example_sensors' retrieved from /home/airflow/.local/lib/python3.12/site-packages/airflow/example_dags/example_sensors.py
[2024-10-10T15:01:34.957+0000] {logging_mixin.py:188} INFO - [2024-10-10T15:01:34.957+0000] {dag.py:3096} INFO - Sync 1 DAGs
[2024-10-10T15:01:34.974+0000] {logging_mixin.py:188} INFO - [2024-10-10T15:01:34.973+0000] {dag.py:3954} INFO - Setting next_dagrun for example_sensors to None, run_after=None
[2024-10-10T15:01:35.007+0000] {processor.py:183} INFO - Processing /home/airflow/.local/lib/python3.12/site-packages/airflow/example_dags/example_sensors.py took 0.096 seconds
[2024-10-10T15:03:15.573+0000] {processor.py:161} INFO - Started process (PID=252) to work on /home/airflow/.local/lib/python3.12/site-packages/airflow/example_dags/example_sensors.py
[2024-10-10T15:03:15.575+0000] {processor.py:830} INFO - Processing file /home/airflow/.local/lib/python3.12/site-packages/airflow/example_dags/example_sensors.py for tasks to queue
[2024-10-10T15:03:15.577+0000] {logging_mixin.py:188} INFO - [2024-10-10T15:03:15.576+0000] {dagbag.py:545} INFO - Filling up the DagBag from /home/airflow/.local/lib/python3.12/site-packages/airflow/example_dags/example_sensors.py
[2024-10-10T15:03:15.587+0000] {processor.py:840} INFO - DAG(s) 'example_sensors' retrieved from /home/airflow/.local/lib/python3.12/site-packages/airflow/example_dags/example_sensors.py
[2024-10-10T15:03:15.602+0000] {logging_mixin.py:188} INFO - [2024-10-10T15:03:15.601+0000] {dag.py:3096} INFO - Sync 1 DAGs
[2024-10-10T15:03:15.616+0000] {logging_mixin.py:188} INFO - [2024-10-10T15:03:15.616+0000] {dag.py:3954} INFO - Setting next_dagrun for example_sensors to None, run_after=None
[2024-10-10T15:03:15.644+0000] {processor.py:183} INFO - Processing /home/airflow/.local/lib/python3.12/site-packages/airflow/example_dags/example_sensors.py took 0.076 seconds
[2024-10-10T15:03:47.096+0000] {processor.py:161} INFO - Started process (PID=514) to work on /home/airflow/.local/lib/python3.12/site-packages/airflow/example_dags/example_sensors.py
[2024-10-10T15:03:47.097+0000] {processor.py:830} INFO - Processing file /home/airflow/.local/lib/python3.12/site-packages/airflow/example_dags/example_sensors.py for tasks to queue
[2024-10-10T15:03:47.099+0000] {logging_mixin.py:188} INFO - [2024-10-10T15:03:47.099+0000] {dagbag.py:545} INFO - Filling up the DagBag from /home/airflow/.local/lib/python3.12/site-packages/airflow/example_dags/example_sensors.py
[2024-10-10T15:03:47.108+0000] {processor.py:840} INFO - DAG(s) 'example_sensors' retrieved from /home/airflow/.local/lib/python3.12/site-packages/airflow/example_dags/example_sensors.py
[2024-10-10T15:03:47.249+0000] {logging_mixin.py:188} INFO - [2024-10-10T15:03:47.248+0000] {dag.py:3096} INFO - Sync 1 DAGs
[2024-10-10T15:03:47.264+0000] {logging_mixin.py:188} INFO - [2024-10-10T15:03:47.263+0000] {dag.py:3954} INFO - Setting next_dagrun for example_sensors to None, run_after=None
[2024-10-10T15:03:47.301+0000] {processor.py:183} INFO - Processing /home/airflow/.local/lib/python3.12/site-packages/airflow/example_dags/example_sensors.py took 0.210 seconds
