[2024-10-10T14:57:19.419+0000] {processor.py:161} INFO - Started process (PID=174) to work on /home/airflow/.local/lib/python3.12/site-packages/airflow/example_dags/example_params_ui_tutorial.py
[2024-10-10T14:57:19.421+0000] {processor.py:830} INFO - Processing file /home/airflow/.local/lib/python3.12/site-packages/airflow/example_dags/example_params_ui_tutorial.py for tasks to queue
[2024-10-10T14:57:19.424+0000] {logging_mixin.py:188} INFO - [2024-10-10T14:57:19.423+0000] {dagbag.py:545} INFO - Filling up the DagBag from /home/airflow/.local/lib/python3.12/site-packages/airflow/example_dags/example_params_ui_tutorial.py
[2024-10-10T14:57:19.450+0000] {processor.py:840} INFO - DAG(s) 'example_params_ui_tutorial' retrieved from /home/airflow/.local/lib/python3.12/site-packages/airflow/example_dags/example_params_ui_tutorial.py
[2024-10-10T14:57:19.817+0000] {logging_mixin.py:188} INFO - [2024-10-10T14:57:19.816+0000] {override.py:1829} INFO - Created Permission View: can edit on DAG:example_params_ui_tutorial
[2024-10-10T14:57:19.835+0000] {logging_mixin.py:188} INFO - [2024-10-10T14:57:19.835+0000] {override.py:1829} INFO - Created Permission View: can read on DAG:example_params_ui_tutorial
[2024-10-10T14:57:19.849+0000] {logging_mixin.py:188} INFO - [2024-10-10T14:57:19.848+0000] {override.py:1829} INFO - Created Permission View: can delete on DAG:example_params_ui_tutorial
[2024-10-10T14:57:19.850+0000] {logging_mixin.py:188} INFO - [2024-10-10T14:57:19.850+0000] {dag.py:3096} INFO - Sync 1 DAGs
[2024-10-10T14:57:19.867+0000] {logging_mixin.py:188} INFO - [2024-10-10T14:57:19.867+0000] {dag.py:3118} INFO - Creating ORM DAG for example_params_ui_tutorial
[2024-10-10T14:57:19.869+0000] {logging_mixin.py:188} INFO - [2024-10-10T14:57:19.869+0000] {dag.py:3954} INFO - Setting next_dagrun for example_params_ui_tutorial to None, run_after=None
[2024-10-10T14:57:19.897+0000] {processor.py:183} INFO - Processing /home/airflow/.local/lib/python3.12/site-packages/airflow/example_dags/example_params_ui_tutorial.py took 0.485 seconds
[2024-10-10T14:57:50.018+0000] {processor.py:161} INFO - Started process (PID=437) to work on /home/airflow/.local/lib/python3.12/site-packages/airflow/example_dags/example_params_ui_tutorial.py
[2024-10-10T14:57:50.019+0000] {processor.py:830} INFO - Processing file /home/airflow/.local/lib/python3.12/site-packages/airflow/example_dags/example_params_ui_tutorial.py for tasks to queue
[2024-10-10T14:57:50.023+0000] {logging_mixin.py:188} INFO - [2024-10-10T14:57:50.022+0000] {dagbag.py:545} INFO - Filling up the DagBag from /home/airflow/.local/lib/python3.12/site-packages/airflow/example_dags/example_params_ui_tutorial.py
[2024-10-10T14:57:50.044+0000] {processor.py:840} INFO - DAG(s) 'example_params_ui_tutorial' retrieved from /home/airflow/.local/lib/python3.12/site-packages/airflow/example_dags/example_params_ui_tutorial.py
[2024-10-10T14:57:50.130+0000] {logging_mixin.py:188} INFO - [2024-10-10T14:57:50.130+0000] {dag.py:3096} INFO - Sync 1 DAGs
[2024-10-10T14:57:50.150+0000] {logging_mixin.py:188} INFO - [2024-10-10T14:57:50.149+0000] {dag.py:3954} INFO - Setting next_dagrun for example_params_ui_tutorial to None, run_after=None
[2024-10-10T14:57:50.180+0000] {processor.py:183} INFO - Processing /home/airflow/.local/lib/python3.12/site-packages/airflow/example_dags/example_params_ui_tutorial.py took 0.171 seconds
[2024-10-10T14:58:20.556+0000] {processor.py:161} INFO - Started process (PID=701) to work on /home/airflow/.local/lib/python3.12/site-packages/airflow/example_dags/example_params_ui_tutorial.py
[2024-10-10T14:58:20.583+0000] {processor.py:830} INFO - Processing file /home/airflow/.local/lib/python3.12/site-packages/airflow/example_dags/example_params_ui_tutorial.py for tasks to queue
[2024-10-10T14:58:20.586+0000] {logging_mixin.py:188} INFO - [2024-10-10T14:58:20.585+0000] {dagbag.py:545} INFO - Filling up the DagBag from /home/airflow/.local/lib/python3.12/site-packages/airflow/example_dags/example_params_ui_tutorial.py
[2024-10-10T14:58:20.601+0000] {processor.py:840} INFO - DAG(s) 'example_params_ui_tutorial' retrieved from /home/airflow/.local/lib/python3.12/site-packages/airflow/example_dags/example_params_ui_tutorial.py
[2024-10-10T14:58:20.661+0000] {logging_mixin.py:188} INFO - [2024-10-10T14:58:20.661+0000] {dag.py:3096} INFO - Sync 1 DAGs
[2024-10-10T14:58:20.674+0000] {logging_mixin.py:188} INFO - [2024-10-10T14:58:20.674+0000] {dag.py:3954} INFO - Setting next_dagrun for example_params_ui_tutorial to None, run_after=None
[2024-10-10T14:58:20.797+0000] {processor.py:183} INFO - Processing /home/airflow/.local/lib/python3.12/site-packages/airflow/example_dags/example_params_ui_tutorial.py took 0.249 seconds
[2024-10-10T14:58:50.985+0000] {processor.py:161} INFO - Started process (PID=963) to work on /home/airflow/.local/lib/python3.12/site-packages/airflow/example_dags/example_params_ui_tutorial.py
[2024-10-10T14:58:50.986+0000] {processor.py:830} INFO - Processing file /home/airflow/.local/lib/python3.12/site-packages/airflow/example_dags/example_params_ui_tutorial.py for tasks to queue
[2024-10-10T14:58:50.988+0000] {logging_mixin.py:188} INFO - [2024-10-10T14:58:50.988+0000] {dagbag.py:545} INFO - Filling up the DagBag from /home/airflow/.local/lib/python3.12/site-packages/airflow/example_dags/example_params_ui_tutorial.py
[2024-10-10T14:58:50.999+0000] {processor.py:840} INFO - DAG(s) 'example_params_ui_tutorial' retrieved from /home/airflow/.local/lib/python3.12/site-packages/airflow/example_dags/example_params_ui_tutorial.py
[2024-10-10T14:58:51.053+0000] {logging_mixin.py:188} INFO - [2024-10-10T14:58:51.052+0000] {dag.py:3096} INFO - Sync 1 DAGs
[2024-10-10T14:58:51.065+0000] {logging_mixin.py:188} INFO - [2024-10-10T14:58:51.065+0000] {dag.py:3954} INFO - Setting next_dagrun for example_params_ui_tutorial to None, run_after=None
[2024-10-10T14:58:51.207+0000] {processor.py:183} INFO - Processing /home/airflow/.local/lib/python3.12/site-packages/airflow/example_dags/example_params_ui_tutorial.py took 0.227 seconds
[2024-10-10T14:59:21.377+0000] {processor.py:161} INFO - Started process (PID=1226) to work on /home/airflow/.local/lib/python3.12/site-packages/airflow/example_dags/example_params_ui_tutorial.py
[2024-10-10T14:59:21.378+0000] {processor.py:830} INFO - Processing file /home/airflow/.local/lib/python3.12/site-packages/airflow/example_dags/example_params_ui_tutorial.py for tasks to queue
[2024-10-10T14:59:21.380+0000] {logging_mixin.py:188} INFO - [2024-10-10T14:59:21.380+0000] {dagbag.py:545} INFO - Filling up the DagBag from /home/airflow/.local/lib/python3.12/site-packages/airflow/example_dags/example_params_ui_tutorial.py
[2024-10-10T14:59:21.391+0000] {processor.py:840} INFO - DAG(s) 'example_params_ui_tutorial' retrieved from /home/airflow/.local/lib/python3.12/site-packages/airflow/example_dags/example_params_ui_tutorial.py
[2024-10-10T14:59:21.446+0000] {logging_mixin.py:188} INFO - [2024-10-10T14:59:21.445+0000] {dag.py:3096} INFO - Sync 1 DAGs
[2024-10-10T14:59:21.459+0000] {logging_mixin.py:188} INFO - [2024-10-10T14:59:21.459+0000] {dag.py:3954} INFO - Setting next_dagrun for example_params_ui_tutorial to None, run_after=None
[2024-10-10T14:59:21.486+0000] {processor.py:183} INFO - Processing /home/airflow/.local/lib/python3.12/site-packages/airflow/example_dags/example_params_ui_tutorial.py took 0.114 seconds
[2024-10-10T14:59:52.170+0000] {processor.py:161} INFO - Started process (PID=1486) to work on /home/airflow/.local/lib/python3.12/site-packages/airflow/example_dags/example_params_ui_tutorial.py
[2024-10-10T14:59:52.172+0000] {processor.py:830} INFO - Processing file /home/airflow/.local/lib/python3.12/site-packages/airflow/example_dags/example_params_ui_tutorial.py for tasks to queue
[2024-10-10T14:59:52.176+0000] {logging_mixin.py:188} INFO - [2024-10-10T14:59:52.175+0000] {dagbag.py:545} INFO - Filling up the DagBag from /home/airflow/.local/lib/python3.12/site-packages/airflow/example_dags/example_params_ui_tutorial.py
[2024-10-10T14:59:52.195+0000] {processor.py:840} INFO - DAG(s) 'example_params_ui_tutorial' retrieved from /home/airflow/.local/lib/python3.12/site-packages/airflow/example_dags/example_params_ui_tutorial.py
[2024-10-10T14:59:52.308+0000] {logging_mixin.py:188} INFO - [2024-10-10T14:59:52.308+0000] {dag.py:3096} INFO - Sync 1 DAGs
[2024-10-10T14:59:52.335+0000] {logging_mixin.py:188} INFO - [2024-10-10T14:59:52.334+0000] {dag.py:3954} INFO - Setting next_dagrun for example_params_ui_tutorial to None, run_after=None
[2024-10-10T14:59:52.372+0000] {processor.py:183} INFO - Processing /home/airflow/.local/lib/python3.12/site-packages/airflow/example_dags/example_params_ui_tutorial.py took 0.214 seconds
[2024-10-10T15:00:22.883+0000] {processor.py:161} INFO - Started process (PID=1748) to work on /home/airflow/.local/lib/python3.12/site-packages/airflow/example_dags/example_params_ui_tutorial.py
[2024-10-10T15:00:22.890+0000] {processor.py:830} INFO - Processing file /home/airflow/.local/lib/python3.12/site-packages/airflow/example_dags/example_params_ui_tutorial.py for tasks to queue
[2024-10-10T15:00:22.893+0000] {logging_mixin.py:188} INFO - [2024-10-10T15:00:22.892+0000] {dagbag.py:545} INFO - Filling up the DagBag from /home/airflow/.local/lib/python3.12/site-packages/airflow/example_dags/example_params_ui_tutorial.py
[2024-10-10T15:00:22.903+0000] {processor.py:840} INFO - DAG(s) 'example_params_ui_tutorial' retrieved from /home/airflow/.local/lib/python3.12/site-packages/airflow/example_dags/example_params_ui_tutorial.py
[2024-10-10T15:00:22.962+0000] {logging_mixin.py:188} INFO - [2024-10-10T15:00:22.961+0000] {dag.py:3096} INFO - Sync 1 DAGs
[2024-10-10T15:00:22.981+0000] {logging_mixin.py:188} INFO - [2024-10-10T15:00:22.981+0000] {dag.py:3954} INFO - Setting next_dagrun for example_params_ui_tutorial to None, run_after=None
[2024-10-10T15:00:23.012+0000] {processor.py:183} INFO - Processing /home/airflow/.local/lib/python3.12/site-packages/airflow/example_dags/example_params_ui_tutorial.py took 0.133 seconds
[2024-10-10T15:00:53.504+0000] {processor.py:161} INFO - Started process (PID=2010) to work on /home/airflow/.local/lib/python3.12/site-packages/airflow/example_dags/example_params_ui_tutorial.py
[2024-10-10T15:00:53.522+0000] {processor.py:830} INFO - Processing file /home/airflow/.local/lib/python3.12/site-packages/airflow/example_dags/example_params_ui_tutorial.py for tasks to queue
[2024-10-10T15:00:53.524+0000] {logging_mixin.py:188} INFO - [2024-10-10T15:00:53.523+0000] {dagbag.py:545} INFO - Filling up the DagBag from /home/airflow/.local/lib/python3.12/site-packages/airflow/example_dags/example_params_ui_tutorial.py
[2024-10-10T15:00:53.542+0000] {processor.py:840} INFO - DAG(s) 'example_params_ui_tutorial' retrieved from /home/airflow/.local/lib/python3.12/site-packages/airflow/example_dags/example_params_ui_tutorial.py
[2024-10-10T15:00:53.693+0000] {logging_mixin.py:188} INFO - [2024-10-10T15:00:53.692+0000] {dag.py:3096} INFO - Sync 1 DAGs
[2024-10-10T15:00:53.712+0000] {logging_mixin.py:188} INFO - [2024-10-10T15:00:53.711+0000] {dag.py:3954} INFO - Setting next_dagrun for example_params_ui_tutorial to None, run_after=None
[2024-10-10T15:00:53.918+0000] {processor.py:183} INFO - Processing /home/airflow/.local/lib/python3.12/site-packages/airflow/example_dags/example_params_ui_tutorial.py took 0.421 seconds
[2024-10-10T15:01:24.051+0000] {processor.py:161} INFO - Started process (PID=2272) to work on /home/airflow/.local/lib/python3.12/site-packages/airflow/example_dags/example_params_ui_tutorial.py
[2024-10-10T15:01:24.054+0000] {processor.py:830} INFO - Processing file /home/airflow/.local/lib/python3.12/site-packages/airflow/example_dags/example_params_ui_tutorial.py for tasks to queue
[2024-10-10T15:01:24.058+0000] {logging_mixin.py:188} INFO - [2024-10-10T15:01:24.056+0000] {dagbag.py:545} INFO - Filling up the DagBag from /home/airflow/.local/lib/python3.12/site-packages/airflow/example_dags/example_params_ui_tutorial.py
[2024-10-10T15:01:24.083+0000] {processor.py:840} INFO - DAG(s) 'example_params_ui_tutorial' retrieved from /home/airflow/.local/lib/python3.12/site-packages/airflow/example_dags/example_params_ui_tutorial.py
[2024-10-10T15:01:24.173+0000] {logging_mixin.py:188} INFO - [2024-10-10T15:01:24.172+0000] {dag.py:3096} INFO - Sync 1 DAGs
[2024-10-10T15:01:24.187+0000] {logging_mixin.py:188} INFO - [2024-10-10T15:01:24.187+0000] {dag.py:3954} INFO - Setting next_dagrun for example_params_ui_tutorial to None, run_after=None
[2024-10-10T15:01:24.216+0000] {processor.py:183} INFO - Processing /home/airflow/.local/lib/python3.12/site-packages/airflow/example_dags/example_params_ui_tutorial.py took 0.174 seconds
[2024-10-10T15:03:13.975+0000] {processor.py:161} INFO - Started process (PID=172) to work on /home/airflow/.local/lib/python3.12/site-packages/airflow/example_dags/example_params_ui_tutorial.py
[2024-10-10T15:03:13.976+0000] {processor.py:830} INFO - Processing file /home/airflow/.local/lib/python3.12/site-packages/airflow/example_dags/example_params_ui_tutorial.py for tasks to queue
[2024-10-10T15:03:13.979+0000] {logging_mixin.py:188} INFO - [2024-10-10T15:03:13.979+0000] {dagbag.py:545} INFO - Filling up the DagBag from /home/airflow/.local/lib/python3.12/site-packages/airflow/example_dags/example_params_ui_tutorial.py
[2024-10-10T15:03:14.022+0000] {processor.py:840} INFO - DAG(s) 'example_params_ui_tutorial' retrieved from /home/airflow/.local/lib/python3.12/site-packages/airflow/example_dags/example_params_ui_tutorial.py
[2024-10-10T15:03:14.068+0000] {logging_mixin.py:188} INFO - [2024-10-10T15:03:14.067+0000] {dag.py:3096} INFO - Sync 1 DAGs
[2024-10-10T15:03:14.103+0000] {logging_mixin.py:188} INFO - [2024-10-10T15:03:14.102+0000] {dag.py:3954} INFO - Setting next_dagrun for example_params_ui_tutorial to None, run_after=None
[2024-10-10T15:03:14.136+0000] {processor.py:183} INFO - Processing /home/airflow/.local/lib/python3.12/site-packages/airflow/example_dags/example_params_ui_tutorial.py took 0.168 seconds
[2024-10-10T15:03:44.292+0000] {processor.py:161} INFO - Started process (PID=434) to work on /home/airflow/.local/lib/python3.12/site-packages/airflow/example_dags/example_params_ui_tutorial.py
[2024-10-10T15:03:44.293+0000] {processor.py:830} INFO - Processing file /home/airflow/.local/lib/python3.12/site-packages/airflow/example_dags/example_params_ui_tutorial.py for tasks to queue
[2024-10-10T15:03:44.296+0000] {logging_mixin.py:188} INFO - [2024-10-10T15:03:44.296+0000] {dagbag.py:545} INFO - Filling up the DagBag from /home/airflow/.local/lib/python3.12/site-packages/airflow/example_dags/example_params_ui_tutorial.py
[2024-10-10T15:03:44.310+0000] {processor.py:840} INFO - DAG(s) 'example_params_ui_tutorial' retrieved from /home/airflow/.local/lib/python3.12/site-packages/airflow/example_dags/example_params_ui_tutorial.py
[2024-10-10T15:03:44.477+0000] {logging_mixin.py:188} INFO - [2024-10-10T15:03:44.476+0000] {dag.py:3096} INFO - Sync 1 DAGs
[2024-10-10T15:03:44.489+0000] {logging_mixin.py:188} INFO - [2024-10-10T15:03:44.488+0000] {dag.py:3954} INFO - Setting next_dagrun for example_params_ui_tutorial to None, run_after=None
[2024-10-10T15:03:44.520+0000] {processor.py:183} INFO - Processing /home/airflow/.local/lib/python3.12/site-packages/airflow/example_dags/example_params_ui_tutorial.py took 0.233 seconds
