[2024-10-10T14:57:21.984+0000] {processor.py:161} INFO - Started process (PID=234) to work on /home/airflow/.local/lib/python3.12/site-packages/airflow/example_dags/example_task_group.py
[2024-10-10T14:57:21.985+0000] {processor.py:830} INFO - Processing file /home/airflow/.local/lib/python3.12/site-packages/airflow/example_dags/example_task_group.py for tasks to queue
[2024-10-10T14:57:21.987+0000] {logging_mixin.py:188} INFO - [2024-10-10T14:57:21.987+0000] {dagbag.py:545} INFO - Filling up the DagBag from /home/airflow/.local/lib/python3.12/site-packages/airflow/example_dags/example_task_group.py
[2024-10-10T14:57:22.001+0000] {processor.py:840} INFO - DAG(s) 'example_task_group' retrieved from /home/airflow/.local/lib/python3.12/site-packages/airflow/example_dags/example_task_group.py
[2024-10-10T14:57:22.126+0000] {logging_mixin.py:188} INFO - [2024-10-10T14:57:22.125+0000] {override.py:1829} INFO - Created Permission View: can edit on DAG:example_task_group
[2024-10-10T14:57:22.145+0000] {logging_mixin.py:188} INFO - [2024-10-10T14:57:22.144+0000] {override.py:1829} INFO - Created Permission View: can read on DAG:example_task_group
[2024-10-10T14:57:22.162+0000] {logging_mixin.py:188} INFO - [2024-10-10T14:57:22.161+0000] {override.py:1829} INFO - Created Permission View: can delete on DAG:example_task_group
[2024-10-10T14:57:22.163+0000] {logging_mixin.py:188} INFO - [2024-10-10T14:57:22.163+0000] {dag.py:3096} INFO - Sync 1 DAGs
[2024-10-10T14:57:22.187+0000] {logging_mixin.py:188} INFO - [2024-10-10T14:57:22.187+0000] {dag.py:3118} INFO - Creating ORM DAG for example_task_group
[2024-10-10T14:57:22.205+0000] {logging_mixin.py:188} INFO - [2024-10-10T14:57:22.204+0000] {dag.py:3954} INFO - Setting next_dagrun for example_task_group to 2024-10-09 00:00:00+00:00, run_after=2024-10-10 00:00:00+00:00
[2024-10-10T14:57:22.249+0000] {processor.py:183} INFO - Processing /home/airflow/.local/lib/python3.12/site-packages/airflow/example_dags/example_task_group.py took 0.271 seconds
[2024-10-10T14:57:52.412+0000] {processor.py:161} INFO - Started process (PID=497) to work on /home/airflow/.local/lib/python3.12/site-packages/airflow/example_dags/example_task_group.py
[2024-10-10T14:57:52.414+0000] {processor.py:830} INFO - Processing file /home/airflow/.local/lib/python3.12/site-packages/airflow/example_dags/example_task_group.py for tasks to queue
[2024-10-10T14:57:52.416+0000] {logging_mixin.py:188} INFO - [2024-10-10T14:57:52.416+0000] {dagbag.py:545} INFO - Filling up the DagBag from /home/airflow/.local/lib/python3.12/site-packages/airflow/example_dags/example_task_group.py
[2024-10-10T14:57:52.426+0000] {processor.py:840} INFO - DAG(s) 'example_task_group' retrieved from /home/airflow/.local/lib/python3.12/site-packages/airflow/example_dags/example_task_group.py
[2024-10-10T14:57:52.454+0000] {logging_mixin.py:188} INFO - [2024-10-10T14:57:52.454+0000] {dag.py:3096} INFO - Sync 1 DAGs
[2024-10-10T14:57:52.479+0000] {logging_mixin.py:188} INFO - [2024-10-10T14:57:52.479+0000] {dag.py:3954} INFO - Setting next_dagrun for example_task_group to 2024-10-09 00:00:00+00:00, run_after=2024-10-10 00:00:00+00:00
[2024-10-10T14:57:52.505+0000] {processor.py:183} INFO - Processing /home/airflow/.local/lib/python3.12/site-packages/airflow/example_dags/example_task_group.py took 0.102 seconds
[2024-10-10T14:58:23.699+0000] {processor.py:161} INFO - Started process (PID=761) to work on /home/airflow/.local/lib/python3.12/site-packages/airflow/example_dags/example_task_group.py
[2024-10-10T14:58:23.700+0000] {processor.py:830} INFO - Processing file /home/airflow/.local/lib/python3.12/site-packages/airflow/example_dags/example_task_group.py for tasks to queue
[2024-10-10T14:58:23.703+0000] {logging_mixin.py:188} INFO - [2024-10-10T14:58:23.703+0000] {dagbag.py:545} INFO - Filling up the DagBag from /home/airflow/.local/lib/python3.12/site-packages/airflow/example_dags/example_task_group.py
[2024-10-10T14:58:23.710+0000] {processor.py:840} INFO - DAG(s) 'example_task_group' retrieved from /home/airflow/.local/lib/python3.12/site-packages/airflow/example_dags/example_task_group.py
[2024-10-10T14:58:23.739+0000] {logging_mixin.py:188} INFO - [2024-10-10T14:58:23.739+0000] {dag.py:3096} INFO - Sync 1 DAGs
[2024-10-10T14:58:23.770+0000] {logging_mixin.py:188} INFO - [2024-10-10T14:58:23.770+0000] {dag.py:3954} INFO - Setting next_dagrun for example_task_group to 2024-10-09 00:00:00+00:00, run_after=2024-10-10 00:00:00+00:00
[2024-10-10T14:58:23.934+0000] {processor.py:183} INFO - Processing /home/airflow/.local/lib/python3.12/site-packages/airflow/example_dags/example_task_group.py took 0.240 seconds
[2024-10-10T14:58:54.175+0000] {processor.py:161} INFO - Started process (PID=1021) to work on /home/airflow/.local/lib/python3.12/site-packages/airflow/example_dags/example_task_group.py
[2024-10-10T14:58:54.176+0000] {processor.py:830} INFO - Processing file /home/airflow/.local/lib/python3.12/site-packages/airflow/example_dags/example_task_group.py for tasks to queue
[2024-10-10T14:58:54.179+0000] {logging_mixin.py:188} INFO - [2024-10-10T14:58:54.179+0000] {dagbag.py:545} INFO - Filling up the DagBag from /home/airflow/.local/lib/python3.12/site-packages/airflow/example_dags/example_task_group.py
[2024-10-10T14:58:54.187+0000] {processor.py:840} INFO - DAG(s) 'example_task_group' retrieved from /home/airflow/.local/lib/python3.12/site-packages/airflow/example_dags/example_task_group.py
[2024-10-10T14:58:54.218+0000] {logging_mixin.py:188} INFO - [2024-10-10T14:58:54.218+0000] {dag.py:3096} INFO - Sync 1 DAGs
[2024-10-10T14:58:54.254+0000] {logging_mixin.py:188} INFO - [2024-10-10T14:58:54.254+0000] {dag.py:3954} INFO - Setting next_dagrun for example_task_group to 2024-10-09 00:00:00+00:00, run_after=2024-10-10 00:00:00+00:00
[2024-10-10T14:58:54.400+0000] {processor.py:183} INFO - Processing /home/airflow/.local/lib/python3.12/site-packages/airflow/example_dags/example_task_group.py took 0.230 seconds
[2024-10-10T14:59:25.392+0000] {processor.py:161} INFO - Started process (PID=1284) to work on /home/airflow/.local/lib/python3.12/site-packages/airflow/example_dags/example_task_group.py
[2024-10-10T14:59:25.393+0000] {processor.py:830} INFO - Processing file /home/airflow/.local/lib/python3.12/site-packages/airflow/example_dags/example_task_group.py for tasks to queue
[2024-10-10T14:59:25.396+0000] {logging_mixin.py:188} INFO - [2024-10-10T14:59:25.395+0000] {dagbag.py:545} INFO - Filling up the DagBag from /home/airflow/.local/lib/python3.12/site-packages/airflow/example_dags/example_task_group.py
[2024-10-10T14:59:25.405+0000] {processor.py:840} INFO - DAG(s) 'example_task_group' retrieved from /home/airflow/.local/lib/python3.12/site-packages/airflow/example_dags/example_task_group.py
[2024-10-10T14:59:25.438+0000] {logging_mixin.py:188} INFO - [2024-10-10T14:59:25.438+0000] {dag.py:3096} INFO - Sync 1 DAGs
[2024-10-10T14:59:25.470+0000] {logging_mixin.py:188} INFO - [2024-10-10T14:59:25.469+0000] {dag.py:3954} INFO - Setting next_dagrun for example_task_group to 2024-10-09 00:00:00+00:00, run_after=2024-10-10 00:00:00+00:00
[2024-10-10T14:59:29.036+0000] {processor.py:183} INFO - Processing /home/airflow/.local/lib/python3.12/site-packages/airflow/example_dags/example_task_group.py took 3.652 seconds
[2024-10-10T14:59:59.589+0000] {processor.py:161} INFO - Started process (PID=1543) to work on /home/airflow/.local/lib/python3.12/site-packages/airflow/example_dags/example_task_group.py
[2024-10-10T14:59:59.596+0000] {processor.py:830} INFO - Processing file /home/airflow/.local/lib/python3.12/site-packages/airflow/example_dags/example_task_group.py for tasks to queue
[2024-10-10T14:59:59.599+0000] {logging_mixin.py:188} INFO - [2024-10-10T14:59:59.598+0000] {dagbag.py:545} INFO - Filling up the DagBag from /home/airflow/.local/lib/python3.12/site-packages/airflow/example_dags/example_task_group.py
[2024-10-10T14:59:59.619+0000] {processor.py:840} INFO - DAG(s) 'example_task_group' retrieved from /home/airflow/.local/lib/python3.12/site-packages/airflow/example_dags/example_task_group.py
[2024-10-10T14:59:59.670+0000] {logging_mixin.py:188} INFO - [2024-10-10T14:59:59.670+0000] {dag.py:3096} INFO - Sync 1 DAGs
[2024-10-10T14:59:59.701+0000] {logging_mixin.py:188} INFO - [2024-10-10T14:59:59.701+0000] {dag.py:3954} INFO - Setting next_dagrun for example_task_group to 2024-10-09 00:00:00+00:00, run_after=2024-10-10 00:00:00+00:00
[2024-10-10T14:59:59.740+0000] {processor.py:183} INFO - Processing /home/airflow/.local/lib/python3.12/site-packages/airflow/example_dags/example_task_group.py took 0.163 seconds
[2024-10-10T15:00:30.108+0000] {processor.py:161} INFO - Started process (PID=1805) to work on /home/airflow/.local/lib/python3.12/site-packages/airflow/example_dags/example_task_group.py
[2024-10-10T15:00:30.109+0000] {processor.py:830} INFO - Processing file /home/airflow/.local/lib/python3.12/site-packages/airflow/example_dags/example_task_group.py for tasks to queue
[2024-10-10T15:00:30.112+0000] {logging_mixin.py:188} INFO - [2024-10-10T15:00:30.111+0000] {dagbag.py:545} INFO - Filling up the DagBag from /home/airflow/.local/lib/python3.12/site-packages/airflow/example_dags/example_task_group.py
[2024-10-10T15:00:30.122+0000] {processor.py:840} INFO - DAG(s) 'example_task_group' retrieved from /home/airflow/.local/lib/python3.12/site-packages/airflow/example_dags/example_task_group.py
[2024-10-10T15:00:30.156+0000] {logging_mixin.py:188} INFO - [2024-10-10T15:00:30.156+0000] {dag.py:3096} INFO - Sync 1 DAGs
[2024-10-10T15:00:30.185+0000] {logging_mixin.py:188} INFO - [2024-10-10T15:00:30.185+0000] {dag.py:3954} INFO - Setting next_dagrun for example_task_group to 2024-10-09 00:00:00+00:00, run_after=2024-10-10 00:00:00+00:00
[2024-10-10T15:00:30.216+0000] {processor.py:183} INFO - Processing /home/airflow/.local/lib/python3.12/site-packages/airflow/example_dags/example_task_group.py took 0.116 seconds
[2024-10-10T15:01:01.068+0000] {processor.py:161} INFO - Started process (PID=2067) to work on /home/airflow/.local/lib/python3.12/site-packages/airflow/example_dags/example_task_group.py
[2024-10-10T15:01:01.071+0000] {processor.py:830} INFO - Processing file /home/airflow/.local/lib/python3.12/site-packages/airflow/example_dags/example_task_group.py for tasks to queue
[2024-10-10T15:01:01.075+0000] {logging_mixin.py:188} INFO - [2024-10-10T15:01:01.074+0000] {dagbag.py:545} INFO - Filling up the DagBag from /home/airflow/.local/lib/python3.12/site-packages/airflow/example_dags/example_task_group.py
[2024-10-10T15:01:01.089+0000] {processor.py:840} INFO - DAG(s) 'example_task_group' retrieved from /home/airflow/.local/lib/python3.12/site-packages/airflow/example_dags/example_task_group.py
[2024-10-10T15:01:01.155+0000] {logging_mixin.py:188} INFO - [2024-10-10T15:01:01.155+0000] {dag.py:3096} INFO - Sync 1 DAGs
[2024-10-10T15:01:01.200+0000] {logging_mixin.py:188} INFO - [2024-10-10T15:01:01.200+0000] {dag.py:3954} INFO - Setting next_dagrun for example_task_group to 2024-10-09 00:00:00+00:00, run_after=2024-10-10 00:00:00+00:00
[2024-10-10T15:01:01.228+0000] {processor.py:183} INFO - Processing /home/airflow/.local/lib/python3.12/site-packages/airflow/example_dags/example_task_group.py took 0.170 seconds
[2024-10-10T15:01:31.364+0000] {processor.py:161} INFO - Started process (PID=2329) to work on /home/airflow/.local/lib/python3.12/site-packages/airflow/example_dags/example_task_group.py
[2024-10-10T15:01:31.365+0000] {processor.py:830} INFO - Processing file /home/airflow/.local/lib/python3.12/site-packages/airflow/example_dags/example_task_group.py for tasks to queue
[2024-10-10T15:01:31.368+0000] {logging_mixin.py:188} INFO - [2024-10-10T15:01:31.367+0000] {dagbag.py:545} INFO - Filling up the DagBag from /home/airflow/.local/lib/python3.12/site-packages/airflow/example_dags/example_task_group.py
[2024-10-10T15:01:31.374+0000] {processor.py:840} INFO - DAG(s) 'example_task_group' retrieved from /home/airflow/.local/lib/python3.12/site-packages/airflow/example_dags/example_task_group.py
[2024-10-10T15:01:31.400+0000] {logging_mixin.py:188} INFO - [2024-10-10T15:01:31.399+0000] {dag.py:3096} INFO - Sync 1 DAGs
[2024-10-10T15:01:31.425+0000] {logging_mixin.py:188} INFO - [2024-10-10T15:01:31.425+0000] {dag.py:3954} INFO - Setting next_dagrun for example_task_group to 2024-10-09 00:00:00+00:00, run_after=2024-10-10 00:00:00+00:00
[2024-10-10T15:01:31.457+0000] {processor.py:183} INFO - Processing /home/airflow/.local/lib/python3.12/site-packages/airflow/example_dags/example_task_group.py took 0.098 seconds
[2024-10-10T15:03:15.309+0000] {processor.py:161} INFO - Started process (PID=234) to work on /home/airflow/.local/lib/python3.12/site-packages/airflow/example_dags/example_task_group.py
[2024-10-10T15:03:15.310+0000] {processor.py:830} INFO - Processing file /home/airflow/.local/lib/python3.12/site-packages/airflow/example_dags/example_task_group.py for tasks to queue
[2024-10-10T15:03:15.313+0000] {logging_mixin.py:188} INFO - [2024-10-10T15:03:15.312+0000] {dagbag.py:545} INFO - Filling up the DagBag from /home/airflow/.local/lib/python3.12/site-packages/airflow/example_dags/example_task_group.py
[2024-10-10T15:03:15.322+0000] {processor.py:840} INFO - DAG(s) 'example_task_group' retrieved from /home/airflow/.local/lib/python3.12/site-packages/airflow/example_dags/example_task_group.py
[2024-10-10T15:03:15.336+0000] {logging_mixin.py:188} INFO - [2024-10-10T15:03:15.336+0000] {dag.py:3096} INFO - Sync 1 DAGs
[2024-10-10T15:03:15.362+0000] {logging_mixin.py:188} INFO - [2024-10-10T15:03:15.362+0000] {dag.py:3954} INFO - Setting next_dagrun for example_task_group to 2024-10-09 00:00:00+00:00, run_after=2024-10-10 00:00:00+00:00
[2024-10-10T15:03:15.390+0000] {processor.py:183} INFO - Processing /home/airflow/.local/lib/python3.12/site-packages/airflow/example_dags/example_task_group.py took 0.098 seconds
[2024-10-10T15:03:46.361+0000] {processor.py:161} INFO - Started process (PID=494) to work on /home/airflow/.local/lib/python3.12/site-packages/airflow/example_dags/example_task_group.py
[2024-10-10T15:03:46.362+0000] {processor.py:830} INFO - Processing file /home/airflow/.local/lib/python3.12/site-packages/airflow/example_dags/example_task_group.py for tasks to queue
[2024-10-10T15:03:46.365+0000] {logging_mixin.py:188} INFO - [2024-10-10T15:03:46.364+0000] {dagbag.py:545} INFO - Filling up the DagBag from /home/airflow/.local/lib/python3.12/site-packages/airflow/example_dags/example_task_group.py
[2024-10-10T15:03:46.371+0000] {processor.py:840} INFO - DAG(s) 'example_task_group' retrieved from /home/airflow/.local/lib/python3.12/site-packages/airflow/example_dags/example_task_group.py
[2024-10-10T15:03:46.566+0000] {logging_mixin.py:188} INFO - [2024-10-10T15:03:46.565+0000] {dag.py:3096} INFO - Sync 1 DAGs
[2024-10-10T15:03:46.604+0000] {logging_mixin.py:188} INFO - [2024-10-10T15:03:46.603+0000] {dag.py:3954} INFO - Setting next_dagrun for example_task_group to 2024-10-09 00:00:00+00:00, run_after=2024-10-10 00:00:00+00:00
[2024-10-10T15:03:46.641+0000] {processor.py:183} INFO - Processing /home/airflow/.local/lib/python3.12/site-packages/airflow/example_dags/example_task_group.py took 0.285 seconds
