[2024-10-10T14:57:21.432+0000] {processor.py:161} INFO - Started process (PID=224) to work on /home/airflow/.local/lib/python3.12/site-packages/airflow/example_dags/example_display_name.py
[2024-10-10T14:57:21.433+0000] {processor.py:830} INFO - Processing file /home/airflow/.local/lib/python3.12/site-packages/airflow/example_dags/example_display_name.py for tasks to queue
[2024-10-10T14:57:21.435+0000] {logging_mixin.py:188} INFO - [2024-10-10T14:57:21.435+0000] {dagbag.py:545} INFO - Filling up the DagBag from /home/airflow/.local/lib/python3.12/site-packages/airflow/example_dags/example_display_name.py
[2024-10-10T14:57:21.443+0000] {processor.py:840} INFO - DAG(s) 'example_display_name' retrieved from /home/airflow/.local/lib/python3.12/site-packages/airflow/example_dags/example_display_name.py
[2024-10-10T14:57:21.576+0000] {logging_mixin.py:188} INFO - [2024-10-10T14:57:21.575+0000] {override.py:1829} INFO - Created Permission View: can edit on DAG:example_display_name
[2024-10-10T14:57:21.595+0000] {logging_mixin.py:188} INFO - [2024-10-10T14:57:21.594+0000] {override.py:1829} INFO - Created Permission View: can read on DAG:example_display_name
[2024-10-10T14:57:21.610+0000] {logging_mixin.py:188} INFO - [2024-10-10T14:57:21.610+0000] {override.py:1829} INFO - Created Permission View: can delete on DAG:example_display_name
[2024-10-10T14:57:21.612+0000] {logging_mixin.py:188} INFO - [2024-10-10T14:57:21.611+0000] {dag.py:3096} INFO - Sync 1 DAGs
[2024-10-10T14:57:21.628+0000] {logging_mixin.py:188} INFO - [2024-10-10T14:57:21.628+0000] {dag.py:3118} INFO - Creating ORM DAG for example_display_name
[2024-10-10T14:57:21.630+0000] {logging_mixin.py:188} INFO - [2024-10-10T14:57:21.630+0000] {dag.py:3954} INFO - Setting next_dagrun for example_display_name to None, run_after=None
[2024-10-10T14:57:21.661+0000] {processor.py:183} INFO - Processing /home/airflow/.local/lib/python3.12/site-packages/airflow/example_dags/example_display_name.py took 0.234 seconds
[2024-10-10T14:57:52.133+0000] {processor.py:161} INFO - Started process (PID=482) to work on /home/airflow/.local/lib/python3.12/site-packages/airflow/example_dags/example_display_name.py
[2024-10-10T14:57:52.134+0000] {processor.py:830} INFO - Processing file /home/airflow/.local/lib/python3.12/site-packages/airflow/example_dags/example_display_name.py for tasks to queue
[2024-10-10T14:57:52.136+0000] {logging_mixin.py:188} INFO - [2024-10-10T14:57:52.136+0000] {dagbag.py:545} INFO - Filling up the DagBag from /home/airflow/.local/lib/python3.12/site-packages/airflow/example_dags/example_display_name.py
[2024-10-10T14:57:52.142+0000] {processor.py:840} INFO - DAG(s) 'example_display_name' retrieved from /home/airflow/.local/lib/python3.12/site-packages/airflow/example_dags/example_display_name.py
[2024-10-10T14:57:52.166+0000] {logging_mixin.py:188} INFO - [2024-10-10T14:57:52.166+0000] {dag.py:3096} INFO - Sync 1 DAGs
[2024-10-10T14:57:52.186+0000] {logging_mixin.py:188} INFO - [2024-10-10T14:57:52.185+0000] {dag.py:3954} INFO - Setting next_dagrun for example_display_name to None, run_after=None
[2024-10-10T14:57:52.211+0000] {processor.py:183} INFO - Processing /home/airflow/.local/lib/python3.12/site-packages/airflow/example_dags/example_display_name.py took 0.085 seconds
[2024-10-10T14:58:23.194+0000] {processor.py:161} INFO - Started process (PID=749) to work on /home/airflow/.local/lib/python3.12/site-packages/airflow/example_dags/example_display_name.py
[2024-10-10T14:58:23.195+0000] {processor.py:830} INFO - Processing file /home/airflow/.local/lib/python3.12/site-packages/airflow/example_dags/example_display_name.py for tasks to queue
[2024-10-10T14:58:23.198+0000] {logging_mixin.py:188} INFO - [2024-10-10T14:58:23.197+0000] {dagbag.py:545} INFO - Filling up the DagBag from /home/airflow/.local/lib/python3.12/site-packages/airflow/example_dags/example_display_name.py
[2024-10-10T14:58:23.203+0000] {processor.py:840} INFO - DAG(s) 'example_display_name' retrieved from /home/airflow/.local/lib/python3.12/site-packages/airflow/example_dags/example_display_name.py
[2024-10-10T14:58:23.225+0000] {logging_mixin.py:188} INFO - [2024-10-10T14:58:23.224+0000] {dag.py:3096} INFO - Sync 1 DAGs
[2024-10-10T14:58:23.240+0000] {logging_mixin.py:188} INFO - [2024-10-10T14:58:23.239+0000] {dag.py:3954} INFO - Setting next_dagrun for example_display_name to None, run_after=None
[2024-10-10T14:58:23.377+0000] {processor.py:183} INFO - Processing /home/airflow/.local/lib/python3.12/site-packages/airflow/example_dags/example_display_name.py took 0.189 seconds
[2024-10-10T14:58:53.595+0000] {processor.py:161} INFO - Started process (PID=1008) to work on /home/airflow/.local/lib/python3.12/site-packages/airflow/example_dags/example_display_name.py
[2024-10-10T14:58:53.596+0000] {processor.py:830} INFO - Processing file /home/airflow/.local/lib/python3.12/site-packages/airflow/example_dags/example_display_name.py for tasks to queue
[2024-10-10T14:58:53.598+0000] {logging_mixin.py:188} INFO - [2024-10-10T14:58:53.598+0000] {dagbag.py:545} INFO - Filling up the DagBag from /home/airflow/.local/lib/python3.12/site-packages/airflow/example_dags/example_display_name.py
[2024-10-10T14:58:53.604+0000] {processor.py:840} INFO - DAG(s) 'example_display_name' retrieved from /home/airflow/.local/lib/python3.12/site-packages/airflow/example_dags/example_display_name.py
[2024-10-10T14:58:53.688+0000] {logging_mixin.py:188} INFO - [2024-10-10T14:58:53.687+0000] {dag.py:3096} INFO - Sync 1 DAGs
[2024-10-10T14:58:53.705+0000] {logging_mixin.py:188} INFO - [2024-10-10T14:58:53.704+0000] {dag.py:3954} INFO - Setting next_dagrun for example_display_name to None, run_after=None
[2024-10-10T14:58:53.884+0000] {processor.py:183} INFO - Processing /home/airflow/.local/lib/python3.12/site-packages/airflow/example_dags/example_display_name.py took 0.296 seconds
[2024-10-10T14:59:24.254+0000] {processor.py:161} INFO - Started process (PID=1269) to work on /home/airflow/.local/lib/python3.12/site-packages/airflow/example_dags/example_display_name.py
[2024-10-10T14:59:24.255+0000] {processor.py:830} INFO - Processing file /home/airflow/.local/lib/python3.12/site-packages/airflow/example_dags/example_display_name.py for tasks to queue
[2024-10-10T14:59:24.257+0000] {logging_mixin.py:188} INFO - [2024-10-10T14:59:24.257+0000] {dagbag.py:545} INFO - Filling up the DagBag from /home/airflow/.local/lib/python3.12/site-packages/airflow/example_dags/example_display_name.py
[2024-10-10T14:59:24.265+0000] {processor.py:840} INFO - DAG(s) 'example_display_name' retrieved from /home/airflow/.local/lib/python3.12/site-packages/airflow/example_dags/example_display_name.py
[2024-10-10T14:59:24.289+0000] {logging_mixin.py:188} INFO - [2024-10-10T14:59:24.288+0000] {dag.py:3096} INFO - Sync 1 DAGs
[2024-10-10T14:59:24.304+0000] {logging_mixin.py:188} INFO - [2024-10-10T14:59:24.303+0000] {dag.py:3954} INFO - Setting next_dagrun for example_display_name to None, run_after=None
[2024-10-10T14:59:24.330+0000] {processor.py:183} INFO - Processing /home/airflow/.local/lib/python3.12/site-packages/airflow/example_dags/example_display_name.py took 0.082 seconds
[2024-10-10T14:59:55.374+0000] {processor.py:161} INFO - Started process (PID=1533) to work on /home/airflow/.local/lib/python3.12/site-packages/airflow/example_dags/example_display_name.py
[2024-10-10T14:59:55.377+0000] {processor.py:830} INFO - Processing file /home/airflow/.local/lib/python3.12/site-packages/airflow/example_dags/example_display_name.py for tasks to queue
[2024-10-10T14:59:55.380+0000] {logging_mixin.py:188} INFO - [2024-10-10T14:59:55.380+0000] {dagbag.py:545} INFO - Filling up the DagBag from /home/airflow/.local/lib/python3.12/site-packages/airflow/example_dags/example_display_name.py
[2024-10-10T14:59:55.397+0000] {processor.py:840} INFO - DAG(s) 'example_display_name' retrieved from /home/airflow/.local/lib/python3.12/site-packages/airflow/example_dags/example_display_name.py
[2024-10-10T14:59:55.431+0000] {logging_mixin.py:188} INFO - [2024-10-10T14:59:55.430+0000] {dag.py:3096} INFO - Sync 1 DAGs
[2024-10-10T14:59:55.447+0000] {logging_mixin.py:188} INFO - [2024-10-10T14:59:55.447+0000] {dag.py:3954} INFO - Setting next_dagrun for example_display_name to None, run_after=None
[2024-10-10T14:59:55.475+0000] {processor.py:183} INFO - Processing /home/airflow/.local/lib/python3.12/site-packages/airflow/example_dags/example_display_name.py took 0.112 seconds
[2024-10-10T15:00:25.950+0000] {processor.py:161} INFO - Started process (PID=1795) to work on /home/airflow/.local/lib/python3.12/site-packages/airflow/example_dags/example_display_name.py
[2024-10-10T15:00:25.951+0000] {processor.py:830} INFO - Processing file /home/airflow/.local/lib/python3.12/site-packages/airflow/example_dags/example_display_name.py for tasks to queue
[2024-10-10T15:00:25.954+0000] {logging_mixin.py:188} INFO - [2024-10-10T15:00:25.953+0000] {dagbag.py:545} INFO - Filling up the DagBag from /home/airflow/.local/lib/python3.12/site-packages/airflow/example_dags/example_display_name.py
[2024-10-10T15:00:25.960+0000] {processor.py:840} INFO - DAG(s) 'example_display_name' retrieved from /home/airflow/.local/lib/python3.12/site-packages/airflow/example_dags/example_display_name.py
[2024-10-10T15:00:25.981+0000] {logging_mixin.py:188} INFO - [2024-10-10T15:00:25.981+0000] {dag.py:3096} INFO - Sync 1 DAGs
[2024-10-10T15:00:25.996+0000] {logging_mixin.py:188} INFO - [2024-10-10T15:00:25.995+0000] {dag.py:3954} INFO - Setting next_dagrun for example_display_name to None, run_after=None
[2024-10-10T15:00:26.021+0000] {processor.py:183} INFO - Processing /home/airflow/.local/lib/python3.12/site-packages/airflow/example_dags/example_display_name.py took 0.080 seconds
[2024-10-10T15:00:56.772+0000] {processor.py:161} INFO - Started process (PID=2055) to work on /home/airflow/.local/lib/python3.12/site-packages/airflow/example_dags/example_display_name.py
[2024-10-10T15:00:56.775+0000] {processor.py:830} INFO - Processing file /home/airflow/.local/lib/python3.12/site-packages/airflow/example_dags/example_display_name.py for tasks to queue
[2024-10-10T15:00:56.788+0000] {logging_mixin.py:188} INFO - [2024-10-10T15:00:56.787+0000] {dagbag.py:545} INFO - Filling up the DagBag from /home/airflow/.local/lib/python3.12/site-packages/airflow/example_dags/example_display_name.py
[2024-10-10T15:00:56.809+0000] {processor.py:840} INFO - DAG(s) 'example_display_name' retrieved from /home/airflow/.local/lib/python3.12/site-packages/airflow/example_dags/example_display_name.py
[2024-10-10T15:00:56.856+0000] {logging_mixin.py:188} INFO - [2024-10-10T15:00:56.855+0000] {dag.py:3096} INFO - Sync 1 DAGs
[2024-10-10T15:00:56.889+0000] {logging_mixin.py:188} INFO - [2024-10-10T15:00:56.888+0000] {dag.py:3954} INFO - Setting next_dagrun for example_display_name to None, run_after=None
[2024-10-10T15:00:56.928+0000] {processor.py:183} INFO - Processing /home/airflow/.local/lib/python3.12/site-packages/airflow/example_dags/example_display_name.py took 0.177 seconds
[2024-10-10T15:01:26.983+0000] {processor.py:161} INFO - Started process (PID=2317) to work on /home/airflow/.local/lib/python3.12/site-packages/airflow/example_dags/example_display_name.py
[2024-10-10T15:01:26.984+0000] {processor.py:830} INFO - Processing file /home/airflow/.local/lib/python3.12/site-packages/airflow/example_dags/example_display_name.py for tasks to queue
[2024-10-10T15:01:26.987+0000] {logging_mixin.py:188} INFO - [2024-10-10T15:01:26.986+0000] {dagbag.py:545} INFO - Filling up the DagBag from /home/airflow/.local/lib/python3.12/site-packages/airflow/example_dags/example_display_name.py
[2024-10-10T15:01:26.992+0000] {processor.py:840} INFO - DAG(s) 'example_display_name' retrieved from /home/airflow/.local/lib/python3.12/site-packages/airflow/example_dags/example_display_name.py
[2024-10-10T15:01:27.015+0000] {logging_mixin.py:188} INFO - [2024-10-10T15:01:27.014+0000] {dag.py:3096} INFO - Sync 1 DAGs
[2024-10-10T15:01:27.029+0000] {logging_mixin.py:188} INFO - [2024-10-10T15:01:27.029+0000] {dag.py:3954} INFO - Setting next_dagrun for example_display_name to None, run_after=None
[2024-10-10T15:01:27.055+0000] {processor.py:183} INFO - Processing /home/airflow/.local/lib/python3.12/site-packages/airflow/example_dags/example_display_name.py took 0.078 seconds
[2024-10-10T15:03:15.028+0000] {processor.py:161} INFO - Started process (PID=222) to work on /home/airflow/.local/lib/python3.12/site-packages/airflow/example_dags/example_display_name.py
[2024-10-10T15:03:15.029+0000] {processor.py:830} INFO - Processing file /home/airflow/.local/lib/python3.12/site-packages/airflow/example_dags/example_display_name.py for tasks to queue
[2024-10-10T15:03:15.032+0000] {logging_mixin.py:188} INFO - [2024-10-10T15:03:15.031+0000] {dagbag.py:545} INFO - Filling up the DagBag from /home/airflow/.local/lib/python3.12/site-packages/airflow/example_dags/example_display_name.py
[2024-10-10T15:03:15.057+0000] {processor.py:840} INFO - DAG(s) 'example_display_name' retrieved from /home/airflow/.local/lib/python3.12/site-packages/airflow/example_dags/example_display_name.py
[2024-10-10T15:03:15.073+0000] {logging_mixin.py:188} INFO - [2024-10-10T15:03:15.073+0000] {dag.py:3096} INFO - Sync 1 DAGs
[2024-10-10T15:03:15.086+0000] {logging_mixin.py:188} INFO - [2024-10-10T15:03:15.086+0000] {dag.py:3954} INFO - Setting next_dagrun for example_display_name to None, run_after=None
[2024-10-10T15:03:15.115+0000] {processor.py:183} INFO - Processing /home/airflow/.local/lib/python3.12/site-packages/airflow/example_dags/example_display_name.py took 0.092 seconds
[2024-10-10T15:03:46.059+0000] {processor.py:161} INFO - Started process (PID=484) to work on /home/airflow/.local/lib/python3.12/site-packages/airflow/example_dags/example_display_name.py
[2024-10-10T15:03:46.060+0000] {processor.py:830} INFO - Processing file /home/airflow/.local/lib/python3.12/site-packages/airflow/example_dags/example_display_name.py for tasks to queue
[2024-10-10T15:03:46.062+0000] {logging_mixin.py:188} INFO - [2024-10-10T15:03:46.062+0000] {dagbag.py:545} INFO - Filling up the DagBag from /home/airflow/.local/lib/python3.12/site-packages/airflow/example_dags/example_display_name.py
[2024-10-10T15:03:46.067+0000] {processor.py:840} INFO - DAG(s) 'example_display_name' retrieved from /home/airflow/.local/lib/python3.12/site-packages/airflow/example_dags/example_display_name.py
[2024-10-10T15:03:46.188+0000] {logging_mixin.py:188} INFO - [2024-10-10T15:03:46.188+0000] {dag.py:3096} INFO - Sync 1 DAGs
[2024-10-10T15:03:46.201+0000] {logging_mixin.py:188} INFO - [2024-10-10T15:03:46.201+0000] {dag.py:3954} INFO - Setting next_dagrun for example_display_name to None, run_after=None
[2024-10-10T15:03:46.228+0000] {processor.py:183} INFO - Processing /home/airflow/.local/lib/python3.12/site-packages/airflow/example_dags/example_display_name.py took 0.173 seconds
