[2024-10-10T14:57:23.983+0000] {processor.py:161} INFO - Started process (PID=279) to work on /home/airflow/.local/lib/python3.12/site-packages/airflow/example_dags/tutorial_dag.py
[2024-10-10T14:57:23.984+0000] {processor.py:830} INFO - Processing file /home/airflow/.local/lib/python3.12/site-packages/airflow/example_dags/tutorial_dag.py for tasks to queue
[2024-10-10T14:57:23.987+0000] {logging_mixin.py:188} INFO - [2024-10-10T14:57:23.986+0000] {dagbag.py:545} INFO - Filling up the DagBag from /home/airflow/.local/lib/python3.12/site-packages/airflow/example_dags/tutorial_dag.py
[2024-10-10T14:57:23.998+0000] {processor.py:840} INFO - DAG(s) 'tutorial_dag' retrieved from /home/airflow/.local/lib/python3.12/site-packages/airflow/example_dags/tutorial_dag.py
[2024-10-10T14:57:24.141+0000] {logging_mixin.py:188} INFO - [2024-10-10T14:57:24.140+0000] {override.py:1829} INFO - Created Permission View: can edit on DAG:tutorial_dag
[2024-10-10T14:57:24.159+0000] {logging_mixin.py:188} INFO - [2024-10-10T14:57:24.159+0000] {override.py:1829} INFO - Created Permission View: can read on DAG:tutorial_dag
[2024-10-10T14:57:24.173+0000] {logging_mixin.py:188} INFO - [2024-10-10T14:57:24.172+0000] {override.py:1829} INFO - Created Permission View: can delete on DAG:tutorial_dag
[2024-10-10T14:57:24.174+0000] {logging_mixin.py:188} INFO - [2024-10-10T14:57:24.174+0000] {dag.py:3096} INFO - Sync 1 DAGs
[2024-10-10T14:57:24.194+0000] {logging_mixin.py:188} INFO - [2024-10-10T14:57:24.194+0000] {dag.py:3118} INFO - Creating ORM DAG for tutorial_dag
[2024-10-10T14:57:24.196+0000] {logging_mixin.py:188} INFO - [2024-10-10T14:57:24.196+0000] {dag.py:3954} INFO - Setting next_dagrun for tutorial_dag to None, run_after=None
[2024-10-10T14:57:24.223+0000] {processor.py:183} INFO - Processing /home/airflow/.local/lib/python3.12/site-packages/airflow/example_dags/tutorial_dag.py took 0.245 seconds
[2024-10-10T14:57:54.315+0000] {processor.py:161} INFO - Started process (PID=542) to work on /home/airflow/.local/lib/python3.12/site-packages/airflow/example_dags/tutorial_dag.py
[2024-10-10T14:57:54.316+0000] {processor.py:830} INFO - Processing file /home/airflow/.local/lib/python3.12/site-packages/airflow/example_dags/tutorial_dag.py for tasks to queue
[2024-10-10T14:57:54.319+0000] {logging_mixin.py:188} INFO - [2024-10-10T14:57:54.318+0000] {dagbag.py:545} INFO - Filling up the DagBag from /home/airflow/.local/lib/python3.12/site-packages/airflow/example_dags/tutorial_dag.py
[2024-10-10T14:57:54.325+0000] {processor.py:840} INFO - DAG(s) 'tutorial_dag' retrieved from /home/airflow/.local/lib/python3.12/site-packages/airflow/example_dags/tutorial_dag.py
[2024-10-10T14:57:54.356+0000] {logging_mixin.py:188} INFO - [2024-10-10T14:57:54.356+0000] {dag.py:3096} INFO - Sync 1 DAGs
[2024-10-10T14:57:54.379+0000] {logging_mixin.py:188} INFO - [2024-10-10T14:57:54.378+0000] {dag.py:3954} INFO - Setting next_dagrun for tutorial_dag to None, run_after=None
[2024-10-10T14:57:54.424+0000] {processor.py:183} INFO - Processing /home/airflow/.local/lib/python3.12/site-packages/airflow/example_dags/tutorial_dag.py took 0.117 seconds
[2024-10-10T14:58:25.106+0000] {processor.py:161} INFO - Started process (PID=804) to work on /home/airflow/.local/lib/python3.12/site-packages/airflow/example_dags/tutorial_dag.py
[2024-10-10T14:58:25.107+0000] {processor.py:830} INFO - Processing file /home/airflow/.local/lib/python3.12/site-packages/airflow/example_dags/tutorial_dag.py for tasks to queue
[2024-10-10T14:58:25.110+0000] {logging_mixin.py:188} INFO - [2024-10-10T14:58:25.109+0000] {dagbag.py:545} INFO - Filling up the DagBag from /home/airflow/.local/lib/python3.12/site-packages/airflow/example_dags/tutorial_dag.py
[2024-10-10T14:58:25.116+0000] {processor.py:840} INFO - DAG(s) 'tutorial_dag' retrieved from /home/airflow/.local/lib/python3.12/site-packages/airflow/example_dags/tutorial_dag.py
[2024-10-10T14:58:25.142+0000] {logging_mixin.py:188} INFO - [2024-10-10T14:58:25.141+0000] {dag.py:3096} INFO - Sync 1 DAGs
[2024-10-10T14:58:25.165+0000] {logging_mixin.py:188} INFO - [2024-10-10T14:58:25.164+0000] {dag.py:3954} INFO - Setting next_dagrun for tutorial_dag to None, run_after=None
[2024-10-10T14:58:25.272+0000] {processor.py:183} INFO - Processing /home/airflow/.local/lib/python3.12/site-packages/airflow/example_dags/tutorial_dag.py took 0.173 seconds
[2024-10-10T14:58:55.828+0000] {processor.py:161} INFO - Started process (PID=1066) to work on /home/airflow/.local/lib/python3.12/site-packages/airflow/example_dags/tutorial_dag.py
[2024-10-10T14:58:55.830+0000] {processor.py:830} INFO - Processing file /home/airflow/.local/lib/python3.12/site-packages/airflow/example_dags/tutorial_dag.py for tasks to queue
[2024-10-10T14:58:55.833+0000] {logging_mixin.py:188} INFO - [2024-10-10T14:58:55.833+0000] {dagbag.py:545} INFO - Filling up the DagBag from /home/airflow/.local/lib/python3.12/site-packages/airflow/example_dags/tutorial_dag.py
[2024-10-10T14:58:55.841+0000] {processor.py:840} INFO - DAG(s) 'tutorial_dag' retrieved from /home/airflow/.local/lib/python3.12/site-packages/airflow/example_dags/tutorial_dag.py
[2024-10-10T14:58:55.876+0000] {logging_mixin.py:188} INFO - [2024-10-10T14:58:55.876+0000] {dag.py:3096} INFO - Sync 1 DAGs
[2024-10-10T14:58:55.903+0000] {logging_mixin.py:188} INFO - [2024-10-10T14:58:55.903+0000] {dag.py:3954} INFO - Setting next_dagrun for tutorial_dag to None, run_after=None
[2024-10-10T14:58:55.984+0000] {processor.py:183} INFO - Processing /home/airflow/.local/lib/python3.12/site-packages/airflow/example_dags/tutorial_dag.py took 0.164 seconds
[2024-10-10T14:59:32.202+0000] {processor.py:161} INFO - Started process (PID=1329) to work on /home/airflow/.local/lib/python3.12/site-packages/airflow/example_dags/tutorial_dag.py
[2024-10-10T14:59:32.204+0000] {processor.py:830} INFO - Processing file /home/airflow/.local/lib/python3.12/site-packages/airflow/example_dags/tutorial_dag.py for tasks to queue
[2024-10-10T14:59:32.207+0000] {logging_mixin.py:188} INFO - [2024-10-10T14:59:32.206+0000] {dagbag.py:545} INFO - Filling up the DagBag from /home/airflow/.local/lib/python3.12/site-packages/airflow/example_dags/tutorial_dag.py
[2024-10-10T14:59:32.212+0000] {processor.py:840} INFO - DAG(s) 'tutorial_dag' retrieved from /home/airflow/.local/lib/python3.12/site-packages/airflow/example_dags/tutorial_dag.py
[2024-10-10T14:59:32.238+0000] {logging_mixin.py:188} INFO - [2024-10-10T14:59:32.238+0000] {dag.py:3096} INFO - Sync 1 DAGs
[2024-10-10T14:59:32.254+0000] {logging_mixin.py:188} INFO - [2024-10-10T14:59:32.253+0000] {dag.py:3954} INFO - Setting next_dagrun for tutorial_dag to None, run_after=None
[2024-10-10T14:59:32.282+0000] {processor.py:183} INFO - Processing /home/airflow/.local/lib/python3.12/site-packages/airflow/example_dags/tutorial_dag.py took 0.086 seconds
[2024-10-10T15:00:03.771+0000] {processor.py:161} INFO - Started process (PID=1591) to work on /home/airflow/.local/lib/python3.12/site-packages/airflow/example_dags/tutorial_dag.py
[2024-10-10T15:00:03.772+0000] {processor.py:830} INFO - Processing file /home/airflow/.local/lib/python3.12/site-packages/airflow/example_dags/tutorial_dag.py for tasks to queue
[2024-10-10T15:00:03.777+0000] {logging_mixin.py:188} INFO - [2024-10-10T15:00:03.775+0000] {dagbag.py:545} INFO - Filling up the DagBag from /home/airflow/.local/lib/python3.12/site-packages/airflow/example_dags/tutorial_dag.py
[2024-10-10T15:00:03.802+0000] {processor.py:840} INFO - DAG(s) 'tutorial_dag' retrieved from /home/airflow/.local/lib/python3.12/site-packages/airflow/example_dags/tutorial_dag.py
[2024-10-10T15:00:03.899+0000] {logging_mixin.py:188} INFO - [2024-10-10T15:00:03.898+0000] {dag.py:3096} INFO - Sync 1 DAGs
[2024-10-10T15:00:03.980+0000] {logging_mixin.py:188} INFO - [2024-10-10T15:00:03.979+0000] {dag.py:3954} INFO - Setting next_dagrun for tutorial_dag to None, run_after=None
[2024-10-10T15:00:04.076+0000] {processor.py:183} INFO - Processing /home/airflow/.local/lib/python3.12/site-packages/airflow/example_dags/tutorial_dag.py took 0.324 seconds
[2024-10-10T15:00:34.949+0000] {processor.py:161} INFO - Started process (PID=1859) to work on /home/airflow/.local/lib/python3.12/site-packages/airflow/example_dags/tutorial_dag.py
[2024-10-10T15:00:34.950+0000] {processor.py:830} INFO - Processing file /home/airflow/.local/lib/python3.12/site-packages/airflow/example_dags/tutorial_dag.py for tasks to queue
[2024-10-10T15:00:34.953+0000] {logging_mixin.py:188} INFO - [2024-10-10T15:00:34.952+0000] {dagbag.py:545} INFO - Filling up the DagBag from /home/airflow/.local/lib/python3.12/site-packages/airflow/example_dags/tutorial_dag.py
[2024-10-10T15:00:34.958+0000] {processor.py:840} INFO - DAG(s) 'tutorial_dag' retrieved from /home/airflow/.local/lib/python3.12/site-packages/airflow/example_dags/tutorial_dag.py
[2024-10-10T15:00:34.982+0000] {logging_mixin.py:188} INFO - [2024-10-10T15:00:34.982+0000] {dag.py:3096} INFO - Sync 1 DAGs
[2024-10-10T15:00:34.997+0000] {logging_mixin.py:188} INFO - [2024-10-10T15:00:34.997+0000] {dag.py:3954} INFO - Setting next_dagrun for tutorial_dag to None, run_after=None
[2024-10-10T15:00:35.033+0000] {processor.py:183} INFO - Processing /home/airflow/.local/lib/python3.12/site-packages/airflow/example_dags/tutorial_dag.py took 0.089 seconds
[2024-10-10T15:01:05.665+0000] {processor.py:161} INFO - Started process (PID=2121) to work on /home/airflow/.local/lib/python3.12/site-packages/airflow/example_dags/tutorial_dag.py
[2024-10-10T15:01:05.666+0000] {processor.py:830} INFO - Processing file /home/airflow/.local/lib/python3.12/site-packages/airflow/example_dags/tutorial_dag.py for tasks to queue
[2024-10-10T15:01:05.669+0000] {logging_mixin.py:188} INFO - [2024-10-10T15:01:05.669+0000] {dagbag.py:545} INFO - Filling up the DagBag from /home/airflow/.local/lib/python3.12/site-packages/airflow/example_dags/tutorial_dag.py
[2024-10-10T15:01:05.676+0000] {processor.py:840} INFO - DAG(s) 'tutorial_dag' retrieved from /home/airflow/.local/lib/python3.12/site-packages/airflow/example_dags/tutorial_dag.py
[2024-10-10T15:01:05.717+0000] {logging_mixin.py:188} INFO - [2024-10-10T15:01:05.717+0000] {dag.py:3096} INFO - Sync 1 DAGs
[2024-10-10T15:01:05.742+0000] {logging_mixin.py:188} INFO - [2024-10-10T15:01:05.742+0000] {dag.py:3954} INFO - Setting next_dagrun for tutorial_dag to None, run_after=None
[2024-10-10T15:01:05.784+0000] {processor.py:183} INFO - Processing /home/airflow/.local/lib/python3.12/site-packages/airflow/example_dags/tutorial_dag.py took 0.128 seconds
[2024-10-10T15:01:36.204+0000] {processor.py:161} INFO - Started process (PID=2383) to work on /home/airflow/.local/lib/python3.12/site-packages/airflow/example_dags/tutorial_dag.py
[2024-10-10T15:01:36.205+0000] {processor.py:830} INFO - Processing file /home/airflow/.local/lib/python3.12/site-packages/airflow/example_dags/tutorial_dag.py for tasks to queue
[2024-10-10T15:01:36.207+0000] {logging_mixin.py:188} INFO - [2024-10-10T15:01:36.207+0000] {dagbag.py:545} INFO - Filling up the DagBag from /home/airflow/.local/lib/python3.12/site-packages/airflow/example_dags/tutorial_dag.py
[2024-10-10T15:01:36.213+0000] {processor.py:840} INFO - DAG(s) 'tutorial_dag' retrieved from /home/airflow/.local/lib/python3.12/site-packages/airflow/example_dags/tutorial_dag.py
[2024-10-10T15:01:36.236+0000] {logging_mixin.py:188} INFO - [2024-10-10T15:01:36.236+0000] {dag.py:3096} INFO - Sync 1 DAGs
[2024-10-10T15:01:36.251+0000] {logging_mixin.py:188} INFO - [2024-10-10T15:01:36.251+0000] {dag.py:3954} INFO - Setting next_dagrun for tutorial_dag to None, run_after=None
[2024-10-10T15:01:36.281+0000] {processor.py:183} INFO - Processing /home/airflow/.local/lib/python3.12/site-packages/airflow/example_dags/tutorial_dag.py took 0.083 seconds
[2024-10-10T15:03:15.900+0000] {processor.py:161} INFO - Started process (PID=277) to work on /home/airflow/.local/lib/python3.12/site-packages/airflow/example_dags/tutorial_dag.py
[2024-10-10T15:03:15.901+0000] {processor.py:830} INFO - Processing file /home/airflow/.local/lib/python3.12/site-packages/airflow/example_dags/tutorial_dag.py for tasks to queue
[2024-10-10T15:03:15.904+0000] {logging_mixin.py:188} INFO - [2024-10-10T15:03:15.903+0000] {dagbag.py:545} INFO - Filling up the DagBag from /home/airflow/.local/lib/python3.12/site-packages/airflow/example_dags/tutorial_dag.py
[2024-10-10T15:03:15.912+0000] {processor.py:840} INFO - DAG(s) 'tutorial_dag' retrieved from /home/airflow/.local/lib/python3.12/site-packages/airflow/example_dags/tutorial_dag.py
[2024-10-10T15:03:15.927+0000] {logging_mixin.py:188} INFO - [2024-10-10T15:03:15.926+0000] {dag.py:3096} INFO - Sync 1 DAGs
[2024-10-10T15:03:15.942+0000] {logging_mixin.py:188} INFO - [2024-10-10T15:03:15.942+0000] {dag.py:3954} INFO - Setting next_dagrun for tutorial_dag to None, run_after=None
[2024-10-10T15:03:15.969+0000] {processor.py:183} INFO - Processing /home/airflow/.local/lib/python3.12/site-packages/airflow/example_dags/tutorial_dag.py took 0.074 seconds
[2024-10-10T15:03:47.695+0000] {processor.py:161} INFO - Started process (PID=539) to work on /home/airflow/.local/lib/python3.12/site-packages/airflow/example_dags/tutorial_dag.py
[2024-10-10T15:03:47.696+0000] {processor.py:830} INFO - Processing file /home/airflow/.local/lib/python3.12/site-packages/airflow/example_dags/tutorial_dag.py for tasks to queue
[2024-10-10T15:03:47.698+0000] {logging_mixin.py:188} INFO - [2024-10-10T15:03:47.697+0000] {dagbag.py:545} INFO - Filling up the DagBag from /home/airflow/.local/lib/python3.12/site-packages/airflow/example_dags/tutorial_dag.py
[2024-10-10T15:03:47.703+0000] {processor.py:840} INFO - DAG(s) 'tutorial_dag' retrieved from /home/airflow/.local/lib/python3.12/site-packages/airflow/example_dags/tutorial_dag.py
[2024-10-10T15:03:47.857+0000] {logging_mixin.py:188} INFO - [2024-10-10T15:03:47.856+0000] {dag.py:3096} INFO - Sync 1 DAGs
[2024-10-10T15:03:47.877+0000] {logging_mixin.py:188} INFO - [2024-10-10T15:03:47.877+0000] {dag.py:3954} INFO - Setting next_dagrun for tutorial_dag to None, run_after=None
[2024-10-10T15:03:47.925+0000] {processor.py:183} INFO - Processing /home/airflow/.local/lib/python3.12/site-packages/airflow/example_dags/tutorial_dag.py took 0.236 seconds
