[2024-10-10T14:57:20.935+0000] {processor.py:161} INFO - Started process (PID=204) to work on /home/airflow/.local/lib/python3.12/site-packages/airflow/example_dags/tutorial_objectstorage.py
[2024-10-10T14:57:20.936+0000] {processor.py:830} INFO - Processing file /home/airflow/.local/lib/python3.12/site-packages/airflow/example_dags/tutorial_objectstorage.py for tasks to queue
[2024-10-10T14:57:20.938+0000] {logging_mixin.py:188} INFO - [2024-10-10T14:57:20.938+0000] {dagbag.py:545} INFO - Filling up the DagBag from /home/airflow/.local/lib/python3.12/site-packages/airflow/example_dags/tutorial_objectstorage.py
[2024-10-10T14:57:20.950+0000] {processor.py:840} INFO - DAG(s) 'tutorial_objectstorage' retrieved from /home/airflow/.local/lib/python3.12/site-packages/airflow/example_dags/tutorial_objectstorage.py
[2024-10-10T14:57:21.070+0000] {logging_mixin.py:188} INFO - [2024-10-10T14:57:21.070+0000] {override.py:1829} INFO - Created Permission View: can edit on DAG:tutorial_objectstorage
[2024-10-10T14:57:21.085+0000] {logging_mixin.py:188} INFO - [2024-10-10T14:57:21.084+0000] {override.py:1829} INFO - Created Permission View: can read on DAG:tutorial_objectstorage
[2024-10-10T14:57:21.098+0000] {logging_mixin.py:188} INFO - [2024-10-10T14:57:21.097+0000] {override.py:1829} INFO - Created Permission View: can delete on DAG:tutorial_objectstorage
[2024-10-10T14:57:21.099+0000] {logging_mixin.py:188} INFO - [2024-10-10T14:57:21.098+0000] {dag.py:3096} INFO - Sync 1 DAGs
[2024-10-10T14:57:21.112+0000] {logging_mixin.py:188} INFO - [2024-10-10T14:57:21.112+0000] {dag.py:3118} INFO - Creating ORM DAG for tutorial_objectstorage
[2024-10-10T14:57:21.114+0000] {logging_mixin.py:188} INFO - [2024-10-10T14:57:21.113+0000] {dag.py:3954} INFO - Setting next_dagrun for tutorial_objectstorage to None, run_after=None
[2024-10-10T14:57:21.135+0000] {processor.py:183} INFO - Processing /home/airflow/.local/lib/python3.12/site-packages/airflow/example_dags/tutorial_objectstorage.py took 0.206 seconds
[2024-10-10T14:57:51.845+0000] {processor.py:161} INFO - Started process (PID=469) to work on /home/airflow/.local/lib/python3.12/site-packages/airflow/example_dags/tutorial_objectstorage.py
[2024-10-10T14:57:51.846+0000] {processor.py:830} INFO - Processing file /home/airflow/.local/lib/python3.12/site-packages/airflow/example_dags/tutorial_objectstorage.py for tasks to queue
[2024-10-10T14:57:51.849+0000] {logging_mixin.py:188} INFO - [2024-10-10T14:57:51.848+0000] {dagbag.py:545} INFO - Filling up the DagBag from /home/airflow/.local/lib/python3.12/site-packages/airflow/example_dags/tutorial_objectstorage.py
[2024-10-10T14:57:51.857+0000] {processor.py:840} INFO - DAG(s) 'tutorial_objectstorage' retrieved from /home/airflow/.local/lib/python3.12/site-packages/airflow/example_dags/tutorial_objectstorage.py
[2024-10-10T14:57:51.886+0000] {logging_mixin.py:188} INFO - [2024-10-10T14:57:51.885+0000] {dag.py:3096} INFO - Sync 1 DAGs
[2024-10-10T14:57:51.901+0000] {logging_mixin.py:188} INFO - [2024-10-10T14:57:51.901+0000] {dag.py:3954} INFO - Setting next_dagrun for tutorial_objectstorage to None, run_after=None
[2024-10-10T14:57:51.927+0000] {processor.py:183} INFO - Processing /home/airflow/.local/lib/python3.12/site-packages/airflow/example_dags/tutorial_objectstorage.py took 0.087 seconds
[2024-10-10T14:58:22.234+0000] {processor.py:161} INFO - Started process (PID=729) to work on /home/airflow/.local/lib/python3.12/site-packages/airflow/example_dags/tutorial_objectstorage.py
[2024-10-10T14:58:22.235+0000] {processor.py:830} INFO - Processing file /home/airflow/.local/lib/python3.12/site-packages/airflow/example_dags/tutorial_objectstorage.py for tasks to queue
[2024-10-10T14:58:22.237+0000] {logging_mixin.py:188} INFO - [2024-10-10T14:58:22.237+0000] {dagbag.py:545} INFO - Filling up the DagBag from /home/airflow/.local/lib/python3.12/site-packages/airflow/example_dags/tutorial_objectstorage.py
[2024-10-10T14:58:22.244+0000] {processor.py:840} INFO - DAG(s) 'tutorial_objectstorage' retrieved from /home/airflow/.local/lib/python3.12/site-packages/airflow/example_dags/tutorial_objectstorage.py
[2024-10-10T14:58:22.268+0000] {logging_mixin.py:188} INFO - [2024-10-10T14:58:22.268+0000] {dag.py:3096} INFO - Sync 1 DAGs
[2024-10-10T14:58:22.283+0000] {logging_mixin.py:188} INFO - [2024-10-10T14:58:22.282+0000] {dag.py:3954} INFO - Setting next_dagrun for tutorial_objectstorage to None, run_after=None
[2024-10-10T14:58:22.577+0000] {processor.py:183} INFO - Processing /home/airflow/.local/lib/python3.12/site-packages/airflow/example_dags/tutorial_objectstorage.py took 0.348 seconds
[2024-10-10T14:58:52.772+0000] {processor.py:161} INFO - Started process (PID=991) to work on /home/airflow/.local/lib/python3.12/site-packages/airflow/example_dags/tutorial_objectstorage.py
[2024-10-10T14:58:52.774+0000] {processor.py:830} INFO - Processing file /home/airflow/.local/lib/python3.12/site-packages/airflow/example_dags/tutorial_objectstorage.py for tasks to queue
[2024-10-10T14:58:52.776+0000] {logging_mixin.py:188} INFO - [2024-10-10T14:58:52.776+0000] {dagbag.py:545} INFO - Filling up the DagBag from /home/airflow/.local/lib/python3.12/site-packages/airflow/example_dags/tutorial_objectstorage.py
[2024-10-10T14:58:52.783+0000] {processor.py:840} INFO - DAG(s) 'tutorial_objectstorage' retrieved from /home/airflow/.local/lib/python3.12/site-packages/airflow/example_dags/tutorial_objectstorage.py
[2024-10-10T14:58:52.806+0000] {logging_mixin.py:188} INFO - [2024-10-10T14:58:52.806+0000] {dag.py:3096} INFO - Sync 1 DAGs
[2024-10-10T14:58:52.821+0000] {logging_mixin.py:188} INFO - [2024-10-10T14:58:52.820+0000] {dag.py:3954} INFO - Setting next_dagrun for tutorial_objectstorage to None, run_after=None
[2024-10-10T14:58:53.012+0000] {processor.py:183} INFO - Processing /home/airflow/.local/lib/python3.12/site-packages/airflow/example_dags/tutorial_objectstorage.py took 0.244 seconds
[2024-10-10T14:59:23.121+0000] {processor.py:161} INFO - Started process (PID=1256) to work on /home/airflow/.local/lib/python3.12/site-packages/airflow/example_dags/tutorial_objectstorage.py
[2024-10-10T14:59:23.122+0000] {processor.py:830} INFO - Processing file /home/airflow/.local/lib/python3.12/site-packages/airflow/example_dags/tutorial_objectstorage.py for tasks to queue
[2024-10-10T14:59:23.124+0000] {logging_mixin.py:188} INFO - [2024-10-10T14:59:23.123+0000] {dagbag.py:545} INFO - Filling up the DagBag from /home/airflow/.local/lib/python3.12/site-packages/airflow/example_dags/tutorial_objectstorage.py
[2024-10-10T14:59:23.131+0000] {processor.py:840} INFO - DAG(s) 'tutorial_objectstorage' retrieved from /home/airflow/.local/lib/python3.12/site-packages/airflow/example_dags/tutorial_objectstorage.py
[2024-10-10T14:59:23.153+0000] {logging_mixin.py:188} INFO - [2024-10-10T14:59:23.153+0000] {dag.py:3096} INFO - Sync 1 DAGs
[2024-10-10T14:59:23.166+0000] {logging_mixin.py:188} INFO - [2024-10-10T14:59:23.166+0000] {dag.py:3954} INFO - Setting next_dagrun for tutorial_objectstorage to None, run_after=None
[2024-10-10T14:59:23.191+0000] {processor.py:183} INFO - Processing /home/airflow/.local/lib/python3.12/site-packages/airflow/example_dags/tutorial_objectstorage.py took 0.075 seconds
[2024-10-10T14:59:54.049+0000] {processor.py:161} INFO - Started process (PID=1516) to work on /home/airflow/.local/lib/python3.12/site-packages/airflow/example_dags/tutorial_objectstorage.py
[2024-10-10T14:59:54.051+0000] {processor.py:830} INFO - Processing file /home/airflow/.local/lib/python3.12/site-packages/airflow/example_dags/tutorial_objectstorage.py for tasks to queue
[2024-10-10T14:59:54.053+0000] {logging_mixin.py:188} INFO - [2024-10-10T14:59:54.053+0000] {dagbag.py:545} INFO - Filling up the DagBag from /home/airflow/.local/lib/python3.12/site-packages/airflow/example_dags/tutorial_objectstorage.py
[2024-10-10T14:59:54.062+0000] {processor.py:840} INFO - DAG(s) 'tutorial_objectstorage' retrieved from /home/airflow/.local/lib/python3.12/site-packages/airflow/example_dags/tutorial_objectstorage.py
[2024-10-10T14:59:54.092+0000] {logging_mixin.py:188} INFO - [2024-10-10T14:59:54.091+0000] {dag.py:3096} INFO - Sync 1 DAGs
[2024-10-10T14:59:54.114+0000] {logging_mixin.py:188} INFO - [2024-10-10T14:59:54.113+0000] {dag.py:3954} INFO - Setting next_dagrun for tutorial_objectstorage to None, run_after=None
[2024-10-10T14:59:54.150+0000] {processor.py:183} INFO - Processing /home/airflow/.local/lib/python3.12/site-packages/airflow/example_dags/tutorial_objectstorage.py took 0.109 seconds
[2024-10-10T15:00:24.539+0000] {processor.py:161} INFO - Started process (PID=1778) to work on /home/airflow/.local/lib/python3.12/site-packages/airflow/example_dags/tutorial_objectstorage.py
[2024-10-10T15:00:24.540+0000] {processor.py:830} INFO - Processing file /home/airflow/.local/lib/python3.12/site-packages/airflow/example_dags/tutorial_objectstorage.py for tasks to queue
[2024-10-10T15:00:24.543+0000] {logging_mixin.py:188} INFO - [2024-10-10T15:00:24.543+0000] {dagbag.py:545} INFO - Filling up the DagBag from /home/airflow/.local/lib/python3.12/site-packages/airflow/example_dags/tutorial_objectstorage.py
[2024-10-10T15:00:24.554+0000] {processor.py:840} INFO - DAG(s) 'tutorial_objectstorage' retrieved from /home/airflow/.local/lib/python3.12/site-packages/airflow/example_dags/tutorial_objectstorage.py
[2024-10-10T15:00:24.584+0000] {logging_mixin.py:188} INFO - [2024-10-10T15:00:24.584+0000] {dag.py:3096} INFO - Sync 1 DAGs
[2024-10-10T15:00:24.606+0000] {logging_mixin.py:188} INFO - [2024-10-10T15:00:24.605+0000] {dag.py:3954} INFO - Setting next_dagrun for tutorial_objectstorage to None, run_after=None
[2024-10-10T15:00:24.641+0000] {processor.py:183} INFO - Processing /home/airflow/.local/lib/python3.12/site-packages/airflow/example_dags/tutorial_objectstorage.py took 0.111 seconds
[2024-10-10T15:00:55.228+0000] {processor.py:161} INFO - Started process (PID=2042) to work on /home/airflow/.local/lib/python3.12/site-packages/airflow/example_dags/tutorial_objectstorage.py
[2024-10-10T15:00:55.230+0000] {processor.py:830} INFO - Processing file /home/airflow/.local/lib/python3.12/site-packages/airflow/example_dags/tutorial_objectstorage.py for tasks to queue
[2024-10-10T15:00:55.233+0000] {logging_mixin.py:188} INFO - [2024-10-10T15:00:55.232+0000] {dagbag.py:545} INFO - Filling up the DagBag from /home/airflow/.local/lib/python3.12/site-packages/airflow/example_dags/tutorial_objectstorage.py
[2024-10-10T15:00:55.240+0000] {processor.py:840} INFO - DAG(s) 'tutorial_objectstorage' retrieved from /home/airflow/.local/lib/python3.12/site-packages/airflow/example_dags/tutorial_objectstorage.py
[2024-10-10T15:00:55.278+0000] {logging_mixin.py:188} INFO - [2024-10-10T15:00:55.277+0000] {dag.py:3096} INFO - Sync 1 DAGs
[2024-10-10T15:00:55.296+0000] {logging_mixin.py:188} INFO - [2024-10-10T15:00:55.295+0000] {dag.py:3954} INFO - Setting next_dagrun for tutorial_objectstorage to None, run_after=None
[2024-10-10T15:00:55.366+0000] {processor.py:183} INFO - Processing /home/airflow/.local/lib/python3.12/site-packages/airflow/example_dags/tutorial_objectstorage.py took 0.145 seconds
[2024-10-10T15:01:25.697+0000] {processor.py:161} INFO - Started process (PID=2304) to work on /home/airflow/.local/lib/python3.12/site-packages/airflow/example_dags/tutorial_objectstorage.py
[2024-10-10T15:01:25.699+0000] {processor.py:830} INFO - Processing file /home/airflow/.local/lib/python3.12/site-packages/airflow/example_dags/tutorial_objectstorage.py for tasks to queue
[2024-10-10T15:01:25.701+0000] {logging_mixin.py:188} INFO - [2024-10-10T15:01:25.701+0000] {dagbag.py:545} INFO - Filling up the DagBag from /home/airflow/.local/lib/python3.12/site-packages/airflow/example_dags/tutorial_objectstorage.py
[2024-10-10T15:01:25.711+0000] {processor.py:840} INFO - DAG(s) 'tutorial_objectstorage' retrieved from /home/airflow/.local/lib/python3.12/site-packages/airflow/example_dags/tutorial_objectstorage.py
[2024-10-10T15:01:25.734+0000] {logging_mixin.py:188} INFO - [2024-10-10T15:01:25.733+0000] {dag.py:3096} INFO - Sync 1 DAGs
[2024-10-10T15:01:25.752+0000] {logging_mixin.py:188} INFO - [2024-10-10T15:01:25.752+0000] {dag.py:3954} INFO - Setting next_dagrun for tutorial_objectstorage to None, run_after=None
[2024-10-10T15:01:25.785+0000] {processor.py:183} INFO - Processing /home/airflow/.local/lib/python3.12/site-packages/airflow/example_dags/tutorial_objectstorage.py took 0.095 seconds
[2024-10-10T15:03:14.732+0000] {processor.py:161} INFO - Started process (PID=204) to work on /home/airflow/.local/lib/python3.12/site-packages/airflow/example_dags/tutorial_objectstorage.py
[2024-10-10T15:03:14.733+0000] {processor.py:830} INFO - Processing file /home/airflow/.local/lib/python3.12/site-packages/airflow/example_dags/tutorial_objectstorage.py for tasks to queue
[2024-10-10T15:03:14.735+0000] {logging_mixin.py:188} INFO - [2024-10-10T15:03:14.735+0000] {dagbag.py:545} INFO - Filling up the DagBag from /home/airflow/.local/lib/python3.12/site-packages/airflow/example_dags/tutorial_objectstorage.py
[2024-10-10T15:03:14.743+0000] {processor.py:840} INFO - DAG(s) 'tutorial_objectstorage' retrieved from /home/airflow/.local/lib/python3.12/site-packages/airflow/example_dags/tutorial_objectstorage.py
[2024-10-10T15:03:14.758+0000] {logging_mixin.py:188} INFO - [2024-10-10T15:03:14.758+0000] {dag.py:3096} INFO - Sync 1 DAGs
[2024-10-10T15:03:14.779+0000] {logging_mixin.py:188} INFO - [2024-10-10T15:03:14.778+0000] {dag.py:3954} INFO - Setting next_dagrun for tutorial_objectstorage to None, run_after=None
[2024-10-10T15:03:14.824+0000] {processor.py:183} INFO - Processing /home/airflow/.local/lib/python3.12/site-packages/airflow/example_dags/tutorial_objectstorage.py took 0.096 seconds
[2024-10-10T15:03:45.557+0000] {processor.py:161} INFO - Started process (PID=466) to work on /home/airflow/.local/lib/python3.12/site-packages/airflow/example_dags/tutorial_objectstorage.py
[2024-10-10T15:03:45.559+0000] {processor.py:830} INFO - Processing file /home/airflow/.local/lib/python3.12/site-packages/airflow/example_dags/tutorial_objectstorage.py for tasks to queue
[2024-10-10T15:03:45.560+0000] {logging_mixin.py:188} INFO - [2024-10-10T15:03:45.560+0000] {dagbag.py:545} INFO - Filling up the DagBag from /home/airflow/.local/lib/python3.12/site-packages/airflow/example_dags/tutorial_objectstorage.py
[2024-10-10T15:03:45.568+0000] {processor.py:840} INFO - DAG(s) 'tutorial_objectstorage' retrieved from /home/airflow/.local/lib/python3.12/site-packages/airflow/example_dags/tutorial_objectstorage.py
[2024-10-10T15:03:45.676+0000] {logging_mixin.py:188} INFO - [2024-10-10T15:03:45.675+0000] {dag.py:3096} INFO - Sync 1 DAGs
[2024-10-10T15:03:45.689+0000] {logging_mixin.py:188} INFO - [2024-10-10T15:03:45.689+0000] {dag.py:3954} INFO - Setting next_dagrun for tutorial_objectstorage to None, run_after=None
[2024-10-10T15:03:45.725+0000] {processor.py:183} INFO - Processing /home/airflow/.local/lib/python3.12/site-packages/airflow/example_dags/tutorial_objectstorage.py took 0.174 seconds
