[2024-10-17T13:36:16.184+0000] {local_task_job_runner.py:120} INFO - ::group::Pre task execution logs
[2024-10-17T13:36:16.227+0000] {taskinstance.py:2076} INFO - Dependencies all met for dep_context=non-requeueable deps ti=<TaskInstance: transform_and_load_to_staging.extract_and_load_to_staging manual__2024-10-17T13:20:28.241216+00:00 [queued]>
[2024-10-17T13:36:16.238+0000] {taskinstance.py:2076} INFO - Dependencies all met for dep_context=requeueable deps ti=<TaskInstance: transform_and_load_to_staging.extract_and_load_to_staging manual__2024-10-17T13:20:28.241216+00:00 [queued]>
[2024-10-17T13:36:16.239+0000] {taskinstance.py:2306} INFO - Starting attempt 2 of 2
[2024-10-17T13:36:16.270+0000] {taskinstance.py:2330} INFO - Executing <Task(PythonOperator): extract_and_load_to_staging> on 2024-10-17 13:20:28.241216+00:00
[2024-10-17T13:36:16.276+0000] {standard_task_runner.py:63} INFO - Started process 621 to run task
[2024-10-17T13:36:16.279+0000] {standard_task_runner.py:90} INFO - Running: ['***', 'tasks', 'run', 'transform_and_load_to_staging', 'extract_and_load_to_staging', 'manual__2024-10-17T13:20:28.241216+00:00', '--job-id', '20', '--raw', '--subdir', 'DAGS_FOLDER/extract_data.py', '--cfg-path', '/tmp/tmpzsplcjk4']
[2024-10-17T13:36:16.281+0000] {standard_task_runner.py:91} INFO - Job 20: Subtask extract_and_load_to_staging
[2024-10-17T13:36:16.346+0000] {task_command.py:426} INFO - Running <TaskInstance: transform_and_load_to_staging.extract_and_load_to_staging manual__2024-10-17T13:20:28.241216+00:00 [running]> on host eed3011aebc3
[2024-10-17T13:36:16.470+0000] {taskinstance.py:2648} INFO - Exporting env vars: AIRFLOW_CTX_DAG_OWNER='***' AIRFLOW_CTX_DAG_ID='transform_and_load_to_staging' AIRFLOW_CTX_TASK_ID='extract_and_load_to_staging' AIRFLOW_CTX_EXECUTION_DATE='2024-10-17T13:20:28.241216+00:00' AIRFLOW_CTX_TRY_NUMBER='2' AIRFLOW_CTX_DAG_RUN_ID='manual__2024-10-17T13:20:28.241216+00:00'
[2024-10-17T13:36:16.471+0000] {taskinstance.py:430} INFO - ::endgroup::
[2024-10-17T13:36:16.657+0000] {base.py:84} INFO - Using connection ID 'mysql' for task execution.
[2024-10-17T13:36:16.693+0000] {base.py:84} INFO - Using connection ID 'mysql' for task execution.
[2024-10-17T13:36:16.715+0000] {logging_mixin.py:188} WARNING - /home/***/.local/lib/python3.10/site-packages/***/providers/common/sql/hooks/sql.py:263 UserWarning: pandas only supports SQLAlchemy connectable (engine/connection) or database string URI or sqlite3 DBAPI2 connection. Other DBAPI2 objects are not tested. Please consider using SQLAlchemy.
[2024-10-17T13:36:16.731+0000] {base.py:84} INFO - Using connection ID 'postgres' for task execution.
[2024-10-17T13:36:16.891+0000] {logging_mixin.py:188} INFO - Đã trích xuất và lưu bảng product_category_name_translation từ MySQL vào PostgreSQL public
[2024-10-17T13:36:16.902+0000] {base.py:84} INFO - Using connection ID 'mysql' for task execution.
[2024-10-17T13:36:16.918+0000] {logging_mixin.py:188} WARNING - /home/***/.local/lib/python3.10/site-packages/***/providers/common/sql/hooks/sql.py:263 UserWarning: pandas only supports SQLAlchemy connectable (engine/connection) or database string URI or sqlite3 DBAPI2 connection. Other DBAPI2 objects are not tested. Please consider using SQLAlchemy.
[2024-10-17T13:36:16.942+0000] {base.py:84} INFO - Using connection ID 'postgres' for task execution.
[2024-10-17T13:36:17.008+0000] {logging_mixin.py:188} INFO - Đã trích xuất và lưu bảng geolocation từ MySQL vào PostgreSQL public
[2024-10-17T13:36:17.015+0000] {base.py:84} INFO - Using connection ID 'mysql' for task execution.
[2024-10-17T13:36:17.030+0000] {logging_mixin.py:188} WARNING - /home/***/.local/lib/python3.10/site-packages/***/providers/common/sql/hooks/sql.py:263 UserWarning: pandas only supports SQLAlchemy connectable (engine/connection) or database string URI or sqlite3 DBAPI2 connection. Other DBAPI2 objects are not tested. Please consider using SQLAlchemy.
[2024-10-17T13:36:17.046+0000] {base.py:84} INFO - Using connection ID 'postgres' for task execution.
[2024-10-17T13:36:17.127+0000] {logging_mixin.py:188} INFO - Đã trích xuất và lưu bảng sellers từ MySQL vào PostgreSQL public
[2024-10-17T13:36:17.136+0000] {base.py:84} INFO - Using connection ID 'mysql' for task execution.
[2024-10-17T13:36:17.149+0000] {logging_mixin.py:188} WARNING - /home/***/.local/lib/python3.10/site-packages/***/providers/common/sql/hooks/sql.py:263 UserWarning: pandas only supports SQLAlchemy connectable (engine/connection) or database string URI or sqlite3 DBAPI2 connection. Other DBAPI2 objects are not tested. Please consider using SQLAlchemy.
[2024-10-17T13:36:17.181+0000] {base.py:84} INFO - Using connection ID 'postgres' for task execution.
[2024-10-17T13:36:17.242+0000] {logging_mixin.py:188} INFO - Đã trích xuất và lưu bảng customers từ MySQL vào PostgreSQL public
[2024-10-17T13:36:17.250+0000] {base.py:84} INFO - Using connection ID 'mysql' for task execution.
[2024-10-17T13:36:17.264+0000] {logging_mixin.py:188} WARNING - /home/***/.local/lib/python3.10/site-packages/***/providers/common/sql/hooks/sql.py:263 UserWarning: pandas only supports SQLAlchemy connectable (engine/connection) or database string URI or sqlite3 DBAPI2 connection. Other DBAPI2 objects are not tested. Please consider using SQLAlchemy.
[2024-10-17T13:36:17.284+0000] {base.py:84} INFO - Using connection ID 'postgres' for task execution.
[2024-10-17T13:36:17.370+0000] {logging_mixin.py:188} INFO - Đã trích xuất và lưu bảng products từ MySQL vào PostgreSQL public
[2024-10-17T13:36:17.380+0000] {base.py:84} INFO - Using connection ID 'mysql' for task execution.
[2024-10-17T13:36:17.398+0000] {logging_mixin.py:188} WARNING - /home/***/.local/lib/python3.10/site-packages/***/providers/common/sql/hooks/sql.py:263 UserWarning: pandas only supports SQLAlchemy connectable (engine/connection) or database string URI or sqlite3 DBAPI2 connection. Other DBAPI2 objects are not tested. Please consider using SQLAlchemy.
[2024-10-17T13:36:17.413+0000] {base.py:84} INFO - Using connection ID 'postgres' for task execution.
[2024-10-17T13:36:17.483+0000] {logging_mixin.py:188} INFO - Đã trích xuất và lưu bảng orders từ MySQL vào PostgreSQL public
[2024-10-17T13:36:17.491+0000] {base.py:84} INFO - Using connection ID 'mysql' for task execution.
[2024-10-17T13:36:17.503+0000] {logging_mixin.py:188} WARNING - /home/***/.local/lib/python3.10/site-packages/***/providers/common/sql/hooks/sql.py:263 UserWarning: pandas only supports SQLAlchemy connectable (engine/connection) or database string URI or sqlite3 DBAPI2 connection. Other DBAPI2 objects are not tested. Please consider using SQLAlchemy.
[2024-10-17T13:36:17.532+0000] {base.py:84} INFO - Using connection ID 'postgres' for task execution.
[2024-10-17T13:36:17.616+0000] {logging_mixin.py:188} INFO - Đã trích xuất và lưu bảng order_items từ MySQL vào PostgreSQL public
[2024-10-17T13:36:17.624+0000] {base.py:84} INFO - Using connection ID 'mysql' for task execution.
[2024-10-17T13:36:17.640+0000] {logging_mixin.py:188} WARNING - /home/***/.local/lib/python3.10/site-packages/***/providers/common/sql/hooks/sql.py:263 UserWarning: pandas only supports SQLAlchemy connectable (engine/connection) or database string URI or sqlite3 DBAPI2 connection. Other DBAPI2 objects are not tested. Please consider using SQLAlchemy.
[2024-10-17T13:36:17.668+0000] {base.py:84} INFO - Using connection ID 'postgres' for task execution.
[2024-10-17T13:36:17.742+0000] {logging_mixin.py:188} INFO - Đã trích xuất và lưu bảng payments từ MySQL vào PostgreSQL public
[2024-10-17T13:36:17.750+0000] {base.py:84} INFO - Using connection ID 'mysql' for task execution.
[2024-10-17T13:36:17.765+0000] {logging_mixin.py:188} WARNING - /home/***/.local/lib/python3.10/site-packages/***/providers/common/sql/hooks/sql.py:263 UserWarning: pandas only supports SQLAlchemy connectable (engine/connection) or database string URI or sqlite3 DBAPI2 connection. Other DBAPI2 objects are not tested. Please consider using SQLAlchemy.
[2024-10-17T13:36:17.785+0000] {base.py:84} INFO - Using connection ID 'postgres' for task execution.
[2024-10-17T13:36:17.890+0000] {logging_mixin.py:188} INFO - Đã trích xuất và lưu bảng order_reviews từ MySQL vào PostgreSQL public
[2024-10-17T13:36:17.891+0000] {python.py:237} INFO - Done. Returned value was: None
[2024-10-17T13:36:17.892+0000] {taskinstance.py:441} INFO - ::group::Post task execution logs
[2024-10-17T13:36:17.904+0000] {taskinstance.py:1206} INFO - Marking task as SUCCESS. dag_id=transform_and_load_to_staging, task_id=extract_and_load_to_staging, run_id=manual__2024-10-17T13:20:28.241216+00:00, execution_date=20241017T132028, start_date=20241017T133616, end_date=20241017T133617
[2024-10-17T13:36:17.940+0000] {local_task_job_runner.py:240} INFO - Task exited with return code 0
[2024-10-17T13:36:17.968+0000] {taskinstance.py:3503} INFO - 1 downstream tasks scheduled from follow-on schedule check
[2024-10-17T13:36:17.983+0000] {local_task_job_runner.py:222} INFO - ::endgroup::
