[2024-10-26T06:24:25.997+0000] {local_task_job_runner.py:120} INFO - ::group::Pre task execution logs
[2024-10-26T06:24:26.043+0000] {taskinstance.py:2076} INFO - Dependencies all met for dep_context=non-requeueable deps ti=<TaskInstance: transform_and_load_to_staging.extract_and_load_to_staging scheduled__2024-10-25T00:00:00+00:00 [queued]>
[2024-10-26T06:24:26.056+0000] {taskinstance.py:2076} INFO - Dependencies all met for dep_context=requeueable deps ti=<TaskInstance: transform_and_load_to_staging.extract_and_load_to_staging scheduled__2024-10-25T00:00:00+00:00 [queued]>
[2024-10-26T06:24:26.057+0000] {taskinstance.py:2306} INFO - Starting attempt 7 of 9
[2024-10-26T06:24:26.074+0000] {taskinstance.py:2330} INFO - Executing <Task(PythonOperator): extract_and_load_to_staging> on 2024-10-25 00:00:00+00:00
[2024-10-26T06:24:26.080+0000] {standard_task_runner.py:63} INFO - Started process 994 to run task
[2024-10-26T06:24:26.083+0000] {standard_task_runner.py:90} INFO - Running: ['***', 'tasks', 'run', 'transform_and_load_to_staging', 'extract_and_load_to_staging', 'scheduled__2024-10-25T00:00:00+00:00', '--job-id', '57', '--raw', '--subdir', 'DAGS_FOLDER/extract_data.py', '--cfg-path', '/tmp/tmpmdx7vsvl']
[2024-10-26T06:24:26.085+0000] {standard_task_runner.py:91} INFO - Job 57: Subtask extract_and_load_to_staging
[2024-10-26T06:24:26.142+0000] {task_command.py:426} INFO - Running <TaskInstance: transform_and_load_to_staging.extract_and_load_to_staging scheduled__2024-10-25T00:00:00+00:00 [running]> on host eed3011aebc3
[2024-10-26T06:24:26.248+0000] {taskinstance.py:2648} INFO - Exporting env vars: AIRFLOW_CTX_DAG_OWNER='***' AIRFLOW_CTX_DAG_ID='transform_and_load_to_staging' AIRFLOW_CTX_TASK_ID='extract_and_load_to_staging' AIRFLOW_CTX_EXECUTION_DATE='2024-10-25T00:00:00+00:00' AIRFLOW_CTX_TRY_NUMBER='7' AIRFLOW_CTX_DAG_RUN_ID='scheduled__2024-10-25T00:00:00+00:00'
[2024-10-26T06:24:26.249+0000] {taskinstance.py:430} INFO - ::endgroup::
[2024-10-26T06:24:26.270+0000] {base.py:84} INFO - Using connection ID 'mysql' for task execution.
[2024-10-26T06:24:26.294+0000] {base.py:84} INFO - Using connection ID 'mysql' for task execution.
[2024-10-26T06:24:26.316+0000] {logging_mixin.py:188} WARNING - /home/***/.local/lib/python3.10/site-packages/***/providers/common/sql/hooks/sql.py:263 UserWarning: pandas only supports SQLAlchemy connectable (engine/connection) or database string URI or sqlite3 DBAPI2 connection. Other DBAPI2 objects are not tested. Please consider using SQLAlchemy.
[2024-10-26T06:24:26.330+0000] {base.py:84} INFO - Using connection ID 'postgres' for task execution.
[2024-10-26T06:24:26.572+0000] {logging_mixin.py:188} INFO - Đã trích xuất và lưu bảng product_category_name_translation từ MySQL vào PostgreSQL public
[2024-10-26T06:24:26.579+0000] {base.py:84} INFO - Using connection ID 'mysql' for task execution.
[2024-10-26T06:24:26.593+0000] {logging_mixin.py:188} WARNING - /home/***/.local/lib/python3.10/site-packages/***/providers/common/sql/hooks/sql.py:263 UserWarning: pandas only supports SQLAlchemy connectable (engine/connection) or database string URI or sqlite3 DBAPI2 connection. Other DBAPI2 objects are not tested. Please consider using SQLAlchemy.
[2024-10-26T06:24:26.608+0000] {base.py:84} INFO - Using connection ID 'postgres' for task execution.
[2024-10-26T06:24:26.742+0000] {logging_mixin.py:188} INFO - Đã trích xuất và lưu bảng geolocation từ MySQL vào PostgreSQL public
[2024-10-26T06:24:26.749+0000] {base.py:84} INFO - Using connection ID 'mysql' for task execution.
[2024-10-26T06:24:26.762+0000] {logging_mixin.py:188} WARNING - /home/***/.local/lib/python3.10/site-packages/***/providers/common/sql/hooks/sql.py:263 UserWarning: pandas only supports SQLAlchemy connectable (engine/connection) or database string URI or sqlite3 DBAPI2 connection. Other DBAPI2 objects are not tested. Please consider using SQLAlchemy.
[2024-10-26T06:24:26.775+0000] {base.py:84} INFO - Using connection ID 'postgres' for task execution.
[2024-10-26T06:24:26.927+0000] {logging_mixin.py:188} INFO - Đã trích xuất và lưu bảng sellers từ MySQL vào PostgreSQL public
[2024-10-26T06:24:26.936+0000] {base.py:84} INFO - Using connection ID 'mysql' for task execution.
[2024-10-26T06:24:26.951+0000] {logging_mixin.py:188} WARNING - /home/***/.local/lib/python3.10/site-packages/***/providers/common/sql/hooks/sql.py:263 UserWarning: pandas only supports SQLAlchemy connectable (engine/connection) or database string URI or sqlite3 DBAPI2 connection. Other DBAPI2 objects are not tested. Please consider using SQLAlchemy.
[2024-10-26T06:24:26.969+0000] {base.py:84} INFO - Using connection ID 'postgres' for task execution.
[2024-10-26T06:24:27.098+0000] {logging_mixin.py:188} INFO - Đã trích xuất và lưu bảng customers từ MySQL vào PostgreSQL public
[2024-10-26T06:24:27.106+0000] {base.py:84} INFO - Using connection ID 'mysql' for task execution.
[2024-10-26T06:24:27.120+0000] {logging_mixin.py:188} WARNING - /home/***/.local/lib/python3.10/site-packages/***/providers/common/sql/hooks/sql.py:263 UserWarning: pandas only supports SQLAlchemy connectable (engine/connection) or database string URI or sqlite3 DBAPI2 connection. Other DBAPI2 objects are not tested. Please consider using SQLAlchemy.
[2024-10-26T06:24:27.132+0000] {base.py:84} INFO - Using connection ID 'postgres' for task execution.
[2024-10-26T06:24:27.288+0000] {logging_mixin.py:188} INFO - Đã trích xuất và lưu bảng products từ MySQL vào PostgreSQL public
[2024-10-26T06:24:27.299+0000] {base.py:84} INFO - Using connection ID 'mysql' for task execution.
[2024-10-26T06:24:27.316+0000] {logging_mixin.py:188} WARNING - /home/***/.local/lib/python3.10/site-packages/***/providers/common/sql/hooks/sql.py:263 UserWarning: pandas only supports SQLAlchemy connectable (engine/connection) or database string URI or sqlite3 DBAPI2 connection. Other DBAPI2 objects are not tested. Please consider using SQLAlchemy.
[2024-10-26T06:24:27.330+0000] {base.py:84} INFO - Using connection ID 'postgres' for task execution.
[2024-10-26T06:24:27.481+0000] {logging_mixin.py:188} INFO - Đã trích xuất và lưu bảng orders từ MySQL vào PostgreSQL public
[2024-10-26T06:24:27.492+0000] {base.py:84} INFO - Using connection ID 'mysql' for task execution.
[2024-10-26T06:24:27.506+0000] {logging_mixin.py:188} WARNING - /home/***/.local/lib/python3.10/site-packages/***/providers/common/sql/hooks/sql.py:263 UserWarning: pandas only supports SQLAlchemy connectable (engine/connection) or database string URI or sqlite3 DBAPI2 connection. Other DBAPI2 objects are not tested. Please consider using SQLAlchemy.
[2024-10-26T06:24:27.523+0000] {base.py:84} INFO - Using connection ID 'postgres' for task execution.
[2024-10-26T06:24:27.675+0000] {logging_mixin.py:188} INFO - Đã trích xuất và lưu bảng order_items từ MySQL vào PostgreSQL public
[2024-10-26T06:24:27.685+0000] {base.py:84} INFO - Using connection ID 'mysql' for task execution.
[2024-10-26T06:24:27.700+0000] {logging_mixin.py:188} WARNING - /home/***/.local/lib/python3.10/site-packages/***/providers/common/sql/hooks/sql.py:263 UserWarning: pandas only supports SQLAlchemy connectable (engine/connection) or database string URI or sqlite3 DBAPI2 connection. Other DBAPI2 objects are not tested. Please consider using SQLAlchemy.
[2024-10-26T06:24:27.717+0000] {base.py:84} INFO - Using connection ID 'postgres' for task execution.
[2024-10-26T06:24:27.859+0000] {logging_mixin.py:188} INFO - Đã trích xuất và lưu bảng payments từ MySQL vào PostgreSQL public
[2024-10-26T06:24:27.875+0000] {base.py:84} INFO - Using connection ID 'mysql' for task execution.
[2024-10-26T06:24:27.888+0000] {logging_mixin.py:188} WARNING - /home/***/.local/lib/python3.10/site-packages/***/providers/common/sql/hooks/sql.py:263 UserWarning: pandas only supports SQLAlchemy connectable (engine/connection) or database string URI or sqlite3 DBAPI2 connection. Other DBAPI2 objects are not tested. Please consider using SQLAlchemy.
[2024-10-26T06:24:27.907+0000] {base.py:84} INFO - Using connection ID 'postgres' for task execution.
[2024-10-26T06:24:28.042+0000] {logging_mixin.py:188} INFO - Đã trích xuất và lưu bảng order_reviews từ MySQL vào PostgreSQL public
[2024-10-26T06:24:28.043+0000] {python.py:237} INFO - Done. Returned value was: None
[2024-10-26T06:24:28.044+0000] {taskinstance.py:441} INFO - ::group::Post task execution logs
[2024-10-26T06:24:28.055+0000] {taskinstance.py:1206} INFO - Marking task as SUCCESS. dag_id=transform_and_load_to_staging, task_id=extract_and_load_to_staging, run_id=scheduled__2024-10-25T00:00:00+00:00, execution_date=20241025T000000, start_date=20241026T062426, end_date=20241026T062428
[2024-10-26T06:24:28.103+0000] {local_task_job_runner.py:240} INFO - Task exited with return code 0
[2024-10-26T06:24:28.129+0000] {taskinstance.py:3503} INFO - 1 downstream tasks scheduled from follow-on schedule check
[2024-10-26T06:24:28.132+0000] {local_task_job_runner.py:222} INFO - ::endgroup::
