[2024-11-09T05:38:04.117+0000] {processor.py:161} INFO - Started process (PID=171) to work on /opt/airflow/dags/e_commerce_dw_dag.py
[2024-11-09T05:38:04.120+0000] {processor.py:830} INFO - Processing file /opt/airflow/dags/e_commerce_dw_dag.py for tasks to queue
[2024-11-09T05:38:04.125+0000] {logging_mixin.py:188} INFO - [2024-11-09T05:38:04.124+0000] {dagbag.py:545} INFO - Filling up the DagBag from /opt/airflow/dags/e_commerce_dw_dag.py
[2024-11-09T05:38:04.331+0000] {processor.py:840} INFO - DAG(s) 'e_commerce_dw_etl' retrieved from /opt/airflow/dags/e_commerce_dw_dag.py
[2024-11-09T05:38:04.750+0000] {logging_mixin.py:188} INFO - [2024-11-09T05:38:04.750+0000] {dag.py:3096} INFO - Sync 1 DAGs
[2024-11-09T05:38:04.798+0000] {logging_mixin.py:188} INFO - [2024-11-09T05:38:04.798+0000] {dag.py:3954} INFO - Setting next_dagrun for e_commerce_dw_etl to 2024-11-06 00:00:00+00:00, run_after=2024-11-07 00:00:00+00:00
[2024-11-09T05:38:04.856+0000] {processor.py:183} INFO - Processing /opt/airflow/dags/e_commerce_dw_dag.py took 0.756 seconds
[2024-11-09T05:38:35.639+0000] {processor.py:161} INFO - Started process (PID=198) to work on /opt/airflow/dags/e_commerce_dw_dag.py
[2024-11-09T05:38:35.640+0000] {processor.py:830} INFO - Processing file /opt/airflow/dags/e_commerce_dw_dag.py for tasks to queue
[2024-11-09T05:38:35.643+0000] {logging_mixin.py:188} INFO - [2024-11-09T05:38:35.643+0000] {dagbag.py:545} INFO - Filling up the DagBag from /opt/airflow/dags/e_commerce_dw_dag.py
[2024-11-09T05:38:35.770+0000] {processor.py:840} INFO - DAG(s) 'e_commerce_dw_etl' retrieved from /opt/airflow/dags/e_commerce_dw_dag.py
[2024-11-09T05:38:35.821+0000] {logging_mixin.py:188} INFO - [2024-11-09T05:38:35.820+0000] {dag.py:3096} INFO - Sync 1 DAGs
[2024-11-09T05:38:35.855+0000] {logging_mixin.py:188} INFO - [2024-11-09T05:38:35.855+0000] {dag.py:3954} INFO - Setting next_dagrun for e_commerce_dw_etl to 2024-11-09 00:00:00+00:00, run_after=2024-11-10 00:00:00+00:00
[2024-11-09T05:38:35.892+0000] {processor.py:183} INFO - Processing /opt/airflow/dags/e_commerce_dw_dag.py took 0.262 seconds
[2024-11-09T05:39:06.060+0000] {processor.py:161} INFO - Started process (PID=214) to work on /opt/airflow/dags/e_commerce_dw_dag.py
[2024-11-09T05:39:06.067+0000] {processor.py:830} INFO - Processing file /opt/airflow/dags/e_commerce_dw_dag.py for tasks to queue
[2024-11-09T05:39:06.073+0000] {logging_mixin.py:188} INFO - [2024-11-09T05:39:06.071+0000] {dagbag.py:545} INFO - Filling up the DagBag from /opt/airflow/dags/e_commerce_dw_dag.py
[2024-11-09T05:39:06.229+0000] {processor.py:840} INFO - DAG(s) 'e_commerce_dw_etl' retrieved from /opt/airflow/dags/e_commerce_dw_dag.py
[2024-11-09T05:39:06.316+0000] {logging_mixin.py:188} INFO - [2024-11-09T05:39:06.315+0000] {dag.py:3096} INFO - Sync 1 DAGs
[2024-11-09T05:39:06.394+0000] {logging_mixin.py:188} INFO - [2024-11-09T05:39:06.393+0000] {dag.py:3954} INFO - Setting next_dagrun for e_commerce_dw_etl to 2024-11-09 00:00:00+00:00, run_after=2024-11-10 00:00:00+00:00
[2024-11-09T05:39:06.451+0000] {processor.py:183} INFO - Processing /opt/airflow/dags/e_commerce_dw_dag.py took 0.405 seconds
[2024-11-09T05:39:36.614+0000] {processor.py:161} INFO - Started process (PID=230) to work on /opt/airflow/dags/e_commerce_dw_dag.py
[2024-11-09T05:39:36.616+0000] {processor.py:830} INFO - Processing file /opt/airflow/dags/e_commerce_dw_dag.py for tasks to queue
[2024-11-09T05:39:36.619+0000] {logging_mixin.py:188} INFO - [2024-11-09T05:39:36.618+0000] {dagbag.py:545} INFO - Filling up the DagBag from /opt/airflow/dags/e_commerce_dw_dag.py
[2024-11-09T05:39:36.732+0000] {processor.py:840} INFO - DAG(s) 'e_commerce_dw_etl' retrieved from /opt/airflow/dags/e_commerce_dw_dag.py
[2024-11-09T05:39:36.783+0000] {logging_mixin.py:188} INFO - [2024-11-09T05:39:36.783+0000] {dag.py:3096} INFO - Sync 1 DAGs
[2024-11-09T05:39:36.818+0000] {logging_mixin.py:188} INFO - [2024-11-09T05:39:36.818+0000] {dag.py:3954} INFO - Setting next_dagrun for e_commerce_dw_etl to 2024-11-09 00:00:00+00:00, run_after=2024-11-10 00:00:00+00:00
[2024-11-09T05:39:36.862+0000] {processor.py:183} INFO - Processing /opt/airflow/dags/e_commerce_dw_dag.py took 0.258 seconds
[2024-11-09T05:40:06.996+0000] {processor.py:161} INFO - Started process (PID=246) to work on /opt/airflow/dags/e_commerce_dw_dag.py
[2024-11-09T05:40:06.997+0000] {processor.py:830} INFO - Processing file /opt/airflow/dags/e_commerce_dw_dag.py for tasks to queue
[2024-11-09T05:40:07.000+0000] {logging_mixin.py:188} INFO - [2024-11-09T05:40:07.000+0000] {dagbag.py:545} INFO - Filling up the DagBag from /opt/airflow/dags/e_commerce_dw_dag.py
[2024-11-09T05:40:07.093+0000] {processor.py:840} INFO - DAG(s) 'e_commerce_dw_etl' retrieved from /opt/airflow/dags/e_commerce_dw_dag.py
[2024-11-09T05:40:07.134+0000] {logging_mixin.py:188} INFO - [2024-11-09T05:40:07.134+0000] {dag.py:3096} INFO - Sync 1 DAGs
[2024-11-09T05:40:07.164+0000] {logging_mixin.py:188} INFO - [2024-11-09T05:40:07.164+0000] {dag.py:3954} INFO - Setting next_dagrun for e_commerce_dw_etl to 2024-11-09 00:00:00+00:00, run_after=2024-11-10 00:00:00+00:00
[2024-11-09T05:40:17.495+0000] {processor.py:183} INFO - Processing /opt/airflow/dags/e_commerce_dw_dag.py took 10.504 seconds
[2024-11-09T05:40:48.372+0000] {processor.py:161} INFO - Started process (PID=262) to work on /opt/airflow/dags/e_commerce_dw_dag.py
[2024-11-09T05:40:48.374+0000] {processor.py:830} INFO - Processing file /opt/airflow/dags/e_commerce_dw_dag.py for tasks to queue
[2024-11-09T05:40:48.376+0000] {logging_mixin.py:188} INFO - [2024-11-09T05:40:48.375+0000] {dagbag.py:545} INFO - Filling up the DagBag from /opt/airflow/dags/e_commerce_dw_dag.py
[2024-11-09T05:40:48.483+0000] {processor.py:840} INFO - DAG(s) 'e_commerce_dw_etl' retrieved from /opt/airflow/dags/e_commerce_dw_dag.py
[2024-11-09T05:40:48.545+0000] {logging_mixin.py:188} INFO - [2024-11-09T05:40:48.544+0000] {dag.py:3096} INFO - Sync 1 DAGs
[2024-11-09T05:40:48.574+0000] {logging_mixin.py:188} INFO - [2024-11-09T05:40:48.574+0000] {dag.py:3954} INFO - Setting next_dagrun for e_commerce_dw_etl to 2024-11-09 00:00:00+00:00, run_after=2024-11-10 00:00:00+00:00
[2024-11-09T05:40:48.761+0000] {processor.py:183} INFO - Processing /opt/airflow/dags/e_commerce_dw_dag.py took 0.395 seconds
[2024-11-09T05:41:18.836+0000] {processor.py:161} INFO - Started process (PID=278) to work on /opt/airflow/dags/e_commerce_dw_dag.py
[2024-11-09T05:41:18.837+0000] {processor.py:830} INFO - Processing file /opt/airflow/dags/e_commerce_dw_dag.py for tasks to queue
[2024-11-09T05:41:18.839+0000] {logging_mixin.py:188} INFO - [2024-11-09T05:41:18.839+0000] {dagbag.py:545} INFO - Filling up the DagBag from /opt/airflow/dags/e_commerce_dw_dag.py
[2024-11-09T05:41:18.945+0000] {processor.py:840} INFO - DAG(s) 'e_commerce_dw_etl' retrieved from /opt/airflow/dags/e_commerce_dw_dag.py
[2024-11-09T05:41:18.994+0000] {logging_mixin.py:188} INFO - [2024-11-09T05:41:18.993+0000] {dag.py:3096} INFO - Sync 1 DAGs
[2024-11-09T05:41:19.034+0000] {logging_mixin.py:188} INFO - [2024-11-09T05:41:19.034+0000] {dag.py:3954} INFO - Setting next_dagrun for e_commerce_dw_etl to 2024-11-09 00:00:00+00:00, run_after=2024-11-10 00:00:00+00:00
[2024-11-09T05:41:19.076+0000] {processor.py:183} INFO - Processing /opt/airflow/dags/e_commerce_dw_dag.py took 0.245 seconds
[2024-11-09T05:41:49.132+0000] {processor.py:161} INFO - Started process (PID=294) to work on /opt/airflow/dags/e_commerce_dw_dag.py
[2024-11-09T05:41:49.133+0000] {processor.py:830} INFO - Processing file /opt/airflow/dags/e_commerce_dw_dag.py for tasks to queue
[2024-11-09T05:41:49.135+0000] {logging_mixin.py:188} INFO - [2024-11-09T05:41:49.135+0000] {dagbag.py:545} INFO - Filling up the DagBag from /opt/airflow/dags/e_commerce_dw_dag.py
[2024-11-09T05:41:49.225+0000] {processor.py:840} INFO - DAG(s) 'e_commerce_dw_etl' retrieved from /opt/airflow/dags/e_commerce_dw_dag.py
[2024-11-09T05:41:49.258+0000] {logging_mixin.py:188} INFO - [2024-11-09T05:41:49.258+0000] {dag.py:3096} INFO - Sync 1 DAGs
[2024-11-09T05:41:49.284+0000] {logging_mixin.py:188} INFO - [2024-11-09T05:41:49.283+0000] {dag.py:3954} INFO - Setting next_dagrun for e_commerce_dw_etl to 2024-11-09 00:00:00+00:00, run_after=2024-11-10 00:00:00+00:00
[2024-11-09T05:41:49.318+0000] {processor.py:183} INFO - Processing /opt/airflow/dags/e_commerce_dw_dag.py took 0.191 seconds
[2024-11-09T05:42:19.658+0000] {processor.py:161} INFO - Started process (PID=310) to work on /opt/airflow/dags/e_commerce_dw_dag.py
[2024-11-09T05:42:19.660+0000] {processor.py:830} INFO - Processing file /opt/airflow/dags/e_commerce_dw_dag.py for tasks to queue
[2024-11-09T05:42:19.662+0000] {logging_mixin.py:188} INFO - [2024-11-09T05:42:19.662+0000] {dagbag.py:545} INFO - Filling up the DagBag from /opt/airflow/dags/e_commerce_dw_dag.py
[2024-11-09T05:42:19.754+0000] {processor.py:840} INFO - DAG(s) 'e_commerce_dw_etl' retrieved from /opt/airflow/dags/e_commerce_dw_dag.py
[2024-11-09T05:42:19.795+0000] {logging_mixin.py:188} INFO - [2024-11-09T05:42:19.794+0000] {dag.py:3096} INFO - Sync 1 DAGs
[2024-11-09T05:42:19.823+0000] {logging_mixin.py:188} INFO - [2024-11-09T05:42:19.822+0000] {dag.py:3954} INFO - Setting next_dagrun for e_commerce_dw_etl to 2024-11-09 00:00:00+00:00, run_after=2024-11-10 00:00:00+00:00
[2024-11-09T05:42:19.849+0000] {processor.py:183} INFO - Processing /opt/airflow/dags/e_commerce_dw_dag.py took 0.195 seconds
[2024-11-09T05:42:49.956+0000] {processor.py:161} INFO - Started process (PID=326) to work on /opt/airflow/dags/e_commerce_dw_dag.py
[2024-11-09T05:42:49.957+0000] {processor.py:830} INFO - Processing file /opt/airflow/dags/e_commerce_dw_dag.py for tasks to queue
[2024-11-09T05:42:49.960+0000] {logging_mixin.py:188} INFO - [2024-11-09T05:42:49.960+0000] {dagbag.py:545} INFO - Filling up the DagBag from /opt/airflow/dags/e_commerce_dw_dag.py
[2024-11-09T05:42:50.049+0000] {processor.py:840} INFO - DAG(s) 'e_commerce_dw_etl' retrieved from /opt/airflow/dags/e_commerce_dw_dag.py
[2024-11-09T05:42:50.091+0000] {logging_mixin.py:188} INFO - [2024-11-09T05:42:50.090+0000] {dag.py:3096} INFO - Sync 1 DAGs
[2024-11-09T05:42:50.133+0000] {logging_mixin.py:188} INFO - [2024-11-09T05:42:50.132+0000] {dag.py:3954} INFO - Setting next_dagrun for e_commerce_dw_etl to 2024-11-09 00:00:00+00:00, run_after=2024-11-10 00:00:00+00:00
[2024-11-09T05:42:50.179+0000] {processor.py:183} INFO - Processing /opt/airflow/dags/e_commerce_dw_dag.py took 0.229 seconds
[2024-11-09T05:43:20.605+0000] {processor.py:161} INFO - Started process (PID=342) to work on /opt/airflow/dags/e_commerce_dw_dag.py
[2024-11-09T05:43:20.606+0000] {processor.py:830} INFO - Processing file /opt/airflow/dags/e_commerce_dw_dag.py for tasks to queue
[2024-11-09T05:43:20.609+0000] {logging_mixin.py:188} INFO - [2024-11-09T05:43:20.609+0000] {dagbag.py:545} INFO - Filling up the DagBag from /opt/airflow/dags/e_commerce_dw_dag.py
[2024-11-09T05:43:20.709+0000] {processor.py:840} INFO - DAG(s) 'e_commerce_dw_etl' retrieved from /opt/airflow/dags/e_commerce_dw_dag.py
[2024-11-09T05:43:20.745+0000] {logging_mixin.py:188} INFO - [2024-11-09T05:43:20.745+0000] {dag.py:3096} INFO - Sync 1 DAGs
[2024-11-09T05:43:20.803+0000] {logging_mixin.py:188} INFO - [2024-11-09T05:43:20.803+0000] {dag.py:3954} INFO - Setting next_dagrun for e_commerce_dw_etl to 2024-11-09 00:00:00+00:00, run_after=2024-11-10 00:00:00+00:00
[2024-11-09T05:43:20.855+0000] {processor.py:183} INFO - Processing /opt/airflow/dags/e_commerce_dw_dag.py took 0.278 seconds
[2024-11-09T05:43:51.013+0000] {processor.py:161} INFO - Started process (PID=358) to work on /opt/airflow/dags/e_commerce_dw_dag.py
[2024-11-09T05:43:51.020+0000] {processor.py:830} INFO - Processing file /opt/airflow/dags/e_commerce_dw_dag.py for tasks to queue
[2024-11-09T05:43:51.027+0000] {logging_mixin.py:188} INFO - [2024-11-09T05:43:51.024+0000] {dagbag.py:545} INFO - Filling up the DagBag from /opt/airflow/dags/e_commerce_dw_dag.py
[2024-11-09T05:43:51.167+0000] {processor.py:840} INFO - DAG(s) 'e_commerce_dw_etl' retrieved from /opt/airflow/dags/e_commerce_dw_dag.py
[2024-11-09T05:43:51.252+0000] {logging_mixin.py:188} INFO - [2024-11-09T05:43:51.251+0000] {dag.py:3096} INFO - Sync 1 DAGs
[2024-11-09T05:43:51.310+0000] {logging_mixin.py:188} INFO - [2024-11-09T05:43:51.309+0000] {dag.py:3954} INFO - Setting next_dagrun for e_commerce_dw_etl to 2024-11-09 00:00:00+00:00, run_after=2024-11-10 00:00:00+00:00
[2024-11-09T05:43:51.358+0000] {processor.py:183} INFO - Processing /opt/airflow/dags/e_commerce_dw_dag.py took 0.363 seconds
[2024-11-09T05:44:21.444+0000] {processor.py:161} INFO - Started process (PID=374) to work on /opt/airflow/dags/e_commerce_dw_dag.py
[2024-11-09T05:44:21.446+0000] {processor.py:830} INFO - Processing file /opt/airflow/dags/e_commerce_dw_dag.py for tasks to queue
[2024-11-09T05:44:21.449+0000] {logging_mixin.py:188} INFO - [2024-11-09T05:44:21.448+0000] {dagbag.py:545} INFO - Filling up the DagBag from /opt/airflow/dags/e_commerce_dw_dag.py
[2024-11-09T05:44:21.591+0000] {processor.py:840} INFO - DAG(s) 'e_commerce_dw_etl' retrieved from /opt/airflow/dags/e_commerce_dw_dag.py
[2024-11-09T05:44:21.646+0000] {logging_mixin.py:188} INFO - [2024-11-09T05:44:21.645+0000] {dag.py:3096} INFO - Sync 1 DAGs
[2024-11-09T05:44:21.690+0000] {logging_mixin.py:188} INFO - [2024-11-09T05:44:21.690+0000] {dag.py:3954} INFO - Setting next_dagrun for e_commerce_dw_etl to 2024-11-09 00:00:00+00:00, run_after=2024-11-10 00:00:00+00:00
[2024-11-09T05:44:21.734+0000] {processor.py:183} INFO - Processing /opt/airflow/dags/e_commerce_dw_dag.py took 0.302 seconds
[2024-11-09T05:44:51.841+0000] {processor.py:161} INFO - Started process (PID=390) to work on /opt/airflow/dags/e_commerce_dw_dag.py
[2024-11-09T05:44:51.844+0000] {processor.py:830} INFO - Processing file /opt/airflow/dags/e_commerce_dw_dag.py for tasks to queue
[2024-11-09T05:44:51.848+0000] {logging_mixin.py:188} INFO - [2024-11-09T05:44:51.847+0000] {dagbag.py:545} INFO - Filling up the DagBag from /opt/airflow/dags/e_commerce_dw_dag.py
[2024-11-09T05:44:51.971+0000] {processor.py:840} INFO - DAG(s) 'e_commerce_dw_etl' retrieved from /opt/airflow/dags/e_commerce_dw_dag.py
[2024-11-09T05:44:52.021+0000] {logging_mixin.py:188} INFO - [2024-11-09T05:44:52.021+0000] {dag.py:3096} INFO - Sync 1 DAGs
[2024-11-09T05:44:52.055+0000] {logging_mixin.py:188} INFO - [2024-11-09T05:44:52.055+0000] {dag.py:3954} INFO - Setting next_dagrun for e_commerce_dw_etl to 2024-11-09 00:00:00+00:00, run_after=2024-11-10 00:00:00+00:00
[2024-11-09T05:44:52.093+0000] {processor.py:183} INFO - Processing /opt/airflow/dags/e_commerce_dw_dag.py took 0.264 seconds
[2024-11-09T05:45:22.211+0000] {processor.py:161} INFO - Started process (PID=406) to work on /opt/airflow/dags/e_commerce_dw_dag.py
[2024-11-09T05:45:22.212+0000] {processor.py:830} INFO - Processing file /opt/airflow/dags/e_commerce_dw_dag.py for tasks to queue
[2024-11-09T05:45:22.215+0000] {logging_mixin.py:188} INFO - [2024-11-09T05:45:22.215+0000] {dagbag.py:545} INFO - Filling up the DagBag from /opt/airflow/dags/e_commerce_dw_dag.py
[2024-11-09T05:45:22.294+0000] {processor.py:840} INFO - DAG(s) 'e_commerce_dw_etl' retrieved from /opt/airflow/dags/e_commerce_dw_dag.py
[2024-11-09T05:45:22.343+0000] {logging_mixin.py:188} INFO - [2024-11-09T05:45:22.343+0000] {dag.py:3096} INFO - Sync 1 DAGs
[2024-11-09T05:45:22.369+0000] {logging_mixin.py:188} INFO - [2024-11-09T05:45:22.369+0000] {dag.py:3954} INFO - Setting next_dagrun for e_commerce_dw_etl to 2024-11-09 00:00:00+00:00, run_after=2024-11-10 00:00:00+00:00
[2024-11-09T05:45:22.413+0000] {processor.py:183} INFO - Processing /opt/airflow/dags/e_commerce_dw_dag.py took 0.209 seconds
[2024-11-09T05:45:52.507+0000] {processor.py:161} INFO - Started process (PID=422) to work on /opt/airflow/dags/e_commerce_dw_dag.py
[2024-11-09T05:45:52.509+0000] {processor.py:830} INFO - Processing file /opt/airflow/dags/e_commerce_dw_dag.py for tasks to queue
[2024-11-09T05:45:52.511+0000] {logging_mixin.py:188} INFO - [2024-11-09T05:45:52.510+0000] {dagbag.py:545} INFO - Filling up the DagBag from /opt/airflow/dags/e_commerce_dw_dag.py
[2024-11-09T05:45:52.605+0000] {processor.py:840} INFO - DAG(s) 'e_commerce_dw_etl' retrieved from /opt/airflow/dags/e_commerce_dw_dag.py
[2024-11-09T05:45:52.639+0000] {logging_mixin.py:188} INFO - [2024-11-09T05:45:52.638+0000] {dag.py:3096} INFO - Sync 1 DAGs
[2024-11-09T05:45:52.667+0000] {logging_mixin.py:188} INFO - [2024-11-09T05:45:52.666+0000] {dag.py:3954} INFO - Setting next_dagrun for e_commerce_dw_etl to 2024-11-09 00:00:00+00:00, run_after=2024-11-10 00:00:00+00:00
[2024-11-09T05:45:52.707+0000] {processor.py:183} INFO - Processing /opt/airflow/dags/e_commerce_dw_dag.py took 0.206 seconds
[2024-11-09T05:46:22.921+0000] {processor.py:161} INFO - Started process (PID=440) to work on /opt/airflow/dags/e_commerce_dw_dag.py
[2024-11-09T05:46:22.924+0000] {processor.py:830} INFO - Processing file /opt/airflow/dags/e_commerce_dw_dag.py for tasks to queue
[2024-11-09T05:46:22.928+0000] {logging_mixin.py:188} INFO - [2024-11-09T05:46:22.928+0000] {dagbag.py:545} INFO - Filling up the DagBag from /opt/airflow/dags/e_commerce_dw_dag.py
[2024-11-09T05:46:23.020+0000] {processor.py:840} INFO - DAG(s) 'e_commerce_dw_etl' retrieved from /opt/airflow/dags/e_commerce_dw_dag.py
[2024-11-09T05:46:23.056+0000] {logging_mixin.py:188} INFO - [2024-11-09T05:46:23.056+0000] {dag.py:3096} INFO - Sync 1 DAGs
[2024-11-09T05:46:23.080+0000] {logging_mixin.py:188} INFO - [2024-11-09T05:46:23.080+0000] {dag.py:3954} INFO - Setting next_dagrun for e_commerce_dw_etl to 2024-11-09 00:00:00+00:00, run_after=2024-11-10 00:00:00+00:00
[2024-11-09T05:46:23.114+0000] {processor.py:183} INFO - Processing /opt/airflow/dags/e_commerce_dw_dag.py took 0.199 seconds
[2024-11-09T05:46:53.274+0000] {processor.py:161} INFO - Started process (PID=456) to work on /opt/airflow/dags/e_commerce_dw_dag.py
[2024-11-09T05:46:53.275+0000] {processor.py:830} INFO - Processing file /opt/airflow/dags/e_commerce_dw_dag.py for tasks to queue
[2024-11-09T05:46:53.278+0000] {logging_mixin.py:188} INFO - [2024-11-09T05:46:53.277+0000] {dagbag.py:545} INFO - Filling up the DagBag from /opt/airflow/dags/e_commerce_dw_dag.py
[2024-11-09T05:46:53.380+0000] {processor.py:840} INFO - DAG(s) 'e_commerce_dw_etl' retrieved from /opt/airflow/dags/e_commerce_dw_dag.py
[2024-11-09T05:46:53.421+0000] {logging_mixin.py:188} INFO - [2024-11-09T05:46:53.421+0000] {dag.py:3096} INFO - Sync 1 DAGs
[2024-11-09T05:46:53.462+0000] {logging_mixin.py:188} INFO - [2024-11-09T05:46:53.462+0000] {dag.py:3954} INFO - Setting next_dagrun for e_commerce_dw_etl to 2024-11-09 00:00:00+00:00, run_after=2024-11-10 00:00:00+00:00
[2024-11-09T05:46:53.499+0000] {processor.py:183} INFO - Processing /opt/airflow/dags/e_commerce_dw_dag.py took 0.233 seconds
[2024-11-09T05:47:23.632+0000] {processor.py:161} INFO - Started process (PID=472) to work on /opt/airflow/dags/e_commerce_dw_dag.py
[2024-11-09T05:47:23.633+0000] {processor.py:830} INFO - Processing file /opt/airflow/dags/e_commerce_dw_dag.py for tasks to queue
[2024-11-09T05:47:23.636+0000] {logging_mixin.py:188} INFO - [2024-11-09T05:47:23.635+0000] {dagbag.py:545} INFO - Filling up the DagBag from /opt/airflow/dags/e_commerce_dw_dag.py
[2024-11-09T05:47:23.714+0000] {processor.py:840} INFO - DAG(s) 'e_commerce_dw_etl' retrieved from /opt/airflow/dags/e_commerce_dw_dag.py
[2024-11-09T05:47:23.747+0000] {logging_mixin.py:188} INFO - [2024-11-09T05:47:23.747+0000] {dag.py:3096} INFO - Sync 1 DAGs
[2024-11-09T05:47:23.770+0000] {logging_mixin.py:188} INFO - [2024-11-09T05:47:23.770+0000] {dag.py:3954} INFO - Setting next_dagrun for e_commerce_dw_etl to 2024-11-09 00:00:00+00:00, run_after=2024-11-10 00:00:00+00:00
[2024-11-09T05:47:23.800+0000] {processor.py:183} INFO - Processing /opt/airflow/dags/e_commerce_dw_dag.py took 0.173 seconds
[2024-11-09T05:47:54.114+0000] {processor.py:161} INFO - Started process (PID=488) to work on /opt/airflow/dags/e_commerce_dw_dag.py
[2024-11-09T05:47:54.116+0000] {processor.py:830} INFO - Processing file /opt/airflow/dags/e_commerce_dw_dag.py for tasks to queue
[2024-11-09T05:47:54.119+0000] {logging_mixin.py:188} INFO - [2024-11-09T05:47:54.118+0000] {dagbag.py:545} INFO - Filling up the DagBag from /opt/airflow/dags/e_commerce_dw_dag.py
[2024-11-09T05:47:54.241+0000] {processor.py:840} INFO - DAG(s) 'e_commerce_dw_etl' retrieved from /opt/airflow/dags/e_commerce_dw_dag.py
[2024-11-09T05:47:54.289+0000] {logging_mixin.py:188} INFO - [2024-11-09T05:47:54.289+0000] {dag.py:3096} INFO - Sync 1 DAGs
[2024-11-09T05:47:54.320+0000] {logging_mixin.py:188} INFO - [2024-11-09T05:47:54.320+0000] {dag.py:3954} INFO - Setting next_dagrun for e_commerce_dw_etl to 2024-11-09 00:00:00+00:00, run_after=2024-11-10 00:00:00+00:00
[2024-11-09T05:47:54.361+0000] {processor.py:183} INFO - Processing /opt/airflow/dags/e_commerce_dw_dag.py took 0.254 seconds
[2024-11-09T05:48:24.683+0000] {processor.py:161} INFO - Started process (PID=504) to work on /opt/airflow/dags/e_commerce_dw_dag.py
[2024-11-09T05:48:24.684+0000] {processor.py:830} INFO - Processing file /opt/airflow/dags/e_commerce_dw_dag.py for tasks to queue
[2024-11-09T05:48:24.688+0000] {logging_mixin.py:188} INFO - [2024-11-09T05:48:24.687+0000] {dagbag.py:545} INFO - Filling up the DagBag from /opt/airflow/dags/e_commerce_dw_dag.py
[2024-11-09T05:48:24.794+0000] {processor.py:840} INFO - DAG(s) 'e_commerce_dw_etl' retrieved from /opt/airflow/dags/e_commerce_dw_dag.py
[2024-11-09T05:48:24.843+0000] {logging_mixin.py:188} INFO - [2024-11-09T05:48:24.842+0000] {dag.py:3096} INFO - Sync 1 DAGs
[2024-11-09T05:48:24.873+0000] {logging_mixin.py:188} INFO - [2024-11-09T05:48:24.873+0000] {dag.py:3954} INFO - Setting next_dagrun for e_commerce_dw_etl to 2024-11-09 00:00:00+00:00, run_after=2024-11-10 00:00:00+00:00
[2024-11-09T05:48:24.904+0000] {processor.py:183} INFO - Processing /opt/airflow/dags/e_commerce_dw_dag.py took 0.229 seconds
[2024-11-09T05:48:54.964+0000] {processor.py:161} INFO - Started process (PID=520) to work on /opt/airflow/dags/e_commerce_dw_dag.py
[2024-11-09T05:48:54.965+0000] {processor.py:830} INFO - Processing file /opt/airflow/dags/e_commerce_dw_dag.py for tasks to queue
[2024-11-09T05:48:54.968+0000] {logging_mixin.py:188} INFO - [2024-11-09T05:48:54.967+0000] {dagbag.py:545} INFO - Filling up the DagBag from /opt/airflow/dags/e_commerce_dw_dag.py
[2024-11-09T05:48:55.057+0000] {processor.py:840} INFO - DAG(s) 'e_commerce_dw_etl' retrieved from /opt/airflow/dags/e_commerce_dw_dag.py
[2024-11-09T05:48:55.089+0000] {logging_mixin.py:188} INFO - [2024-11-09T05:48:55.089+0000] {dag.py:3096} INFO - Sync 1 DAGs
[2024-11-09T05:48:55.112+0000] {logging_mixin.py:188} INFO - [2024-11-09T05:48:55.112+0000] {dag.py:3954} INFO - Setting next_dagrun for e_commerce_dw_etl to 2024-11-09 00:00:00+00:00, run_after=2024-11-10 00:00:00+00:00
[2024-11-09T05:48:55.146+0000] {processor.py:183} INFO - Processing /opt/airflow/dags/e_commerce_dw_dag.py took 0.187 seconds
[2024-11-09T05:49:25.315+0000] {processor.py:161} INFO - Started process (PID=536) to work on /opt/airflow/dags/e_commerce_dw_dag.py
[2024-11-09T05:49:25.316+0000] {processor.py:830} INFO - Processing file /opt/airflow/dags/e_commerce_dw_dag.py for tasks to queue
[2024-11-09T05:49:25.320+0000] {logging_mixin.py:188} INFO - [2024-11-09T05:49:25.319+0000] {dagbag.py:545} INFO - Filling up the DagBag from /opt/airflow/dags/e_commerce_dw_dag.py
[2024-11-09T05:49:25.419+0000] {processor.py:840} INFO - DAG(s) 'e_commerce_dw_etl' retrieved from /opt/airflow/dags/e_commerce_dw_dag.py
[2024-11-09T05:49:25.460+0000] {logging_mixin.py:188} INFO - [2024-11-09T05:49:25.459+0000] {dag.py:3096} INFO - Sync 1 DAGs
[2024-11-09T05:49:25.486+0000] {logging_mixin.py:188} INFO - [2024-11-09T05:49:25.485+0000] {dag.py:3954} INFO - Setting next_dagrun for e_commerce_dw_etl to 2024-11-09 00:00:00+00:00, run_after=2024-11-10 00:00:00+00:00
[2024-11-09T05:49:25.518+0000] {processor.py:183} INFO - Processing /opt/airflow/dags/e_commerce_dw_dag.py took 0.211 seconds
[2024-11-09T05:49:55.656+0000] {processor.py:161} INFO - Started process (PID=552) to work on /opt/airflow/dags/e_commerce_dw_dag.py
[2024-11-09T05:49:55.658+0000] {processor.py:830} INFO - Processing file /opt/airflow/dags/e_commerce_dw_dag.py for tasks to queue
[2024-11-09T05:49:55.661+0000] {logging_mixin.py:188} INFO - [2024-11-09T05:49:55.660+0000] {dagbag.py:545} INFO - Filling up the DagBag from /opt/airflow/dags/e_commerce_dw_dag.py
[2024-11-09T05:49:55.749+0000] {processor.py:840} INFO - DAG(s) 'e_commerce_dw_etl' retrieved from /opt/airflow/dags/e_commerce_dw_dag.py
[2024-11-09T05:49:55.787+0000] {logging_mixin.py:188} INFO - [2024-11-09T05:49:55.787+0000] {dag.py:3096} INFO - Sync 1 DAGs
[2024-11-09T05:49:55.812+0000] {logging_mixin.py:188} INFO - [2024-11-09T05:49:55.812+0000] {dag.py:3954} INFO - Setting next_dagrun for e_commerce_dw_etl to 2024-11-09 00:00:00+00:00, run_after=2024-11-10 00:00:00+00:00
[2024-11-09T05:49:55.839+0000] {processor.py:183} INFO - Processing /opt/airflow/dags/e_commerce_dw_dag.py took 0.188 seconds
[2024-11-09T05:50:26.003+0000] {processor.py:161} INFO - Started process (PID=568) to work on /opt/airflow/dags/e_commerce_dw_dag.py
[2024-11-09T05:50:26.004+0000] {processor.py:830} INFO - Processing file /opt/airflow/dags/e_commerce_dw_dag.py for tasks to queue
[2024-11-09T05:50:26.007+0000] {logging_mixin.py:188} INFO - [2024-11-09T05:50:26.006+0000] {dagbag.py:545} INFO - Filling up the DagBag from /opt/airflow/dags/e_commerce_dw_dag.py
[2024-11-09T05:50:26.086+0000] {processor.py:840} INFO - DAG(s) 'e_commerce_dw_etl' retrieved from /opt/airflow/dags/e_commerce_dw_dag.py
[2024-11-09T05:50:26.116+0000] {logging_mixin.py:188} INFO - [2024-11-09T05:50:26.116+0000] {dag.py:3096} INFO - Sync 1 DAGs
[2024-11-09T05:50:26.139+0000] {logging_mixin.py:188} INFO - [2024-11-09T05:50:26.139+0000] {dag.py:3954} INFO - Setting next_dagrun for e_commerce_dw_etl to 2024-11-09 00:00:00+00:00, run_after=2024-11-10 00:00:00+00:00
[2024-11-09T05:50:26.173+0000] {processor.py:183} INFO - Processing /opt/airflow/dags/e_commerce_dw_dag.py took 0.176 seconds
[2024-11-09T05:50:56.320+0000] {processor.py:161} INFO - Started process (PID=584) to work on /opt/airflow/dags/e_commerce_dw_dag.py
[2024-11-09T05:50:56.321+0000] {processor.py:830} INFO - Processing file /opt/airflow/dags/e_commerce_dw_dag.py for tasks to queue
[2024-11-09T05:50:56.323+0000] {logging_mixin.py:188} INFO - [2024-11-09T05:50:56.323+0000] {dagbag.py:545} INFO - Filling up the DagBag from /opt/airflow/dags/e_commerce_dw_dag.py
[2024-11-09T05:50:56.414+0000] {processor.py:840} INFO - DAG(s) 'e_commerce_dw_etl' retrieved from /opt/airflow/dags/e_commerce_dw_dag.py
[2024-11-09T05:50:56.447+0000] {logging_mixin.py:188} INFO - [2024-11-09T05:50:56.447+0000] {dag.py:3096} INFO - Sync 1 DAGs
[2024-11-09T05:50:56.472+0000] {logging_mixin.py:188} INFO - [2024-11-09T05:50:56.471+0000] {dag.py:3954} INFO - Setting next_dagrun for e_commerce_dw_etl to 2024-11-09 00:00:00+00:00, run_after=2024-11-10 00:00:00+00:00
[2024-11-09T05:50:56.508+0000] {processor.py:183} INFO - Processing /opt/airflow/dags/e_commerce_dw_dag.py took 0.194 seconds
[2024-11-09T05:51:26.666+0000] {processor.py:161} INFO - Started process (PID=600) to work on /opt/airflow/dags/e_commerce_dw_dag.py
[2024-11-09T05:51:26.667+0000] {processor.py:830} INFO - Processing file /opt/airflow/dags/e_commerce_dw_dag.py for tasks to queue
[2024-11-09T05:51:26.670+0000] {logging_mixin.py:188} INFO - [2024-11-09T05:51:26.670+0000] {dagbag.py:545} INFO - Filling up the DagBag from /opt/airflow/dags/e_commerce_dw_dag.py
[2024-11-09T05:51:26.752+0000] {processor.py:840} INFO - DAG(s) 'e_commerce_dw_etl' retrieved from /opt/airflow/dags/e_commerce_dw_dag.py
[2024-11-09T05:51:26.785+0000] {logging_mixin.py:188} INFO - [2024-11-09T05:51:26.785+0000] {dag.py:3096} INFO - Sync 1 DAGs
[2024-11-09T05:51:26.812+0000] {logging_mixin.py:188} INFO - [2024-11-09T05:51:26.811+0000] {dag.py:3954} INFO - Setting next_dagrun for e_commerce_dw_etl to 2024-11-09 00:00:00+00:00, run_after=2024-11-10 00:00:00+00:00
[2024-11-09T05:51:26.849+0000] {processor.py:183} INFO - Processing /opt/airflow/dags/e_commerce_dw_dag.py took 0.188 seconds
[2024-11-09T05:51:57.003+0000] {processor.py:161} INFO - Started process (PID=616) to work on /opt/airflow/dags/e_commerce_dw_dag.py
[2024-11-09T05:51:57.005+0000] {processor.py:830} INFO - Processing file /opt/airflow/dags/e_commerce_dw_dag.py for tasks to queue
[2024-11-09T05:51:57.008+0000] {logging_mixin.py:188} INFO - [2024-11-09T05:51:57.007+0000] {dagbag.py:545} INFO - Filling up the DagBag from /opt/airflow/dags/e_commerce_dw_dag.py
[2024-11-09T05:51:57.083+0000] {processor.py:840} INFO - DAG(s) 'e_commerce_dw_etl' retrieved from /opt/airflow/dags/e_commerce_dw_dag.py
[2024-11-09T05:51:57.114+0000] {logging_mixin.py:188} INFO - [2024-11-09T05:51:57.113+0000] {dag.py:3096} INFO - Sync 1 DAGs
[2024-11-09T05:51:57.137+0000] {logging_mixin.py:188} INFO - [2024-11-09T05:51:57.136+0000] {dag.py:3954} INFO - Setting next_dagrun for e_commerce_dw_etl to 2024-11-09 00:00:00+00:00, run_after=2024-11-10 00:00:00+00:00
[2024-11-09T05:51:57.165+0000] {processor.py:183} INFO - Processing /opt/airflow/dags/e_commerce_dw_dag.py took 0.166 seconds
[2024-11-09T05:52:27.451+0000] {processor.py:161} INFO - Started process (PID=632) to work on /opt/airflow/dags/e_commerce_dw_dag.py
[2024-11-09T05:52:27.453+0000] {processor.py:830} INFO - Processing file /opt/airflow/dags/e_commerce_dw_dag.py for tasks to queue
[2024-11-09T05:52:27.455+0000] {logging_mixin.py:188} INFO - [2024-11-09T05:52:27.454+0000] {dagbag.py:545} INFO - Filling up the DagBag from /opt/airflow/dags/e_commerce_dw_dag.py
[2024-11-09T05:52:27.538+0000] {processor.py:840} INFO - DAG(s) 'e_commerce_dw_etl' retrieved from /opt/airflow/dags/e_commerce_dw_dag.py
[2024-11-09T05:52:27.581+0000] {logging_mixin.py:188} INFO - [2024-11-09T05:52:27.580+0000] {dag.py:3096} INFO - Sync 1 DAGs
[2024-11-09T05:52:27.608+0000] {logging_mixin.py:188} INFO - [2024-11-09T05:52:27.607+0000] {dag.py:3954} INFO - Setting next_dagrun for e_commerce_dw_etl to 2024-11-09 00:00:00+00:00, run_after=2024-11-10 00:00:00+00:00
[2024-11-09T05:52:27.635+0000] {processor.py:183} INFO - Processing /opt/airflow/dags/e_commerce_dw_dag.py took 0.191 seconds
[2024-11-09T05:52:57.718+0000] {processor.py:161} INFO - Started process (PID=654) to work on /opt/airflow/dags/e_commerce_dw_dag.py
[2024-11-09T05:52:57.719+0000] {processor.py:830} INFO - Processing file /opt/airflow/dags/e_commerce_dw_dag.py for tasks to queue
[2024-11-09T05:52:57.722+0000] {logging_mixin.py:188} INFO - [2024-11-09T05:52:57.721+0000] {dagbag.py:545} INFO - Filling up the DagBag from /opt/airflow/dags/e_commerce_dw_dag.py
[2024-11-09T05:52:57.793+0000] {processor.py:840} INFO - DAG(s) 'e_commerce_dw_etl' retrieved from /opt/airflow/dags/e_commerce_dw_dag.py
[2024-11-09T05:52:57.823+0000] {logging_mixin.py:188} INFO - [2024-11-09T05:52:57.823+0000] {dag.py:3096} INFO - Sync 1 DAGs
[2024-11-09T05:52:57.848+0000] {logging_mixin.py:188} INFO - [2024-11-09T05:52:57.847+0000] {dag.py:3954} INFO - Setting next_dagrun for e_commerce_dw_etl to 2024-11-09 00:00:00+00:00, run_after=2024-11-10 00:00:00+00:00
[2024-11-09T05:52:57.873+0000] {processor.py:183} INFO - Processing /opt/airflow/dags/e_commerce_dw_dag.py took 0.160 seconds
[2024-11-09T05:53:28.365+0000] {processor.py:161} INFO - Started process (PID=670) to work on /opt/airflow/dags/e_commerce_dw_dag.py
[2024-11-09T05:53:28.366+0000] {processor.py:830} INFO - Processing file /opt/airflow/dags/e_commerce_dw_dag.py for tasks to queue
[2024-11-09T05:53:28.369+0000] {logging_mixin.py:188} INFO - [2024-11-09T05:53:28.368+0000] {dagbag.py:545} INFO - Filling up the DagBag from /opt/airflow/dags/e_commerce_dw_dag.py
[2024-11-09T05:53:28.447+0000] {processor.py:840} INFO - DAG(s) 'e_commerce_dw_etl' retrieved from /opt/airflow/dags/e_commerce_dw_dag.py
[2024-11-09T05:53:28.479+0000] {logging_mixin.py:188} INFO - [2024-11-09T05:53:28.478+0000] {dag.py:3096} INFO - Sync 1 DAGs
[2024-11-09T05:53:28.502+0000] {logging_mixin.py:188} INFO - [2024-11-09T05:53:28.502+0000] {dag.py:3954} INFO - Setting next_dagrun for e_commerce_dw_etl to 2024-11-09 00:00:00+00:00, run_after=2024-11-10 00:00:00+00:00
[2024-11-09T05:53:28.529+0000] {processor.py:183} INFO - Processing /opt/airflow/dags/e_commerce_dw_dag.py took 0.170 seconds
[2024-11-09T05:53:58.817+0000] {processor.py:161} INFO - Started process (PID=686) to work on /opt/airflow/dags/e_commerce_dw_dag.py
[2024-11-09T05:53:58.818+0000] {processor.py:830} INFO - Processing file /opt/airflow/dags/e_commerce_dw_dag.py for tasks to queue
[2024-11-09T05:53:58.821+0000] {logging_mixin.py:188} INFO - [2024-11-09T05:53:58.821+0000] {dagbag.py:545} INFO - Filling up the DagBag from /opt/airflow/dags/e_commerce_dw_dag.py
[2024-11-09T05:53:58.916+0000] {processor.py:840} INFO - DAG(s) 'e_commerce_dw_etl' retrieved from /opt/airflow/dags/e_commerce_dw_dag.py
[2024-11-09T05:53:58.951+0000] {logging_mixin.py:188} INFO - [2024-11-09T05:53:58.951+0000] {dag.py:3096} INFO - Sync 1 DAGs
[2024-11-09T05:53:58.977+0000] {logging_mixin.py:188} INFO - [2024-11-09T05:53:58.977+0000] {dag.py:3954} INFO - Setting next_dagrun for e_commerce_dw_etl to 2024-11-09 00:00:00+00:00, run_after=2024-11-10 00:00:00+00:00
[2024-11-09T05:53:59.008+0000] {processor.py:183} INFO - Processing /opt/airflow/dags/e_commerce_dw_dag.py took 0.198 seconds
[2024-11-09T05:54:29.151+0000] {processor.py:161} INFO - Started process (PID=702) to work on /opt/airflow/dags/e_commerce_dw_dag.py
[2024-11-09T05:54:29.152+0000] {processor.py:830} INFO - Processing file /opt/airflow/dags/e_commerce_dw_dag.py for tasks to queue
[2024-11-09T05:54:29.155+0000] {logging_mixin.py:188} INFO - [2024-11-09T05:54:29.154+0000] {dagbag.py:545} INFO - Filling up the DagBag from /opt/airflow/dags/e_commerce_dw_dag.py
[2024-11-09T05:54:29.233+0000] {processor.py:840} INFO - DAG(s) 'e_commerce_dw_etl' retrieved from /opt/airflow/dags/e_commerce_dw_dag.py
[2024-11-09T05:54:29.264+0000] {logging_mixin.py:188} INFO - [2024-11-09T05:54:29.263+0000] {dag.py:3096} INFO - Sync 1 DAGs
[2024-11-09T05:54:29.286+0000] {logging_mixin.py:188} INFO - [2024-11-09T05:54:29.286+0000] {dag.py:3954} INFO - Setting next_dagrun for e_commerce_dw_etl to 2024-11-09 00:00:00+00:00, run_after=2024-11-10 00:00:00+00:00
[2024-11-09T05:54:29.315+0000] {processor.py:183} INFO - Processing /opt/airflow/dags/e_commerce_dw_dag.py took 0.170 seconds
[2024-11-09T05:54:59.488+0000] {processor.py:161} INFO - Started process (PID=718) to work on /opt/airflow/dags/e_commerce_dw_dag.py
[2024-11-09T05:54:59.490+0000] {processor.py:830} INFO - Processing file /opt/airflow/dags/e_commerce_dw_dag.py for tasks to queue
[2024-11-09T05:54:59.493+0000] {logging_mixin.py:188} INFO - [2024-11-09T05:54:59.492+0000] {dagbag.py:545} INFO - Filling up the DagBag from /opt/airflow/dags/e_commerce_dw_dag.py
[2024-11-09T05:54:59.618+0000] {processor.py:840} INFO - DAG(s) 'e_commerce_dw_etl' retrieved from /opt/airflow/dags/e_commerce_dw_dag.py
[2024-11-09T05:54:59.674+0000] {logging_mixin.py:188} INFO - [2024-11-09T05:54:59.673+0000] {dag.py:3096} INFO - Sync 1 DAGs
[2024-11-09T05:54:59.707+0000] {logging_mixin.py:188} INFO - [2024-11-09T05:54:59.707+0000] {dag.py:3954} INFO - Setting next_dagrun for e_commerce_dw_etl to 2024-11-09 00:00:00+00:00, run_after=2024-11-10 00:00:00+00:00
[2024-11-09T05:54:59.738+0000] {processor.py:183} INFO - Processing /opt/airflow/dags/e_commerce_dw_dag.py took 0.257 seconds
[2024-11-09T05:55:29.837+0000] {processor.py:161} INFO - Started process (PID=734) to work on /opt/airflow/dags/e_commerce_dw_dag.py
[2024-11-09T05:55:29.839+0000] {processor.py:830} INFO - Processing file /opt/airflow/dags/e_commerce_dw_dag.py for tasks to queue
[2024-11-09T05:55:29.841+0000] {logging_mixin.py:188} INFO - [2024-11-09T05:55:29.841+0000] {dagbag.py:545} INFO - Filling up the DagBag from /opt/airflow/dags/e_commerce_dw_dag.py
[2024-11-09T05:55:29.932+0000] {processor.py:840} INFO - DAG(s) 'e_commerce_dw_etl' retrieved from /opt/airflow/dags/e_commerce_dw_dag.py
[2024-11-09T05:55:29.975+0000] {logging_mixin.py:188} INFO - [2024-11-09T05:55:29.974+0000] {dag.py:3096} INFO - Sync 1 DAGs
[2024-11-09T05:55:30.006+0000] {logging_mixin.py:188} INFO - [2024-11-09T05:55:30.005+0000] {dag.py:3954} INFO - Setting next_dagrun for e_commerce_dw_etl to 2024-11-09 00:00:00+00:00, run_after=2024-11-10 00:00:00+00:00
[2024-11-09T05:55:30.040+0000] {processor.py:183} INFO - Processing /opt/airflow/dags/e_commerce_dw_dag.py took 0.211 seconds
[2024-11-09T05:56:00.196+0000] {processor.py:161} INFO - Started process (PID=750) to work on /opt/airflow/dags/e_commerce_dw_dag.py
[2024-11-09T05:56:00.197+0000] {processor.py:830} INFO - Processing file /opt/airflow/dags/e_commerce_dw_dag.py for tasks to queue
[2024-11-09T05:56:00.200+0000] {logging_mixin.py:188} INFO - [2024-11-09T05:56:00.200+0000] {dagbag.py:545} INFO - Filling up the DagBag from /opt/airflow/dags/e_commerce_dw_dag.py
[2024-11-09T05:56:00.285+0000] {processor.py:840} INFO - DAG(s) 'e_commerce_dw_etl' retrieved from /opt/airflow/dags/e_commerce_dw_dag.py
[2024-11-09T05:56:00.317+0000] {logging_mixin.py:188} INFO - [2024-11-09T05:56:00.317+0000] {dag.py:3096} INFO - Sync 1 DAGs
[2024-11-09T05:56:00.341+0000] {logging_mixin.py:188} INFO - [2024-11-09T05:56:00.341+0000] {dag.py:3954} INFO - Setting next_dagrun for e_commerce_dw_etl to 2024-11-09 00:00:00+00:00, run_after=2024-11-10 00:00:00+00:00
[2024-11-09T05:56:00.369+0000] {processor.py:183} INFO - Processing /opt/airflow/dags/e_commerce_dw_dag.py took 0.178 seconds
[2024-11-09T05:56:30.737+0000] {processor.py:161} INFO - Started process (PID=767) to work on /opt/airflow/dags/e_commerce_dw_dag.py
[2024-11-09T05:56:30.739+0000] {processor.py:830} INFO - Processing file /opt/airflow/dags/e_commerce_dw_dag.py for tasks to queue
[2024-11-09T05:56:30.743+0000] {logging_mixin.py:188} INFO - [2024-11-09T05:56:30.743+0000] {dagbag.py:545} INFO - Filling up the DagBag from /opt/airflow/dags/e_commerce_dw_dag.py
[2024-11-09T05:56:30.849+0000] {processor.py:840} INFO - DAG(s) 'e_commerce_dw_etl' retrieved from /opt/airflow/dags/e_commerce_dw_dag.py
[2024-11-09T05:56:30.886+0000] {logging_mixin.py:188} INFO - [2024-11-09T05:56:30.886+0000] {dag.py:3096} INFO - Sync 1 DAGs
[2024-11-09T05:56:30.914+0000] {logging_mixin.py:188} INFO - [2024-11-09T05:56:30.914+0000] {dag.py:3954} INFO - Setting next_dagrun for e_commerce_dw_etl to 2024-11-09 00:00:00+00:00, run_after=2024-11-10 00:00:00+00:00
[2024-11-09T05:56:30.943+0000] {processor.py:183} INFO - Processing /opt/airflow/dags/e_commerce_dw_dag.py took 0.219 seconds
[2024-11-09T05:57:01.071+0000] {processor.py:161} INFO - Started process (PID=783) to work on /opt/airflow/dags/e_commerce_dw_dag.py
[2024-11-09T05:57:01.073+0000] {processor.py:830} INFO - Processing file /opt/airflow/dags/e_commerce_dw_dag.py for tasks to queue
[2024-11-09T05:57:01.076+0000] {logging_mixin.py:188} INFO - [2024-11-09T05:57:01.076+0000] {dagbag.py:545} INFO - Filling up the DagBag from /opt/airflow/dags/e_commerce_dw_dag.py
[2024-11-09T05:57:01.149+0000] {processor.py:840} INFO - DAG(s) 'e_commerce_dw_etl' retrieved from /opt/airflow/dags/e_commerce_dw_dag.py
[2024-11-09T05:57:01.182+0000] {logging_mixin.py:188} INFO - [2024-11-09T05:57:01.181+0000] {dag.py:3096} INFO - Sync 1 DAGs
[2024-11-09T05:57:01.205+0000] {logging_mixin.py:188} INFO - [2024-11-09T05:57:01.205+0000] {dag.py:3954} INFO - Setting next_dagrun for e_commerce_dw_etl to 2024-11-09 00:00:00+00:00, run_after=2024-11-10 00:00:00+00:00
[2024-11-09T05:57:01.233+0000] {processor.py:183} INFO - Processing /opt/airflow/dags/e_commerce_dw_dag.py took 0.169 seconds
[2024-11-09T05:57:31.341+0000] {processor.py:161} INFO - Started process (PID=800) to work on /opt/airflow/dags/e_commerce_dw_dag.py
[2024-11-09T05:57:31.343+0000] {processor.py:830} INFO - Processing file /opt/airflow/dags/e_commerce_dw_dag.py for tasks to queue
[2024-11-09T05:57:31.346+0000] {logging_mixin.py:188} INFO - [2024-11-09T05:57:31.345+0000] {dagbag.py:545} INFO - Filling up the DagBag from /opt/airflow/dags/e_commerce_dw_dag.py
[2024-11-09T05:57:31.433+0000] {processor.py:840} INFO - DAG(s) 'e_commerce_dw_etl' retrieved from /opt/airflow/dags/e_commerce_dw_dag.py
[2024-11-09T05:57:31.467+0000] {logging_mixin.py:188} INFO - [2024-11-09T05:57:31.466+0000] {dag.py:3096} INFO - Sync 1 DAGs
[2024-11-09T05:57:31.489+0000] {logging_mixin.py:188} INFO - [2024-11-09T05:57:31.489+0000] {dag.py:3954} INFO - Setting next_dagrun for e_commerce_dw_etl to 2024-11-09 00:00:00+00:00, run_after=2024-11-10 00:00:00+00:00
[2024-11-09T05:57:31.517+0000] {processor.py:183} INFO - Processing /opt/airflow/dags/e_commerce_dw_dag.py took 0.182 seconds
[2024-11-09T05:58:01.679+0000] {processor.py:161} INFO - Started process (PID=816) to work on /opt/airflow/dags/e_commerce_dw_dag.py
[2024-11-09T05:58:01.681+0000] {processor.py:830} INFO - Processing file /opt/airflow/dags/e_commerce_dw_dag.py for tasks to queue
[2024-11-09T05:58:01.684+0000] {logging_mixin.py:188} INFO - [2024-11-09T05:58:01.684+0000] {dagbag.py:545} INFO - Filling up the DagBag from /opt/airflow/dags/e_commerce_dw_dag.py
[2024-11-09T05:58:01.777+0000] {processor.py:840} INFO - DAG(s) 'e_commerce_dw_etl' retrieved from /opt/airflow/dags/e_commerce_dw_dag.py
[2024-11-09T05:58:01.813+0000] {logging_mixin.py:188} INFO - [2024-11-09T05:58:01.813+0000] {dag.py:3096} INFO - Sync 1 DAGs
[2024-11-09T05:58:01.843+0000] {logging_mixin.py:188} INFO - [2024-11-09T05:58:01.843+0000] {dag.py:3954} INFO - Setting next_dagrun for e_commerce_dw_etl to 2024-11-09 00:00:00+00:00, run_after=2024-11-10 00:00:00+00:00
[2024-11-09T05:58:01.869+0000] {processor.py:183} INFO - Processing /opt/airflow/dags/e_commerce_dw_dag.py took 0.196 seconds
[2024-11-09T05:58:32.158+0000] {processor.py:161} INFO - Started process (PID=832) to work on /opt/airflow/dags/e_commerce_dw_dag.py
[2024-11-09T05:58:32.160+0000] {processor.py:830} INFO - Processing file /opt/airflow/dags/e_commerce_dw_dag.py for tasks to queue
[2024-11-09T05:58:32.162+0000] {logging_mixin.py:188} INFO - [2024-11-09T05:58:32.161+0000] {dagbag.py:545} INFO - Filling up the DagBag from /opt/airflow/dags/e_commerce_dw_dag.py
[2024-11-09T05:58:32.231+0000] {processor.py:840} INFO - DAG(s) 'e_commerce_dw_etl' retrieved from /opt/airflow/dags/e_commerce_dw_dag.py
[2024-11-09T05:58:32.262+0000] {logging_mixin.py:188} INFO - [2024-11-09T05:58:32.262+0000] {dag.py:3096} INFO - Sync 1 DAGs
[2024-11-09T05:58:32.284+0000] {logging_mixin.py:188} INFO - [2024-11-09T05:58:32.284+0000] {dag.py:3954} INFO - Setting next_dagrun for e_commerce_dw_etl to 2024-11-09 00:00:00+00:00, run_after=2024-11-10 00:00:00+00:00
[2024-11-09T05:58:32.312+0000] {processor.py:183} INFO - Processing /opt/airflow/dags/e_commerce_dw_dag.py took 0.159 seconds
[2024-11-09T05:59:02.476+0000] {processor.py:161} INFO - Started process (PID=848) to work on /opt/airflow/dags/e_commerce_dw_dag.py
[2024-11-09T05:59:02.477+0000] {processor.py:830} INFO - Processing file /opt/airflow/dags/e_commerce_dw_dag.py for tasks to queue
[2024-11-09T05:59:02.479+0000] {logging_mixin.py:188} INFO - [2024-11-09T05:59:02.479+0000] {dagbag.py:545} INFO - Filling up the DagBag from /opt/airflow/dags/e_commerce_dw_dag.py
[2024-11-09T05:59:02.546+0000] {processor.py:840} INFO - DAG(s) 'e_commerce_dw_etl' retrieved from /opt/airflow/dags/e_commerce_dw_dag.py
[2024-11-09T05:59:02.577+0000] {logging_mixin.py:188} INFO - [2024-11-09T05:59:02.577+0000] {dag.py:3096} INFO - Sync 1 DAGs
[2024-11-09T05:59:02.600+0000] {logging_mixin.py:188} INFO - [2024-11-09T05:59:02.599+0000] {dag.py:3954} INFO - Setting next_dagrun for e_commerce_dw_etl to 2024-11-09 00:00:00+00:00, run_after=2024-11-10 00:00:00+00:00
[2024-11-09T05:59:02.633+0000] {processor.py:183} INFO - Processing /opt/airflow/dags/e_commerce_dw_dag.py took 0.162 seconds
[2024-11-09T05:59:32.812+0000] {processor.py:161} INFO - Started process (PID=864) to work on /opt/airflow/dags/e_commerce_dw_dag.py
[2024-11-09T05:59:32.813+0000] {processor.py:830} INFO - Processing file /opt/airflow/dags/e_commerce_dw_dag.py for tasks to queue
[2024-11-09T05:59:32.815+0000] {logging_mixin.py:188} INFO - [2024-11-09T05:59:32.815+0000] {dagbag.py:545} INFO - Filling up the DagBag from /opt/airflow/dags/e_commerce_dw_dag.py
[2024-11-09T05:59:32.909+0000] {processor.py:840} INFO - DAG(s) 'e_commerce_dw_etl' retrieved from /opt/airflow/dags/e_commerce_dw_dag.py
[2024-11-09T05:59:32.947+0000] {logging_mixin.py:188} INFO - [2024-11-09T05:59:32.947+0000] {dag.py:3096} INFO - Sync 1 DAGs
[2024-11-09T05:59:32.975+0000] {logging_mixin.py:188} INFO - [2024-11-09T05:59:32.975+0000] {dag.py:3954} INFO - Setting next_dagrun for e_commerce_dw_etl to 2024-11-09 00:00:00+00:00, run_after=2024-11-10 00:00:00+00:00
[2024-11-09T05:59:33.009+0000] {processor.py:183} INFO - Processing /opt/airflow/dags/e_commerce_dw_dag.py took 0.204 seconds
[2024-11-09T06:00:03.115+0000] {processor.py:161} INFO - Started process (PID=880) to work on /opt/airflow/dags/e_commerce_dw_dag.py
[2024-11-09T06:00:03.117+0000] {processor.py:830} INFO - Processing file /opt/airflow/dags/e_commerce_dw_dag.py for tasks to queue
[2024-11-09T06:00:03.119+0000] {logging_mixin.py:188} INFO - [2024-11-09T06:00:03.118+0000] {dagbag.py:545} INFO - Filling up the DagBag from /opt/airflow/dags/e_commerce_dw_dag.py
[2024-11-09T06:00:03.188+0000] {processor.py:840} INFO - DAG(s) 'e_commerce_dw_etl' retrieved from /opt/airflow/dags/e_commerce_dw_dag.py
[2024-11-09T06:00:03.219+0000] {logging_mixin.py:188} INFO - [2024-11-09T06:00:03.218+0000] {dag.py:3096} INFO - Sync 1 DAGs
[2024-11-09T06:00:03.239+0000] {logging_mixin.py:188} INFO - [2024-11-09T06:00:03.239+0000] {dag.py:3954} INFO - Setting next_dagrun for e_commerce_dw_etl to 2024-11-09 00:00:00+00:00, run_after=2024-11-10 00:00:00+00:00
[2024-11-09T06:00:03.266+0000] {processor.py:183} INFO - Processing /opt/airflow/dags/e_commerce_dw_dag.py took 0.157 seconds
[2024-11-09T06:00:33.500+0000] {processor.py:161} INFO - Started process (PID=896) to work on /opt/airflow/dags/e_commerce_dw_dag.py
[2024-11-09T06:00:33.502+0000] {processor.py:830} INFO - Processing file /opt/airflow/dags/e_commerce_dw_dag.py for tasks to queue
[2024-11-09T06:00:33.505+0000] {logging_mixin.py:188} INFO - [2024-11-09T06:00:33.504+0000] {dagbag.py:545} INFO - Filling up the DagBag from /opt/airflow/dags/e_commerce_dw_dag.py
[2024-11-09T06:00:33.619+0000] {processor.py:840} INFO - DAG(s) 'e_commerce_dw_etl' retrieved from /opt/airflow/dags/e_commerce_dw_dag.py
[2024-11-09T06:00:33.666+0000] {logging_mixin.py:188} INFO - [2024-11-09T06:00:33.665+0000] {dag.py:3096} INFO - Sync 1 DAGs
[2024-11-09T06:00:33.703+0000] {logging_mixin.py:188} INFO - [2024-11-09T06:00:33.702+0000] {dag.py:3954} INFO - Setting next_dagrun for e_commerce_dw_etl to 2024-11-09 00:00:00+00:00, run_after=2024-11-10 00:00:00+00:00
[2024-11-09T06:00:33.739+0000] {processor.py:183} INFO - Processing /opt/airflow/dags/e_commerce_dw_dag.py took 0.248 seconds
[2024-11-09T06:01:03.796+0000] {processor.py:161} INFO - Started process (PID=912) to work on /opt/airflow/dags/e_commerce_dw_dag.py
[2024-11-09T06:01:03.797+0000] {processor.py:830} INFO - Processing file /opt/airflow/dags/e_commerce_dw_dag.py for tasks to queue
[2024-11-09T06:01:03.799+0000] {logging_mixin.py:188} INFO - [2024-11-09T06:01:03.799+0000] {dagbag.py:545} INFO - Filling up the DagBag from /opt/airflow/dags/e_commerce_dw_dag.py
[2024-11-09T06:01:03.875+0000] {processor.py:840} INFO - DAG(s) 'e_commerce_dw_etl' retrieved from /opt/airflow/dags/e_commerce_dw_dag.py
[2024-11-09T06:01:03.911+0000] {logging_mixin.py:188} INFO - [2024-11-09T06:01:03.910+0000] {dag.py:3096} INFO - Sync 1 DAGs
[2024-11-09T06:01:03.935+0000] {logging_mixin.py:188} INFO - [2024-11-09T06:01:03.934+0000] {dag.py:3954} INFO - Setting next_dagrun for e_commerce_dw_etl to 2024-11-09 00:00:00+00:00, run_after=2024-11-10 00:00:00+00:00
[2024-11-09T06:01:03.963+0000] {processor.py:183} INFO - Processing /opt/airflow/dags/e_commerce_dw_dag.py took 0.172 seconds
[2024-11-09T06:01:34.120+0000] {processor.py:161} INFO - Started process (PID=929) to work on /opt/airflow/dags/e_commerce_dw_dag.py
[2024-11-09T06:01:34.121+0000] {processor.py:830} INFO - Processing file /opt/airflow/dags/e_commerce_dw_dag.py for tasks to queue
[2024-11-09T06:01:34.124+0000] {logging_mixin.py:188} INFO - [2024-11-09T06:01:34.123+0000] {dagbag.py:545} INFO - Filling up the DagBag from /opt/airflow/dags/e_commerce_dw_dag.py
[2024-11-09T06:01:34.202+0000] {processor.py:840} INFO - DAG(s) 'e_commerce_dw_etl' retrieved from /opt/airflow/dags/e_commerce_dw_dag.py
[2024-11-09T06:01:34.235+0000] {logging_mixin.py:188} INFO - [2024-11-09T06:01:34.235+0000] {dag.py:3096} INFO - Sync 1 DAGs
[2024-11-09T06:01:34.260+0000] {logging_mixin.py:188} INFO - [2024-11-09T06:01:34.260+0000] {dag.py:3954} INFO - Setting next_dagrun for e_commerce_dw_etl to 2024-11-09 00:00:00+00:00, run_after=2024-11-10 00:00:00+00:00
[2024-11-09T06:01:34.290+0000] {processor.py:183} INFO - Processing /opt/airflow/dags/e_commerce_dw_dag.py took 0.176 seconds
[2024-11-09T06:02:04.458+0000] {processor.py:161} INFO - Started process (PID=945) to work on /opt/airflow/dags/e_commerce_dw_dag.py
[2024-11-09T06:02:04.459+0000] {processor.py:830} INFO - Processing file /opt/airflow/dags/e_commerce_dw_dag.py for tasks to queue
[2024-11-09T06:02:04.461+0000] {logging_mixin.py:188} INFO - [2024-11-09T06:02:04.461+0000] {dagbag.py:545} INFO - Filling up the DagBag from /opt/airflow/dags/e_commerce_dw_dag.py
[2024-11-09T06:02:04.544+0000] {processor.py:840} INFO - DAG(s) 'e_commerce_dw_etl' retrieved from /opt/airflow/dags/e_commerce_dw_dag.py
[2024-11-09T06:02:04.575+0000] {logging_mixin.py:188} INFO - [2024-11-09T06:02:04.575+0000] {dag.py:3096} INFO - Sync 1 DAGs
[2024-11-09T06:02:04.598+0000] {logging_mixin.py:188} INFO - [2024-11-09T06:02:04.598+0000] {dag.py:3954} INFO - Setting next_dagrun for e_commerce_dw_etl to 2024-11-09 00:00:00+00:00, run_after=2024-11-10 00:00:00+00:00
[2024-11-09T06:02:04.628+0000] {processor.py:183} INFO - Processing /opt/airflow/dags/e_commerce_dw_dag.py took 0.176 seconds
[2024-11-09T06:02:34.832+0000] {processor.py:161} INFO - Started process (PID=961) to work on /opt/airflow/dags/e_commerce_dw_dag.py
[2024-11-09T06:02:34.836+0000] {processor.py:830} INFO - Processing file /opt/airflow/dags/e_commerce_dw_dag.py for tasks to queue
[2024-11-09T06:02:34.841+0000] {logging_mixin.py:188} INFO - [2024-11-09T06:02:34.840+0000] {dagbag.py:545} INFO - Filling up the DagBag from /opt/airflow/dags/e_commerce_dw_dag.py
[2024-11-09T06:02:34.957+0000] {processor.py:840} INFO - DAG(s) 'e_commerce_dw_etl' retrieved from /opt/airflow/dags/e_commerce_dw_dag.py
[2024-11-09T06:02:34.992+0000] {logging_mixin.py:188} INFO - [2024-11-09T06:02:34.991+0000] {dag.py:3096} INFO - Sync 1 DAGs
[2024-11-09T06:02:35.019+0000] {logging_mixin.py:188} INFO - [2024-11-09T06:02:35.018+0000] {dag.py:3954} INFO - Setting next_dagrun for e_commerce_dw_etl to 2024-11-09 00:00:00+00:00, run_after=2024-11-10 00:00:00+00:00
[2024-11-09T06:02:35.053+0000] {processor.py:183} INFO - Processing /opt/airflow/dags/e_commerce_dw_dag.py took 0.231 seconds
[2024-11-09T06:03:05.195+0000] {processor.py:161} INFO - Started process (PID=977) to work on /opt/airflow/dags/e_commerce_dw_dag.py
[2024-11-09T06:03:05.196+0000] {processor.py:830} INFO - Processing file /opt/airflow/dags/e_commerce_dw_dag.py for tasks to queue
[2024-11-09T06:03:05.198+0000] {logging_mixin.py:188} INFO - [2024-11-09T06:03:05.198+0000] {dagbag.py:545} INFO - Filling up the DagBag from /opt/airflow/dags/e_commerce_dw_dag.py
[2024-11-09T06:03:05.286+0000] {processor.py:840} INFO - DAG(s) 'e_commerce_dw_etl' retrieved from /opt/airflow/dags/e_commerce_dw_dag.py
[2024-11-09T06:03:05.342+0000] {logging_mixin.py:188} INFO - [2024-11-09T06:03:05.341+0000] {dag.py:3096} INFO - Sync 1 DAGs
[2024-11-09T06:03:05.380+0000] {logging_mixin.py:188} INFO - [2024-11-09T06:03:05.380+0000] {dag.py:3954} INFO - Setting next_dagrun for e_commerce_dw_etl to 2024-11-09 00:00:00+00:00, run_after=2024-11-10 00:00:00+00:00
[2024-11-09T06:03:05.407+0000] {processor.py:183} INFO - Processing /opt/airflow/dags/e_commerce_dw_dag.py took 0.217 seconds
[2024-11-09T06:03:35.710+0000] {processor.py:161} INFO - Started process (PID=993) to work on /opt/airflow/dags/e_commerce_dw_dag.py
[2024-11-09T06:03:35.712+0000] {processor.py:830} INFO - Processing file /opt/airflow/dags/e_commerce_dw_dag.py for tasks to queue
[2024-11-09T06:03:35.715+0000] {logging_mixin.py:188} INFO - [2024-11-09T06:03:35.714+0000] {dagbag.py:545} INFO - Filling up the DagBag from /opt/airflow/dags/e_commerce_dw_dag.py
[2024-11-09T06:03:35.792+0000] {processor.py:840} INFO - DAG(s) 'e_commerce_dw_etl' retrieved from /opt/airflow/dags/e_commerce_dw_dag.py
[2024-11-09T06:03:35.826+0000] {logging_mixin.py:188} INFO - [2024-11-09T06:03:35.826+0000] {dag.py:3096} INFO - Sync 1 DAGs
[2024-11-09T06:03:35.851+0000] {logging_mixin.py:188} INFO - [2024-11-09T06:03:35.851+0000] {dag.py:3954} INFO - Setting next_dagrun for e_commerce_dw_etl to 2024-11-09 00:00:00+00:00, run_after=2024-11-10 00:00:00+00:00
[2024-11-09T06:03:35.877+0000] {processor.py:183} INFO - Processing /opt/airflow/dags/e_commerce_dw_dag.py took 0.171 seconds
[2024-11-09T06:04:06.035+0000] {processor.py:161} INFO - Started process (PID=1009) to work on /opt/airflow/dags/e_commerce_dw_dag.py
[2024-11-09T06:04:06.037+0000] {processor.py:830} INFO - Processing file /opt/airflow/dags/e_commerce_dw_dag.py for tasks to queue
[2024-11-09T06:04:06.039+0000] {logging_mixin.py:188} INFO - [2024-11-09T06:04:06.038+0000] {dagbag.py:545} INFO - Filling up the DagBag from /opt/airflow/dags/e_commerce_dw_dag.py
[2024-11-09T06:04:06.111+0000] {processor.py:840} INFO - DAG(s) 'e_commerce_dw_etl' retrieved from /opt/airflow/dags/e_commerce_dw_dag.py
[2024-11-09T06:04:06.143+0000] {logging_mixin.py:188} INFO - [2024-11-09T06:04:06.142+0000] {dag.py:3096} INFO - Sync 1 DAGs
[2024-11-09T06:04:06.174+0000] {logging_mixin.py:188} INFO - [2024-11-09T06:04:06.174+0000] {dag.py:3954} INFO - Setting next_dagrun for e_commerce_dw_etl to 2024-11-09 00:00:00+00:00, run_after=2024-11-10 00:00:00+00:00
[2024-11-09T06:04:06.199+0000] {processor.py:183} INFO - Processing /opt/airflow/dags/e_commerce_dw_dag.py took 0.169 seconds
[2024-11-09T06:04:36.346+0000] {processor.py:161} INFO - Started process (PID=1025) to work on /opt/airflow/dags/e_commerce_dw_dag.py
[2024-11-09T06:04:36.347+0000] {processor.py:830} INFO - Processing file /opt/airflow/dags/e_commerce_dw_dag.py for tasks to queue
[2024-11-09T06:04:36.349+0000] {logging_mixin.py:188} INFO - [2024-11-09T06:04:36.349+0000] {dagbag.py:545} INFO - Filling up the DagBag from /opt/airflow/dags/e_commerce_dw_dag.py
[2024-11-09T06:04:36.424+0000] {processor.py:840} INFO - DAG(s) 'e_commerce_dw_etl' retrieved from /opt/airflow/dags/e_commerce_dw_dag.py
[2024-11-09T06:04:36.454+0000] {logging_mixin.py:188} INFO - [2024-11-09T06:04:36.454+0000] {dag.py:3096} INFO - Sync 1 DAGs
[2024-11-09T06:04:36.477+0000] {logging_mixin.py:188} INFO - [2024-11-09T06:04:36.476+0000] {dag.py:3954} INFO - Setting next_dagrun for e_commerce_dw_etl to 2024-11-09 00:00:00+00:00, run_after=2024-11-10 00:00:00+00:00
[2024-11-09T06:04:36.506+0000] {processor.py:183} INFO - Processing /opt/airflow/dags/e_commerce_dw_dag.py took 0.165 seconds
[2024-11-09T06:05:06.673+0000] {processor.py:161} INFO - Started process (PID=1041) to work on /opt/airflow/dags/e_commerce_dw_dag.py
[2024-11-09T06:05:06.674+0000] {processor.py:830} INFO - Processing file /opt/airflow/dags/e_commerce_dw_dag.py for tasks to queue
[2024-11-09T06:05:06.676+0000] {logging_mixin.py:188} INFO - [2024-11-09T06:05:06.676+0000] {dagbag.py:545} INFO - Filling up the DagBag from /opt/airflow/dags/e_commerce_dw_dag.py
[2024-11-09T06:05:06.755+0000] {processor.py:840} INFO - DAG(s) 'e_commerce_dw_etl' retrieved from /opt/airflow/dags/e_commerce_dw_dag.py
[2024-11-09T06:05:06.794+0000] {logging_mixin.py:188} INFO - [2024-11-09T06:05:06.794+0000] {dag.py:3096} INFO - Sync 1 DAGs
[2024-11-09T06:05:06.821+0000] {logging_mixin.py:188} INFO - [2024-11-09T06:05:06.820+0000] {dag.py:3954} INFO - Setting next_dagrun for e_commerce_dw_etl to 2024-11-09 00:00:00+00:00, run_after=2024-11-10 00:00:00+00:00
[2024-11-09T06:05:06.849+0000] {processor.py:183} INFO - Processing /opt/airflow/dags/e_commerce_dw_dag.py took 0.181 seconds
[2024-11-09T06:05:37.009+0000] {processor.py:161} INFO - Started process (PID=1057) to work on /opt/airflow/dags/e_commerce_dw_dag.py
[2024-11-09T06:05:37.010+0000] {processor.py:830} INFO - Processing file /opt/airflow/dags/e_commerce_dw_dag.py for tasks to queue
[2024-11-09T06:05:37.013+0000] {logging_mixin.py:188} INFO - [2024-11-09T06:05:37.012+0000] {dagbag.py:545} INFO - Filling up the DagBag from /opt/airflow/dags/e_commerce_dw_dag.py
[2024-11-09T06:05:37.156+0000] {processor.py:840} INFO - DAG(s) 'e_commerce_dw_etl' retrieved from /opt/airflow/dags/e_commerce_dw_dag.py
[2024-11-09T06:05:37.202+0000] {logging_mixin.py:188} INFO - [2024-11-09T06:05:37.201+0000] {dag.py:3096} INFO - Sync 1 DAGs
[2024-11-09T06:05:37.237+0000] {logging_mixin.py:188} INFO - [2024-11-09T06:05:37.236+0000] {dag.py:3954} INFO - Setting next_dagrun for e_commerce_dw_etl to 2024-11-09 00:00:00+00:00, run_after=2024-11-10 00:00:00+00:00
[2024-11-09T06:05:37.269+0000] {processor.py:183} INFO - Processing /opt/airflow/dags/e_commerce_dw_dag.py took 0.266 seconds
