[2024-10-17T03:07:02.491+0000] {processor.py:161} INFO - Started process (PID=380) to work on /home/airflow/.local/lib/python3.12/site-packages/airflow/example_dags/example_latest_only_with_trigger.py
[2024-10-17T03:07:02.492+0000] {processor.py:830} INFO - Processing file /home/airflow/.local/lib/python3.12/site-packages/airflow/example_dags/example_latest_only_with_trigger.py for tasks to queue
[2024-10-17T03:07:02.495+0000] {logging_mixin.py:188} INFO - [2024-10-17T03:07:02.494+0000] {dagbag.py:545} INFO - Filling up the DagBag from /home/airflow/.local/lib/python3.12/site-packages/airflow/example_dags/example_latest_only_with_trigger.py
[2024-10-17T03:07:02.563+0000] {processor.py:840} INFO - DAG(s) 'latest_only_with_trigger' retrieved from /home/airflow/.local/lib/python3.12/site-packages/airflow/example_dags/example_latest_only_with_trigger.py
[2024-10-17T03:07:02.697+0000] {logging_mixin.py:188} INFO - [2024-10-17T03:07:02.697+0000] {dag.py:3096} INFO - Sync 1 DAGs
[2024-10-17T03:07:02.725+0000] {logging_mixin.py:188} INFO - [2024-10-17T03:07:02.725+0000] {dag.py:3954} INFO - Setting next_dagrun for latest_only_with_trigger to 2024-10-16 20:00:00+00:00, run_after=2024-10-17 00:00:00+00:00
[2024-10-17T03:07:03.461+0000] {processor.py:183} INFO - Processing /home/airflow/.local/lib/python3.12/site-packages/airflow/example_dags/example_latest_only_with_trigger.py took 0.976 seconds
[2024-10-17T03:07:33.574+0000] {processor.py:161} INFO - Started process (PID=646) to work on /home/airflow/.local/lib/python3.12/site-packages/airflow/example_dags/example_latest_only_with_trigger.py
[2024-10-17T03:07:33.575+0000] {processor.py:830} INFO - Processing file /home/airflow/.local/lib/python3.12/site-packages/airflow/example_dags/example_latest_only_with_trigger.py for tasks to queue
[2024-10-17T03:07:33.580+0000] {logging_mixin.py:188} INFO - [2024-10-17T03:07:33.580+0000] {dagbag.py:545} INFO - Filling up the DagBag from /home/airflow/.local/lib/python3.12/site-packages/airflow/example_dags/example_latest_only_with_trigger.py
[2024-10-17T03:07:33.588+0000] {processor.py:840} INFO - DAG(s) 'latest_only_with_trigger' retrieved from /home/airflow/.local/lib/python3.12/site-packages/airflow/example_dags/example_latest_only_with_trigger.py
[2024-10-17T03:07:33.641+0000] {logging_mixin.py:188} INFO - [2024-10-17T03:07:33.641+0000] {dag.py:3096} INFO - Sync 1 DAGs
[2024-10-17T03:07:33.721+0000] {logging_mixin.py:188} INFO - [2024-10-17T03:07:33.721+0000] {dag.py:3954} INFO - Setting next_dagrun for latest_only_with_trigger to 2024-10-16 20:00:00+00:00, run_after=2024-10-17 00:00:00+00:00
[2024-10-17T03:07:33.787+0000] {processor.py:183} INFO - Processing /home/airflow/.local/lib/python3.12/site-packages/airflow/example_dags/example_latest_only_with_trigger.py took 0.220 seconds
[2024-10-17T03:08:04.060+0000] {processor.py:161} INFO - Started process (PID=912) to work on /home/airflow/.local/lib/python3.12/site-packages/airflow/example_dags/example_latest_only_with_trigger.py
[2024-10-17T03:08:04.064+0000] {processor.py:830} INFO - Processing file /home/airflow/.local/lib/python3.12/site-packages/airflow/example_dags/example_latest_only_with_trigger.py for tasks to queue
[2024-10-17T03:08:04.071+0000] {logging_mixin.py:188} INFO - [2024-10-17T03:08:04.070+0000] {dagbag.py:545} INFO - Filling up the DagBag from /home/airflow/.local/lib/python3.12/site-packages/airflow/example_dags/example_latest_only_with_trigger.py
[2024-10-17T03:08:04.080+0000] {processor.py:840} INFO - DAG(s) 'latest_only_with_trigger' retrieved from /home/airflow/.local/lib/python3.12/site-packages/airflow/example_dags/example_latest_only_with_trigger.py
[2024-10-17T03:08:04.119+0000] {logging_mixin.py:188} INFO - [2024-10-17T03:08:04.118+0000] {dag.py:3096} INFO - Sync 1 DAGs
[2024-10-17T03:08:04.146+0000] {logging_mixin.py:188} INFO - [2024-10-17T03:08:04.145+0000] {dag.py:3954} INFO - Setting next_dagrun for latest_only_with_trigger to 2024-10-16 20:00:00+00:00, run_after=2024-10-17 00:00:00+00:00
[2024-10-17T03:08:04.173+0000] {processor.py:183} INFO - Processing /home/airflow/.local/lib/python3.12/site-packages/airflow/example_dags/example_latest_only_with_trigger.py took 0.137 seconds
[2024-10-17T03:08:34.825+0000] {processor.py:161} INFO - Started process (PID=1180) to work on /home/airflow/.local/lib/python3.12/site-packages/airflow/example_dags/example_latest_only_with_trigger.py
[2024-10-17T03:08:34.827+0000] {processor.py:830} INFO - Processing file /home/airflow/.local/lib/python3.12/site-packages/airflow/example_dags/example_latest_only_with_trigger.py for tasks to queue
[2024-10-17T03:08:34.834+0000] {logging_mixin.py:188} INFO - [2024-10-17T03:08:34.834+0000] {dagbag.py:545} INFO - Filling up the DagBag from /home/airflow/.local/lib/python3.12/site-packages/airflow/example_dags/example_latest_only_with_trigger.py
[2024-10-17T03:08:34.839+0000] {processor.py:840} INFO - DAG(s) 'latest_only_with_trigger' retrieved from /home/airflow/.local/lib/python3.12/site-packages/airflow/example_dags/example_latest_only_with_trigger.py
[2024-10-17T03:08:34.868+0000] {logging_mixin.py:188} INFO - [2024-10-17T03:08:34.868+0000] {dag.py:3096} INFO - Sync 1 DAGs
[2024-10-17T03:08:34.896+0000] {logging_mixin.py:188} INFO - [2024-10-17T03:08:34.896+0000] {dag.py:3954} INFO - Setting next_dagrun for latest_only_with_trigger to 2024-10-16 20:00:00+00:00, run_after=2024-10-17 00:00:00+00:00
[2024-10-17T03:08:34.926+0000] {processor.py:183} INFO - Processing /home/airflow/.local/lib/python3.12/site-packages/airflow/example_dags/example_latest_only_with_trigger.py took 0.106 seconds
[2024-10-17T03:09:05.874+0000] {processor.py:161} INFO - Started process (PID=1446) to work on /home/airflow/.local/lib/python3.12/site-packages/airflow/example_dags/example_latest_only_with_trigger.py
[2024-10-17T03:09:05.875+0000] {processor.py:830} INFO - Processing file /home/airflow/.local/lib/python3.12/site-packages/airflow/example_dags/example_latest_only_with_trigger.py for tasks to queue
[2024-10-17T03:09:05.878+0000] {logging_mixin.py:188} INFO - [2024-10-17T03:09:05.878+0000] {dagbag.py:545} INFO - Filling up the DagBag from /home/airflow/.local/lib/python3.12/site-packages/airflow/example_dags/example_latest_only_with_trigger.py
[2024-10-17T03:09:05.883+0000] {processor.py:840} INFO - DAG(s) 'latest_only_with_trigger' retrieved from /home/airflow/.local/lib/python3.12/site-packages/airflow/example_dags/example_latest_only_with_trigger.py
[2024-10-17T03:09:05.910+0000] {logging_mixin.py:188} INFO - [2024-10-17T03:09:05.910+0000] {dag.py:3096} INFO - Sync 1 DAGs
[2024-10-17T03:09:05.936+0000] {logging_mixin.py:188} INFO - [2024-10-17T03:09:05.935+0000] {dag.py:3954} INFO - Setting next_dagrun for latest_only_with_trigger to 2024-10-16 20:00:00+00:00, run_after=2024-10-17 00:00:00+00:00
[2024-10-17T03:09:05.965+0000] {processor.py:183} INFO - Processing /home/airflow/.local/lib/python3.12/site-packages/airflow/example_dags/example_latest_only_with_trigger.py took 0.097 seconds
[2024-10-17T03:09:36.176+0000] {processor.py:161} INFO - Started process (PID=1710) to work on /home/airflow/.local/lib/python3.12/site-packages/airflow/example_dags/example_latest_only_with_trigger.py
[2024-10-17T03:09:36.178+0000] {processor.py:830} INFO - Processing file /home/airflow/.local/lib/python3.12/site-packages/airflow/example_dags/example_latest_only_with_trigger.py for tasks to queue
[2024-10-17T03:09:36.183+0000] {logging_mixin.py:188} INFO - [2024-10-17T03:09:36.182+0000] {dagbag.py:545} INFO - Filling up the DagBag from /home/airflow/.local/lib/python3.12/site-packages/airflow/example_dags/example_latest_only_with_trigger.py
[2024-10-17T03:09:36.194+0000] {processor.py:840} INFO - DAG(s) 'latest_only_with_trigger' retrieved from /home/airflow/.local/lib/python3.12/site-packages/airflow/example_dags/example_latest_only_with_trigger.py
[2024-10-17T03:09:36.242+0000] {logging_mixin.py:188} INFO - [2024-10-17T03:09:36.242+0000] {dag.py:3096} INFO - Sync 1 DAGs
[2024-10-17T03:09:36.385+0000] {logging_mixin.py:188} INFO - [2024-10-17T03:09:36.383+0000] {dag.py:3954} INFO - Setting next_dagrun for latest_only_with_trigger to 2024-10-16 20:00:00+00:00, run_after=2024-10-17 00:00:00+00:00
[2024-10-17T03:09:36.454+0000] {processor.py:183} INFO - Processing /home/airflow/.local/lib/python3.12/site-packages/airflow/example_dags/example_latest_only_with_trigger.py took 0.288 seconds
[2024-10-17T03:10:07.484+0000] {processor.py:161} INFO - Started process (PID=1976) to work on /home/airflow/.local/lib/python3.12/site-packages/airflow/example_dags/example_latest_only_with_trigger.py
[2024-10-17T03:10:07.486+0000] {processor.py:830} INFO - Processing file /home/airflow/.local/lib/python3.12/site-packages/airflow/example_dags/example_latest_only_with_trigger.py for tasks to queue
[2024-10-17T03:10:07.489+0000] {logging_mixin.py:188} INFO - [2024-10-17T03:10:07.488+0000] {dagbag.py:545} INFO - Filling up the DagBag from /home/airflow/.local/lib/python3.12/site-packages/airflow/example_dags/example_latest_only_with_trigger.py
[2024-10-17T03:10:07.498+0000] {processor.py:840} INFO - DAG(s) 'latest_only_with_trigger' retrieved from /home/airflow/.local/lib/python3.12/site-packages/airflow/example_dags/example_latest_only_with_trigger.py
[2024-10-17T03:10:07.537+0000] {logging_mixin.py:188} INFO - [2024-10-17T03:10:07.536+0000] {dag.py:3096} INFO - Sync 1 DAGs
[2024-10-17T03:10:07.660+0000] {logging_mixin.py:188} INFO - [2024-10-17T03:10:07.660+0000] {dag.py:3954} INFO - Setting next_dagrun for latest_only_with_trigger to 2024-10-16 20:00:00+00:00, run_after=2024-10-17 00:00:00+00:00
[2024-10-17T03:10:07.831+0000] {processor.py:183} INFO - Processing /home/airflow/.local/lib/python3.12/site-packages/airflow/example_dags/example_latest_only_with_trigger.py took 0.357 seconds
[2024-10-17T03:10:38.512+0000] {processor.py:161} INFO - Started process (PID=2242) to work on /home/airflow/.local/lib/python3.12/site-packages/airflow/example_dags/example_latest_only_with_trigger.py
[2024-10-17T03:10:38.528+0000] {processor.py:830} INFO - Processing file /home/airflow/.local/lib/python3.12/site-packages/airflow/example_dags/example_latest_only_with_trigger.py for tasks to queue
[2024-10-17T03:10:38.542+0000] {logging_mixin.py:188} INFO - [2024-10-17T03:10:38.541+0000] {dagbag.py:545} INFO - Filling up the DagBag from /home/airflow/.local/lib/python3.12/site-packages/airflow/example_dags/example_latest_only_with_trigger.py
[2024-10-17T03:10:38.580+0000] {processor.py:840} INFO - DAG(s) 'latest_only_with_trigger' retrieved from /home/airflow/.local/lib/python3.12/site-packages/airflow/example_dags/example_latest_only_with_trigger.py
[2024-10-17T03:10:38.670+0000] {logging_mixin.py:188} INFO - [2024-10-17T03:10:38.669+0000] {dag.py:3096} INFO - Sync 1 DAGs
[2024-10-17T03:10:38.758+0000] {logging_mixin.py:188} INFO - [2024-10-17T03:10:38.757+0000] {dag.py:3954} INFO - Setting next_dagrun for latest_only_with_trigger to 2024-10-16 20:00:00+00:00, run_after=2024-10-17 00:00:00+00:00
[2024-10-17T03:10:38.815+0000] {processor.py:183} INFO - Processing /home/airflow/.local/lib/python3.12/site-packages/airflow/example_dags/example_latest_only_with_trigger.py took 0.358 seconds
[2024-10-17T03:11:09.251+0000] {processor.py:161} INFO - Started process (PID=2510) to work on /home/airflow/.local/lib/python3.12/site-packages/airflow/example_dags/example_latest_only_with_trigger.py
[2024-10-17T03:11:09.253+0000] {processor.py:830} INFO - Processing file /home/airflow/.local/lib/python3.12/site-packages/airflow/example_dags/example_latest_only_with_trigger.py for tasks to queue
[2024-10-17T03:11:09.259+0000] {logging_mixin.py:188} INFO - [2024-10-17T03:11:09.256+0000] {dagbag.py:545} INFO - Filling up the DagBag from /home/airflow/.local/lib/python3.12/site-packages/airflow/example_dags/example_latest_only_with_trigger.py
[2024-10-17T03:11:09.269+0000] {processor.py:840} INFO - DAG(s) 'latest_only_with_trigger' retrieved from /home/airflow/.local/lib/python3.12/site-packages/airflow/example_dags/example_latest_only_with_trigger.py
[2024-10-17T03:11:09.328+0000] {logging_mixin.py:188} INFO - [2024-10-17T03:11:09.327+0000] {dag.py:3096} INFO - Sync 1 DAGs
[2024-10-17T03:11:09.377+0000] {logging_mixin.py:188} INFO - [2024-10-17T03:11:09.377+0000] {dag.py:3954} INFO - Setting next_dagrun for latest_only_with_trigger to 2024-10-16 20:00:00+00:00, run_after=2024-10-17 00:00:00+00:00
[2024-10-17T03:11:09.423+0000] {processor.py:183} INFO - Processing /home/airflow/.local/lib/python3.12/site-packages/airflow/example_dags/example_latest_only_with_trigger.py took 0.184 seconds
[2024-10-17T03:11:39.710+0000] {processor.py:161} INFO - Started process (PID=2776) to work on /home/airflow/.local/lib/python3.12/site-packages/airflow/example_dags/example_latest_only_with_trigger.py
[2024-10-17T03:11:39.712+0000] {processor.py:830} INFO - Processing file /home/airflow/.local/lib/python3.12/site-packages/airflow/example_dags/example_latest_only_with_trigger.py for tasks to queue
[2024-10-17T03:11:39.717+0000] {logging_mixin.py:188} INFO - [2024-10-17T03:11:39.716+0000] {dagbag.py:545} INFO - Filling up the DagBag from /home/airflow/.local/lib/python3.12/site-packages/airflow/example_dags/example_latest_only_with_trigger.py
[2024-10-17T03:11:39.727+0000] {processor.py:840} INFO - DAG(s) 'latest_only_with_trigger' retrieved from /home/airflow/.local/lib/python3.12/site-packages/airflow/example_dags/example_latest_only_with_trigger.py
[2024-10-17T03:11:39.769+0000] {logging_mixin.py:188} INFO - [2024-10-17T03:11:39.768+0000] {dag.py:3096} INFO - Sync 1 DAGs
[2024-10-17T03:11:39.812+0000] {logging_mixin.py:188} INFO - [2024-10-17T03:11:39.812+0000] {dag.py:3954} INFO - Setting next_dagrun for latest_only_with_trigger to 2024-10-16 20:00:00+00:00, run_after=2024-10-17 00:00:00+00:00
[2024-10-17T03:11:39.859+0000] {processor.py:183} INFO - Processing /home/airflow/.local/lib/python3.12/site-packages/airflow/example_dags/example_latest_only_with_trigger.py took 0.158 seconds
[2024-10-17T03:12:10.153+0000] {processor.py:161} INFO - Started process (PID=3042) to work on /home/airflow/.local/lib/python3.12/site-packages/airflow/example_dags/example_latest_only_with_trigger.py
[2024-10-17T03:12:10.155+0000] {processor.py:830} INFO - Processing file /home/airflow/.local/lib/python3.12/site-packages/airflow/example_dags/example_latest_only_with_trigger.py for tasks to queue
[2024-10-17T03:12:10.161+0000] {logging_mixin.py:188} INFO - [2024-10-17T03:12:10.160+0000] {dagbag.py:545} INFO - Filling up the DagBag from /home/airflow/.local/lib/python3.12/site-packages/airflow/example_dags/example_latest_only_with_trigger.py
[2024-10-17T03:12:10.171+0000] {processor.py:840} INFO - DAG(s) 'latest_only_with_trigger' retrieved from /home/airflow/.local/lib/python3.12/site-packages/airflow/example_dags/example_latest_only_with_trigger.py
[2024-10-17T03:12:10.220+0000] {logging_mixin.py:188} INFO - [2024-10-17T03:12:10.220+0000] {dag.py:3096} INFO - Sync 1 DAGs
[2024-10-17T03:12:10.284+0000] {logging_mixin.py:188} INFO - [2024-10-17T03:12:10.283+0000] {dag.py:3954} INFO - Setting next_dagrun for latest_only_with_trigger to 2024-10-16 20:00:00+00:00, run_after=2024-10-17 00:00:00+00:00
[2024-10-17T03:12:10.332+0000] {processor.py:183} INFO - Processing /home/airflow/.local/lib/python3.12/site-packages/airflow/example_dags/example_latest_only_with_trigger.py took 0.188 seconds
[2024-10-17T03:12:40.628+0000] {processor.py:161} INFO - Started process (PID=3308) to work on /home/airflow/.local/lib/python3.12/site-packages/airflow/example_dags/example_latest_only_with_trigger.py
[2024-10-17T03:12:40.630+0000] {processor.py:830} INFO - Processing file /home/airflow/.local/lib/python3.12/site-packages/airflow/example_dags/example_latest_only_with_trigger.py for tasks to queue
[2024-10-17T03:12:40.636+0000] {logging_mixin.py:188} INFO - [2024-10-17T03:12:40.635+0000] {dagbag.py:545} INFO - Filling up the DagBag from /home/airflow/.local/lib/python3.12/site-packages/airflow/example_dags/example_latest_only_with_trigger.py
[2024-10-17T03:12:40.651+0000] {processor.py:840} INFO - DAG(s) 'latest_only_with_trigger' retrieved from /home/airflow/.local/lib/python3.12/site-packages/airflow/example_dags/example_latest_only_with_trigger.py
[2024-10-17T03:12:40.704+0000] {logging_mixin.py:188} INFO - [2024-10-17T03:12:40.703+0000] {dag.py:3096} INFO - Sync 1 DAGs
[2024-10-17T03:12:40.760+0000] {logging_mixin.py:188} INFO - [2024-10-17T03:12:40.759+0000] {dag.py:3954} INFO - Setting next_dagrun for latest_only_with_trigger to 2024-10-16 20:00:00+00:00, run_after=2024-10-17 00:00:00+00:00
[2024-10-17T03:12:40.809+0000] {processor.py:183} INFO - Processing /home/airflow/.local/lib/python3.12/site-packages/airflow/example_dags/example_latest_only_with_trigger.py took 0.198 seconds
[2024-10-17T03:13:10.910+0000] {processor.py:161} INFO - Started process (PID=3572) to work on /home/airflow/.local/lib/python3.12/site-packages/airflow/example_dags/example_latest_only_with_trigger.py
[2024-10-17T03:13:10.912+0000] {processor.py:830} INFO - Processing file /home/airflow/.local/lib/python3.12/site-packages/airflow/example_dags/example_latest_only_with_trigger.py for tasks to queue
[2024-10-17T03:13:10.917+0000] {logging_mixin.py:188} INFO - [2024-10-17T03:13:10.917+0000] {dagbag.py:545} INFO - Filling up the DagBag from /home/airflow/.local/lib/python3.12/site-packages/airflow/example_dags/example_latest_only_with_trigger.py
[2024-10-17T03:13:10.926+0000] {processor.py:840} INFO - DAG(s) 'latest_only_with_trigger' retrieved from /home/airflow/.local/lib/python3.12/site-packages/airflow/example_dags/example_latest_only_with_trigger.py
[2024-10-17T03:13:10.967+0000] {logging_mixin.py:188} INFO - [2024-10-17T03:13:10.967+0000] {dag.py:3096} INFO - Sync 1 DAGs
[2024-10-17T03:13:11.016+0000] {logging_mixin.py:188} INFO - [2024-10-17T03:13:11.016+0000] {dag.py:3954} INFO - Setting next_dagrun for latest_only_with_trigger to 2024-10-16 20:00:00+00:00, run_after=2024-10-17 00:00:00+00:00
[2024-10-17T03:13:11.063+0000] {processor.py:183} INFO - Processing /home/airflow/.local/lib/python3.12/site-packages/airflow/example_dags/example_latest_only_with_trigger.py took 0.162 seconds
[2024-10-17T03:13:41.737+0000] {processor.py:161} INFO - Started process (PID=3840) to work on /home/airflow/.local/lib/python3.12/site-packages/airflow/example_dags/example_latest_only_with_trigger.py
[2024-10-17T03:13:41.739+0000] {processor.py:830} INFO - Processing file /home/airflow/.local/lib/python3.12/site-packages/airflow/example_dags/example_latest_only_with_trigger.py for tasks to queue
[2024-10-17T03:13:41.744+0000] {logging_mixin.py:188} INFO - [2024-10-17T03:13:41.743+0000] {dagbag.py:545} INFO - Filling up the DagBag from /home/airflow/.local/lib/python3.12/site-packages/airflow/example_dags/example_latest_only_with_trigger.py
[2024-10-17T03:13:41.752+0000] {processor.py:840} INFO - DAG(s) 'latest_only_with_trigger' retrieved from /home/airflow/.local/lib/python3.12/site-packages/airflow/example_dags/example_latest_only_with_trigger.py
[2024-10-17T03:13:41.793+0000] {logging_mixin.py:188} INFO - [2024-10-17T03:13:41.792+0000] {dag.py:3096} INFO - Sync 1 DAGs
[2024-10-17T03:13:41.836+0000] {logging_mixin.py:188} INFO - [2024-10-17T03:13:41.835+0000] {dag.py:3954} INFO - Setting next_dagrun for latest_only_with_trigger to 2024-10-16 20:00:00+00:00, run_after=2024-10-17 00:00:00+00:00
[2024-10-17T03:13:41.882+0000] {processor.py:183} INFO - Processing /home/airflow/.local/lib/python3.12/site-packages/airflow/example_dags/example_latest_only_with_trigger.py took 0.154 seconds
[2024-10-17T03:14:12.259+0000] {processor.py:161} INFO - Started process (PID=4104) to work on /home/airflow/.local/lib/python3.12/site-packages/airflow/example_dags/example_latest_only_with_trigger.py
[2024-10-17T03:14:12.262+0000] {processor.py:830} INFO - Processing file /home/airflow/.local/lib/python3.12/site-packages/airflow/example_dags/example_latest_only_with_trigger.py for tasks to queue
[2024-10-17T03:14:12.269+0000] {logging_mixin.py:188} INFO - [2024-10-17T03:14:12.267+0000] {dagbag.py:545} INFO - Filling up the DagBag from /home/airflow/.local/lib/python3.12/site-packages/airflow/example_dags/example_latest_only_with_trigger.py
[2024-10-17T03:14:12.283+0000] {processor.py:840} INFO - DAG(s) 'latest_only_with_trigger' retrieved from /home/airflow/.local/lib/python3.12/site-packages/airflow/example_dags/example_latest_only_with_trigger.py
[2024-10-17T03:14:12.349+0000] {logging_mixin.py:188} INFO - [2024-10-17T03:14:12.348+0000] {dag.py:3096} INFO - Sync 1 DAGs
[2024-10-17T03:14:12.416+0000] {logging_mixin.py:188} INFO - [2024-10-17T03:14:12.415+0000] {dag.py:3954} INFO - Setting next_dagrun for latest_only_with_trigger to 2024-10-16 20:00:00+00:00, run_after=2024-10-17 00:00:00+00:00
[2024-10-17T03:14:12.460+0000] {processor.py:183} INFO - Processing /home/airflow/.local/lib/python3.12/site-packages/airflow/example_dags/example_latest_only_with_trigger.py took 0.218 seconds
[2024-10-17T03:14:43.293+0000] {processor.py:161} INFO - Started process (PID=4373) to work on /home/airflow/.local/lib/python3.12/site-packages/airflow/example_dags/example_latest_only_with_trigger.py
[2024-10-17T03:14:43.295+0000] {processor.py:830} INFO - Processing file /home/airflow/.local/lib/python3.12/site-packages/airflow/example_dags/example_latest_only_with_trigger.py for tasks to queue
[2024-10-17T03:14:43.299+0000] {logging_mixin.py:188} INFO - [2024-10-17T03:14:43.298+0000] {dagbag.py:545} INFO - Filling up the DagBag from /home/airflow/.local/lib/python3.12/site-packages/airflow/example_dags/example_latest_only_with_trigger.py
[2024-10-17T03:14:43.314+0000] {processor.py:840} INFO - DAG(s) 'latest_only_with_trigger' retrieved from /home/airflow/.local/lib/python3.12/site-packages/airflow/example_dags/example_latest_only_with_trigger.py
[2024-10-17T03:14:43.375+0000] {logging_mixin.py:188} INFO - [2024-10-17T03:14:43.374+0000] {dag.py:3096} INFO - Sync 1 DAGs
[2024-10-17T03:14:43.423+0000] {logging_mixin.py:188} INFO - [2024-10-17T03:14:43.423+0000] {dag.py:3954} INFO - Setting next_dagrun for latest_only_with_trigger to 2024-10-16 20:00:00+00:00, run_after=2024-10-17 00:00:00+00:00
[2024-10-17T03:14:43.468+0000] {processor.py:183} INFO - Processing /home/airflow/.local/lib/python3.12/site-packages/airflow/example_dags/example_latest_only_with_trigger.py took 0.191 seconds
[2024-10-17T03:15:13.940+0000] {processor.py:161} INFO - Started process (PID=4639) to work on /home/airflow/.local/lib/python3.12/site-packages/airflow/example_dags/example_latest_only_with_trigger.py
[2024-10-17T03:15:13.942+0000] {processor.py:830} INFO - Processing file /home/airflow/.local/lib/python3.12/site-packages/airflow/example_dags/example_latest_only_with_trigger.py for tasks to queue
[2024-10-17T03:15:13.946+0000] {logging_mixin.py:188} INFO - [2024-10-17T03:15:13.945+0000] {dagbag.py:545} INFO - Filling up the DagBag from /home/airflow/.local/lib/python3.12/site-packages/airflow/example_dags/example_latest_only_with_trigger.py
[2024-10-17T03:15:13.958+0000] {processor.py:840} INFO - DAG(s) 'latest_only_with_trigger' retrieved from /home/airflow/.local/lib/python3.12/site-packages/airflow/example_dags/example_latest_only_with_trigger.py
[2024-10-17T03:15:13.998+0000] {logging_mixin.py:188} INFO - [2024-10-17T03:15:13.997+0000] {dag.py:3096} INFO - Sync 1 DAGs
[2024-10-17T03:15:14.038+0000] {logging_mixin.py:188} INFO - [2024-10-17T03:15:14.038+0000] {dag.py:3954} INFO - Setting next_dagrun for latest_only_with_trigger to 2024-10-16 20:00:00+00:00, run_after=2024-10-17 00:00:00+00:00
[2024-10-17T03:15:14.088+0000] {processor.py:183} INFO - Processing /home/airflow/.local/lib/python3.12/site-packages/airflow/example_dags/example_latest_only_with_trigger.py took 0.157 seconds
[2024-10-17T03:15:44.791+0000] {processor.py:161} INFO - Started process (PID=4905) to work on /home/airflow/.local/lib/python3.12/site-packages/airflow/example_dags/example_latest_only_with_trigger.py
[2024-10-17T03:15:44.793+0000] {processor.py:830} INFO - Processing file /home/airflow/.local/lib/python3.12/site-packages/airflow/example_dags/example_latest_only_with_trigger.py for tasks to queue
[2024-10-17T03:15:44.796+0000] {logging_mixin.py:188} INFO - [2024-10-17T03:15:44.795+0000] {dagbag.py:545} INFO - Filling up the DagBag from /home/airflow/.local/lib/python3.12/site-packages/airflow/example_dags/example_latest_only_with_trigger.py
[2024-10-17T03:15:44.807+0000] {processor.py:840} INFO - DAG(s) 'latest_only_with_trigger' retrieved from /home/airflow/.local/lib/python3.12/site-packages/airflow/example_dags/example_latest_only_with_trigger.py
[2024-10-17T03:15:44.850+0000] {logging_mixin.py:188} INFO - [2024-10-17T03:15:44.849+0000] {dag.py:3096} INFO - Sync 1 DAGs
[2024-10-17T03:15:44.891+0000] {logging_mixin.py:188} INFO - [2024-10-17T03:15:44.891+0000] {dag.py:3954} INFO - Setting next_dagrun for latest_only_with_trigger to 2024-10-16 20:00:00+00:00, run_after=2024-10-17 00:00:00+00:00
[2024-10-17T03:15:44.939+0000] {processor.py:183} INFO - Processing /home/airflow/.local/lib/python3.12/site-packages/airflow/example_dags/example_latest_only_with_trigger.py took 0.156 seconds
[2024-10-17T03:16:15.763+0000] {processor.py:161} INFO - Started process (PID=5171) to work on /home/airflow/.local/lib/python3.12/site-packages/airflow/example_dags/example_latest_only_with_trigger.py
[2024-10-17T03:16:15.765+0000] {processor.py:830} INFO - Processing file /home/airflow/.local/lib/python3.12/site-packages/airflow/example_dags/example_latest_only_with_trigger.py for tasks to queue
[2024-10-17T03:16:15.768+0000] {logging_mixin.py:188} INFO - [2024-10-17T03:16:15.768+0000] {dagbag.py:545} INFO - Filling up the DagBag from /home/airflow/.local/lib/python3.12/site-packages/airflow/example_dags/example_latest_only_with_trigger.py
[2024-10-17T03:16:15.777+0000] {processor.py:840} INFO - DAG(s) 'latest_only_with_trigger' retrieved from /home/airflow/.local/lib/python3.12/site-packages/airflow/example_dags/example_latest_only_with_trigger.py
[2024-10-17T03:16:15.815+0000] {logging_mixin.py:188} INFO - [2024-10-17T03:16:15.815+0000] {dag.py:3096} INFO - Sync 1 DAGs
[2024-10-17T03:16:15.859+0000] {logging_mixin.py:188} INFO - [2024-10-17T03:16:15.858+0000] {dag.py:3954} INFO - Setting next_dagrun for latest_only_with_trigger to 2024-10-16 20:00:00+00:00, run_after=2024-10-17 00:00:00+00:00
[2024-10-17T03:16:15.941+0000] {processor.py:183} INFO - Processing /home/airflow/.local/lib/python3.12/site-packages/airflow/example_dags/example_latest_only_with_trigger.py took 0.185 seconds
[2024-10-17T03:16:46.629+0000] {processor.py:161} INFO - Started process (PID=5437) to work on /home/airflow/.local/lib/python3.12/site-packages/airflow/example_dags/example_latest_only_with_trigger.py
[2024-10-17T03:16:46.631+0000] {processor.py:830} INFO - Processing file /home/airflow/.local/lib/python3.12/site-packages/airflow/example_dags/example_latest_only_with_trigger.py for tasks to queue
[2024-10-17T03:16:46.636+0000] {logging_mixin.py:188} INFO - [2024-10-17T03:16:46.635+0000] {dagbag.py:545} INFO - Filling up the DagBag from /home/airflow/.local/lib/python3.12/site-packages/airflow/example_dags/example_latest_only_with_trigger.py
[2024-10-17T03:16:46.644+0000] {processor.py:840} INFO - DAG(s) 'latest_only_with_trigger' retrieved from /home/airflow/.local/lib/python3.12/site-packages/airflow/example_dags/example_latest_only_with_trigger.py
[2024-10-17T03:16:46.690+0000] {logging_mixin.py:188} INFO - [2024-10-17T03:16:46.690+0000] {dag.py:3096} INFO - Sync 1 DAGs
[2024-10-17T03:16:46.740+0000] {logging_mixin.py:188} INFO - [2024-10-17T03:16:46.739+0000] {dag.py:3954} INFO - Setting next_dagrun for latest_only_with_trigger to 2024-10-16 20:00:00+00:00, run_after=2024-10-17 00:00:00+00:00
[2024-10-17T03:16:46.782+0000] {processor.py:183} INFO - Processing /home/airflow/.local/lib/python3.12/site-packages/airflow/example_dags/example_latest_only_with_trigger.py took 0.162 seconds
[2024-10-17T03:17:17.081+0000] {processor.py:161} INFO - Started process (PID=5703) to work on /home/airflow/.local/lib/python3.12/site-packages/airflow/example_dags/example_latest_only_with_trigger.py
[2024-10-17T03:17:17.084+0000] {processor.py:830} INFO - Processing file /home/airflow/.local/lib/python3.12/site-packages/airflow/example_dags/example_latest_only_with_trigger.py for tasks to queue
[2024-10-17T03:17:17.089+0000] {logging_mixin.py:188} INFO - [2024-10-17T03:17:17.088+0000] {dagbag.py:545} INFO - Filling up the DagBag from /home/airflow/.local/lib/python3.12/site-packages/airflow/example_dags/example_latest_only_with_trigger.py
[2024-10-17T03:17:17.100+0000] {processor.py:840} INFO - DAG(s) 'latest_only_with_trigger' retrieved from /home/airflow/.local/lib/python3.12/site-packages/airflow/example_dags/example_latest_only_with_trigger.py
[2024-10-17T03:17:17.149+0000] {logging_mixin.py:188} INFO - [2024-10-17T03:17:17.148+0000] {dag.py:3096} INFO - Sync 1 DAGs
[2024-10-17T03:17:17.202+0000] {logging_mixin.py:188} INFO - [2024-10-17T03:17:17.201+0000] {dag.py:3954} INFO - Setting next_dagrun for latest_only_with_trigger to 2024-10-16 20:00:00+00:00, run_after=2024-10-17 00:00:00+00:00
[2024-10-17T03:17:17.258+0000] {processor.py:183} INFO - Processing /home/airflow/.local/lib/python3.12/site-packages/airflow/example_dags/example_latest_only_with_trigger.py took 0.186 seconds
[2024-10-17T03:17:47.575+0000] {processor.py:161} INFO - Started process (PID=5969) to work on /home/airflow/.local/lib/python3.12/site-packages/airflow/example_dags/example_latest_only_with_trigger.py
[2024-10-17T03:17:47.577+0000] {processor.py:830} INFO - Processing file /home/airflow/.local/lib/python3.12/site-packages/airflow/example_dags/example_latest_only_with_trigger.py for tasks to queue
[2024-10-17T03:17:47.580+0000] {logging_mixin.py:188} INFO - [2024-10-17T03:17:47.580+0000] {dagbag.py:545} INFO - Filling up the DagBag from /home/airflow/.local/lib/python3.12/site-packages/airflow/example_dags/example_latest_only_with_trigger.py
[2024-10-17T03:17:47.591+0000] {processor.py:840} INFO - DAG(s) 'latest_only_with_trigger' retrieved from /home/airflow/.local/lib/python3.12/site-packages/airflow/example_dags/example_latest_only_with_trigger.py
[2024-10-17T03:17:47.634+0000] {logging_mixin.py:188} INFO - [2024-10-17T03:17:47.634+0000] {dag.py:3096} INFO - Sync 1 DAGs
[2024-10-17T03:17:47.679+0000] {logging_mixin.py:188} INFO - [2024-10-17T03:17:47.678+0000] {dag.py:3954} INFO - Setting next_dagrun for latest_only_with_trigger to 2024-10-16 20:00:00+00:00, run_after=2024-10-17 00:00:00+00:00
[2024-10-17T03:17:47.725+0000] {processor.py:183} INFO - Processing /home/airflow/.local/lib/python3.12/site-packages/airflow/example_dags/example_latest_only_with_trigger.py took 0.161 seconds
[2024-10-17T03:18:18.224+0000] {processor.py:161} INFO - Started process (PID=6240) to work on /home/airflow/.local/lib/python3.12/site-packages/airflow/example_dags/example_latest_only_with_trigger.py
[2024-10-17T03:18:18.226+0000] {processor.py:830} INFO - Processing file /home/airflow/.local/lib/python3.12/site-packages/airflow/example_dags/example_latest_only_with_trigger.py for tasks to queue
[2024-10-17T03:18:18.230+0000] {logging_mixin.py:188} INFO - [2024-10-17T03:18:18.229+0000] {dagbag.py:545} INFO - Filling up the DagBag from /home/airflow/.local/lib/python3.12/site-packages/airflow/example_dags/example_latest_only_with_trigger.py
[2024-10-17T03:18:18.244+0000] {processor.py:840} INFO - DAG(s) 'latest_only_with_trigger' retrieved from /home/airflow/.local/lib/python3.12/site-packages/airflow/example_dags/example_latest_only_with_trigger.py
[2024-10-17T03:18:18.294+0000] {logging_mixin.py:188} INFO - [2024-10-17T03:18:18.294+0000] {dag.py:3096} INFO - Sync 1 DAGs
[2024-10-17T03:18:18.342+0000] {logging_mixin.py:188} INFO - [2024-10-17T03:18:18.342+0000] {dag.py:3954} INFO - Setting next_dagrun for latest_only_with_trigger to 2024-10-16 20:00:00+00:00, run_after=2024-10-17 00:00:00+00:00
[2024-10-17T03:18:18.383+0000] {processor.py:183} INFO - Processing /home/airflow/.local/lib/python3.12/site-packages/airflow/example_dags/example_latest_only_with_trigger.py took 0.169 seconds
[2024-10-17T03:18:48.654+0000] {processor.py:161} INFO - Started process (PID=6500) to work on /home/airflow/.local/lib/python3.12/site-packages/airflow/example_dags/example_latest_only_with_trigger.py
[2024-10-17T03:18:48.656+0000] {processor.py:830} INFO - Processing file /home/airflow/.local/lib/python3.12/site-packages/airflow/example_dags/example_latest_only_with_trigger.py for tasks to queue
[2024-10-17T03:18:48.660+0000] {logging_mixin.py:188} INFO - [2024-10-17T03:18:48.659+0000] {dagbag.py:545} INFO - Filling up the DagBag from /home/airflow/.local/lib/python3.12/site-packages/airflow/example_dags/example_latest_only_with_trigger.py
[2024-10-17T03:18:48.671+0000] {processor.py:840} INFO - DAG(s) 'latest_only_with_trigger' retrieved from /home/airflow/.local/lib/python3.12/site-packages/airflow/example_dags/example_latest_only_with_trigger.py
[2024-10-17T03:18:48.716+0000] {logging_mixin.py:188} INFO - [2024-10-17T03:18:48.715+0000] {dag.py:3096} INFO - Sync 1 DAGs
[2024-10-17T03:18:48.758+0000] {logging_mixin.py:188} INFO - [2024-10-17T03:18:48.758+0000] {dag.py:3954} INFO - Setting next_dagrun for latest_only_with_trigger to 2024-10-16 20:00:00+00:00, run_after=2024-10-17 00:00:00+00:00
[2024-10-17T03:18:48.796+0000] {processor.py:183} INFO - Processing /home/airflow/.local/lib/python3.12/site-packages/airflow/example_dags/example_latest_only_with_trigger.py took 0.153 seconds
[2024-10-17T03:19:19.354+0000] {processor.py:161} INFO - Started process (PID=6766) to work on /home/airflow/.local/lib/python3.12/site-packages/airflow/example_dags/example_latest_only_with_trigger.py
[2024-10-17T03:19:19.355+0000] {processor.py:830} INFO - Processing file /home/airflow/.local/lib/python3.12/site-packages/airflow/example_dags/example_latest_only_with_trigger.py for tasks to queue
[2024-10-17T03:19:19.359+0000] {logging_mixin.py:188} INFO - [2024-10-17T03:19:19.358+0000] {dagbag.py:545} INFO - Filling up the DagBag from /home/airflow/.local/lib/python3.12/site-packages/airflow/example_dags/example_latest_only_with_trigger.py
[2024-10-17T03:19:19.367+0000] {processor.py:840} INFO - DAG(s) 'latest_only_with_trigger' retrieved from /home/airflow/.local/lib/python3.12/site-packages/airflow/example_dags/example_latest_only_with_trigger.py
[2024-10-17T03:19:19.404+0000] {logging_mixin.py:188} INFO - [2024-10-17T03:19:19.403+0000] {dag.py:3096} INFO - Sync 1 DAGs
[2024-10-17T03:19:19.441+0000] {logging_mixin.py:188} INFO - [2024-10-17T03:19:19.441+0000] {dag.py:3954} INFO - Setting next_dagrun for latest_only_with_trigger to 2024-10-16 20:00:00+00:00, run_after=2024-10-17 00:00:00+00:00
[2024-10-17T03:19:19.483+0000] {processor.py:183} INFO - Processing /home/airflow/.local/lib/python3.12/site-packages/airflow/example_dags/example_latest_only_with_trigger.py took 0.137 seconds
[2024-10-17T03:19:49.634+0000] {processor.py:161} INFO - Started process (PID=7032) to work on /home/airflow/.local/lib/python3.12/site-packages/airflow/example_dags/example_latest_only_with_trigger.py
[2024-10-17T03:19:49.636+0000] {processor.py:830} INFO - Processing file /home/airflow/.local/lib/python3.12/site-packages/airflow/example_dags/example_latest_only_with_trigger.py for tasks to queue
[2024-10-17T03:19:49.640+0000] {logging_mixin.py:188} INFO - [2024-10-17T03:19:49.639+0000] {dagbag.py:545} INFO - Filling up the DagBag from /home/airflow/.local/lib/python3.12/site-packages/airflow/example_dags/example_latest_only_with_trigger.py
[2024-10-17T03:19:49.647+0000] {processor.py:840} INFO - DAG(s) 'latest_only_with_trigger' retrieved from /home/airflow/.local/lib/python3.12/site-packages/airflow/example_dags/example_latest_only_with_trigger.py
[2024-10-17T03:19:49.704+0000] {logging_mixin.py:188} INFO - [2024-10-17T03:19:49.703+0000] {dag.py:3096} INFO - Sync 1 DAGs
[2024-10-17T03:19:49.769+0000] {logging_mixin.py:188} INFO - [2024-10-17T03:19:49.769+0000] {dag.py:3954} INFO - Setting next_dagrun for latest_only_with_trigger to 2024-10-16 20:00:00+00:00, run_after=2024-10-17 00:00:00+00:00
[2024-10-17T03:19:49.814+0000] {processor.py:183} INFO - Processing /home/airflow/.local/lib/python3.12/site-packages/airflow/example_dags/example_latest_only_with_trigger.py took 0.188 seconds
[2024-10-17T03:20:20.423+0000] {processor.py:161} INFO - Started process (PID=7298) to work on /home/airflow/.local/lib/python3.12/site-packages/airflow/example_dags/example_latest_only_with_trigger.py
[2024-10-17T03:20:20.425+0000] {processor.py:830} INFO - Processing file /home/airflow/.local/lib/python3.12/site-packages/airflow/example_dags/example_latest_only_with_trigger.py for tasks to queue
[2024-10-17T03:20:20.429+0000] {logging_mixin.py:188} INFO - [2024-10-17T03:20:20.428+0000] {dagbag.py:545} INFO - Filling up the DagBag from /home/airflow/.local/lib/python3.12/site-packages/airflow/example_dags/example_latest_only_with_trigger.py
[2024-10-17T03:20:20.441+0000] {processor.py:840} INFO - DAG(s) 'latest_only_with_trigger' retrieved from /home/airflow/.local/lib/python3.12/site-packages/airflow/example_dags/example_latest_only_with_trigger.py
[2024-10-17T03:20:20.492+0000] {logging_mixin.py:188} INFO - [2024-10-17T03:20:20.491+0000] {dag.py:3096} INFO - Sync 1 DAGs
[2024-10-17T03:20:20.548+0000] {logging_mixin.py:188} INFO - [2024-10-17T03:20:20.547+0000] {dag.py:3954} INFO - Setting next_dagrun for latest_only_with_trigger to 2024-10-16 20:00:00+00:00, run_after=2024-10-17 00:00:00+00:00
[2024-10-17T03:20:20.596+0000] {processor.py:183} INFO - Processing /home/airflow/.local/lib/python3.12/site-packages/airflow/example_dags/example_latest_only_with_trigger.py took 0.181 seconds
[2024-10-17T03:20:50.844+0000] {processor.py:161} INFO - Started process (PID=7564) to work on /home/airflow/.local/lib/python3.12/site-packages/airflow/example_dags/example_latest_only_with_trigger.py
[2024-10-17T03:20:50.846+0000] {processor.py:830} INFO - Processing file /home/airflow/.local/lib/python3.12/site-packages/airflow/example_dags/example_latest_only_with_trigger.py for tasks to queue
[2024-10-17T03:20:50.850+0000] {logging_mixin.py:188} INFO - [2024-10-17T03:20:50.849+0000] {dagbag.py:545} INFO - Filling up the DagBag from /home/airflow/.local/lib/python3.12/site-packages/airflow/example_dags/example_latest_only_with_trigger.py
[2024-10-17T03:20:50.858+0000] {processor.py:840} INFO - DAG(s) 'latest_only_with_trigger' retrieved from /home/airflow/.local/lib/python3.12/site-packages/airflow/example_dags/example_latest_only_with_trigger.py
[2024-10-17T03:20:50.906+0000] {logging_mixin.py:188} INFO - [2024-10-17T03:20:50.905+0000] {dag.py:3096} INFO - Sync 1 DAGs
[2024-10-17T03:20:50.956+0000] {logging_mixin.py:188} INFO - [2024-10-17T03:20:50.955+0000] {dag.py:3954} INFO - Setting next_dagrun for latest_only_with_trigger to 2024-10-16 20:00:00+00:00, run_after=2024-10-17 00:00:00+00:00
[2024-10-17T03:20:50.992+0000] {processor.py:183} INFO - Processing /home/airflow/.local/lib/python3.12/site-packages/airflow/example_dags/example_latest_only_with_trigger.py took 0.156 seconds
[2024-10-17T03:21:21.332+0000] {processor.py:161} INFO - Started process (PID=7830) to work on /home/airflow/.local/lib/python3.12/site-packages/airflow/example_dags/example_latest_only_with_trigger.py
[2024-10-17T03:21:21.334+0000] {processor.py:830} INFO - Processing file /home/airflow/.local/lib/python3.12/site-packages/airflow/example_dags/example_latest_only_with_trigger.py for tasks to queue
[2024-10-17T03:21:21.338+0000] {logging_mixin.py:188} INFO - [2024-10-17T03:21:21.337+0000] {dagbag.py:545} INFO - Filling up the DagBag from /home/airflow/.local/lib/python3.12/site-packages/airflow/example_dags/example_latest_only_with_trigger.py
[2024-10-17T03:21:21.347+0000] {processor.py:840} INFO - DAG(s) 'latest_only_with_trigger' retrieved from /home/airflow/.local/lib/python3.12/site-packages/airflow/example_dags/example_latest_only_with_trigger.py
[2024-10-17T03:21:21.390+0000] {logging_mixin.py:188} INFO - [2024-10-17T03:21:21.389+0000] {dag.py:3096} INFO - Sync 1 DAGs
[2024-10-17T03:21:21.435+0000] {logging_mixin.py:188} INFO - [2024-10-17T03:21:21.434+0000] {dag.py:3954} INFO - Setting next_dagrun for latest_only_with_trigger to 2024-10-16 20:00:00+00:00, run_after=2024-10-17 00:00:00+00:00
[2024-10-17T03:21:21.484+0000] {processor.py:183} INFO - Processing /home/airflow/.local/lib/python3.12/site-packages/airflow/example_dags/example_latest_only_with_trigger.py took 0.161 seconds
[2024-10-17T03:21:52.170+0000] {processor.py:161} INFO - Started process (PID=8096) to work on /home/airflow/.local/lib/python3.12/site-packages/airflow/example_dags/example_latest_only_with_trigger.py
[2024-10-17T03:21:52.172+0000] {processor.py:830} INFO - Processing file /home/airflow/.local/lib/python3.12/site-packages/airflow/example_dags/example_latest_only_with_trigger.py for tasks to queue
[2024-10-17T03:21:52.175+0000] {logging_mixin.py:188} INFO - [2024-10-17T03:21:52.175+0000] {dagbag.py:545} INFO - Filling up the DagBag from /home/airflow/.local/lib/python3.12/site-packages/airflow/example_dags/example_latest_only_with_trigger.py
[2024-10-17T03:21:52.184+0000] {processor.py:840} INFO - DAG(s) 'latest_only_with_trigger' retrieved from /home/airflow/.local/lib/python3.12/site-packages/airflow/example_dags/example_latest_only_with_trigger.py
[2024-10-17T03:21:52.225+0000] {logging_mixin.py:188} INFO - [2024-10-17T03:21:52.224+0000] {dag.py:3096} INFO - Sync 1 DAGs
[2024-10-17T03:21:52.277+0000] {logging_mixin.py:188} INFO - [2024-10-17T03:21:52.277+0000] {dag.py:3954} INFO - Setting next_dagrun for latest_only_with_trigger to 2024-10-16 20:00:00+00:00, run_after=2024-10-17 00:00:00+00:00
[2024-10-17T03:21:52.317+0000] {processor.py:183} INFO - Processing /home/airflow/.local/lib/python3.12/site-packages/airflow/example_dags/example_latest_only_with_trigger.py took 0.154 seconds
[2024-10-17T03:22:22.862+0000] {processor.py:161} INFO - Started process (PID=8362) to work on /home/airflow/.local/lib/python3.12/site-packages/airflow/example_dags/example_latest_only_with_trigger.py
[2024-10-17T03:22:22.864+0000] {processor.py:830} INFO - Processing file /home/airflow/.local/lib/python3.12/site-packages/airflow/example_dags/example_latest_only_with_trigger.py for tasks to queue
[2024-10-17T03:22:22.867+0000] {logging_mixin.py:188} INFO - [2024-10-17T03:22:22.867+0000] {dagbag.py:545} INFO - Filling up the DagBag from /home/airflow/.local/lib/python3.12/site-packages/airflow/example_dags/example_latest_only_with_trigger.py
[2024-10-17T03:22:22.882+0000] {processor.py:840} INFO - DAG(s) 'latest_only_with_trigger' retrieved from /home/airflow/.local/lib/python3.12/site-packages/airflow/example_dags/example_latest_only_with_trigger.py
[2024-10-17T03:22:22.938+0000] {logging_mixin.py:188} INFO - [2024-10-17T03:22:22.937+0000] {dag.py:3096} INFO - Sync 1 DAGs
[2024-10-17T03:22:22.984+0000] {logging_mixin.py:188} INFO - [2024-10-17T03:22:22.983+0000] {dag.py:3954} INFO - Setting next_dagrun for latest_only_with_trigger to 2024-10-16 20:00:00+00:00, run_after=2024-10-17 00:00:00+00:00
[2024-10-17T03:22:23.032+0000] {processor.py:183} INFO - Processing /home/airflow/.local/lib/python3.12/site-packages/airflow/example_dags/example_latest_only_with_trigger.py took 0.182 seconds
[2024-10-17T03:22:53.969+0000] {processor.py:161} INFO - Started process (PID=8630) to work on /home/airflow/.local/lib/python3.12/site-packages/airflow/example_dags/example_latest_only_with_trigger.py
[2024-10-17T03:22:53.972+0000] {processor.py:830} INFO - Processing file /home/airflow/.local/lib/python3.12/site-packages/airflow/example_dags/example_latest_only_with_trigger.py for tasks to queue
[2024-10-17T03:22:53.976+0000] {logging_mixin.py:188} INFO - [2024-10-17T03:22:53.975+0000] {dagbag.py:545} INFO - Filling up the DagBag from /home/airflow/.local/lib/python3.12/site-packages/airflow/example_dags/example_latest_only_with_trigger.py
[2024-10-17T03:22:53.991+0000] {processor.py:840} INFO - DAG(s) 'latest_only_with_trigger' retrieved from /home/airflow/.local/lib/python3.12/site-packages/airflow/example_dags/example_latest_only_with_trigger.py
[2024-10-17T03:22:54.042+0000] {logging_mixin.py:188} INFO - [2024-10-17T03:22:54.041+0000] {dag.py:3096} INFO - Sync 1 DAGs
[2024-10-17T03:22:54.092+0000] {logging_mixin.py:188} INFO - [2024-10-17T03:22:54.091+0000] {dag.py:3954} INFO - Setting next_dagrun for latest_only_with_trigger to 2024-10-16 20:00:00+00:00, run_after=2024-10-17 00:00:00+00:00
[2024-10-17T03:22:54.146+0000] {processor.py:183} INFO - Processing /home/airflow/.local/lib/python3.12/site-packages/airflow/example_dags/example_latest_only_with_trigger.py took 0.191 seconds
[2024-10-17T03:23:24.853+0000] {processor.py:161} INFO - Started process (PID=8894) to work on /home/airflow/.local/lib/python3.12/site-packages/airflow/example_dags/example_latest_only_with_trigger.py
[2024-10-17T03:23:24.855+0000] {processor.py:830} INFO - Processing file /home/airflow/.local/lib/python3.12/site-packages/airflow/example_dags/example_latest_only_with_trigger.py for tasks to queue
[2024-10-17T03:23:24.860+0000] {logging_mixin.py:188} INFO - [2024-10-17T03:23:24.859+0000] {dagbag.py:545} INFO - Filling up the DagBag from /home/airflow/.local/lib/python3.12/site-packages/airflow/example_dags/example_latest_only_with_trigger.py
[2024-10-17T03:23:24.870+0000] {processor.py:840} INFO - DAG(s) 'latest_only_with_trigger' retrieved from /home/airflow/.local/lib/python3.12/site-packages/airflow/example_dags/example_latest_only_with_trigger.py
[2024-10-17T03:23:24.913+0000] {logging_mixin.py:188} INFO - [2024-10-17T03:23:24.913+0000] {dag.py:3096} INFO - Sync 1 DAGs
[2024-10-17T03:23:24.965+0000] {logging_mixin.py:188} INFO - [2024-10-17T03:23:24.964+0000] {dag.py:3954} INFO - Setting next_dagrun for latest_only_with_trigger to 2024-10-16 20:00:00+00:00, run_after=2024-10-17 00:00:00+00:00
[2024-10-17T03:23:25.017+0000] {processor.py:183} INFO - Processing /home/airflow/.local/lib/python3.12/site-packages/airflow/example_dags/example_latest_only_with_trigger.py took 0.174 seconds
[2024-10-17T03:23:55.606+0000] {processor.py:161} INFO - Started process (PID=9160) to work on /home/airflow/.local/lib/python3.12/site-packages/airflow/example_dags/example_latest_only_with_trigger.py
[2024-10-17T03:23:55.609+0000] {processor.py:830} INFO - Processing file /home/airflow/.local/lib/python3.12/site-packages/airflow/example_dags/example_latest_only_with_trigger.py for tasks to queue
[2024-10-17T03:23:55.613+0000] {logging_mixin.py:188} INFO - [2024-10-17T03:23:55.612+0000] {dagbag.py:545} INFO - Filling up the DagBag from /home/airflow/.local/lib/python3.12/site-packages/airflow/example_dags/example_latest_only_with_trigger.py
[2024-10-17T03:23:55.629+0000] {processor.py:840} INFO - DAG(s) 'latest_only_with_trigger' retrieved from /home/airflow/.local/lib/python3.12/site-packages/airflow/example_dags/example_latest_only_with_trigger.py
[2024-10-17T03:23:55.713+0000] {logging_mixin.py:188} INFO - [2024-10-17T03:23:55.712+0000] {dag.py:3096} INFO - Sync 1 DAGs
[2024-10-17T03:23:55.768+0000] {logging_mixin.py:188} INFO - [2024-10-17T03:23:55.767+0000] {dag.py:3954} INFO - Setting next_dagrun for latest_only_with_trigger to 2024-10-16 20:00:00+00:00, run_after=2024-10-17 00:00:00+00:00
[2024-10-17T03:23:55.819+0000] {processor.py:183} INFO - Processing /home/airflow/.local/lib/python3.12/site-packages/airflow/example_dags/example_latest_only_with_trigger.py took 0.227 seconds
[2024-10-17T03:24:26.013+0000] {processor.py:161} INFO - Started process (PID=9426) to work on /home/airflow/.local/lib/python3.12/site-packages/airflow/example_dags/example_latest_only_with_trigger.py
[2024-10-17T03:24:26.015+0000] {processor.py:830} INFO - Processing file /home/airflow/.local/lib/python3.12/site-packages/airflow/example_dags/example_latest_only_with_trigger.py for tasks to queue
[2024-10-17T03:24:26.019+0000] {logging_mixin.py:188} INFO - [2024-10-17T03:24:26.019+0000] {dagbag.py:545} INFO - Filling up the DagBag from /home/airflow/.local/lib/python3.12/site-packages/airflow/example_dags/example_latest_only_with_trigger.py
[2024-10-17T03:24:26.030+0000] {processor.py:840} INFO - DAG(s) 'latest_only_with_trigger' retrieved from /home/airflow/.local/lib/python3.12/site-packages/airflow/example_dags/example_latest_only_with_trigger.py
[2024-10-17T03:24:26.078+0000] {logging_mixin.py:188} INFO - [2024-10-17T03:24:26.078+0000] {dag.py:3096} INFO - Sync 1 DAGs
[2024-10-17T03:24:26.130+0000] {logging_mixin.py:188} INFO - [2024-10-17T03:24:26.130+0000] {dag.py:3954} INFO - Setting next_dagrun for latest_only_with_trigger to 2024-10-16 20:00:00+00:00, run_after=2024-10-17 00:00:00+00:00
[2024-10-17T03:24:26.189+0000] {processor.py:183} INFO - Processing /home/airflow/.local/lib/python3.12/site-packages/airflow/example_dags/example_latest_only_with_trigger.py took 0.188 seconds
[2024-10-17T03:24:57.047+0000] {processor.py:161} INFO - Started process (PID=9692) to work on /home/airflow/.local/lib/python3.12/site-packages/airflow/example_dags/example_latest_only_with_trigger.py
[2024-10-17T03:24:57.049+0000] {processor.py:830} INFO - Processing file /home/airflow/.local/lib/python3.12/site-packages/airflow/example_dags/example_latest_only_with_trigger.py for tasks to queue
[2024-10-17T03:24:57.052+0000] {logging_mixin.py:188} INFO - [2024-10-17T03:24:57.052+0000] {dagbag.py:545} INFO - Filling up the DagBag from /home/airflow/.local/lib/python3.12/site-packages/airflow/example_dags/example_latest_only_with_trigger.py
[2024-10-17T03:24:57.063+0000] {processor.py:840} INFO - DAG(s) 'latest_only_with_trigger' retrieved from /home/airflow/.local/lib/python3.12/site-packages/airflow/example_dags/example_latest_only_with_trigger.py
[2024-10-17T03:24:57.105+0000] {logging_mixin.py:188} INFO - [2024-10-17T03:24:57.104+0000] {dag.py:3096} INFO - Sync 1 DAGs
[2024-10-17T03:24:57.149+0000] {logging_mixin.py:188} INFO - [2024-10-17T03:24:57.149+0000] {dag.py:3954} INFO - Setting next_dagrun for latest_only_with_trigger to 2024-10-16 20:00:00+00:00, run_after=2024-10-17 00:00:00+00:00
[2024-10-17T03:24:57.196+0000] {processor.py:183} INFO - Processing /home/airflow/.local/lib/python3.12/site-packages/airflow/example_dags/example_latest_only_with_trigger.py took 0.159 seconds
[2024-10-17T03:25:27.775+0000] {processor.py:161} INFO - Started process (PID=9958) to work on /home/airflow/.local/lib/python3.12/site-packages/airflow/example_dags/example_latest_only_with_trigger.py
[2024-10-17T03:25:27.776+0000] {processor.py:830} INFO - Processing file /home/airflow/.local/lib/python3.12/site-packages/airflow/example_dags/example_latest_only_with_trigger.py for tasks to queue
[2024-10-17T03:25:27.780+0000] {logging_mixin.py:188} INFO - [2024-10-17T03:25:27.779+0000] {dagbag.py:545} INFO - Filling up the DagBag from /home/airflow/.local/lib/python3.12/site-packages/airflow/example_dags/example_latest_only_with_trigger.py
[2024-10-17T03:25:27.789+0000] {processor.py:840} INFO - DAG(s) 'latest_only_with_trigger' retrieved from /home/airflow/.local/lib/python3.12/site-packages/airflow/example_dags/example_latest_only_with_trigger.py
[2024-10-17T03:25:27.833+0000] {logging_mixin.py:188} INFO - [2024-10-17T03:25:27.833+0000] {dag.py:3096} INFO - Sync 1 DAGs
[2024-10-17T03:25:27.880+0000] {logging_mixin.py:188} INFO - [2024-10-17T03:25:27.879+0000] {dag.py:3954} INFO - Setting next_dagrun for latest_only_with_trigger to 2024-10-16 20:00:00+00:00, run_after=2024-10-17 00:00:00+00:00
[2024-10-17T03:25:27.951+0000] {processor.py:183} INFO - Processing /home/airflow/.local/lib/python3.12/site-packages/airflow/example_dags/example_latest_only_with_trigger.py took 0.189 seconds
[2024-10-17T03:25:58.111+0000] {processor.py:161} INFO - Started process (PID=10224) to work on /home/airflow/.local/lib/python3.12/site-packages/airflow/example_dags/example_latest_only_with_trigger.py
[2024-10-17T03:25:58.113+0000] {processor.py:830} INFO - Processing file /home/airflow/.local/lib/python3.12/site-packages/airflow/example_dags/example_latest_only_with_trigger.py for tasks to queue
[2024-10-17T03:25:58.116+0000] {logging_mixin.py:188} INFO - [2024-10-17T03:25:58.116+0000] {dagbag.py:545} INFO - Filling up the DagBag from /home/airflow/.local/lib/python3.12/site-packages/airflow/example_dags/example_latest_only_with_trigger.py
[2024-10-17T03:25:58.125+0000] {processor.py:840} INFO - DAG(s) 'latest_only_with_trigger' retrieved from /home/airflow/.local/lib/python3.12/site-packages/airflow/example_dags/example_latest_only_with_trigger.py
[2024-10-17T03:25:58.163+0000] {logging_mixin.py:188} INFO - [2024-10-17T03:25:58.162+0000] {dag.py:3096} INFO - Sync 1 DAGs
[2024-10-17T03:25:58.209+0000] {logging_mixin.py:188} INFO - [2024-10-17T03:25:58.209+0000] {dag.py:3954} INFO - Setting next_dagrun for latest_only_with_trigger to 2024-10-16 20:00:00+00:00, run_after=2024-10-17 00:00:00+00:00
[2024-10-17T03:25:58.251+0000] {processor.py:183} INFO - Processing /home/airflow/.local/lib/python3.12/site-packages/airflow/example_dags/example_latest_only_with_trigger.py took 0.149 seconds
[2024-10-17T03:26:28.526+0000] {processor.py:161} INFO - Started process (PID=10490) to work on /home/airflow/.local/lib/python3.12/site-packages/airflow/example_dags/example_latest_only_with_trigger.py
[2024-10-17T03:26:28.528+0000] {processor.py:830} INFO - Processing file /home/airflow/.local/lib/python3.12/site-packages/airflow/example_dags/example_latest_only_with_trigger.py for tasks to queue
[2024-10-17T03:26:28.532+0000] {logging_mixin.py:188} INFO - [2024-10-17T03:26:28.531+0000] {dagbag.py:545} INFO - Filling up the DagBag from /home/airflow/.local/lib/python3.12/site-packages/airflow/example_dags/example_latest_only_with_trigger.py
[2024-10-17T03:26:28.541+0000] {processor.py:840} INFO - DAG(s) 'latest_only_with_trigger' retrieved from /home/airflow/.local/lib/python3.12/site-packages/airflow/example_dags/example_latest_only_with_trigger.py
[2024-10-17T03:26:28.592+0000] {logging_mixin.py:188} INFO - [2024-10-17T03:26:28.592+0000] {dag.py:3096} INFO - Sync 1 DAGs
[2024-10-17T03:26:28.642+0000] {logging_mixin.py:188} INFO - [2024-10-17T03:26:28.642+0000] {dag.py:3954} INFO - Setting next_dagrun for latest_only_with_trigger to 2024-10-16 20:00:00+00:00, run_after=2024-10-17 00:00:00+00:00
[2024-10-17T03:26:28.687+0000] {processor.py:183} INFO - Processing /home/airflow/.local/lib/python3.12/site-packages/airflow/example_dags/example_latest_only_with_trigger.py took 0.170 seconds
[2024-10-17T03:26:59.206+0000] {processor.py:161} INFO - Started process (PID=10756) to work on /home/airflow/.local/lib/python3.12/site-packages/airflow/example_dags/example_latest_only_with_trigger.py
[2024-10-17T03:26:59.210+0000] {processor.py:830} INFO - Processing file /home/airflow/.local/lib/python3.12/site-packages/airflow/example_dags/example_latest_only_with_trigger.py for tasks to queue
[2024-10-17T03:26:59.215+0000] {logging_mixin.py:188} INFO - [2024-10-17T03:26:59.214+0000] {dagbag.py:545} INFO - Filling up the DagBag from /home/airflow/.local/lib/python3.12/site-packages/airflow/example_dags/example_latest_only_with_trigger.py
[2024-10-17T03:26:59.236+0000] {processor.py:840} INFO - DAG(s) 'latest_only_with_trigger' retrieved from /home/airflow/.local/lib/python3.12/site-packages/airflow/example_dags/example_latest_only_with_trigger.py
[2024-10-17T03:26:59.300+0000] {logging_mixin.py:188} INFO - [2024-10-17T03:26:59.299+0000] {dag.py:3096} INFO - Sync 1 DAGs
[2024-10-17T03:26:59.339+0000] {logging_mixin.py:188} INFO - [2024-10-17T03:26:59.338+0000] {dag.py:3954} INFO - Setting next_dagrun for latest_only_with_trigger to 2024-10-16 20:00:00+00:00, run_after=2024-10-17 00:00:00+00:00
[2024-10-17T03:26:59.386+0000] {processor.py:183} INFO - Processing /home/airflow/.local/lib/python3.12/site-packages/airflow/example_dags/example_latest_only_with_trigger.py took 0.195 seconds
[2024-10-17T03:27:29.455+0000] {processor.py:161} INFO - Started process (PID=11020) to work on /home/airflow/.local/lib/python3.12/site-packages/airflow/example_dags/example_latest_only_with_trigger.py
[2024-10-17T03:27:29.456+0000] {processor.py:830} INFO - Processing file /home/airflow/.local/lib/python3.12/site-packages/airflow/example_dags/example_latest_only_with_trigger.py for tasks to queue
[2024-10-17T03:27:29.458+0000] {logging_mixin.py:188} INFO - [2024-10-17T03:27:29.457+0000] {dagbag.py:545} INFO - Filling up the DagBag from /home/airflow/.local/lib/python3.12/site-packages/airflow/example_dags/example_latest_only_with_trigger.py
[2024-10-17T03:27:29.463+0000] {processor.py:840} INFO - DAG(s) 'latest_only_with_trigger' retrieved from /home/airflow/.local/lib/python3.12/site-packages/airflow/example_dags/example_latest_only_with_trigger.py
[2024-10-17T03:27:29.484+0000] {logging_mixin.py:188} INFO - [2024-10-17T03:27:29.484+0000] {dag.py:3096} INFO - Sync 1 DAGs
[2024-10-17T03:27:29.506+0000] {logging_mixin.py:188} INFO - [2024-10-17T03:27:29.506+0000] {dag.py:3954} INFO - Setting next_dagrun for latest_only_with_trigger to 2024-10-16 20:00:00+00:00, run_after=2024-10-17 00:00:00+00:00
[2024-10-17T03:27:29.532+0000] {processor.py:183} INFO - Processing /home/airflow/.local/lib/python3.12/site-packages/airflow/example_dags/example_latest_only_with_trigger.py took 0.082 seconds
[2024-10-17T03:27:59.948+0000] {processor.py:161} INFO - Started process (PID=11284) to work on /home/airflow/.local/lib/python3.12/site-packages/airflow/example_dags/example_latest_only_with_trigger.py
[2024-10-17T03:27:59.950+0000] {processor.py:830} INFO - Processing file /home/airflow/.local/lib/python3.12/site-packages/airflow/example_dags/example_latest_only_with_trigger.py for tasks to queue
[2024-10-17T03:27:59.952+0000] {logging_mixin.py:188} INFO - [2024-10-17T03:27:59.951+0000] {dagbag.py:545} INFO - Filling up the DagBag from /home/airflow/.local/lib/python3.12/site-packages/airflow/example_dags/example_latest_only_with_trigger.py
[2024-10-17T03:27:59.956+0000] {processor.py:840} INFO - DAG(s) 'latest_only_with_trigger' retrieved from /home/airflow/.local/lib/python3.12/site-packages/airflow/example_dags/example_latest_only_with_trigger.py
[2024-10-17T03:27:59.980+0000] {logging_mixin.py:188} INFO - [2024-10-17T03:27:59.979+0000] {dag.py:3096} INFO - Sync 1 DAGs
[2024-10-17T03:28:00.004+0000] {logging_mixin.py:188} INFO - [2024-10-17T03:28:00.004+0000] {dag.py:3954} INFO - Setting next_dagrun for latest_only_with_trigger to 2024-10-16 20:00:00+00:00, run_after=2024-10-17 00:00:00+00:00
[2024-10-17T03:28:00.032+0000] {processor.py:183} INFO - Processing /home/airflow/.local/lib/python3.12/site-packages/airflow/example_dags/example_latest_only_with_trigger.py took 0.088 seconds
[2024-10-17T03:28:31.397+0000] {processor.py:161} INFO - Started process (PID=11555) to work on /home/airflow/.local/lib/python3.12/site-packages/airflow/example_dags/example_latest_only_with_trigger.py
[2024-10-17T03:28:31.400+0000] {processor.py:830} INFO - Processing file /home/airflow/.local/lib/python3.12/site-packages/airflow/example_dags/example_latest_only_with_trigger.py for tasks to queue
[2024-10-17T03:28:31.407+0000] {logging_mixin.py:188} INFO - [2024-10-17T03:28:31.406+0000] {dagbag.py:545} INFO - Filling up the DagBag from /home/airflow/.local/lib/python3.12/site-packages/airflow/example_dags/example_latest_only_with_trigger.py
[2024-10-17T03:28:31.418+0000] {processor.py:840} INFO - DAG(s) 'latest_only_with_trigger' retrieved from /home/airflow/.local/lib/python3.12/site-packages/airflow/example_dags/example_latest_only_with_trigger.py
[2024-10-17T03:28:31.453+0000] {logging_mixin.py:188} INFO - [2024-10-17T03:28:31.453+0000] {dag.py:3096} INFO - Sync 1 DAGs
[2024-10-17T03:28:31.480+0000] {logging_mixin.py:188} INFO - [2024-10-17T03:28:31.480+0000] {dag.py:3954} INFO - Setting next_dagrun for latest_only_with_trigger to 2024-10-16 20:00:00+00:00, run_after=2024-10-17 00:00:00+00:00
[2024-10-17T03:28:31.507+0000] {processor.py:183} INFO - Processing /home/airflow/.local/lib/python3.12/site-packages/airflow/example_dags/example_latest_only_with_trigger.py took 0.121 seconds
