[2024-10-17T03:06:53.401+0000] {processor.py:161} INFO - Started process (PID=320) to work on /home/airflow/.local/lib/python3.12/site-packages/airflow/example_dags/example_python_operator.py
[2024-10-17T03:06:53.402+0000] {processor.py:830} INFO - Processing file /home/airflow/.local/lib/python3.12/site-packages/airflow/example_dags/example_python_operator.py for tasks to queue
[2024-10-17T03:06:53.405+0000] {logging_mixin.py:188} INFO - [2024-10-17T03:06:53.405+0000] {dagbag.py:545} INFO - Filling up the DagBag from /home/airflow/.local/lib/python3.12/site-packages/airflow/example_dags/example_python_operator.py
[2024-10-17T03:06:53.430+0000] {processor.py:840} INFO - DAG(s) 'example_python_operator' retrieved from /home/airflow/.local/lib/python3.12/site-packages/airflow/example_dags/example_python_operator.py
[2024-10-17T03:06:53.802+0000] {logging_mixin.py:188} INFO - [2024-10-17T03:06:53.800+0000] {dag.py:3096} INFO - Sync 1 DAGs
[2024-10-17T03:06:53.853+0000] {logging_mixin.py:188} INFO - [2024-10-17T03:06:53.852+0000] {dag.py:3954} INFO - Setting next_dagrun for example_python_operator to None, run_after=None
[2024-10-17T03:06:53.907+0000] {processor.py:183} INFO - Processing /home/airflow/.local/lib/python3.12/site-packages/airflow/example_dags/example_python_operator.py took 0.515 seconds
[2024-10-17T03:07:24.333+0000] {processor.py:161} INFO - Started process (PID=586) to work on /home/airflow/.local/lib/python3.12/site-packages/airflow/example_dags/example_python_operator.py
[2024-10-17T03:07:24.335+0000] {processor.py:830} INFO - Processing file /home/airflow/.local/lib/python3.12/site-packages/airflow/example_dags/example_python_operator.py for tasks to queue
[2024-10-17T03:07:24.338+0000] {logging_mixin.py:188} INFO - [2024-10-17T03:07:24.337+0000] {dagbag.py:545} INFO - Filling up the DagBag from /home/airflow/.local/lib/python3.12/site-packages/airflow/example_dags/example_python_operator.py
[2024-10-17T03:07:24.347+0000] {processor.py:840} INFO - DAG(s) 'example_python_operator' retrieved from /home/airflow/.local/lib/python3.12/site-packages/airflow/example_dags/example_python_operator.py
[2024-10-17T03:07:24.375+0000] {logging_mixin.py:188} INFO - [2024-10-17T03:07:24.374+0000] {dag.py:3096} INFO - Sync 1 DAGs
[2024-10-17T03:07:24.388+0000] {logging_mixin.py:188} INFO - [2024-10-17T03:07:24.388+0000] {dag.py:3954} INFO - Setting next_dagrun for example_python_operator to None, run_after=None
[2024-10-17T03:07:25.466+0000] {processor.py:183} INFO - Processing /home/airflow/.local/lib/python3.12/site-packages/airflow/example_dags/example_python_operator.py took 1.137 seconds
[2024-10-17T03:07:55.706+0000] {processor.py:161} INFO - Started process (PID=854) to work on /home/airflow/.local/lib/python3.12/site-packages/airflow/example_dags/example_python_operator.py
[2024-10-17T03:07:55.708+0000] {processor.py:830} INFO - Processing file /home/airflow/.local/lib/python3.12/site-packages/airflow/example_dags/example_python_operator.py for tasks to queue
[2024-10-17T03:07:55.712+0000] {logging_mixin.py:188} INFO - [2024-10-17T03:07:55.711+0000] {dagbag.py:545} INFO - Filling up the DagBag from /home/airflow/.local/lib/python3.12/site-packages/airflow/example_dags/example_python_operator.py
[2024-10-17T03:07:55.744+0000] {processor.py:840} INFO - DAG(s) 'example_python_operator' retrieved from /home/airflow/.local/lib/python3.12/site-packages/airflow/example_dags/example_python_operator.py
[2024-10-17T03:07:55.801+0000] {logging_mixin.py:188} INFO - [2024-10-17T03:07:55.801+0000] {dag.py:3096} INFO - Sync 1 DAGs
[2024-10-17T03:07:55.835+0000] {logging_mixin.py:188} INFO - [2024-10-17T03:07:55.834+0000] {dag.py:3954} INFO - Setting next_dagrun for example_python_operator to None, run_after=None
[2024-10-17T03:07:55.893+0000] {processor.py:183} INFO - Processing /home/airflow/.local/lib/python3.12/site-packages/airflow/example_dags/example_python_operator.py took 0.199 seconds
[2024-10-17T03:08:26.132+0000] {processor.py:161} INFO - Started process (PID=1118) to work on /home/airflow/.local/lib/python3.12/site-packages/airflow/example_dags/example_python_operator.py
[2024-10-17T03:08:26.134+0000] {processor.py:830} INFO - Processing file /home/airflow/.local/lib/python3.12/site-packages/airflow/example_dags/example_python_operator.py for tasks to queue
[2024-10-17T03:08:26.137+0000] {logging_mixin.py:188} INFO - [2024-10-17T03:08:26.136+0000] {dagbag.py:545} INFO - Filling up the DagBag from /home/airflow/.local/lib/python3.12/site-packages/airflow/example_dags/example_python_operator.py
[2024-10-17T03:08:26.148+0000] {processor.py:840} INFO - DAG(s) 'example_python_operator' retrieved from /home/airflow/.local/lib/python3.12/site-packages/airflow/example_dags/example_python_operator.py
[2024-10-17T03:08:26.197+0000] {logging_mixin.py:188} INFO - [2024-10-17T03:08:26.196+0000] {dag.py:3096} INFO - Sync 1 DAGs
[2024-10-17T03:08:26.232+0000] {logging_mixin.py:188} INFO - [2024-10-17T03:08:26.232+0000] {dag.py:3954} INFO - Setting next_dagrun for example_python_operator to None, run_after=None
[2024-10-17T03:08:26.276+0000] {processor.py:183} INFO - Processing /home/airflow/.local/lib/python3.12/site-packages/airflow/example_dags/example_python_operator.py took 0.150 seconds
[2024-10-17T03:08:56.595+0000] {processor.py:161} INFO - Started process (PID=1384) to work on /home/airflow/.local/lib/python3.12/site-packages/airflow/example_dags/example_python_operator.py
[2024-10-17T03:08:56.597+0000] {processor.py:830} INFO - Processing file /home/airflow/.local/lib/python3.12/site-packages/airflow/example_dags/example_python_operator.py for tasks to queue
[2024-10-17T03:08:56.599+0000] {logging_mixin.py:188} INFO - [2024-10-17T03:08:56.599+0000] {dagbag.py:545} INFO - Filling up the DagBag from /home/airflow/.local/lib/python3.12/site-packages/airflow/example_dags/example_python_operator.py
[2024-10-17T03:08:56.610+0000] {processor.py:840} INFO - DAG(s) 'example_python_operator' retrieved from /home/airflow/.local/lib/python3.12/site-packages/airflow/example_dags/example_python_operator.py
[2024-10-17T03:08:56.638+0000] {logging_mixin.py:188} INFO - [2024-10-17T03:08:56.637+0000] {dag.py:3096} INFO - Sync 1 DAGs
[2024-10-17T03:08:56.654+0000] {logging_mixin.py:188} INFO - [2024-10-17T03:08:56.653+0000] {dag.py:3954} INFO - Setting next_dagrun for example_python_operator to None, run_after=None
[2024-10-17T03:08:56.704+0000] {processor.py:183} INFO - Processing /home/airflow/.local/lib/python3.12/site-packages/airflow/example_dags/example_python_operator.py took 0.116 seconds
[2024-10-17T03:09:27.211+0000] {processor.py:161} INFO - Started process (PID=1650) to work on /home/airflow/.local/lib/python3.12/site-packages/airflow/example_dags/example_python_operator.py
[2024-10-17T03:09:27.212+0000] {processor.py:830} INFO - Processing file /home/airflow/.local/lib/python3.12/site-packages/airflow/example_dags/example_python_operator.py for tasks to queue
[2024-10-17T03:09:27.215+0000] {logging_mixin.py:188} INFO - [2024-10-17T03:09:27.214+0000] {dagbag.py:545} INFO - Filling up the DagBag from /home/airflow/.local/lib/python3.12/site-packages/airflow/example_dags/example_python_operator.py
[2024-10-17T03:09:27.224+0000] {processor.py:840} INFO - DAG(s) 'example_python_operator' retrieved from /home/airflow/.local/lib/python3.12/site-packages/airflow/example_dags/example_python_operator.py
[2024-10-17T03:09:27.253+0000] {logging_mixin.py:188} INFO - [2024-10-17T03:09:27.252+0000] {dag.py:3096} INFO - Sync 1 DAGs
[2024-10-17T03:09:27.271+0000] {logging_mixin.py:188} INFO - [2024-10-17T03:09:27.270+0000] {dag.py:3954} INFO - Setting next_dagrun for example_python_operator to None, run_after=None
[2024-10-17T03:09:27.429+0000] {processor.py:183} INFO - Processing /home/airflow/.local/lib/python3.12/site-packages/airflow/example_dags/example_python_operator.py took 0.223 seconds
[2024-10-17T03:09:58.688+0000] {processor.py:161} INFO - Started process (PID=1916) to work on /home/airflow/.local/lib/python3.12/site-packages/airflow/example_dags/example_python_operator.py
[2024-10-17T03:09:58.691+0000] {processor.py:830} INFO - Processing file /home/airflow/.local/lib/python3.12/site-packages/airflow/example_dags/example_python_operator.py for tasks to queue
[2024-10-17T03:09:58.707+0000] {logging_mixin.py:188} INFO - [2024-10-17T03:09:58.704+0000] {dagbag.py:545} INFO - Filling up the DagBag from /home/airflow/.local/lib/python3.12/site-packages/airflow/example_dags/example_python_operator.py
[2024-10-17T03:09:58.730+0000] {processor.py:840} INFO - DAG(s) 'example_python_operator' retrieved from /home/airflow/.local/lib/python3.12/site-packages/airflow/example_dags/example_python_operator.py
[2024-10-17T03:09:58.780+0000] {logging_mixin.py:188} INFO - [2024-10-17T03:09:58.779+0000] {dag.py:3096} INFO - Sync 1 DAGs
[2024-10-17T03:09:58.813+0000] {logging_mixin.py:188} INFO - [2024-10-17T03:09:58.812+0000] {dag.py:3954} INFO - Setting next_dagrun for example_python_operator to None, run_after=None
[2024-10-17T03:09:58.997+0000] {processor.py:183} INFO - Processing /home/airflow/.local/lib/python3.12/site-packages/airflow/example_dags/example_python_operator.py took 0.321 seconds
[2024-10-17T03:10:29.451+0000] {processor.py:161} INFO - Started process (PID=2182) to work on /home/airflow/.local/lib/python3.12/site-packages/airflow/example_dags/example_python_operator.py
[2024-10-17T03:10:29.453+0000] {processor.py:830} INFO - Processing file /home/airflow/.local/lib/python3.12/site-packages/airflow/example_dags/example_python_operator.py for tasks to queue
[2024-10-17T03:10:29.460+0000] {logging_mixin.py:188} INFO - [2024-10-17T03:10:29.459+0000] {dagbag.py:545} INFO - Filling up the DagBag from /home/airflow/.local/lib/python3.12/site-packages/airflow/example_dags/example_python_operator.py
[2024-10-17T03:10:29.496+0000] {processor.py:840} INFO - DAG(s) 'example_python_operator' retrieved from /home/airflow/.local/lib/python3.12/site-packages/airflow/example_dags/example_python_operator.py
[2024-10-17T03:10:29.580+0000] {logging_mixin.py:188} INFO - [2024-10-17T03:10:29.579+0000] {dag.py:3096} INFO - Sync 1 DAGs
[2024-10-17T03:10:29.614+0000] {logging_mixin.py:188} INFO - [2024-10-17T03:10:29.613+0000] {dag.py:3954} INFO - Setting next_dagrun for example_python_operator to None, run_after=None
[2024-10-17T03:10:29.665+0000] {processor.py:183} INFO - Processing /home/airflow/.local/lib/python3.12/site-packages/airflow/example_dags/example_python_operator.py took 0.235 seconds
[2024-10-17T03:11:00.266+0000] {processor.py:161} INFO - Started process (PID=2448) to work on /home/airflow/.local/lib/python3.12/site-packages/airflow/example_dags/example_python_operator.py
[2024-10-17T03:11:00.269+0000] {processor.py:830} INFO - Processing file /home/airflow/.local/lib/python3.12/site-packages/airflow/example_dags/example_python_operator.py for tasks to queue
[2024-10-17T03:11:00.272+0000] {logging_mixin.py:188} INFO - [2024-10-17T03:11:00.272+0000] {dagbag.py:545} INFO - Filling up the DagBag from /home/airflow/.local/lib/python3.12/site-packages/airflow/example_dags/example_python_operator.py
[2024-10-17T03:11:00.291+0000] {processor.py:840} INFO - DAG(s) 'example_python_operator' retrieved from /home/airflow/.local/lib/python3.12/site-packages/airflow/example_dags/example_python_operator.py
[2024-10-17T03:11:00.333+0000] {logging_mixin.py:188} INFO - [2024-10-17T03:11:00.333+0000] {dag.py:3096} INFO - Sync 1 DAGs
[2024-10-17T03:11:00.359+0000] {logging_mixin.py:188} INFO - [2024-10-17T03:11:00.359+0000] {dag.py:3954} INFO - Setting next_dagrun for example_python_operator to None, run_after=None
[2024-10-17T03:11:00.414+0000] {processor.py:183} INFO - Processing /home/airflow/.local/lib/python3.12/site-packages/airflow/example_dags/example_python_operator.py took 0.159 seconds
[2024-10-17T03:11:31.623+0000] {processor.py:161} INFO - Started process (PID=2714) to work on /home/airflow/.local/lib/python3.12/site-packages/airflow/example_dags/example_python_operator.py
[2024-10-17T03:11:31.624+0000] {processor.py:830} INFO - Processing file /home/airflow/.local/lib/python3.12/site-packages/airflow/example_dags/example_python_operator.py for tasks to queue
[2024-10-17T03:11:31.629+0000] {logging_mixin.py:188} INFO - [2024-10-17T03:11:31.628+0000] {dagbag.py:545} INFO - Filling up the DagBag from /home/airflow/.local/lib/python3.12/site-packages/airflow/example_dags/example_python_operator.py
[2024-10-17T03:11:31.647+0000] {processor.py:840} INFO - DAG(s) 'example_python_operator' retrieved from /home/airflow/.local/lib/python3.12/site-packages/airflow/example_dags/example_python_operator.py
[2024-10-17T03:11:31.693+0000] {logging_mixin.py:188} INFO - [2024-10-17T03:11:31.693+0000] {dag.py:3096} INFO - Sync 1 DAGs
[2024-10-17T03:11:31.722+0000] {logging_mixin.py:188} INFO - [2024-10-17T03:11:31.722+0000] {dag.py:3954} INFO - Setting next_dagrun for example_python_operator to None, run_after=None
[2024-10-17T03:11:31.773+0000] {processor.py:183} INFO - Processing /home/airflow/.local/lib/python3.12/site-packages/airflow/example_dags/example_python_operator.py took 0.159 seconds
[2024-10-17T03:12:02.157+0000] {processor.py:161} INFO - Started process (PID=2980) to work on /home/airflow/.local/lib/python3.12/site-packages/airflow/example_dags/example_python_operator.py
[2024-10-17T03:12:02.159+0000] {processor.py:830} INFO - Processing file /home/airflow/.local/lib/python3.12/site-packages/airflow/example_dags/example_python_operator.py for tasks to queue
[2024-10-17T03:12:02.163+0000] {logging_mixin.py:188} INFO - [2024-10-17T03:12:02.163+0000] {dagbag.py:545} INFO - Filling up the DagBag from /home/airflow/.local/lib/python3.12/site-packages/airflow/example_dags/example_python_operator.py
[2024-10-17T03:12:02.183+0000] {processor.py:840} INFO - DAG(s) 'example_python_operator' retrieved from /home/airflow/.local/lib/python3.12/site-packages/airflow/example_dags/example_python_operator.py
[2024-10-17T03:12:02.230+0000] {logging_mixin.py:188} INFO - [2024-10-17T03:12:02.230+0000] {dag.py:3096} INFO - Sync 1 DAGs
[2024-10-17T03:12:02.256+0000] {logging_mixin.py:188} INFO - [2024-10-17T03:12:02.255+0000] {dag.py:3954} INFO - Setting next_dagrun for example_python_operator to None, run_after=None
[2024-10-17T03:12:02.309+0000] {processor.py:183} INFO - Processing /home/airflow/.local/lib/python3.12/site-packages/airflow/example_dags/example_python_operator.py took 0.162 seconds
[2024-10-17T03:12:33.770+0000] {processor.py:161} INFO - Started process (PID=3246) to work on /home/airflow/.local/lib/python3.12/site-packages/airflow/example_dags/example_python_operator.py
[2024-10-17T03:12:33.772+0000] {processor.py:830} INFO - Processing file /home/airflow/.local/lib/python3.12/site-packages/airflow/example_dags/example_python_operator.py for tasks to queue
[2024-10-17T03:12:33.776+0000] {logging_mixin.py:188} INFO - [2024-10-17T03:12:33.775+0000] {dagbag.py:545} INFO - Filling up the DagBag from /home/airflow/.local/lib/python3.12/site-packages/airflow/example_dags/example_python_operator.py
[2024-10-17T03:12:33.797+0000] {processor.py:840} INFO - DAG(s) 'example_python_operator' retrieved from /home/airflow/.local/lib/python3.12/site-packages/airflow/example_dags/example_python_operator.py
[2024-10-17T03:12:33.841+0000] {logging_mixin.py:188} INFO - [2024-10-17T03:12:33.841+0000] {dag.py:3096} INFO - Sync 1 DAGs
[2024-10-17T03:12:33.871+0000] {logging_mixin.py:188} INFO - [2024-10-17T03:12:33.871+0000] {dag.py:3954} INFO - Setting next_dagrun for example_python_operator to None, run_after=None
[2024-10-17T03:12:33.922+0000] {processor.py:183} INFO - Processing /home/airflow/.local/lib/python3.12/site-packages/airflow/example_dags/example_python_operator.py took 0.161 seconds
[2024-10-17T03:13:04.455+0000] {processor.py:161} INFO - Started process (PID=3512) to work on /home/airflow/.local/lib/python3.12/site-packages/airflow/example_dags/example_python_operator.py
[2024-10-17T03:13:04.457+0000] {processor.py:830} INFO - Processing file /home/airflow/.local/lib/python3.12/site-packages/airflow/example_dags/example_python_operator.py for tasks to queue
[2024-10-17T03:13:04.461+0000] {logging_mixin.py:188} INFO - [2024-10-17T03:13:04.460+0000] {dagbag.py:545} INFO - Filling up the DagBag from /home/airflow/.local/lib/python3.12/site-packages/airflow/example_dags/example_python_operator.py
[2024-10-17T03:13:04.477+0000] {processor.py:840} INFO - DAG(s) 'example_python_operator' retrieved from /home/airflow/.local/lib/python3.12/site-packages/airflow/example_dags/example_python_operator.py
[2024-10-17T03:13:04.519+0000] {logging_mixin.py:188} INFO - [2024-10-17T03:13:04.518+0000] {dag.py:3096} INFO - Sync 1 DAGs
[2024-10-17T03:13:04.541+0000] {logging_mixin.py:188} INFO - [2024-10-17T03:13:04.541+0000] {dag.py:3954} INFO - Setting next_dagrun for example_python_operator to None, run_after=None
[2024-10-17T03:13:04.589+0000] {processor.py:183} INFO - Processing /home/airflow/.local/lib/python3.12/site-packages/airflow/example_dags/example_python_operator.py took 0.142 seconds
[2024-10-17T03:13:36.194+0000] {processor.py:161} INFO - Started process (PID=3778) to work on /home/airflow/.local/lib/python3.12/site-packages/airflow/example_dags/example_python_operator.py
[2024-10-17T03:13:36.197+0000] {processor.py:830} INFO - Processing file /home/airflow/.local/lib/python3.12/site-packages/airflow/example_dags/example_python_operator.py for tasks to queue
[2024-10-17T03:13:36.200+0000] {logging_mixin.py:188} INFO - [2024-10-17T03:13:36.199+0000] {dagbag.py:545} INFO - Filling up the DagBag from /home/airflow/.local/lib/python3.12/site-packages/airflow/example_dags/example_python_operator.py
[2024-10-17T03:13:36.220+0000] {processor.py:840} INFO - DAG(s) 'example_python_operator' retrieved from /home/airflow/.local/lib/python3.12/site-packages/airflow/example_dags/example_python_operator.py
[2024-10-17T03:13:36.281+0000] {logging_mixin.py:188} INFO - [2024-10-17T03:13:36.281+0000] {dag.py:3096} INFO - Sync 1 DAGs
[2024-10-17T03:13:36.310+0000] {logging_mixin.py:188} INFO - [2024-10-17T03:13:36.309+0000] {dag.py:3954} INFO - Setting next_dagrun for example_python_operator to None, run_after=None
[2024-10-17T03:13:36.365+0000] {processor.py:183} INFO - Processing /home/airflow/.local/lib/python3.12/site-packages/airflow/example_dags/example_python_operator.py took 0.181 seconds
[2024-10-17T03:14:07.263+0000] {processor.py:161} INFO - Started process (PID=4046) to work on /home/airflow/.local/lib/python3.12/site-packages/airflow/example_dags/example_python_operator.py
[2024-10-17T03:14:07.264+0000] {processor.py:830} INFO - Processing file /home/airflow/.local/lib/python3.12/site-packages/airflow/example_dags/example_python_operator.py for tasks to queue
[2024-10-17T03:14:07.268+0000] {logging_mixin.py:188} INFO - [2024-10-17T03:14:07.267+0000] {dagbag.py:545} INFO - Filling up the DagBag from /home/airflow/.local/lib/python3.12/site-packages/airflow/example_dags/example_python_operator.py
[2024-10-17T03:14:07.284+0000] {processor.py:840} INFO - DAG(s) 'example_python_operator' retrieved from /home/airflow/.local/lib/python3.12/site-packages/airflow/example_dags/example_python_operator.py
[2024-10-17T03:14:07.326+0000] {logging_mixin.py:188} INFO - [2024-10-17T03:14:07.325+0000] {dag.py:3096} INFO - Sync 1 DAGs
[2024-10-17T03:14:07.356+0000] {logging_mixin.py:188} INFO - [2024-10-17T03:14:07.355+0000] {dag.py:3954} INFO - Setting next_dagrun for example_python_operator to None, run_after=None
[2024-10-17T03:14:07.403+0000] {processor.py:183} INFO - Processing /home/airflow/.local/lib/python3.12/site-packages/airflow/example_dags/example_python_operator.py took 0.150 seconds
[2024-10-17T03:14:38.416+0000] {processor.py:161} INFO - Started process (PID=4311) to work on /home/airflow/.local/lib/python3.12/site-packages/airflow/example_dags/example_python_operator.py
[2024-10-17T03:14:38.418+0000] {processor.py:830} INFO - Processing file /home/airflow/.local/lib/python3.12/site-packages/airflow/example_dags/example_python_operator.py for tasks to queue
[2024-10-17T03:14:38.422+0000] {logging_mixin.py:188} INFO - [2024-10-17T03:14:38.421+0000] {dagbag.py:545} INFO - Filling up the DagBag from /home/airflow/.local/lib/python3.12/site-packages/airflow/example_dags/example_python_operator.py
[2024-10-17T03:14:38.461+0000] {processor.py:840} INFO - DAG(s) 'example_python_operator' retrieved from /home/airflow/.local/lib/python3.12/site-packages/airflow/example_dags/example_python_operator.py
[2024-10-17T03:14:38.513+0000] {logging_mixin.py:188} INFO - [2024-10-17T03:14:38.512+0000] {dag.py:3096} INFO - Sync 1 DAGs
[2024-10-17T03:14:38.537+0000] {logging_mixin.py:188} INFO - [2024-10-17T03:14:38.537+0000] {dag.py:3954} INFO - Setting next_dagrun for example_python_operator to None, run_after=None
[2024-10-17T03:14:38.584+0000] {processor.py:183} INFO - Processing /home/airflow/.local/lib/python3.12/site-packages/airflow/example_dags/example_python_operator.py took 0.178 seconds
[2024-10-17T03:15:09.341+0000] {processor.py:161} INFO - Started process (PID=4577) to work on /home/airflow/.local/lib/python3.12/site-packages/airflow/example_dags/example_python_operator.py
[2024-10-17T03:15:09.342+0000] {processor.py:830} INFO - Processing file /home/airflow/.local/lib/python3.12/site-packages/airflow/example_dags/example_python_operator.py for tasks to queue
[2024-10-17T03:15:09.346+0000] {logging_mixin.py:188} INFO - [2024-10-17T03:15:09.345+0000] {dagbag.py:545} INFO - Filling up the DagBag from /home/airflow/.local/lib/python3.12/site-packages/airflow/example_dags/example_python_operator.py
[2024-10-17T03:15:09.361+0000] {processor.py:840} INFO - DAG(s) 'example_python_operator' retrieved from /home/airflow/.local/lib/python3.12/site-packages/airflow/example_dags/example_python_operator.py
[2024-10-17T03:15:09.405+0000] {logging_mixin.py:188} INFO - [2024-10-17T03:15:09.404+0000] {dag.py:3096} INFO - Sync 1 DAGs
[2024-10-17T03:15:09.428+0000] {logging_mixin.py:188} INFO - [2024-10-17T03:15:09.428+0000] {dag.py:3954} INFO - Setting next_dagrun for example_python_operator to None, run_after=None
[2024-10-17T03:15:09.471+0000] {processor.py:183} INFO - Processing /home/airflow/.local/lib/python3.12/site-packages/airflow/example_dags/example_python_operator.py took 0.139 seconds
[2024-10-17T03:15:39.829+0000] {processor.py:161} INFO - Started process (PID=4843) to work on /home/airflow/.local/lib/python3.12/site-packages/airflow/example_dags/example_python_operator.py
[2024-10-17T03:15:39.831+0000] {processor.py:830} INFO - Processing file /home/airflow/.local/lib/python3.12/site-packages/airflow/example_dags/example_python_operator.py for tasks to queue
[2024-10-17T03:15:39.834+0000] {logging_mixin.py:188} INFO - [2024-10-17T03:15:39.833+0000] {dagbag.py:545} INFO - Filling up the DagBag from /home/airflow/.local/lib/python3.12/site-packages/airflow/example_dags/example_python_operator.py
[2024-10-17T03:15:39.851+0000] {processor.py:840} INFO - DAG(s) 'example_python_operator' retrieved from /home/airflow/.local/lib/python3.12/site-packages/airflow/example_dags/example_python_operator.py
[2024-10-17T03:15:39.894+0000] {logging_mixin.py:188} INFO - [2024-10-17T03:15:39.893+0000] {dag.py:3096} INFO - Sync 1 DAGs
[2024-10-17T03:15:39.916+0000] {logging_mixin.py:188} INFO - [2024-10-17T03:15:39.916+0000] {dag.py:3954} INFO - Setting next_dagrun for example_python_operator to None, run_after=None
[2024-10-17T03:15:39.963+0000] {processor.py:183} INFO - Processing /home/airflow/.local/lib/python3.12/site-packages/airflow/example_dags/example_python_operator.py took 0.141 seconds
[2024-10-17T03:16:10.644+0000] {processor.py:161} INFO - Started process (PID=5109) to work on /home/airflow/.local/lib/python3.12/site-packages/airflow/example_dags/example_python_operator.py
[2024-10-17T03:16:10.646+0000] {processor.py:830} INFO - Processing file /home/airflow/.local/lib/python3.12/site-packages/airflow/example_dags/example_python_operator.py for tasks to queue
[2024-10-17T03:16:10.651+0000] {logging_mixin.py:188} INFO - [2024-10-17T03:16:10.650+0000] {dagbag.py:545} INFO - Filling up the DagBag from /home/airflow/.local/lib/python3.12/site-packages/airflow/example_dags/example_python_operator.py
[2024-10-17T03:16:10.671+0000] {processor.py:840} INFO - DAG(s) 'example_python_operator' retrieved from /home/airflow/.local/lib/python3.12/site-packages/airflow/example_dags/example_python_operator.py
[2024-10-17T03:16:10.722+0000] {logging_mixin.py:188} INFO - [2024-10-17T03:16:10.721+0000] {dag.py:3096} INFO - Sync 1 DAGs
[2024-10-17T03:16:10.751+0000] {logging_mixin.py:188} INFO - [2024-10-17T03:16:10.750+0000] {dag.py:3954} INFO - Setting next_dagrun for example_python_operator to None, run_after=None
[2024-10-17T03:16:10.800+0000] {processor.py:183} INFO - Processing /home/airflow/.local/lib/python3.12/site-packages/airflow/example_dags/example_python_operator.py took 0.166 seconds
[2024-10-17T03:16:41.465+0000] {processor.py:161} INFO - Started process (PID=5375) to work on /home/airflow/.local/lib/python3.12/site-packages/airflow/example_dags/example_python_operator.py
[2024-10-17T03:16:41.467+0000] {processor.py:830} INFO - Processing file /home/airflow/.local/lib/python3.12/site-packages/airflow/example_dags/example_python_operator.py for tasks to queue
[2024-10-17T03:16:41.471+0000] {logging_mixin.py:188} INFO - [2024-10-17T03:16:41.470+0000] {dagbag.py:545} INFO - Filling up the DagBag from /home/airflow/.local/lib/python3.12/site-packages/airflow/example_dags/example_python_operator.py
[2024-10-17T03:16:41.497+0000] {processor.py:840} INFO - DAG(s) 'example_python_operator' retrieved from /home/airflow/.local/lib/python3.12/site-packages/airflow/example_dags/example_python_operator.py
[2024-10-17T03:16:41.551+0000] {logging_mixin.py:188} INFO - [2024-10-17T03:16:41.550+0000] {dag.py:3096} INFO - Sync 1 DAGs
[2024-10-17T03:16:41.585+0000] {logging_mixin.py:188} INFO - [2024-10-17T03:16:41.585+0000] {dag.py:3954} INFO - Setting next_dagrun for example_python_operator to None, run_after=None
[2024-10-17T03:16:41.639+0000] {processor.py:183} INFO - Processing /home/airflow/.local/lib/python3.12/site-packages/airflow/example_dags/example_python_operator.py took 0.187 seconds
[2024-10-17T03:17:12.066+0000] {processor.py:161} INFO - Started process (PID=5641) to work on /home/airflow/.local/lib/python3.12/site-packages/airflow/example_dags/example_python_operator.py
[2024-10-17T03:17:12.068+0000] {processor.py:830} INFO - Processing file /home/airflow/.local/lib/python3.12/site-packages/airflow/example_dags/example_python_operator.py for tasks to queue
[2024-10-17T03:17:12.072+0000] {logging_mixin.py:188} INFO - [2024-10-17T03:17:12.071+0000] {dagbag.py:545} INFO - Filling up the DagBag from /home/airflow/.local/lib/python3.12/site-packages/airflow/example_dags/example_python_operator.py
[2024-10-17T03:17:12.091+0000] {processor.py:840} INFO - DAG(s) 'example_python_operator' retrieved from /home/airflow/.local/lib/python3.12/site-packages/airflow/example_dags/example_python_operator.py
[2024-10-17T03:17:12.139+0000] {logging_mixin.py:188} INFO - [2024-10-17T03:17:12.138+0000] {dag.py:3096} INFO - Sync 1 DAGs
[2024-10-17T03:17:12.166+0000] {logging_mixin.py:188} INFO - [2024-10-17T03:17:12.165+0000] {dag.py:3954} INFO - Setting next_dagrun for example_python_operator to None, run_after=None
[2024-10-17T03:17:12.222+0000] {processor.py:183} INFO - Processing /home/airflow/.local/lib/python3.12/site-packages/airflow/example_dags/example_python_operator.py took 0.165 seconds
[2024-10-17T03:17:42.658+0000] {processor.py:161} INFO - Started process (PID=5909) to work on /home/airflow/.local/lib/python3.12/site-packages/airflow/example_dags/example_python_operator.py
[2024-10-17T03:17:42.660+0000] {processor.py:830} INFO - Processing file /home/airflow/.local/lib/python3.12/site-packages/airflow/example_dags/example_python_operator.py for tasks to queue
[2024-10-17T03:17:42.664+0000] {logging_mixin.py:188} INFO - [2024-10-17T03:17:42.663+0000] {dagbag.py:545} INFO - Filling up the DagBag from /home/airflow/.local/lib/python3.12/site-packages/airflow/example_dags/example_python_operator.py
[2024-10-17T03:17:42.680+0000] {processor.py:840} INFO - DAG(s) 'example_python_operator' retrieved from /home/airflow/.local/lib/python3.12/site-packages/airflow/example_dags/example_python_operator.py
[2024-10-17T03:17:42.724+0000] {logging_mixin.py:188} INFO - [2024-10-17T03:17:42.724+0000] {dag.py:3096} INFO - Sync 1 DAGs
[2024-10-17T03:17:42.750+0000] {logging_mixin.py:188} INFO - [2024-10-17T03:17:42.750+0000] {dag.py:3954} INFO - Setting next_dagrun for example_python_operator to None, run_after=None
[2024-10-17T03:17:42.798+0000] {processor.py:183} INFO - Processing /home/airflow/.local/lib/python3.12/site-packages/airflow/example_dags/example_python_operator.py took 0.147 seconds
[2024-10-17T03:18:13.137+0000] {processor.py:161} INFO - Started process (PID=6173) to work on /home/airflow/.local/lib/python3.12/site-packages/airflow/example_dags/example_python_operator.py
[2024-10-17T03:18:13.138+0000] {processor.py:830} INFO - Processing file /home/airflow/.local/lib/python3.12/site-packages/airflow/example_dags/example_python_operator.py for tasks to queue
[2024-10-17T03:18:13.142+0000] {logging_mixin.py:188} INFO - [2024-10-17T03:18:13.142+0000] {dagbag.py:545} INFO - Filling up the DagBag from /home/airflow/.local/lib/python3.12/site-packages/airflow/example_dags/example_python_operator.py
[2024-10-17T03:18:13.167+0000] {processor.py:840} INFO - DAG(s) 'example_python_operator' retrieved from /home/airflow/.local/lib/python3.12/site-packages/airflow/example_dags/example_python_operator.py
[2024-10-17T03:18:13.236+0000] {logging_mixin.py:188} INFO - [2024-10-17T03:18:13.235+0000] {dag.py:3096} INFO - Sync 1 DAGs
[2024-10-17T03:18:13.263+0000] {logging_mixin.py:188} INFO - [2024-10-17T03:18:13.263+0000] {dag.py:3954} INFO - Setting next_dagrun for example_python_operator to None, run_after=None
[2024-10-17T03:18:13.310+0000] {processor.py:183} INFO - Processing /home/airflow/.local/lib/python3.12/site-packages/airflow/example_dags/example_python_operator.py took 0.181 seconds
[2024-10-17T03:18:43.645+0000] {processor.py:161} INFO - Started process (PID=6440) to work on /home/airflow/.local/lib/python3.12/site-packages/airflow/example_dags/example_python_operator.py
[2024-10-17T03:18:43.646+0000] {processor.py:830} INFO - Processing file /home/airflow/.local/lib/python3.12/site-packages/airflow/example_dags/example_python_operator.py for tasks to queue
[2024-10-17T03:18:43.650+0000] {logging_mixin.py:188} INFO - [2024-10-17T03:18:43.649+0000] {dagbag.py:545} INFO - Filling up the DagBag from /home/airflow/.local/lib/python3.12/site-packages/airflow/example_dags/example_python_operator.py
[2024-10-17T03:18:43.669+0000] {processor.py:840} INFO - DAG(s) 'example_python_operator' retrieved from /home/airflow/.local/lib/python3.12/site-packages/airflow/example_dags/example_python_operator.py
[2024-10-17T03:18:43.744+0000] {logging_mixin.py:188} INFO - [2024-10-17T03:18:43.744+0000] {dag.py:3096} INFO - Sync 1 DAGs
[2024-10-17T03:18:43.769+0000] {logging_mixin.py:188} INFO - [2024-10-17T03:18:43.769+0000] {dag.py:3954} INFO - Setting next_dagrun for example_python_operator to None, run_after=None
[2024-10-17T03:18:43.811+0000] {processor.py:183} INFO - Processing /home/airflow/.local/lib/python3.12/site-packages/airflow/example_dags/example_python_operator.py took 0.176 seconds
[2024-10-17T03:19:14.528+0000] {processor.py:161} INFO - Started process (PID=6706) to work on /home/airflow/.local/lib/python3.12/site-packages/airflow/example_dags/example_python_operator.py
[2024-10-17T03:19:14.531+0000] {processor.py:830} INFO - Processing file /home/airflow/.local/lib/python3.12/site-packages/airflow/example_dags/example_python_operator.py for tasks to queue
[2024-10-17T03:19:14.538+0000] {logging_mixin.py:188} INFO - [2024-10-17T03:19:14.536+0000] {dagbag.py:545} INFO - Filling up the DagBag from /home/airflow/.local/lib/python3.12/site-packages/airflow/example_dags/example_python_operator.py
[2024-10-17T03:19:14.564+0000] {processor.py:840} INFO - DAG(s) 'example_python_operator' retrieved from /home/airflow/.local/lib/python3.12/site-packages/airflow/example_dags/example_python_operator.py
[2024-10-17T03:19:14.653+0000] {logging_mixin.py:188} INFO - [2024-10-17T03:19:14.652+0000] {dag.py:3096} INFO - Sync 1 DAGs
[2024-10-17T03:19:14.676+0000] {logging_mixin.py:188} INFO - [2024-10-17T03:19:14.676+0000] {dag.py:3954} INFO - Setting next_dagrun for example_python_operator to None, run_after=None
[2024-10-17T03:19:14.732+0000] {processor.py:183} INFO - Processing /home/airflow/.local/lib/python3.12/site-packages/airflow/example_dags/example_python_operator.py took 0.227 seconds
[2024-10-17T03:19:44.911+0000] {processor.py:161} INFO - Started process (PID=6972) to work on /home/airflow/.local/lib/python3.12/site-packages/airflow/example_dags/example_python_operator.py
[2024-10-17T03:19:44.913+0000] {processor.py:830} INFO - Processing file /home/airflow/.local/lib/python3.12/site-packages/airflow/example_dags/example_python_operator.py for tasks to queue
[2024-10-17T03:19:44.916+0000] {logging_mixin.py:188} INFO - [2024-10-17T03:19:44.915+0000] {dagbag.py:545} INFO - Filling up the DagBag from /home/airflow/.local/lib/python3.12/site-packages/airflow/example_dags/example_python_operator.py
[2024-10-17T03:19:44.934+0000] {processor.py:840} INFO - DAG(s) 'example_python_operator' retrieved from /home/airflow/.local/lib/python3.12/site-packages/airflow/example_dags/example_python_operator.py
[2024-10-17T03:19:44.977+0000] {logging_mixin.py:188} INFO - [2024-10-17T03:19:44.976+0000] {dag.py:3096} INFO - Sync 1 DAGs
[2024-10-17T03:19:45.004+0000] {logging_mixin.py:188} INFO - [2024-10-17T03:19:45.004+0000] {dag.py:3954} INFO - Setting next_dagrun for example_python_operator to None, run_after=None
[2024-10-17T03:19:45.049+0000] {processor.py:183} INFO - Processing /home/airflow/.local/lib/python3.12/site-packages/airflow/example_dags/example_python_operator.py took 0.146 seconds
[2024-10-17T03:20:15.537+0000] {processor.py:161} INFO - Started process (PID=7238) to work on /home/airflow/.local/lib/python3.12/site-packages/airflow/example_dags/example_python_operator.py
[2024-10-17T03:20:15.540+0000] {processor.py:830} INFO - Processing file /home/airflow/.local/lib/python3.12/site-packages/airflow/example_dags/example_python_operator.py for tasks to queue
[2024-10-17T03:20:15.545+0000] {logging_mixin.py:188} INFO - [2024-10-17T03:20:15.544+0000] {dagbag.py:545} INFO - Filling up the DagBag from /home/airflow/.local/lib/python3.12/site-packages/airflow/example_dags/example_python_operator.py
[2024-10-17T03:20:15.569+0000] {processor.py:840} INFO - DAG(s) 'example_python_operator' retrieved from /home/airflow/.local/lib/python3.12/site-packages/airflow/example_dags/example_python_operator.py
[2024-10-17T03:20:15.618+0000] {logging_mixin.py:188} INFO - [2024-10-17T03:20:15.617+0000] {dag.py:3096} INFO - Sync 1 DAGs
[2024-10-17T03:20:15.645+0000] {logging_mixin.py:188} INFO - [2024-10-17T03:20:15.645+0000] {dag.py:3954} INFO - Setting next_dagrun for example_python_operator to None, run_after=None
[2024-10-17T03:20:15.694+0000] {processor.py:183} INFO - Processing /home/airflow/.local/lib/python3.12/site-packages/airflow/example_dags/example_python_operator.py took 0.171 seconds
[2024-10-17T03:20:45.905+0000] {processor.py:161} INFO - Started process (PID=7504) to work on /home/airflow/.local/lib/python3.12/site-packages/airflow/example_dags/example_python_operator.py
[2024-10-17T03:20:45.907+0000] {processor.py:830} INFO - Processing file /home/airflow/.local/lib/python3.12/site-packages/airflow/example_dags/example_python_operator.py for tasks to queue
[2024-10-17T03:20:45.910+0000] {logging_mixin.py:188} INFO - [2024-10-17T03:20:45.910+0000] {dagbag.py:545} INFO - Filling up the DagBag from /home/airflow/.local/lib/python3.12/site-packages/airflow/example_dags/example_python_operator.py
[2024-10-17T03:20:45.926+0000] {processor.py:840} INFO - DAG(s) 'example_python_operator' retrieved from /home/airflow/.local/lib/python3.12/site-packages/airflow/example_dags/example_python_operator.py
[2024-10-17T03:20:45.969+0000] {logging_mixin.py:188} INFO - [2024-10-17T03:20:45.969+0000] {dag.py:3096} INFO - Sync 1 DAGs
[2024-10-17T03:20:45.995+0000] {logging_mixin.py:188} INFO - [2024-10-17T03:20:45.995+0000] {dag.py:3954} INFO - Setting next_dagrun for example_python_operator to None, run_after=None
[2024-10-17T03:20:46.040+0000] {processor.py:183} INFO - Processing /home/airflow/.local/lib/python3.12/site-packages/airflow/example_dags/example_python_operator.py took 0.145 seconds
[2024-10-17T03:21:16.197+0000] {processor.py:161} INFO - Started process (PID=7765) to work on /home/airflow/.local/lib/python3.12/site-packages/airflow/example_dags/example_python_operator.py
[2024-10-17T03:21:16.199+0000] {processor.py:830} INFO - Processing file /home/airflow/.local/lib/python3.12/site-packages/airflow/example_dags/example_python_operator.py for tasks to queue
[2024-10-17T03:21:16.202+0000] {logging_mixin.py:188} INFO - [2024-10-17T03:21:16.202+0000] {dagbag.py:545} INFO - Filling up the DagBag from /home/airflow/.local/lib/python3.12/site-packages/airflow/example_dags/example_python_operator.py
[2024-10-17T03:21:16.219+0000] {processor.py:840} INFO - DAG(s) 'example_python_operator' retrieved from /home/airflow/.local/lib/python3.12/site-packages/airflow/example_dags/example_python_operator.py
[2024-10-17T03:21:16.259+0000] {logging_mixin.py:188} INFO - [2024-10-17T03:21:16.258+0000] {dag.py:3096} INFO - Sync 1 DAGs
[2024-10-17T03:21:16.283+0000] {logging_mixin.py:188} INFO - [2024-10-17T03:21:16.282+0000] {dag.py:3954} INFO - Setting next_dagrun for example_python_operator to None, run_after=None
[2024-10-17T03:21:16.326+0000] {processor.py:183} INFO - Processing /home/airflow/.local/lib/python3.12/site-packages/airflow/example_dags/example_python_operator.py took 0.138 seconds
[2024-10-17T03:21:46.842+0000] {processor.py:161} INFO - Started process (PID=8031) to work on /home/airflow/.local/lib/python3.12/site-packages/airflow/example_dags/example_python_operator.py
[2024-10-17T03:21:46.844+0000] {processor.py:830} INFO - Processing file /home/airflow/.local/lib/python3.12/site-packages/airflow/example_dags/example_python_operator.py for tasks to queue
[2024-10-17T03:21:46.848+0000] {logging_mixin.py:188} INFO - [2024-10-17T03:21:46.847+0000] {dagbag.py:545} INFO - Filling up the DagBag from /home/airflow/.local/lib/python3.12/site-packages/airflow/example_dags/example_python_operator.py
[2024-10-17T03:21:46.863+0000] {processor.py:840} INFO - DAG(s) 'example_python_operator' retrieved from /home/airflow/.local/lib/python3.12/site-packages/airflow/example_dags/example_python_operator.py
[2024-10-17T03:21:46.911+0000] {logging_mixin.py:188} INFO - [2024-10-17T03:21:46.910+0000] {dag.py:3096} INFO - Sync 1 DAGs
[2024-10-17T03:21:46.939+0000] {logging_mixin.py:188} INFO - [2024-10-17T03:21:46.938+0000] {dag.py:3954} INFO - Setting next_dagrun for example_python_operator to None, run_after=None
[2024-10-17T03:21:46.983+0000] {processor.py:183} INFO - Processing /home/airflow/.local/lib/python3.12/site-packages/airflow/example_dags/example_python_operator.py took 0.152 seconds
[2024-10-17T03:22:17.424+0000] {processor.py:161} INFO - Started process (PID=8297) to work on /home/airflow/.local/lib/python3.12/site-packages/airflow/example_dags/example_python_operator.py
[2024-10-17T03:22:17.427+0000] {processor.py:830} INFO - Processing file /home/airflow/.local/lib/python3.12/site-packages/airflow/example_dags/example_python_operator.py for tasks to queue
[2024-10-17T03:22:17.431+0000] {logging_mixin.py:188} INFO - [2024-10-17T03:22:17.430+0000] {dagbag.py:545} INFO - Filling up the DagBag from /home/airflow/.local/lib/python3.12/site-packages/airflow/example_dags/example_python_operator.py
[2024-10-17T03:22:17.448+0000] {processor.py:840} INFO - DAG(s) 'example_python_operator' retrieved from /home/airflow/.local/lib/python3.12/site-packages/airflow/example_dags/example_python_operator.py
[2024-10-17T03:22:17.488+0000] {logging_mixin.py:188} INFO - [2024-10-17T03:22:17.487+0000] {dag.py:3096} INFO - Sync 1 DAGs
[2024-10-17T03:22:17.515+0000] {logging_mixin.py:188} INFO - [2024-10-17T03:22:17.515+0000] {dag.py:3954} INFO - Setting next_dagrun for example_python_operator to None, run_after=None
[2024-10-17T03:22:17.565+0000] {processor.py:183} INFO - Processing /home/airflow/.local/lib/python3.12/site-packages/airflow/example_dags/example_python_operator.py took 0.155 seconds
[2024-10-17T03:22:47.901+0000] {processor.py:161} INFO - Started process (PID=8563) to work on /home/airflow/.local/lib/python3.12/site-packages/airflow/example_dags/example_python_operator.py
[2024-10-17T03:22:47.903+0000] {processor.py:830} INFO - Processing file /home/airflow/.local/lib/python3.12/site-packages/airflow/example_dags/example_python_operator.py for tasks to queue
[2024-10-17T03:22:47.906+0000] {logging_mixin.py:188} INFO - [2024-10-17T03:22:47.905+0000] {dagbag.py:545} INFO - Filling up the DagBag from /home/airflow/.local/lib/python3.12/site-packages/airflow/example_dags/example_python_operator.py
[2024-10-17T03:22:47.921+0000] {processor.py:840} INFO - DAG(s) 'example_python_operator' retrieved from /home/airflow/.local/lib/python3.12/site-packages/airflow/example_dags/example_python_operator.py
[2024-10-17T03:22:47.963+0000] {logging_mixin.py:188} INFO - [2024-10-17T03:22:47.962+0000] {dag.py:3096} INFO - Sync 1 DAGs
[2024-10-17T03:22:47.988+0000] {logging_mixin.py:188} INFO - [2024-10-17T03:22:47.988+0000] {dag.py:3954} INFO - Setting next_dagrun for example_python_operator to None, run_after=None
[2024-10-17T03:22:48.031+0000] {processor.py:183} INFO - Processing /home/airflow/.local/lib/python3.12/site-packages/airflow/example_dags/example_python_operator.py took 0.138 seconds
[2024-10-17T03:23:18.570+0000] {processor.py:161} INFO - Started process (PID=8829) to work on /home/airflow/.local/lib/python3.12/site-packages/airflow/example_dags/example_python_operator.py
[2024-10-17T03:23:18.572+0000] {processor.py:830} INFO - Processing file /home/airflow/.local/lib/python3.12/site-packages/airflow/example_dags/example_python_operator.py for tasks to queue
[2024-10-17T03:23:18.575+0000] {logging_mixin.py:188} INFO - [2024-10-17T03:23:18.574+0000] {dagbag.py:545} INFO - Filling up the DagBag from /home/airflow/.local/lib/python3.12/site-packages/airflow/example_dags/example_python_operator.py
[2024-10-17T03:23:18.592+0000] {processor.py:840} INFO - DAG(s) 'example_python_operator' retrieved from /home/airflow/.local/lib/python3.12/site-packages/airflow/example_dags/example_python_operator.py
[2024-10-17T03:23:18.634+0000] {logging_mixin.py:188} INFO - [2024-10-17T03:23:18.634+0000] {dag.py:3096} INFO - Sync 1 DAGs
[2024-10-17T03:23:18.660+0000] {logging_mixin.py:188} INFO - [2024-10-17T03:23:18.660+0000] {dag.py:3954} INFO - Setting next_dagrun for example_python_operator to None, run_after=None
[2024-10-17T03:23:18.705+0000] {processor.py:183} INFO - Processing /home/airflow/.local/lib/python3.12/site-packages/airflow/example_dags/example_python_operator.py took 0.143 seconds
[2024-10-17T03:23:49.570+0000] {processor.py:161} INFO - Started process (PID=9097) to work on /home/airflow/.local/lib/python3.12/site-packages/airflow/example_dags/example_python_operator.py
[2024-10-17T03:23:49.572+0000] {processor.py:830} INFO - Processing file /home/airflow/.local/lib/python3.12/site-packages/airflow/example_dags/example_python_operator.py for tasks to queue
[2024-10-17T03:23:49.575+0000] {logging_mixin.py:188} INFO - [2024-10-17T03:23:49.575+0000] {dagbag.py:545} INFO - Filling up the DagBag from /home/airflow/.local/lib/python3.12/site-packages/airflow/example_dags/example_python_operator.py
[2024-10-17T03:23:49.591+0000] {processor.py:840} INFO - DAG(s) 'example_python_operator' retrieved from /home/airflow/.local/lib/python3.12/site-packages/airflow/example_dags/example_python_operator.py
[2024-10-17T03:23:49.632+0000] {logging_mixin.py:188} INFO - [2024-10-17T03:23:49.632+0000] {dag.py:3096} INFO - Sync 1 DAGs
[2024-10-17T03:23:49.656+0000] {logging_mixin.py:188} INFO - [2024-10-17T03:23:49.655+0000] {dag.py:3954} INFO - Setting next_dagrun for example_python_operator to None, run_after=None
[2024-10-17T03:23:49.709+0000] {processor.py:183} INFO - Processing /home/airflow/.local/lib/python3.12/site-packages/airflow/example_dags/example_python_operator.py took 0.147 seconds
[2024-10-17T03:24:20.347+0000] {processor.py:161} INFO - Started process (PID=9361) to work on /home/airflow/.local/lib/python3.12/site-packages/airflow/example_dags/example_python_operator.py
[2024-10-17T03:24:20.350+0000] {processor.py:830} INFO - Processing file /home/airflow/.local/lib/python3.12/site-packages/airflow/example_dags/example_python_operator.py for tasks to queue
[2024-10-17T03:24:20.353+0000] {logging_mixin.py:188} INFO - [2024-10-17T03:24:20.353+0000] {dagbag.py:545} INFO - Filling up the DagBag from /home/airflow/.local/lib/python3.12/site-packages/airflow/example_dags/example_python_operator.py
[2024-10-17T03:24:20.377+0000] {processor.py:840} INFO - DAG(s) 'example_python_operator' retrieved from /home/airflow/.local/lib/python3.12/site-packages/airflow/example_dags/example_python_operator.py
[2024-10-17T03:24:20.431+0000] {logging_mixin.py:188} INFO - [2024-10-17T03:24:20.431+0000] {dag.py:3096} INFO - Sync 1 DAGs
[2024-10-17T03:24:20.471+0000] {logging_mixin.py:188} INFO - [2024-10-17T03:24:20.471+0000] {dag.py:3954} INFO - Setting next_dagrun for example_python_operator to None, run_after=None
[2024-10-17T03:24:20.517+0000] {processor.py:183} INFO - Processing /home/airflow/.local/lib/python3.12/site-packages/airflow/example_dags/example_python_operator.py took 0.183 seconds
[2024-10-17T03:24:50.990+0000] {processor.py:161} INFO - Started process (PID=9629) to work on /home/airflow/.local/lib/python3.12/site-packages/airflow/example_dags/example_python_operator.py
[2024-10-17T03:24:50.992+0000] {processor.py:830} INFO - Processing file /home/airflow/.local/lib/python3.12/site-packages/airflow/example_dags/example_python_operator.py for tasks to queue
[2024-10-17T03:24:50.995+0000] {logging_mixin.py:188} INFO - [2024-10-17T03:24:50.995+0000] {dagbag.py:545} INFO - Filling up the DagBag from /home/airflow/.local/lib/python3.12/site-packages/airflow/example_dags/example_python_operator.py
[2024-10-17T03:24:51.010+0000] {processor.py:840} INFO - DAG(s) 'example_python_operator' retrieved from /home/airflow/.local/lib/python3.12/site-packages/airflow/example_dags/example_python_operator.py
[2024-10-17T03:24:51.052+0000] {logging_mixin.py:188} INFO - [2024-10-17T03:24:51.051+0000] {dag.py:3096} INFO - Sync 1 DAGs
[2024-10-17T03:24:51.097+0000] {logging_mixin.py:188} INFO - [2024-10-17T03:24:51.096+0000] {dag.py:3954} INFO - Setting next_dagrun for example_python_operator to None, run_after=None
[2024-10-17T03:24:51.145+0000] {processor.py:183} INFO - Processing /home/airflow/.local/lib/python3.12/site-packages/airflow/example_dags/example_python_operator.py took 0.163 seconds
[2024-10-17T03:25:21.357+0000] {processor.py:161} INFO - Started process (PID=9895) to work on /home/airflow/.local/lib/python3.12/site-packages/airflow/example_dags/example_python_operator.py
[2024-10-17T03:25:21.360+0000] {processor.py:830} INFO - Processing file /home/airflow/.local/lib/python3.12/site-packages/airflow/example_dags/example_python_operator.py for tasks to queue
[2024-10-17T03:25:21.363+0000] {logging_mixin.py:188} INFO - [2024-10-17T03:25:21.363+0000] {dagbag.py:545} INFO - Filling up the DagBag from /home/airflow/.local/lib/python3.12/site-packages/airflow/example_dags/example_python_operator.py
[2024-10-17T03:25:21.380+0000] {processor.py:840} INFO - DAG(s) 'example_python_operator' retrieved from /home/airflow/.local/lib/python3.12/site-packages/airflow/example_dags/example_python_operator.py
[2024-10-17T03:25:21.423+0000] {logging_mixin.py:188} INFO - [2024-10-17T03:25:21.422+0000] {dag.py:3096} INFO - Sync 1 DAGs
[2024-10-17T03:25:21.446+0000] {logging_mixin.py:188} INFO - [2024-10-17T03:25:21.446+0000] {dag.py:3954} INFO - Setting next_dagrun for example_python_operator to None, run_after=None
[2024-10-17T03:25:21.492+0000] {processor.py:183} INFO - Processing /home/airflow/.local/lib/python3.12/site-packages/airflow/example_dags/example_python_operator.py took 0.144 seconds
[2024-10-17T03:25:52.054+0000] {processor.py:161} INFO - Started process (PID=10159) to work on /home/airflow/.local/lib/python3.12/site-packages/airflow/example_dags/example_python_operator.py
[2024-10-17T03:25:52.056+0000] {processor.py:830} INFO - Processing file /home/airflow/.local/lib/python3.12/site-packages/airflow/example_dags/example_python_operator.py for tasks to queue
[2024-10-17T03:25:52.060+0000] {logging_mixin.py:188} INFO - [2024-10-17T03:25:52.059+0000] {dagbag.py:545} INFO - Filling up the DagBag from /home/airflow/.local/lib/python3.12/site-packages/airflow/example_dags/example_python_operator.py
[2024-10-17T03:25:52.077+0000] {processor.py:840} INFO - DAG(s) 'example_python_operator' retrieved from /home/airflow/.local/lib/python3.12/site-packages/airflow/example_dags/example_python_operator.py
[2024-10-17T03:25:52.116+0000] {logging_mixin.py:188} INFO - [2024-10-17T03:25:52.116+0000] {dag.py:3096} INFO - Sync 1 DAGs
[2024-10-17T03:25:52.138+0000] {logging_mixin.py:188} INFO - [2024-10-17T03:25:52.137+0000] {dag.py:3954} INFO - Setting next_dagrun for example_python_operator to None, run_after=None
[2024-10-17T03:25:52.182+0000] {processor.py:183} INFO - Processing /home/airflow/.local/lib/python3.12/site-packages/airflow/example_dags/example_python_operator.py took 0.140 seconds
[2024-10-17T03:26:22.714+0000] {processor.py:161} INFO - Started process (PID=10425) to work on /home/airflow/.local/lib/python3.12/site-packages/airflow/example_dags/example_python_operator.py
[2024-10-17T03:26:22.716+0000] {processor.py:830} INFO - Processing file /home/airflow/.local/lib/python3.12/site-packages/airflow/example_dags/example_python_operator.py for tasks to queue
[2024-10-17T03:26:22.721+0000] {logging_mixin.py:188} INFO - [2024-10-17T03:26:22.721+0000] {dagbag.py:545} INFO - Filling up the DagBag from /home/airflow/.local/lib/python3.12/site-packages/airflow/example_dags/example_python_operator.py
[2024-10-17T03:26:22.746+0000] {processor.py:840} INFO - DAG(s) 'example_python_operator' retrieved from /home/airflow/.local/lib/python3.12/site-packages/airflow/example_dags/example_python_operator.py
[2024-10-17T03:26:22.820+0000] {logging_mixin.py:188} INFO - [2024-10-17T03:26:22.819+0000] {dag.py:3096} INFO - Sync 1 DAGs
[2024-10-17T03:26:22.871+0000] {logging_mixin.py:188} INFO - [2024-10-17T03:26:22.870+0000] {dag.py:3954} INFO - Setting next_dagrun for example_python_operator to None, run_after=None
[2024-10-17T03:26:22.943+0000] {processor.py:183} INFO - Processing /home/airflow/.local/lib/python3.12/site-packages/airflow/example_dags/example_python_operator.py took 0.242 seconds
[2024-10-17T03:26:53.202+0000] {processor.py:161} INFO - Started process (PID=10691) to work on /home/airflow/.local/lib/python3.12/site-packages/airflow/example_dags/example_python_operator.py
[2024-10-17T03:26:53.205+0000] {processor.py:830} INFO - Processing file /home/airflow/.local/lib/python3.12/site-packages/airflow/example_dags/example_python_operator.py for tasks to queue
[2024-10-17T03:26:53.209+0000] {logging_mixin.py:188} INFO - [2024-10-17T03:26:53.208+0000] {dagbag.py:545} INFO - Filling up the DagBag from /home/airflow/.local/lib/python3.12/site-packages/airflow/example_dags/example_python_operator.py
[2024-10-17T03:26:53.228+0000] {processor.py:840} INFO - DAG(s) 'example_python_operator' retrieved from /home/airflow/.local/lib/python3.12/site-packages/airflow/example_dags/example_python_operator.py
[2024-10-17T03:26:53.298+0000] {logging_mixin.py:188} INFO - [2024-10-17T03:26:53.297+0000] {dag.py:3096} INFO - Sync 1 DAGs
[2024-10-17T03:26:53.338+0000] {logging_mixin.py:188} INFO - [2024-10-17T03:26:53.338+0000] {dag.py:3954} INFO - Setting next_dagrun for example_python_operator to None, run_after=None
[2024-10-17T03:26:53.395+0000] {processor.py:183} INFO - Processing /home/airflow/.local/lib/python3.12/site-packages/airflow/example_dags/example_python_operator.py took 0.201 seconds
[2024-10-17T03:27:24.195+0000] {processor.py:161} INFO - Started process (PID=10960) to work on /home/airflow/.local/lib/python3.12/site-packages/airflow/example_dags/example_python_operator.py
[2024-10-17T03:27:24.196+0000] {processor.py:830} INFO - Processing file /home/airflow/.local/lib/python3.12/site-packages/airflow/example_dags/example_python_operator.py for tasks to queue
[2024-10-17T03:27:24.198+0000] {logging_mixin.py:188} INFO - [2024-10-17T03:27:24.197+0000] {dagbag.py:545} INFO - Filling up the DagBag from /home/airflow/.local/lib/python3.12/site-packages/airflow/example_dags/example_python_operator.py
[2024-10-17T03:27:24.207+0000] {processor.py:840} INFO - DAG(s) 'example_python_operator' retrieved from /home/airflow/.local/lib/python3.12/site-packages/airflow/example_dags/example_python_operator.py
[2024-10-17T03:27:24.232+0000] {logging_mixin.py:188} INFO - [2024-10-17T03:27:24.232+0000] {dag.py:3096} INFO - Sync 1 DAGs
[2024-10-17T03:27:24.246+0000] {logging_mixin.py:188} INFO - [2024-10-17T03:27:24.246+0000] {dag.py:3954} INFO - Setting next_dagrun for example_python_operator to None, run_after=None
[2024-10-17T03:27:24.273+0000] {processor.py:183} INFO - Processing /home/airflow/.local/lib/python3.12/site-packages/airflow/example_dags/example_python_operator.py took 0.083 seconds
[2024-10-17T03:27:55.050+0000] {processor.py:161} INFO - Started process (PID=11226) to work on /home/airflow/.local/lib/python3.12/site-packages/airflow/example_dags/example_python_operator.py
[2024-10-17T03:27:55.052+0000] {processor.py:830} INFO - Processing file /home/airflow/.local/lib/python3.12/site-packages/airflow/example_dags/example_python_operator.py for tasks to queue
[2024-10-17T03:27:55.054+0000] {logging_mixin.py:188} INFO - [2024-10-17T03:27:55.053+0000] {dagbag.py:545} INFO - Filling up the DagBag from /home/airflow/.local/lib/python3.12/site-packages/airflow/example_dags/example_python_operator.py
[2024-10-17T03:27:55.062+0000] {processor.py:840} INFO - DAG(s) 'example_python_operator' retrieved from /home/airflow/.local/lib/python3.12/site-packages/airflow/example_dags/example_python_operator.py
[2024-10-17T03:27:55.086+0000] {logging_mixin.py:188} INFO - [2024-10-17T03:27:55.086+0000] {dag.py:3096} INFO - Sync 1 DAGs
[2024-10-17T03:27:55.099+0000] {logging_mixin.py:188} INFO - [2024-10-17T03:27:55.098+0000] {dag.py:3954} INFO - Setting next_dagrun for example_python_operator to None, run_after=None
[2024-10-17T03:27:55.125+0000] {processor.py:183} INFO - Processing /home/airflow/.local/lib/python3.12/site-packages/airflow/example_dags/example_python_operator.py took 0.080 seconds
[2024-10-17T03:28:25.960+0000] {processor.py:161} INFO - Started process (PID=11492) to work on /home/airflow/.local/lib/python3.12/site-packages/airflow/example_dags/example_python_operator.py
[2024-10-17T03:28:25.962+0000] {processor.py:830} INFO - Processing file /home/airflow/.local/lib/python3.12/site-packages/airflow/example_dags/example_python_operator.py for tasks to queue
[2024-10-17T03:28:25.964+0000] {logging_mixin.py:188} INFO - [2024-10-17T03:28:25.963+0000] {dagbag.py:545} INFO - Filling up the DagBag from /home/airflow/.local/lib/python3.12/site-packages/airflow/example_dags/example_python_operator.py
[2024-10-17T03:28:25.973+0000] {processor.py:840} INFO - DAG(s) 'example_python_operator' retrieved from /home/airflow/.local/lib/python3.12/site-packages/airflow/example_dags/example_python_operator.py
[2024-10-17T03:28:25.997+0000] {logging_mixin.py:188} INFO - [2024-10-17T03:28:25.997+0000] {dag.py:3096} INFO - Sync 1 DAGs
[2024-10-17T03:28:26.011+0000] {logging_mixin.py:188} INFO - [2024-10-17T03:28:26.010+0000] {dag.py:3954} INFO - Setting next_dagrun for example_python_operator to None, run_after=None
[2024-10-17T03:28:26.049+0000] {processor.py:183} INFO - Processing /home/airflow/.local/lib/python3.12/site-packages/airflow/example_dags/example_python_operator.py took 0.094 seconds
[2024-10-17T03:28:56.360+0000] {processor.py:161} INFO - Started process (PID=11756) to work on /home/airflow/.local/lib/python3.12/site-packages/airflow/example_dags/example_python_operator.py
[2024-10-17T03:28:56.361+0000] {processor.py:830} INFO - Processing file /home/airflow/.local/lib/python3.12/site-packages/airflow/example_dags/example_python_operator.py for tasks to queue
[2024-10-17T03:28:56.363+0000] {logging_mixin.py:188} INFO - [2024-10-17T03:28:56.362+0000] {dagbag.py:545} INFO - Filling up the DagBag from /home/airflow/.local/lib/python3.12/site-packages/airflow/example_dags/example_python_operator.py
[2024-10-17T03:28:56.372+0000] {processor.py:840} INFO - DAG(s) 'example_python_operator' retrieved from /home/airflow/.local/lib/python3.12/site-packages/airflow/example_dags/example_python_operator.py
[2024-10-17T03:28:56.396+0000] {logging_mixin.py:188} INFO - [2024-10-17T03:28:56.395+0000] {dag.py:3096} INFO - Sync 1 DAGs
[2024-10-17T03:28:56.408+0000] {logging_mixin.py:188} INFO - [2024-10-17T03:28:56.408+0000] {dag.py:3954} INFO - Setting next_dagrun for example_python_operator to None, run_after=None
[2024-10-17T03:28:56.434+0000] {processor.py:183} INFO - Processing /home/airflow/.local/lib/python3.12/site-packages/airflow/example_dags/example_python_operator.py took 0.079 seconds
