[2024-10-17T03:06:57.109+0000] {processor.py:161} INFO - Started process (PID=350) to work on /home/airflow/.local/lib/python3.12/site-packages/airflow/example_dags/example_branch_datetime_operator.py
[2024-10-17T03:06:57.110+0000] {processor.py:830} INFO - Processing file /home/airflow/.local/lib/python3.12/site-packages/airflow/example_dags/example_branch_datetime_operator.py for tasks to queue
[2024-10-17T03:06:57.119+0000] {logging_mixin.py:188} INFO - [2024-10-17T03:06:57.118+0000] {dagbag.py:545} INFO - Filling up the DagBag from /home/airflow/.local/lib/python3.12/site-packages/airflow/example_dags/example_branch_datetime_operator.py
[2024-10-17T03:06:59.033+0000] {processor.py:840} INFO - DAG(s) 'example_branch_datetime_operator_2', 'example_branch_datetime_operator_3', 'example_branch_datetime_operator' retrieved from /home/airflow/.local/lib/python3.12/site-packages/airflow/example_dags/example_branch_datetime_operator.py
[2024-10-17T03:06:59.264+0000] {logging_mixin.py:188} INFO - [2024-10-17T03:06:59.263+0000] {dag.py:3096} INFO - Sync 3 DAGs
[2024-10-17T03:06:59.297+0000] {logging_mixin.py:188} INFO - [2024-10-17T03:06:59.296+0000] {dag.py:3954} INFO - Setting next_dagrun for example_branch_datetime_operator to 2024-10-16 00:00:00+00:00, run_after=2024-10-17 00:00:00+00:00
[2024-10-17T03:06:59.303+0000] {logging_mixin.py:188} INFO - [2024-10-17T03:06:59.303+0000] {dag.py:3954} INFO - Setting next_dagrun for example_branch_datetime_operator_2 to 2024-10-16 00:00:00+00:00, run_after=2024-10-17 00:00:00+00:00
[2024-10-17T03:06:59.308+0000] {logging_mixin.py:188} INFO - [2024-10-17T03:06:59.307+0000] {dag.py:3954} INFO - Setting next_dagrun for example_branch_datetime_operator_3 to 2024-10-16 00:00:00+00:00, run_after=2024-10-17 00:00:00+00:00
[2024-10-17T03:07:00.074+0000] {processor.py:183} INFO - Processing /home/airflow/.local/lib/python3.12/site-packages/airflow/example_dags/example_branch_datetime_operator.py took 2.974 seconds
[2024-10-17T03:07:30.629+0000] {processor.py:161} INFO - Started process (PID=618) to work on /home/airflow/.local/lib/python3.12/site-packages/airflow/example_dags/example_branch_datetime_operator.py
[2024-10-17T03:07:30.631+0000] {processor.py:830} INFO - Processing file /home/airflow/.local/lib/python3.12/site-packages/airflow/example_dags/example_branch_datetime_operator.py for tasks to queue
[2024-10-17T03:07:30.633+0000] {logging_mixin.py:188} INFO - [2024-10-17T03:07:30.633+0000] {dagbag.py:545} INFO - Filling up the DagBag from /home/airflow/.local/lib/python3.12/site-packages/airflow/example_dags/example_branch_datetime_operator.py
[2024-10-17T03:07:30.648+0000] {processor.py:840} INFO - DAG(s) 'example_branch_datetime_operator_2', 'example_branch_datetime_operator', 'example_branch_datetime_operator_3' retrieved from /home/airflow/.local/lib/python3.12/site-packages/airflow/example_dags/example_branch_datetime_operator.py
[2024-10-17T03:07:30.697+0000] {logging_mixin.py:188} INFO - [2024-10-17T03:07:30.696+0000] {dag.py:3096} INFO - Sync 3 DAGs
[2024-10-17T03:07:30.728+0000] {logging_mixin.py:188} INFO - [2024-10-17T03:07:30.728+0000] {dag.py:3954} INFO - Setting next_dagrun for example_branch_datetime_operator to 2024-10-16 00:00:00+00:00, run_after=2024-10-17 00:00:00+00:00
[2024-10-17T03:07:30.736+0000] {logging_mixin.py:188} INFO - [2024-10-17T03:07:30.735+0000] {dag.py:3954} INFO - Setting next_dagrun for example_branch_datetime_operator_2 to 2024-10-16 00:00:00+00:00, run_after=2024-10-17 00:00:00+00:00
[2024-10-17T03:07:30.740+0000] {logging_mixin.py:188} INFO - [2024-10-17T03:07:30.739+0000] {dag.py:3954} INFO - Setting next_dagrun for example_branch_datetime_operator_3 to 2024-10-16 00:00:00+00:00, run_after=2024-10-17 00:00:00+00:00
[2024-10-17T03:07:31.021+0000] {processor.py:183} INFO - Processing /home/airflow/.local/lib/python3.12/site-packages/airflow/example_dags/example_branch_datetime_operator.py took 0.398 seconds
[2024-10-17T03:08:01.479+0000] {processor.py:161} INFO - Started process (PID=884) to work on /home/airflow/.local/lib/python3.12/site-packages/airflow/example_dags/example_branch_datetime_operator.py
[2024-10-17T03:08:01.490+0000] {processor.py:830} INFO - Processing file /home/airflow/.local/lib/python3.12/site-packages/airflow/example_dags/example_branch_datetime_operator.py for tasks to queue
[2024-10-17T03:08:01.499+0000] {logging_mixin.py:188} INFO - [2024-10-17T03:08:01.499+0000] {dagbag.py:545} INFO - Filling up the DagBag from /home/airflow/.local/lib/python3.12/site-packages/airflow/example_dags/example_branch_datetime_operator.py
[2024-10-17T03:08:01.520+0000] {processor.py:840} INFO - DAG(s) 'example_branch_datetime_operator', 'example_branch_datetime_operator_2', 'example_branch_datetime_operator_3' retrieved from /home/airflow/.local/lib/python3.12/site-packages/airflow/example_dags/example_branch_datetime_operator.py
[2024-10-17T03:08:01.566+0000] {logging_mixin.py:188} INFO - [2024-10-17T03:08:01.566+0000] {dag.py:3096} INFO - Sync 3 DAGs
[2024-10-17T03:08:01.606+0000] {logging_mixin.py:188} INFO - [2024-10-17T03:08:01.606+0000] {dag.py:3954} INFO - Setting next_dagrun for example_branch_datetime_operator to 2024-10-16 00:00:00+00:00, run_after=2024-10-17 00:00:00+00:00
[2024-10-17T03:08:01.612+0000] {logging_mixin.py:188} INFO - [2024-10-17T03:08:01.611+0000] {dag.py:3954} INFO - Setting next_dagrun for example_branch_datetime_operator_2 to 2024-10-16 00:00:00+00:00, run_after=2024-10-17 00:00:00+00:00
[2024-10-17T03:08:01.616+0000] {logging_mixin.py:188} INFO - [2024-10-17T03:08:01.616+0000] {dag.py:3954} INFO - Setting next_dagrun for example_branch_datetime_operator_3 to 2024-10-16 00:00:00+00:00, run_after=2024-10-17 00:00:00+00:00
[2024-10-17T03:08:01.689+0000] {processor.py:183} INFO - Processing /home/airflow/.local/lib/python3.12/site-packages/airflow/example_dags/example_branch_datetime_operator.py took 0.221 seconds
[2024-10-17T03:08:31.974+0000] {processor.py:161} INFO - Started process (PID=1153) to work on /home/airflow/.local/lib/python3.12/site-packages/airflow/example_dags/example_branch_datetime_operator.py
[2024-10-17T03:08:31.976+0000] {processor.py:830} INFO - Processing file /home/airflow/.local/lib/python3.12/site-packages/airflow/example_dags/example_branch_datetime_operator.py for tasks to queue
[2024-10-17T03:08:31.981+0000] {logging_mixin.py:188} INFO - [2024-10-17T03:08:31.981+0000] {dagbag.py:545} INFO - Filling up the DagBag from /home/airflow/.local/lib/python3.12/site-packages/airflow/example_dags/example_branch_datetime_operator.py
[2024-10-17T03:08:32.007+0000] {processor.py:840} INFO - DAG(s) 'example_branch_datetime_operator', 'example_branch_datetime_operator_3', 'example_branch_datetime_operator_2' retrieved from /home/airflow/.local/lib/python3.12/site-packages/airflow/example_dags/example_branch_datetime_operator.py
[2024-10-17T03:08:32.042+0000] {logging_mixin.py:188} INFO - [2024-10-17T03:08:32.042+0000] {dag.py:3096} INFO - Sync 3 DAGs
[2024-10-17T03:08:32.084+0000] {logging_mixin.py:188} INFO - [2024-10-17T03:08:32.084+0000] {dag.py:3954} INFO - Setting next_dagrun for example_branch_datetime_operator to 2024-10-16 00:00:00+00:00, run_after=2024-10-17 00:00:00+00:00
[2024-10-17T03:08:32.095+0000] {logging_mixin.py:188} INFO - [2024-10-17T03:08:32.094+0000] {dag.py:3954} INFO - Setting next_dagrun for example_branch_datetime_operator_2 to 2024-10-16 00:00:00+00:00, run_after=2024-10-17 00:00:00+00:00
[2024-10-17T03:08:32.098+0000] {logging_mixin.py:188} INFO - [2024-10-17T03:08:32.098+0000] {dag.py:3954} INFO - Setting next_dagrun for example_branch_datetime_operator_3 to 2024-10-16 00:00:00+00:00, run_after=2024-10-17 00:00:00+00:00
[2024-10-17T03:08:32.145+0000] {processor.py:183} INFO - Processing /home/airflow/.local/lib/python3.12/site-packages/airflow/example_dags/example_branch_datetime_operator.py took 0.186 seconds
[2024-10-17T03:09:02.239+0000] {processor.py:161} INFO - Started process (PID=1416) to work on /home/airflow/.local/lib/python3.12/site-packages/airflow/example_dags/example_branch_datetime_operator.py
[2024-10-17T03:09:02.240+0000] {processor.py:830} INFO - Processing file /home/airflow/.local/lib/python3.12/site-packages/airflow/example_dags/example_branch_datetime_operator.py for tasks to queue
[2024-10-17T03:09:02.242+0000] {logging_mixin.py:188} INFO - [2024-10-17T03:09:02.242+0000] {dagbag.py:545} INFO - Filling up the DagBag from /home/airflow/.local/lib/python3.12/site-packages/airflow/example_dags/example_branch_datetime_operator.py
[2024-10-17T03:09:02.257+0000] {processor.py:840} INFO - DAG(s) 'example_branch_datetime_operator', 'example_branch_datetime_operator_2', 'example_branch_datetime_operator_3' retrieved from /home/airflow/.local/lib/python3.12/site-packages/airflow/example_dags/example_branch_datetime_operator.py
[2024-10-17T03:09:02.295+0000] {logging_mixin.py:188} INFO - [2024-10-17T03:09:02.295+0000] {dag.py:3096} INFO - Sync 3 DAGs
[2024-10-17T03:09:02.330+0000] {logging_mixin.py:188} INFO - [2024-10-17T03:09:02.329+0000] {dag.py:3954} INFO - Setting next_dagrun for example_branch_datetime_operator to 2024-10-16 00:00:00+00:00, run_after=2024-10-17 00:00:00+00:00
[2024-10-17T03:09:02.337+0000] {logging_mixin.py:188} INFO - [2024-10-17T03:09:02.337+0000] {dag.py:3954} INFO - Setting next_dagrun for example_branch_datetime_operator_2 to 2024-10-16 00:00:00+00:00, run_after=2024-10-17 00:00:00+00:00
[2024-10-17T03:09:02.342+0000] {logging_mixin.py:188} INFO - [2024-10-17T03:09:02.341+0000] {dag.py:3954} INFO - Setting next_dagrun for example_branch_datetime_operator_3 to 2024-10-16 00:00:00+00:00, run_after=2024-10-17 00:00:00+00:00
[2024-10-17T03:09:02.371+0000] {processor.py:183} INFO - Processing /home/airflow/.local/lib/python3.12/site-packages/airflow/example_dags/example_branch_datetime_operator.py took 0.139 seconds
[2024-10-17T03:09:32.839+0000] {processor.py:161} INFO - Started process (PID=1682) to work on /home/airflow/.local/lib/python3.12/site-packages/airflow/example_dags/example_branch_datetime_operator.py
[2024-10-17T03:09:32.840+0000] {processor.py:830} INFO - Processing file /home/airflow/.local/lib/python3.12/site-packages/airflow/example_dags/example_branch_datetime_operator.py for tasks to queue
[2024-10-17T03:09:32.842+0000] {logging_mixin.py:188} INFO - [2024-10-17T03:09:32.842+0000] {dagbag.py:545} INFO - Filling up the DagBag from /home/airflow/.local/lib/python3.12/site-packages/airflow/example_dags/example_branch_datetime_operator.py
[2024-10-17T03:09:32.857+0000] {processor.py:840} INFO - DAG(s) 'example_branch_datetime_operator', 'example_branch_datetime_operator_2', 'example_branch_datetime_operator_3' retrieved from /home/airflow/.local/lib/python3.12/site-packages/airflow/example_dags/example_branch_datetime_operator.py
[2024-10-17T03:09:32.913+0000] {logging_mixin.py:188} INFO - [2024-10-17T03:09:32.912+0000] {dag.py:3096} INFO - Sync 3 DAGs
[2024-10-17T03:09:33.110+0000] {logging_mixin.py:188} INFO - [2024-10-17T03:09:33.109+0000] {dag.py:3954} INFO - Setting next_dagrun for example_branch_datetime_operator to 2024-10-16 00:00:00+00:00, run_after=2024-10-17 00:00:00+00:00
[2024-10-17T03:09:33.119+0000] {logging_mixin.py:188} INFO - [2024-10-17T03:09:33.119+0000] {dag.py:3954} INFO - Setting next_dagrun for example_branch_datetime_operator_2 to 2024-10-16 00:00:00+00:00, run_after=2024-10-17 00:00:00+00:00
[2024-10-17T03:09:33.125+0000] {logging_mixin.py:188} INFO - [2024-10-17T03:09:33.124+0000] {dag.py:3954} INFO - Setting next_dagrun for example_branch_datetime_operator_3 to 2024-10-16 00:00:00+00:00, run_after=2024-10-17 00:00:00+00:00
[2024-10-17T03:09:33.310+0000] {processor.py:183} INFO - Processing /home/airflow/.local/lib/python3.12/site-packages/airflow/example_dags/example_branch_datetime_operator.py took 0.478 seconds
[2024-10-17T03:10:03.788+0000] {processor.py:161} INFO - Started process (PID=1948) to work on /home/airflow/.local/lib/python3.12/site-packages/airflow/example_dags/example_branch_datetime_operator.py
[2024-10-17T03:10:03.790+0000] {processor.py:830} INFO - Processing file /home/airflow/.local/lib/python3.12/site-packages/airflow/example_dags/example_branch_datetime_operator.py for tasks to queue
[2024-10-17T03:10:03.794+0000] {logging_mixin.py:188} INFO - [2024-10-17T03:10:03.793+0000] {dagbag.py:545} INFO - Filling up the DagBag from /home/airflow/.local/lib/python3.12/site-packages/airflow/example_dags/example_branch_datetime_operator.py
[2024-10-17T03:10:03.814+0000] {processor.py:840} INFO - DAG(s) 'example_branch_datetime_operator_2', 'example_branch_datetime_operator_3', 'example_branch_datetime_operator' retrieved from /home/airflow/.local/lib/python3.12/site-packages/airflow/example_dags/example_branch_datetime_operator.py
[2024-10-17T03:10:03.903+0000] {logging_mixin.py:188} INFO - [2024-10-17T03:10:03.902+0000] {dag.py:3096} INFO - Sync 3 DAGs
[2024-10-17T03:10:03.998+0000] {logging_mixin.py:188} INFO - [2024-10-17T03:10:03.997+0000] {dag.py:3954} INFO - Setting next_dagrun for example_branch_datetime_operator to 2024-10-16 00:00:00+00:00, run_after=2024-10-17 00:00:00+00:00
[2024-10-17T03:10:04.012+0000] {logging_mixin.py:188} INFO - [2024-10-17T03:10:04.012+0000] {dag.py:3954} INFO - Setting next_dagrun for example_branch_datetime_operator_2 to 2024-10-16 00:00:00+00:00, run_after=2024-10-17 00:00:00+00:00
[2024-10-17T03:10:04.019+0000] {logging_mixin.py:188} INFO - [2024-10-17T03:10:04.018+0000] {dag.py:3954} INFO - Setting next_dagrun for example_branch_datetime_operator_3 to 2024-10-16 00:00:00+00:00, run_after=2024-10-17 00:00:00+00:00
[2024-10-17T03:10:04.332+0000] {processor.py:183} INFO - Processing /home/airflow/.local/lib/python3.12/site-packages/airflow/example_dags/example_branch_datetime_operator.py took 0.552 seconds
[2024-10-17T03:10:34.490+0000] {processor.py:161} INFO - Started process (PID=2212) to work on /home/airflow/.local/lib/python3.12/site-packages/airflow/example_dags/example_branch_datetime_operator.py
[2024-10-17T03:10:34.495+0000] {processor.py:830} INFO - Processing file /home/airflow/.local/lib/python3.12/site-packages/airflow/example_dags/example_branch_datetime_operator.py for tasks to queue
[2024-10-17T03:10:34.500+0000] {logging_mixin.py:188} INFO - [2024-10-17T03:10:34.500+0000] {dagbag.py:545} INFO - Filling up the DagBag from /home/airflow/.local/lib/python3.12/site-packages/airflow/example_dags/example_branch_datetime_operator.py
[2024-10-17T03:10:34.536+0000] {processor.py:840} INFO - DAG(s) 'example_branch_datetime_operator_3', 'example_branch_datetime_operator', 'example_branch_datetime_operator_2' retrieved from /home/airflow/.local/lib/python3.12/site-packages/airflow/example_dags/example_branch_datetime_operator.py
[2024-10-17T03:10:34.658+0000] {logging_mixin.py:188} INFO - [2024-10-17T03:10:34.657+0000] {dag.py:3096} INFO - Sync 3 DAGs
[2024-10-17T03:10:34.775+0000] {logging_mixin.py:188} INFO - [2024-10-17T03:10:34.775+0000] {dag.py:3954} INFO - Setting next_dagrun for example_branch_datetime_operator to 2024-10-16 00:00:00+00:00, run_after=2024-10-17 00:00:00+00:00
[2024-10-17T03:10:34.793+0000] {logging_mixin.py:188} INFO - [2024-10-17T03:10:34.792+0000] {dag.py:3954} INFO - Setting next_dagrun for example_branch_datetime_operator_2 to 2024-10-16 00:00:00+00:00, run_after=2024-10-17 00:00:00+00:00
[2024-10-17T03:10:34.800+0000] {logging_mixin.py:188} INFO - [2024-10-17T03:10:34.799+0000] {dag.py:3954} INFO - Setting next_dagrun for example_branch_datetime_operator_3 to 2024-10-16 00:00:00+00:00, run_after=2024-10-17 00:00:00+00:00
[2024-10-17T03:10:34.898+0000] {processor.py:183} INFO - Processing /home/airflow/.local/lib/python3.12/site-packages/airflow/example_dags/example_branch_datetime_operator.py took 0.429 seconds
[2024-10-17T03:11:05.139+0000] {processor.py:161} INFO - Started process (PID=2478) to work on /home/airflow/.local/lib/python3.12/site-packages/airflow/example_dags/example_branch_datetime_operator.py
[2024-10-17T03:11:05.141+0000] {processor.py:830} INFO - Processing file /home/airflow/.local/lib/python3.12/site-packages/airflow/example_dags/example_branch_datetime_operator.py for tasks to queue
[2024-10-17T03:11:05.145+0000] {logging_mixin.py:188} INFO - [2024-10-17T03:11:05.144+0000] {dagbag.py:545} INFO - Filling up the DagBag from /home/airflow/.local/lib/python3.12/site-packages/airflow/example_dags/example_branch_datetime_operator.py
[2024-10-17T03:11:05.161+0000] {processor.py:840} INFO - DAG(s) 'example_branch_datetime_operator_3', 'example_branch_datetime_operator', 'example_branch_datetime_operator_2' retrieved from /home/airflow/.local/lib/python3.12/site-packages/airflow/example_dags/example_branch_datetime_operator.py
[2024-10-17T03:11:05.217+0000] {logging_mixin.py:188} INFO - [2024-10-17T03:11:05.216+0000] {dag.py:3096} INFO - Sync 3 DAGs
[2024-10-17T03:11:05.267+0000] {logging_mixin.py:188} INFO - [2024-10-17T03:11:05.267+0000] {dag.py:3954} INFO - Setting next_dagrun for example_branch_datetime_operator to 2024-10-16 00:00:00+00:00, run_after=2024-10-17 00:00:00+00:00
[2024-10-17T03:11:05.283+0000] {logging_mixin.py:188} INFO - [2024-10-17T03:11:05.283+0000] {dag.py:3954} INFO - Setting next_dagrun for example_branch_datetime_operator_2 to 2024-10-16 00:00:00+00:00, run_after=2024-10-17 00:00:00+00:00
[2024-10-17T03:11:05.289+0000] {logging_mixin.py:188} INFO - [2024-10-17T03:11:05.289+0000] {dag.py:3954} INFO - Setting next_dagrun for example_branch_datetime_operator_3 to 2024-10-16 00:00:00+00:00, run_after=2024-10-17 00:00:00+00:00
[2024-10-17T03:11:05.332+0000] {processor.py:183} INFO - Processing /home/airflow/.local/lib/python3.12/site-packages/airflow/example_dags/example_branch_datetime_operator.py took 0.201 seconds
[2024-10-17T03:11:35.489+0000] {processor.py:161} INFO - Started process (PID=2744) to work on /home/airflow/.local/lib/python3.12/site-packages/airflow/example_dags/example_branch_datetime_operator.py
[2024-10-17T03:11:35.492+0000] {processor.py:830} INFO - Processing file /home/airflow/.local/lib/python3.12/site-packages/airflow/example_dags/example_branch_datetime_operator.py for tasks to queue
[2024-10-17T03:11:35.496+0000] {logging_mixin.py:188} INFO - [2024-10-17T03:11:35.495+0000] {dagbag.py:545} INFO - Filling up the DagBag from /home/airflow/.local/lib/python3.12/site-packages/airflow/example_dags/example_branch_datetime_operator.py
[2024-10-17T03:11:35.515+0000] {processor.py:840} INFO - DAG(s) 'example_branch_datetime_operator_3', 'example_branch_datetime_operator', 'example_branch_datetime_operator_2' retrieved from /home/airflow/.local/lib/python3.12/site-packages/airflow/example_dags/example_branch_datetime_operator.py
[2024-10-17T03:11:35.591+0000] {logging_mixin.py:188} INFO - [2024-10-17T03:11:35.590+0000] {dag.py:3096} INFO - Sync 3 DAGs
[2024-10-17T03:11:35.661+0000] {logging_mixin.py:188} INFO - [2024-10-17T03:11:35.660+0000] {dag.py:3954} INFO - Setting next_dagrun for example_branch_datetime_operator to 2024-10-16 00:00:00+00:00, run_after=2024-10-17 00:00:00+00:00
[2024-10-17T03:11:35.677+0000] {logging_mixin.py:188} INFO - [2024-10-17T03:11:35.676+0000] {dag.py:3954} INFO - Setting next_dagrun for example_branch_datetime_operator_2 to 2024-10-16 00:00:00+00:00, run_after=2024-10-17 00:00:00+00:00
[2024-10-17T03:11:35.687+0000] {logging_mixin.py:188} INFO - [2024-10-17T03:11:35.686+0000] {dag.py:3954} INFO - Setting next_dagrun for example_branch_datetime_operator_3 to 2024-10-16 00:00:00+00:00, run_after=2024-10-17 00:00:00+00:00
[2024-10-17T03:11:35.745+0000] {processor.py:183} INFO - Processing /home/airflow/.local/lib/python3.12/site-packages/airflow/example_dags/example_branch_datetime_operator.py took 0.266 seconds
[2024-10-17T03:12:05.924+0000] {processor.py:161} INFO - Started process (PID=3010) to work on /home/airflow/.local/lib/python3.12/site-packages/airflow/example_dags/example_branch_datetime_operator.py
[2024-10-17T03:12:05.926+0000] {processor.py:830} INFO - Processing file /home/airflow/.local/lib/python3.12/site-packages/airflow/example_dags/example_branch_datetime_operator.py for tasks to queue
[2024-10-17T03:12:05.930+0000] {logging_mixin.py:188} INFO - [2024-10-17T03:12:05.929+0000] {dagbag.py:545} INFO - Filling up the DagBag from /home/airflow/.local/lib/python3.12/site-packages/airflow/example_dags/example_branch_datetime_operator.py
[2024-10-17T03:12:05.948+0000] {processor.py:840} INFO - DAG(s) 'example_branch_datetime_operator', 'example_branch_datetime_operator_2', 'example_branch_datetime_operator_3' retrieved from /home/airflow/.local/lib/python3.12/site-packages/airflow/example_dags/example_branch_datetime_operator.py
[2024-10-17T03:12:06.002+0000] {logging_mixin.py:188} INFO - [2024-10-17T03:12:06.001+0000] {dag.py:3096} INFO - Sync 3 DAGs
[2024-10-17T03:12:06.046+0000] {logging_mixin.py:188} INFO - [2024-10-17T03:12:06.046+0000] {dag.py:3954} INFO - Setting next_dagrun for example_branch_datetime_operator to 2024-10-16 00:00:00+00:00, run_after=2024-10-17 00:00:00+00:00
[2024-10-17T03:12:06.058+0000] {logging_mixin.py:188} INFO - [2024-10-17T03:12:06.057+0000] {dag.py:3954} INFO - Setting next_dagrun for example_branch_datetime_operator_2 to 2024-10-16 00:00:00+00:00, run_after=2024-10-17 00:00:00+00:00
[2024-10-17T03:12:06.063+0000] {logging_mixin.py:188} INFO - [2024-10-17T03:12:06.063+0000] {dag.py:3954} INFO - Setting next_dagrun for example_branch_datetime_operator_3 to 2024-10-16 00:00:00+00:00, run_after=2024-10-17 00:00:00+00:00
[2024-10-17T03:12:06.102+0000] {processor.py:183} INFO - Processing /home/airflow/.local/lib/python3.12/site-packages/airflow/example_dags/example_branch_datetime_operator.py took 0.185 seconds
[2024-10-17T03:12:36.376+0000] {processor.py:161} INFO - Started process (PID=3276) to work on /home/airflow/.local/lib/python3.12/site-packages/airflow/example_dags/example_branch_datetime_operator.py
[2024-10-17T03:12:36.378+0000] {processor.py:830} INFO - Processing file /home/airflow/.local/lib/python3.12/site-packages/airflow/example_dags/example_branch_datetime_operator.py for tasks to queue
[2024-10-17T03:12:36.382+0000] {logging_mixin.py:188} INFO - [2024-10-17T03:12:36.381+0000] {dagbag.py:545} INFO - Filling up the DagBag from /home/airflow/.local/lib/python3.12/site-packages/airflow/example_dags/example_branch_datetime_operator.py
[2024-10-17T03:12:36.399+0000] {processor.py:840} INFO - DAG(s) 'example_branch_datetime_operator_2', 'example_branch_datetime_operator', 'example_branch_datetime_operator_3' retrieved from /home/airflow/.local/lib/python3.12/site-packages/airflow/example_dags/example_branch_datetime_operator.py
[2024-10-17T03:12:36.450+0000] {logging_mixin.py:188} INFO - [2024-10-17T03:12:36.449+0000] {dag.py:3096} INFO - Sync 3 DAGs
[2024-10-17T03:12:36.494+0000] {logging_mixin.py:188} INFO - [2024-10-17T03:12:36.494+0000] {dag.py:3954} INFO - Setting next_dagrun for example_branch_datetime_operator to 2024-10-16 00:00:00+00:00, run_after=2024-10-17 00:00:00+00:00
[2024-10-17T03:12:36.504+0000] {logging_mixin.py:188} INFO - [2024-10-17T03:12:36.503+0000] {dag.py:3954} INFO - Setting next_dagrun for example_branch_datetime_operator_2 to 2024-10-16 00:00:00+00:00, run_after=2024-10-17 00:00:00+00:00
[2024-10-17T03:12:36.510+0000] {logging_mixin.py:188} INFO - [2024-10-17T03:12:36.509+0000] {dag.py:3954} INFO - Setting next_dagrun for example_branch_datetime_operator_3 to 2024-10-16 00:00:00+00:00, run_after=2024-10-17 00:00:00+00:00
[2024-10-17T03:12:36.560+0000] {processor.py:183} INFO - Processing /home/airflow/.local/lib/python3.12/site-packages/airflow/example_dags/example_branch_datetime_operator.py took 0.192 seconds
[2024-10-17T03:13:07.038+0000] {processor.py:161} INFO - Started process (PID=3542) to work on /home/airflow/.local/lib/python3.12/site-packages/airflow/example_dags/example_branch_datetime_operator.py
[2024-10-17T03:13:07.040+0000] {processor.py:830} INFO - Processing file /home/airflow/.local/lib/python3.12/site-packages/airflow/example_dags/example_branch_datetime_operator.py for tasks to queue
[2024-10-17T03:13:07.045+0000] {logging_mixin.py:188} INFO - [2024-10-17T03:13:07.044+0000] {dagbag.py:545} INFO - Filling up the DagBag from /home/airflow/.local/lib/python3.12/site-packages/airflow/example_dags/example_branch_datetime_operator.py
[2024-10-17T03:13:07.071+0000] {processor.py:840} INFO - DAG(s) 'example_branch_datetime_operator', 'example_branch_datetime_operator_3', 'example_branch_datetime_operator_2' retrieved from /home/airflow/.local/lib/python3.12/site-packages/airflow/example_dags/example_branch_datetime_operator.py
[2024-10-17T03:13:07.136+0000] {logging_mixin.py:188} INFO - [2024-10-17T03:13:07.135+0000] {dag.py:3096} INFO - Sync 3 DAGs
[2024-10-17T03:13:07.190+0000] {logging_mixin.py:188} INFO - [2024-10-17T03:13:07.189+0000] {dag.py:3954} INFO - Setting next_dagrun for example_branch_datetime_operator to 2024-10-16 00:00:00+00:00, run_after=2024-10-17 00:00:00+00:00
[2024-10-17T03:13:07.204+0000] {logging_mixin.py:188} INFO - [2024-10-17T03:13:07.203+0000] {dag.py:3954} INFO - Setting next_dagrun for example_branch_datetime_operator_2 to 2024-10-16 00:00:00+00:00, run_after=2024-10-17 00:00:00+00:00
[2024-10-17T03:13:07.212+0000] {logging_mixin.py:188} INFO - [2024-10-17T03:13:07.211+0000] {dag.py:3954} INFO - Setting next_dagrun for example_branch_datetime_operator_3 to 2024-10-16 00:00:00+00:00, run_after=2024-10-17 00:00:00+00:00
[2024-10-17T03:13:07.263+0000] {processor.py:183} INFO - Processing /home/airflow/.local/lib/python3.12/site-packages/airflow/example_dags/example_branch_datetime_operator.py took 0.238 seconds
[2024-10-17T03:13:37.838+0000] {processor.py:161} INFO - Started process (PID=3808) to work on /home/airflow/.local/lib/python3.12/site-packages/airflow/example_dags/example_branch_datetime_operator.py
[2024-10-17T03:13:37.840+0000] {processor.py:830} INFO - Processing file /home/airflow/.local/lib/python3.12/site-packages/airflow/example_dags/example_branch_datetime_operator.py for tasks to queue
[2024-10-17T03:13:37.843+0000] {logging_mixin.py:188} INFO - [2024-10-17T03:13:37.842+0000] {dagbag.py:545} INFO - Filling up the DagBag from /home/airflow/.local/lib/python3.12/site-packages/airflow/example_dags/example_branch_datetime_operator.py
[2024-10-17T03:13:37.863+0000] {processor.py:840} INFO - DAG(s) 'example_branch_datetime_operator_2', 'example_branch_datetime_operator', 'example_branch_datetime_operator_3' retrieved from /home/airflow/.local/lib/python3.12/site-packages/airflow/example_dags/example_branch_datetime_operator.py
[2024-10-17T03:13:37.922+0000] {logging_mixin.py:188} INFO - [2024-10-17T03:13:37.921+0000] {dag.py:3096} INFO - Sync 3 DAGs
[2024-10-17T03:13:37.973+0000] {logging_mixin.py:188} INFO - [2024-10-17T03:13:37.972+0000] {dag.py:3954} INFO - Setting next_dagrun for example_branch_datetime_operator to 2024-10-16 00:00:00+00:00, run_after=2024-10-17 00:00:00+00:00
[2024-10-17T03:13:37.986+0000] {logging_mixin.py:188} INFO - [2024-10-17T03:13:37.986+0000] {dag.py:3954} INFO - Setting next_dagrun for example_branch_datetime_operator_2 to 2024-10-16 00:00:00+00:00, run_after=2024-10-17 00:00:00+00:00
[2024-10-17T03:13:37.994+0000] {logging_mixin.py:188} INFO - [2024-10-17T03:13:37.993+0000] {dag.py:3954} INFO - Setting next_dagrun for example_branch_datetime_operator_3 to 2024-10-16 00:00:00+00:00, run_after=2024-10-17 00:00:00+00:00
[2024-10-17T03:13:38.057+0000] {processor.py:183} INFO - Processing /home/airflow/.local/lib/python3.12/site-packages/airflow/example_dags/example_branch_datetime_operator.py took 0.227 seconds
[2024-10-17T03:14:08.185+0000] {processor.py:161} INFO - Started process (PID=4074) to work on /home/airflow/.local/lib/python3.12/site-packages/airflow/example_dags/example_branch_datetime_operator.py
[2024-10-17T03:14:08.187+0000] {processor.py:830} INFO - Processing file /home/airflow/.local/lib/python3.12/site-packages/airflow/example_dags/example_branch_datetime_operator.py for tasks to queue
[2024-10-17T03:14:08.191+0000] {logging_mixin.py:188} INFO - [2024-10-17T03:14:08.190+0000] {dagbag.py:545} INFO - Filling up the DagBag from /home/airflow/.local/lib/python3.12/site-packages/airflow/example_dags/example_branch_datetime_operator.py
[2024-10-17T03:14:08.208+0000] {processor.py:840} INFO - DAG(s) 'example_branch_datetime_operator_2', 'example_branch_datetime_operator_3', 'example_branch_datetime_operator' retrieved from /home/airflow/.local/lib/python3.12/site-packages/airflow/example_dags/example_branch_datetime_operator.py
[2024-10-17T03:14:08.266+0000] {logging_mixin.py:188} INFO - [2024-10-17T03:14:08.266+0000] {dag.py:3096} INFO - Sync 3 DAGs
[2024-10-17T03:14:08.319+0000] {logging_mixin.py:188} INFO - [2024-10-17T03:14:08.318+0000] {dag.py:3954} INFO - Setting next_dagrun for example_branch_datetime_operator to 2024-10-16 00:00:00+00:00, run_after=2024-10-17 00:00:00+00:00
[2024-10-17T03:14:08.330+0000] {logging_mixin.py:188} INFO - [2024-10-17T03:14:08.330+0000] {dag.py:3954} INFO - Setting next_dagrun for example_branch_datetime_operator_2 to 2024-10-16 00:00:00+00:00, run_after=2024-10-17 00:00:00+00:00
[2024-10-17T03:14:08.336+0000] {logging_mixin.py:188} INFO - [2024-10-17T03:14:08.336+0000] {dag.py:3954} INFO - Setting next_dagrun for example_branch_datetime_operator_3 to 2024-10-16 00:00:00+00:00, run_after=2024-10-17 00:00:00+00:00
[2024-10-17T03:14:08.376+0000] {processor.py:183} INFO - Processing /home/airflow/.local/lib/python3.12/site-packages/airflow/example_dags/example_branch_datetime_operator.py took 0.199 seconds
[2024-10-17T03:14:39.507+0000] {processor.py:161} INFO - Started process (PID=4341) to work on /home/airflow/.local/lib/python3.12/site-packages/airflow/example_dags/example_branch_datetime_operator.py
[2024-10-17T03:14:39.509+0000] {processor.py:830} INFO - Processing file /home/airflow/.local/lib/python3.12/site-packages/airflow/example_dags/example_branch_datetime_operator.py for tasks to queue
[2024-10-17T03:14:39.514+0000] {logging_mixin.py:188} INFO - [2024-10-17T03:14:39.513+0000] {dagbag.py:545} INFO - Filling up the DagBag from /home/airflow/.local/lib/python3.12/site-packages/airflow/example_dags/example_branch_datetime_operator.py
[2024-10-17T03:14:39.534+0000] {processor.py:840} INFO - DAG(s) 'example_branch_datetime_operator', 'example_branch_datetime_operator_3', 'example_branch_datetime_operator_2' retrieved from /home/airflow/.local/lib/python3.12/site-packages/airflow/example_dags/example_branch_datetime_operator.py
[2024-10-17T03:14:39.603+0000] {logging_mixin.py:188} INFO - [2024-10-17T03:14:39.603+0000] {dag.py:3096} INFO - Sync 3 DAGs
[2024-10-17T03:14:39.648+0000] {logging_mixin.py:188} INFO - [2024-10-17T03:14:39.647+0000] {dag.py:3954} INFO - Setting next_dagrun for example_branch_datetime_operator to 2024-10-16 00:00:00+00:00, run_after=2024-10-17 00:00:00+00:00
[2024-10-17T03:14:39.659+0000] {logging_mixin.py:188} INFO - [2024-10-17T03:14:39.658+0000] {dag.py:3954} INFO - Setting next_dagrun for example_branch_datetime_operator_2 to 2024-10-16 00:00:00+00:00, run_after=2024-10-17 00:00:00+00:00
[2024-10-17T03:14:39.665+0000] {logging_mixin.py:188} INFO - [2024-10-17T03:14:39.664+0000] {dag.py:3954} INFO - Setting next_dagrun for example_branch_datetime_operator_3 to 2024-10-16 00:00:00+00:00, run_after=2024-10-17 00:00:00+00:00
[2024-10-17T03:14:39.720+0000] {processor.py:183} INFO - Processing /home/airflow/.local/lib/python3.12/site-packages/airflow/example_dags/example_branch_datetime_operator.py took 0.222 seconds
[2024-10-17T03:15:10.328+0000] {processor.py:161} INFO - Started process (PID=4607) to work on /home/airflow/.local/lib/python3.12/site-packages/airflow/example_dags/example_branch_datetime_operator.py
[2024-10-17T03:15:10.330+0000] {processor.py:830} INFO - Processing file /home/airflow/.local/lib/python3.12/site-packages/airflow/example_dags/example_branch_datetime_operator.py for tasks to queue
[2024-10-17T03:15:10.334+0000] {logging_mixin.py:188} INFO - [2024-10-17T03:15:10.333+0000] {dagbag.py:545} INFO - Filling up the DagBag from /home/airflow/.local/lib/python3.12/site-packages/airflow/example_dags/example_branch_datetime_operator.py
[2024-10-17T03:15:10.350+0000] {processor.py:840} INFO - DAG(s) 'example_branch_datetime_operator_3', 'example_branch_datetime_operator', 'example_branch_datetime_operator_2' retrieved from /home/airflow/.local/lib/python3.12/site-packages/airflow/example_dags/example_branch_datetime_operator.py
[2024-10-17T03:15:10.402+0000] {logging_mixin.py:188} INFO - [2024-10-17T03:15:10.402+0000] {dag.py:3096} INFO - Sync 3 DAGs
[2024-10-17T03:15:10.443+0000] {logging_mixin.py:188} INFO - [2024-10-17T03:15:10.443+0000] {dag.py:3954} INFO - Setting next_dagrun for example_branch_datetime_operator to 2024-10-16 00:00:00+00:00, run_after=2024-10-17 00:00:00+00:00
[2024-10-17T03:15:10.454+0000] {logging_mixin.py:188} INFO - [2024-10-17T03:15:10.453+0000] {dag.py:3954} INFO - Setting next_dagrun for example_branch_datetime_operator_2 to 2024-10-16 00:00:00+00:00, run_after=2024-10-17 00:00:00+00:00
[2024-10-17T03:15:10.459+0000] {logging_mixin.py:188} INFO - [2024-10-17T03:15:10.459+0000] {dag.py:3954} INFO - Setting next_dagrun for example_branch_datetime_operator_3 to 2024-10-16 00:00:00+00:00, run_after=2024-10-17 00:00:00+00:00
[2024-10-17T03:15:10.501+0000] {processor.py:183} INFO - Processing /home/airflow/.local/lib/python3.12/site-packages/airflow/example_dags/example_branch_datetime_operator.py took 0.181 seconds
[2024-10-17T03:15:40.720+0000] {processor.py:161} INFO - Started process (PID=4873) to work on /home/airflow/.local/lib/python3.12/site-packages/airflow/example_dags/example_branch_datetime_operator.py
[2024-10-17T03:15:40.722+0000] {processor.py:830} INFO - Processing file /home/airflow/.local/lib/python3.12/site-packages/airflow/example_dags/example_branch_datetime_operator.py for tasks to queue
[2024-10-17T03:15:40.726+0000] {logging_mixin.py:188} INFO - [2024-10-17T03:15:40.725+0000] {dagbag.py:545} INFO - Filling up the DagBag from /home/airflow/.local/lib/python3.12/site-packages/airflow/example_dags/example_branch_datetime_operator.py
[2024-10-17T03:15:40.744+0000] {processor.py:840} INFO - DAG(s) 'example_branch_datetime_operator', 'example_branch_datetime_operator_3', 'example_branch_datetime_operator_2' retrieved from /home/airflow/.local/lib/python3.12/site-packages/airflow/example_dags/example_branch_datetime_operator.py
[2024-10-17T03:15:40.809+0000] {logging_mixin.py:188} INFO - [2024-10-17T03:15:40.808+0000] {dag.py:3096} INFO - Sync 3 DAGs
[2024-10-17T03:15:40.857+0000] {logging_mixin.py:188} INFO - [2024-10-17T03:15:40.857+0000] {dag.py:3954} INFO - Setting next_dagrun for example_branch_datetime_operator to 2024-10-16 00:00:00+00:00, run_after=2024-10-17 00:00:00+00:00
[2024-10-17T03:15:40.869+0000] {logging_mixin.py:188} INFO - [2024-10-17T03:15:40.868+0000] {dag.py:3954} INFO - Setting next_dagrun for example_branch_datetime_operator_2 to 2024-10-16 00:00:00+00:00, run_after=2024-10-17 00:00:00+00:00
[2024-10-17T03:15:40.874+0000] {logging_mixin.py:188} INFO - [2024-10-17T03:15:40.874+0000] {dag.py:3954} INFO - Setting next_dagrun for example_branch_datetime_operator_3 to 2024-10-16 00:00:00+00:00, run_after=2024-10-17 00:00:00+00:00
[2024-10-17T03:15:40.921+0000] {processor.py:183} INFO - Processing /home/airflow/.local/lib/python3.12/site-packages/airflow/example_dags/example_branch_datetime_operator.py took 0.210 seconds
[2024-10-17T03:16:11.571+0000] {processor.py:161} INFO - Started process (PID=5139) to work on /home/airflow/.local/lib/python3.12/site-packages/airflow/example_dags/example_branch_datetime_operator.py
[2024-10-17T03:16:11.572+0000] {processor.py:830} INFO - Processing file /home/airflow/.local/lib/python3.12/site-packages/airflow/example_dags/example_branch_datetime_operator.py for tasks to queue
[2024-10-17T03:16:11.577+0000] {logging_mixin.py:188} INFO - [2024-10-17T03:16:11.576+0000] {dagbag.py:545} INFO - Filling up the DagBag from /home/airflow/.local/lib/python3.12/site-packages/airflow/example_dags/example_branch_datetime_operator.py
[2024-10-17T03:16:11.603+0000] {processor.py:840} INFO - DAG(s) 'example_branch_datetime_operator_2', 'example_branch_datetime_operator_3', 'example_branch_datetime_operator' retrieved from /home/airflow/.local/lib/python3.12/site-packages/airflow/example_dags/example_branch_datetime_operator.py
[2024-10-17T03:16:11.675+0000] {logging_mixin.py:188} INFO - [2024-10-17T03:16:11.674+0000] {dag.py:3096} INFO - Sync 3 DAGs
[2024-10-17T03:16:11.715+0000] {logging_mixin.py:188} INFO - [2024-10-17T03:16:11.715+0000] {dag.py:3954} INFO - Setting next_dagrun for example_branch_datetime_operator to 2024-10-16 00:00:00+00:00, run_after=2024-10-17 00:00:00+00:00
[2024-10-17T03:16:11.725+0000] {logging_mixin.py:188} INFO - [2024-10-17T03:16:11.725+0000] {dag.py:3954} INFO - Setting next_dagrun for example_branch_datetime_operator_2 to 2024-10-16 00:00:00+00:00, run_after=2024-10-17 00:00:00+00:00
[2024-10-17T03:16:11.732+0000] {logging_mixin.py:188} INFO - [2024-10-17T03:16:11.732+0000] {dag.py:3954} INFO - Setting next_dagrun for example_branch_datetime_operator_3 to 2024-10-16 00:00:00+00:00, run_after=2024-10-17 00:00:00+00:00
[2024-10-17T03:16:11.774+0000] {processor.py:183} INFO - Processing /home/airflow/.local/lib/python3.12/site-packages/airflow/example_dags/example_branch_datetime_operator.py took 0.214 seconds
[2024-10-17T03:16:42.600+0000] {processor.py:161} INFO - Started process (PID=5405) to work on /home/airflow/.local/lib/python3.12/site-packages/airflow/example_dags/example_branch_datetime_operator.py
[2024-10-17T03:16:42.603+0000] {processor.py:830} INFO - Processing file /home/airflow/.local/lib/python3.12/site-packages/airflow/example_dags/example_branch_datetime_operator.py for tasks to queue
[2024-10-17T03:16:42.607+0000] {logging_mixin.py:188} INFO - [2024-10-17T03:16:42.606+0000] {dagbag.py:545} INFO - Filling up the DagBag from /home/airflow/.local/lib/python3.12/site-packages/airflow/example_dags/example_branch_datetime_operator.py
[2024-10-17T03:16:42.631+0000] {processor.py:840} INFO - DAG(s) 'example_branch_datetime_operator_2', 'example_branch_datetime_operator', 'example_branch_datetime_operator_3' retrieved from /home/airflow/.local/lib/python3.12/site-packages/airflow/example_dags/example_branch_datetime_operator.py
[2024-10-17T03:16:42.693+0000] {logging_mixin.py:188} INFO - [2024-10-17T03:16:42.692+0000] {dag.py:3096} INFO - Sync 3 DAGs
[2024-10-17T03:16:42.744+0000] {logging_mixin.py:188} INFO - [2024-10-17T03:16:42.743+0000] {dag.py:3954} INFO - Setting next_dagrun for example_branch_datetime_operator to 2024-10-16 00:00:00+00:00, run_after=2024-10-17 00:00:00+00:00
[2024-10-17T03:16:42.754+0000] {logging_mixin.py:188} INFO - [2024-10-17T03:16:42.754+0000] {dag.py:3954} INFO - Setting next_dagrun for example_branch_datetime_operator_2 to 2024-10-16 00:00:00+00:00, run_after=2024-10-17 00:00:00+00:00
[2024-10-17T03:16:42.760+0000] {logging_mixin.py:188} INFO - [2024-10-17T03:16:42.760+0000] {dag.py:3954} INFO - Setting next_dagrun for example_branch_datetime_operator_3 to 2024-10-16 00:00:00+00:00, run_after=2024-10-17 00:00:00+00:00
[2024-10-17T03:16:42.814+0000] {processor.py:183} INFO - Processing /home/airflow/.local/lib/python3.12/site-packages/airflow/example_dags/example_branch_datetime_operator.py took 0.228 seconds
[2024-10-17T03:17:13.165+0000] {processor.py:161} INFO - Started process (PID=5673) to work on /home/airflow/.local/lib/python3.12/site-packages/airflow/example_dags/example_branch_datetime_operator.py
[2024-10-17T03:17:13.168+0000] {processor.py:830} INFO - Processing file /home/airflow/.local/lib/python3.12/site-packages/airflow/example_dags/example_branch_datetime_operator.py for tasks to queue
[2024-10-17T03:17:13.172+0000] {logging_mixin.py:188} INFO - [2024-10-17T03:17:13.171+0000] {dagbag.py:545} INFO - Filling up the DagBag from /home/airflow/.local/lib/python3.12/site-packages/airflow/example_dags/example_branch_datetime_operator.py
[2024-10-17T03:17:13.192+0000] {processor.py:840} INFO - DAG(s) 'example_branch_datetime_operator_2', 'example_branch_datetime_operator_3', 'example_branch_datetime_operator' retrieved from /home/airflow/.local/lib/python3.12/site-packages/airflow/example_dags/example_branch_datetime_operator.py
[2024-10-17T03:17:13.243+0000] {logging_mixin.py:188} INFO - [2024-10-17T03:17:13.242+0000] {dag.py:3096} INFO - Sync 3 DAGs
[2024-10-17T03:17:13.284+0000] {logging_mixin.py:188} INFO - [2024-10-17T03:17:13.284+0000] {dag.py:3954} INFO - Setting next_dagrun for example_branch_datetime_operator to 2024-10-16 00:00:00+00:00, run_after=2024-10-17 00:00:00+00:00
[2024-10-17T03:17:13.294+0000] {logging_mixin.py:188} INFO - [2024-10-17T03:17:13.293+0000] {dag.py:3954} INFO - Setting next_dagrun for example_branch_datetime_operator_2 to 2024-10-16 00:00:00+00:00, run_after=2024-10-17 00:00:00+00:00
[2024-10-17T03:17:13.299+0000] {logging_mixin.py:188} INFO - [2024-10-17T03:17:13.299+0000] {dag.py:3954} INFO - Setting next_dagrun for example_branch_datetime_operator_3 to 2024-10-16 00:00:00+00:00, run_after=2024-10-17 00:00:00+00:00
[2024-10-17T03:17:13.334+0000] {processor.py:183} INFO - Processing /home/airflow/.local/lib/python3.12/site-packages/airflow/example_dags/example_branch_datetime_operator.py took 0.176 seconds
[2024-10-17T03:17:43.460+0000] {processor.py:161} INFO - Started process (PID=5937) to work on /home/airflow/.local/lib/python3.12/site-packages/airflow/example_dags/example_branch_datetime_operator.py
[2024-10-17T03:17:43.462+0000] {processor.py:830} INFO - Processing file /home/airflow/.local/lib/python3.12/site-packages/airflow/example_dags/example_branch_datetime_operator.py for tasks to queue
[2024-10-17T03:17:43.466+0000] {logging_mixin.py:188} INFO - [2024-10-17T03:17:43.465+0000] {dagbag.py:545} INFO - Filling up the DagBag from /home/airflow/.local/lib/python3.12/site-packages/airflow/example_dags/example_branch_datetime_operator.py
[2024-10-17T03:17:43.489+0000] {processor.py:840} INFO - DAG(s) 'example_branch_datetime_operator_2', 'example_branch_datetime_operator', 'example_branch_datetime_operator_3' retrieved from /home/airflow/.local/lib/python3.12/site-packages/airflow/example_dags/example_branch_datetime_operator.py
[2024-10-17T03:17:43.544+0000] {logging_mixin.py:188} INFO - [2024-10-17T03:17:43.543+0000] {dag.py:3096} INFO - Sync 3 DAGs
[2024-10-17T03:17:43.594+0000] {logging_mixin.py:188} INFO - [2024-10-17T03:17:43.593+0000] {dag.py:3954} INFO - Setting next_dagrun for example_branch_datetime_operator to 2024-10-16 00:00:00+00:00, run_after=2024-10-17 00:00:00+00:00
[2024-10-17T03:17:43.605+0000] {logging_mixin.py:188} INFO - [2024-10-17T03:17:43.604+0000] {dag.py:3954} INFO - Setting next_dagrun for example_branch_datetime_operator_2 to 2024-10-16 00:00:00+00:00, run_after=2024-10-17 00:00:00+00:00
[2024-10-17T03:17:43.611+0000] {logging_mixin.py:188} INFO - [2024-10-17T03:17:43.610+0000] {dag.py:3954} INFO - Setting next_dagrun for example_branch_datetime_operator_3 to 2024-10-16 00:00:00+00:00, run_after=2024-10-17 00:00:00+00:00
[2024-10-17T03:17:43.651+0000] {processor.py:183} INFO - Processing /home/airflow/.local/lib/python3.12/site-packages/airflow/example_dags/example_branch_datetime_operator.py took 0.200 seconds
[2024-10-17T03:18:13.905+0000] {processor.py:161} INFO - Started process (PID=6203) to work on /home/airflow/.local/lib/python3.12/site-packages/airflow/example_dags/example_branch_datetime_operator.py
[2024-10-17T03:18:13.907+0000] {processor.py:830} INFO - Processing file /home/airflow/.local/lib/python3.12/site-packages/airflow/example_dags/example_branch_datetime_operator.py for tasks to queue
[2024-10-17T03:18:13.911+0000] {logging_mixin.py:188} INFO - [2024-10-17T03:18:13.911+0000] {dagbag.py:545} INFO - Filling up the DagBag from /home/airflow/.local/lib/python3.12/site-packages/airflow/example_dags/example_branch_datetime_operator.py
[2024-10-17T03:18:13.930+0000] {processor.py:840} INFO - DAG(s) 'example_branch_datetime_operator_2', 'example_branch_datetime_operator', 'example_branch_datetime_operator_3' retrieved from /home/airflow/.local/lib/python3.12/site-packages/airflow/example_dags/example_branch_datetime_operator.py
[2024-10-17T03:18:13.996+0000] {logging_mixin.py:188} INFO - [2024-10-17T03:18:13.995+0000] {dag.py:3096} INFO - Sync 3 DAGs
[2024-10-17T03:18:14.048+0000] {logging_mixin.py:188} INFO - [2024-10-17T03:18:14.048+0000] {dag.py:3954} INFO - Setting next_dagrun for example_branch_datetime_operator to 2024-10-16 00:00:00+00:00, run_after=2024-10-17 00:00:00+00:00
[2024-10-17T03:18:14.059+0000] {logging_mixin.py:188} INFO - [2024-10-17T03:18:14.058+0000] {dag.py:3954} INFO - Setting next_dagrun for example_branch_datetime_operator_2 to 2024-10-16 00:00:00+00:00, run_after=2024-10-17 00:00:00+00:00
[2024-10-17T03:18:14.064+0000] {logging_mixin.py:188} INFO - [2024-10-17T03:18:14.064+0000] {dag.py:3954} INFO - Setting next_dagrun for example_branch_datetime_operator_3 to 2024-10-16 00:00:00+00:00, run_after=2024-10-17 00:00:00+00:00
[2024-10-17T03:18:14.109+0000] {processor.py:183} INFO - Processing /home/airflow/.local/lib/python3.12/site-packages/airflow/example_dags/example_branch_datetime_operator.py took 0.212 seconds
[2024-10-17T03:18:44.689+0000] {processor.py:161} INFO - Started process (PID=6472) to work on /home/airflow/.local/lib/python3.12/site-packages/airflow/example_dags/example_branch_datetime_operator.py
[2024-10-17T03:18:44.691+0000] {processor.py:830} INFO - Processing file /home/airflow/.local/lib/python3.12/site-packages/airflow/example_dags/example_branch_datetime_operator.py for tasks to queue
[2024-10-17T03:18:44.695+0000] {logging_mixin.py:188} INFO - [2024-10-17T03:18:44.694+0000] {dagbag.py:545} INFO - Filling up the DagBag from /home/airflow/.local/lib/python3.12/site-packages/airflow/example_dags/example_branch_datetime_operator.py
[2024-10-17T03:18:44.714+0000] {processor.py:840} INFO - DAG(s) 'example_branch_datetime_operator_3', 'example_branch_datetime_operator', 'example_branch_datetime_operator_2' retrieved from /home/airflow/.local/lib/python3.12/site-packages/airflow/example_dags/example_branch_datetime_operator.py
[2024-10-17T03:18:44.771+0000] {logging_mixin.py:188} INFO - [2024-10-17T03:18:44.770+0000] {dag.py:3096} INFO - Sync 3 DAGs
[2024-10-17T03:18:44.817+0000] {logging_mixin.py:188} INFO - [2024-10-17T03:18:44.817+0000] {dag.py:3954} INFO - Setting next_dagrun for example_branch_datetime_operator to 2024-10-16 00:00:00+00:00, run_after=2024-10-17 00:00:00+00:00
[2024-10-17T03:18:44.830+0000] {logging_mixin.py:188} INFO - [2024-10-17T03:18:44.829+0000] {dag.py:3954} INFO - Setting next_dagrun for example_branch_datetime_operator_2 to 2024-10-16 00:00:00+00:00, run_after=2024-10-17 00:00:00+00:00
[2024-10-17T03:18:44.836+0000] {logging_mixin.py:188} INFO - [2024-10-17T03:18:44.835+0000] {dag.py:3954} INFO - Setting next_dagrun for example_branch_datetime_operator_3 to 2024-10-16 00:00:00+00:00, run_after=2024-10-17 00:00:00+00:00
[2024-10-17T03:18:44.880+0000] {processor.py:183} INFO - Processing /home/airflow/.local/lib/python3.12/site-packages/airflow/example_dags/example_branch_datetime_operator.py took 0.203 seconds
[2024-10-17T03:19:15.411+0000] {processor.py:161} INFO - Started process (PID=6736) to work on /home/airflow/.local/lib/python3.12/site-packages/airflow/example_dags/example_branch_datetime_operator.py
[2024-10-17T03:19:15.413+0000] {processor.py:830} INFO - Processing file /home/airflow/.local/lib/python3.12/site-packages/airflow/example_dags/example_branch_datetime_operator.py for tasks to queue
[2024-10-17T03:19:15.417+0000] {logging_mixin.py:188} INFO - [2024-10-17T03:19:15.416+0000] {dagbag.py:545} INFO - Filling up the DagBag from /home/airflow/.local/lib/python3.12/site-packages/airflow/example_dags/example_branch_datetime_operator.py
[2024-10-17T03:19:15.437+0000] {processor.py:840} INFO - DAG(s) 'example_branch_datetime_operator_3', 'example_branch_datetime_operator_2', 'example_branch_datetime_operator' retrieved from /home/airflow/.local/lib/python3.12/site-packages/airflow/example_dags/example_branch_datetime_operator.py
[2024-10-17T03:19:15.504+0000] {logging_mixin.py:188} INFO - [2024-10-17T03:19:15.503+0000] {dag.py:3096} INFO - Sync 3 DAGs
[2024-10-17T03:19:15.573+0000] {logging_mixin.py:188} INFO - [2024-10-17T03:19:15.572+0000] {dag.py:3954} INFO - Setting next_dagrun for example_branch_datetime_operator to 2024-10-16 00:00:00+00:00, run_after=2024-10-17 00:00:00+00:00
[2024-10-17T03:19:15.589+0000] {logging_mixin.py:188} INFO - [2024-10-17T03:19:15.589+0000] {dag.py:3954} INFO - Setting next_dagrun for example_branch_datetime_operator_2 to 2024-10-16 00:00:00+00:00, run_after=2024-10-17 00:00:00+00:00
[2024-10-17T03:19:15.597+0000] {logging_mixin.py:188} INFO - [2024-10-17T03:19:15.596+0000] {dag.py:3954} INFO - Setting next_dagrun for example_branch_datetime_operator_3 to 2024-10-16 00:00:00+00:00, run_after=2024-10-17 00:00:00+00:00
[2024-10-17T03:19:15.651+0000] {processor.py:183} INFO - Processing /home/airflow/.local/lib/python3.12/site-packages/airflow/example_dags/example_branch_datetime_operator.py took 0.253 seconds
[2024-10-17T03:19:45.809+0000] {processor.py:161} INFO - Started process (PID=7002) to work on /home/airflow/.local/lib/python3.12/site-packages/airflow/example_dags/example_branch_datetime_operator.py
[2024-10-17T03:19:45.811+0000] {processor.py:830} INFO - Processing file /home/airflow/.local/lib/python3.12/site-packages/airflow/example_dags/example_branch_datetime_operator.py for tasks to queue
[2024-10-17T03:19:45.814+0000] {logging_mixin.py:188} INFO - [2024-10-17T03:19:45.813+0000] {dagbag.py:545} INFO - Filling up the DagBag from /home/airflow/.local/lib/python3.12/site-packages/airflow/example_dags/example_branch_datetime_operator.py
[2024-10-17T03:19:45.836+0000] {processor.py:840} INFO - DAG(s) 'example_branch_datetime_operator_2', 'example_branch_datetime_operator_3', 'example_branch_datetime_operator' retrieved from /home/airflow/.local/lib/python3.12/site-packages/airflow/example_dags/example_branch_datetime_operator.py
[2024-10-17T03:19:45.893+0000] {logging_mixin.py:188} INFO - [2024-10-17T03:19:45.892+0000] {dag.py:3096} INFO - Sync 3 DAGs
[2024-10-17T03:19:45.939+0000] {logging_mixin.py:188} INFO - [2024-10-17T03:19:45.938+0000] {dag.py:3954} INFO - Setting next_dagrun for example_branch_datetime_operator to 2024-10-16 00:00:00+00:00, run_after=2024-10-17 00:00:00+00:00
[2024-10-17T03:19:45.949+0000] {logging_mixin.py:188} INFO - [2024-10-17T03:19:45.949+0000] {dag.py:3954} INFO - Setting next_dagrun for example_branch_datetime_operator_2 to 2024-10-16 00:00:00+00:00, run_after=2024-10-17 00:00:00+00:00
[2024-10-17T03:19:45.955+0000] {logging_mixin.py:188} INFO - [2024-10-17T03:19:45.955+0000] {dag.py:3954} INFO - Setting next_dagrun for example_branch_datetime_operator_3 to 2024-10-16 00:00:00+00:00, run_after=2024-10-17 00:00:00+00:00
[2024-10-17T03:19:45.998+0000] {processor.py:183} INFO - Processing /home/airflow/.local/lib/python3.12/site-packages/airflow/example_dags/example_branch_datetime_operator.py took 0.196 seconds
[2024-10-17T03:20:16.559+0000] {processor.py:161} INFO - Started process (PID=7270) to work on /home/airflow/.local/lib/python3.12/site-packages/airflow/example_dags/example_branch_datetime_operator.py
[2024-10-17T03:20:16.561+0000] {processor.py:830} INFO - Processing file /home/airflow/.local/lib/python3.12/site-packages/airflow/example_dags/example_branch_datetime_operator.py for tasks to queue
[2024-10-17T03:20:16.564+0000] {logging_mixin.py:188} INFO - [2024-10-17T03:20:16.563+0000] {dagbag.py:545} INFO - Filling up the DagBag from /home/airflow/.local/lib/python3.12/site-packages/airflow/example_dags/example_branch_datetime_operator.py
[2024-10-17T03:20:16.580+0000] {processor.py:840} INFO - DAG(s) 'example_branch_datetime_operator', 'example_branch_datetime_operator_2', 'example_branch_datetime_operator_3' retrieved from /home/airflow/.local/lib/python3.12/site-packages/airflow/example_dags/example_branch_datetime_operator.py
[2024-10-17T03:20:16.634+0000] {logging_mixin.py:188} INFO - [2024-10-17T03:20:16.633+0000] {dag.py:3096} INFO - Sync 3 DAGs
[2024-10-17T03:20:16.678+0000] {logging_mixin.py:188} INFO - [2024-10-17T03:20:16.677+0000] {dag.py:3954} INFO - Setting next_dagrun for example_branch_datetime_operator to 2024-10-16 00:00:00+00:00, run_after=2024-10-17 00:00:00+00:00
[2024-10-17T03:20:16.687+0000] {logging_mixin.py:188} INFO - [2024-10-17T03:20:16.687+0000] {dag.py:3954} INFO - Setting next_dagrun for example_branch_datetime_operator_2 to 2024-10-16 00:00:00+00:00, run_after=2024-10-17 00:00:00+00:00
[2024-10-17T03:20:16.693+0000] {logging_mixin.py:188} INFO - [2024-10-17T03:20:16.693+0000] {dag.py:3954} INFO - Setting next_dagrun for example_branch_datetime_operator_3 to 2024-10-16 00:00:00+00:00, run_after=2024-10-17 00:00:00+00:00
[2024-10-17T03:20:16.738+0000] {processor.py:183} INFO - Processing /home/airflow/.local/lib/python3.12/site-packages/airflow/example_dags/example_branch_datetime_operator.py took 0.188 seconds
[2024-10-17T03:20:46.827+0000] {processor.py:161} INFO - Started process (PID=7534) to work on /home/airflow/.local/lib/python3.12/site-packages/airflow/example_dags/example_branch_datetime_operator.py
[2024-10-17T03:20:46.829+0000] {processor.py:830} INFO - Processing file /home/airflow/.local/lib/python3.12/site-packages/airflow/example_dags/example_branch_datetime_operator.py for tasks to queue
[2024-10-17T03:20:46.832+0000] {logging_mixin.py:188} INFO - [2024-10-17T03:20:46.832+0000] {dagbag.py:545} INFO - Filling up the DagBag from /home/airflow/.local/lib/python3.12/site-packages/airflow/example_dags/example_branch_datetime_operator.py
[2024-10-17T03:20:46.884+0000] {processor.py:840} INFO - DAG(s) 'example_branch_datetime_operator_3', 'example_branch_datetime_operator_2', 'example_branch_datetime_operator' retrieved from /home/airflow/.local/lib/python3.12/site-packages/airflow/example_dags/example_branch_datetime_operator.py
[2024-10-17T03:20:47.013+0000] {logging_mixin.py:188} INFO - [2024-10-17T03:20:47.013+0000] {dag.py:3096} INFO - Sync 3 DAGs
[2024-10-17T03:20:47.066+0000] {logging_mixin.py:188} INFO - [2024-10-17T03:20:47.065+0000] {dag.py:3954} INFO - Setting next_dagrun for example_branch_datetime_operator to 2024-10-16 00:00:00+00:00, run_after=2024-10-17 00:00:00+00:00
[2024-10-17T03:20:47.079+0000] {logging_mixin.py:188} INFO - [2024-10-17T03:20:47.079+0000] {dag.py:3954} INFO - Setting next_dagrun for example_branch_datetime_operator_2 to 2024-10-16 00:00:00+00:00, run_after=2024-10-17 00:00:00+00:00
[2024-10-17T03:20:47.086+0000] {logging_mixin.py:188} INFO - [2024-10-17T03:20:47.086+0000] {dag.py:3954} INFO - Setting next_dagrun for example_branch_datetime_operator_3 to 2024-10-16 00:00:00+00:00, run_after=2024-10-17 00:00:00+00:00
[2024-10-17T03:20:47.124+0000] {processor.py:183} INFO - Processing /home/airflow/.local/lib/python3.12/site-packages/airflow/example_dags/example_branch_datetime_operator.py took 0.305 seconds
[2024-10-17T03:21:17.468+0000] {processor.py:161} INFO - Started process (PID=7800) to work on /home/airflow/.local/lib/python3.12/site-packages/airflow/example_dags/example_branch_datetime_operator.py
[2024-10-17T03:21:17.469+0000] {processor.py:830} INFO - Processing file /home/airflow/.local/lib/python3.12/site-packages/airflow/example_dags/example_branch_datetime_operator.py for tasks to queue
[2024-10-17T03:21:17.475+0000] {logging_mixin.py:188} INFO - [2024-10-17T03:21:17.474+0000] {dagbag.py:545} INFO - Filling up the DagBag from /home/airflow/.local/lib/python3.12/site-packages/airflow/example_dags/example_branch_datetime_operator.py
[2024-10-17T03:21:17.493+0000] {processor.py:840} INFO - DAG(s) 'example_branch_datetime_operator_2', 'example_branch_datetime_operator', 'example_branch_datetime_operator_3' retrieved from /home/airflow/.local/lib/python3.12/site-packages/airflow/example_dags/example_branch_datetime_operator.py
[2024-10-17T03:21:17.547+0000] {logging_mixin.py:188} INFO - [2024-10-17T03:21:17.547+0000] {dag.py:3096} INFO - Sync 3 DAGs
[2024-10-17T03:21:17.626+0000] {logging_mixin.py:188} INFO - [2024-10-17T03:21:17.626+0000] {dag.py:3954} INFO - Setting next_dagrun for example_branch_datetime_operator to 2024-10-16 00:00:00+00:00, run_after=2024-10-17 00:00:00+00:00
[2024-10-17T03:21:17.637+0000] {logging_mixin.py:188} INFO - [2024-10-17T03:21:17.637+0000] {dag.py:3954} INFO - Setting next_dagrun for example_branch_datetime_operator_2 to 2024-10-16 00:00:00+00:00, run_after=2024-10-17 00:00:00+00:00
[2024-10-17T03:21:17.644+0000] {logging_mixin.py:188} INFO - [2024-10-17T03:21:17.644+0000] {dag.py:3954} INFO - Setting next_dagrun for example_branch_datetime_operator_3 to 2024-10-16 00:00:00+00:00, run_after=2024-10-17 00:00:00+00:00
[2024-10-17T03:21:17.688+0000] {processor.py:183} INFO - Processing /home/airflow/.local/lib/python3.12/site-packages/airflow/example_dags/example_branch_datetime_operator.py took 0.230 seconds
[2024-10-17T03:21:48.279+0000] {processor.py:161} INFO - Started process (PID=8068) to work on /home/airflow/.local/lib/python3.12/site-packages/airflow/example_dags/example_branch_datetime_operator.py
[2024-10-17T03:21:48.281+0000] {processor.py:830} INFO - Processing file /home/airflow/.local/lib/python3.12/site-packages/airflow/example_dags/example_branch_datetime_operator.py for tasks to queue
[2024-10-17T03:21:48.285+0000] {logging_mixin.py:188} INFO - [2024-10-17T03:21:48.284+0000] {dagbag.py:545} INFO - Filling up the DagBag from /home/airflow/.local/lib/python3.12/site-packages/airflow/example_dags/example_branch_datetime_operator.py
[2024-10-17T03:21:48.334+0000] {processor.py:840} INFO - DAG(s) 'example_branch_datetime_operator_2', 'example_branch_datetime_operator_3', 'example_branch_datetime_operator' retrieved from /home/airflow/.local/lib/python3.12/site-packages/airflow/example_dags/example_branch_datetime_operator.py
[2024-10-17T03:21:48.466+0000] {logging_mixin.py:188} INFO - [2024-10-17T03:21:48.466+0000] {dag.py:3096} INFO - Sync 3 DAGs
[2024-10-17T03:21:48.512+0000] {logging_mixin.py:188} INFO - [2024-10-17T03:21:48.512+0000] {dag.py:3954} INFO - Setting next_dagrun for example_branch_datetime_operator to 2024-10-16 00:00:00+00:00, run_after=2024-10-17 00:00:00+00:00
[2024-10-17T03:21:48.532+0000] {logging_mixin.py:188} INFO - [2024-10-17T03:21:48.531+0000] {dag.py:3954} INFO - Setting next_dagrun for example_branch_datetime_operator_2 to 2024-10-16 00:00:00+00:00, run_after=2024-10-17 00:00:00+00:00
[2024-10-17T03:21:48.542+0000] {logging_mixin.py:188} INFO - [2024-10-17T03:21:48.542+0000] {dag.py:3954} INFO - Setting next_dagrun for example_branch_datetime_operator_3 to 2024-10-16 00:00:00+00:00, run_after=2024-10-17 00:00:00+00:00
[2024-10-17T03:21:48.596+0000] {processor.py:183} INFO - Processing /home/airflow/.local/lib/python3.12/site-packages/airflow/example_dags/example_branch_datetime_operator.py took 0.327 seconds
[2024-10-17T03:22:18.969+0000] {processor.py:161} INFO - Started process (PID=8334) to work on /home/airflow/.local/lib/python3.12/site-packages/airflow/example_dags/example_branch_datetime_operator.py
[2024-10-17T03:22:18.972+0000] {processor.py:830} INFO - Processing file /home/airflow/.local/lib/python3.12/site-packages/airflow/example_dags/example_branch_datetime_operator.py for tasks to queue
[2024-10-17T03:22:18.979+0000] {logging_mixin.py:188} INFO - [2024-10-17T03:22:18.978+0000] {dagbag.py:545} INFO - Filling up the DagBag from /home/airflow/.local/lib/python3.12/site-packages/airflow/example_dags/example_branch_datetime_operator.py
[2024-10-17T03:22:19.007+0000] {processor.py:840} INFO - DAG(s) 'example_branch_datetime_operator_2', 'example_branch_datetime_operator_3', 'example_branch_datetime_operator' retrieved from /home/airflow/.local/lib/python3.12/site-packages/airflow/example_dags/example_branch_datetime_operator.py
[2024-10-17T03:22:19.083+0000] {logging_mixin.py:188} INFO - [2024-10-17T03:22:19.083+0000] {dag.py:3096} INFO - Sync 3 DAGs
[2024-10-17T03:22:19.128+0000] {logging_mixin.py:188} INFO - [2024-10-17T03:22:19.127+0000] {dag.py:3954} INFO - Setting next_dagrun for example_branch_datetime_operator to 2024-10-16 00:00:00+00:00, run_after=2024-10-17 00:00:00+00:00
[2024-10-17T03:22:19.137+0000] {logging_mixin.py:188} INFO - [2024-10-17T03:22:19.136+0000] {dag.py:3954} INFO - Setting next_dagrun for example_branch_datetime_operator_2 to 2024-10-16 00:00:00+00:00, run_after=2024-10-17 00:00:00+00:00
[2024-10-17T03:22:19.143+0000] {logging_mixin.py:188} INFO - [2024-10-17T03:22:19.143+0000] {dag.py:3954} INFO - Setting next_dagrun for example_branch_datetime_operator_3 to 2024-10-16 00:00:00+00:00, run_after=2024-10-17 00:00:00+00:00
[2024-10-17T03:22:19.187+0000] {processor.py:183} INFO - Processing /home/airflow/.local/lib/python3.12/site-packages/airflow/example_dags/example_branch_datetime_operator.py took 0.226 seconds
[2024-10-17T03:22:49.994+0000] {processor.py:161} INFO - Started process (PID=8598) to work on /home/airflow/.local/lib/python3.12/site-packages/airflow/example_dags/example_branch_datetime_operator.py
[2024-10-17T03:22:49.996+0000] {processor.py:830} INFO - Processing file /home/airflow/.local/lib/python3.12/site-packages/airflow/example_dags/example_branch_datetime_operator.py for tasks to queue
[2024-10-17T03:22:50.000+0000] {logging_mixin.py:188} INFO - [2024-10-17T03:22:49.999+0000] {dagbag.py:545} INFO - Filling up the DagBag from /home/airflow/.local/lib/python3.12/site-packages/airflow/example_dags/example_branch_datetime_operator.py
[2024-10-17T03:22:50.024+0000] {processor.py:840} INFO - DAG(s) 'example_branch_datetime_operator_3', 'example_branch_datetime_operator', 'example_branch_datetime_operator_2' retrieved from /home/airflow/.local/lib/python3.12/site-packages/airflow/example_dags/example_branch_datetime_operator.py
[2024-10-17T03:22:50.085+0000] {logging_mixin.py:188} INFO - [2024-10-17T03:22:50.084+0000] {dag.py:3096} INFO - Sync 3 DAGs
[2024-10-17T03:22:50.151+0000] {logging_mixin.py:188} INFO - [2024-10-17T03:22:50.150+0000] {dag.py:3954} INFO - Setting next_dagrun for example_branch_datetime_operator to 2024-10-16 00:00:00+00:00, run_after=2024-10-17 00:00:00+00:00
[2024-10-17T03:22:50.164+0000] {logging_mixin.py:188} INFO - [2024-10-17T03:22:50.163+0000] {dag.py:3954} INFO - Setting next_dagrun for example_branch_datetime_operator_2 to 2024-10-16 00:00:00+00:00, run_after=2024-10-17 00:00:00+00:00
[2024-10-17T03:22:50.171+0000] {logging_mixin.py:188} INFO - [2024-10-17T03:22:50.171+0000] {dag.py:3954} INFO - Setting next_dagrun for example_branch_datetime_operator_3 to 2024-10-16 00:00:00+00:00, run_after=2024-10-17 00:00:00+00:00
[2024-10-17T03:22:50.218+0000] {processor.py:183} INFO - Processing /home/airflow/.local/lib/python3.12/site-packages/airflow/example_dags/example_branch_datetime_operator.py took 0.237 seconds
[2024-10-17T03:23:21.030+0000] {processor.py:161} INFO - Started process (PID=8866) to work on /home/airflow/.local/lib/python3.12/site-packages/airflow/example_dags/example_branch_datetime_operator.py
[2024-10-17T03:23:21.032+0000] {processor.py:830} INFO - Processing file /home/airflow/.local/lib/python3.12/site-packages/airflow/example_dags/example_branch_datetime_operator.py for tasks to queue
[2024-10-17T03:23:21.036+0000] {logging_mixin.py:188} INFO - [2024-10-17T03:23:21.035+0000] {dagbag.py:545} INFO - Filling up the DagBag from /home/airflow/.local/lib/python3.12/site-packages/airflow/example_dags/example_branch_datetime_operator.py
[2024-10-17T03:23:21.056+0000] {processor.py:840} INFO - DAG(s) 'example_branch_datetime_operator_2', 'example_branch_datetime_operator', 'example_branch_datetime_operator_3' retrieved from /home/airflow/.local/lib/python3.12/site-packages/airflow/example_dags/example_branch_datetime_operator.py
[2024-10-17T03:23:21.109+0000] {logging_mixin.py:188} INFO - [2024-10-17T03:23:21.108+0000] {dag.py:3096} INFO - Sync 3 DAGs
[2024-10-17T03:23:21.154+0000] {logging_mixin.py:188} INFO - [2024-10-17T03:23:21.153+0000] {dag.py:3954} INFO - Setting next_dagrun for example_branch_datetime_operator to 2024-10-16 00:00:00+00:00, run_after=2024-10-17 00:00:00+00:00
[2024-10-17T03:23:21.164+0000] {logging_mixin.py:188} INFO - [2024-10-17T03:23:21.163+0000] {dag.py:3954} INFO - Setting next_dagrun for example_branch_datetime_operator_2 to 2024-10-16 00:00:00+00:00, run_after=2024-10-17 00:00:00+00:00
[2024-10-17T03:23:21.169+0000] {logging_mixin.py:188} INFO - [2024-10-17T03:23:21.169+0000] {dag.py:3954} INFO - Setting next_dagrun for example_branch_datetime_operator_3 to 2024-10-16 00:00:00+00:00, run_after=2024-10-17 00:00:00+00:00
[2024-10-17T03:23:21.207+0000] {processor.py:183} INFO - Processing /home/airflow/.local/lib/python3.12/site-packages/airflow/example_dags/example_branch_datetime_operator.py took 0.185 seconds
[2024-10-17T03:23:51.670+0000] {processor.py:161} INFO - Started process (PID=9131) to work on /home/airflow/.local/lib/python3.12/site-packages/airflow/example_dags/example_branch_datetime_operator.py
[2024-10-17T03:23:51.672+0000] {processor.py:830} INFO - Processing file /home/airflow/.local/lib/python3.12/site-packages/airflow/example_dags/example_branch_datetime_operator.py for tasks to queue
[2024-10-17T03:23:51.676+0000] {logging_mixin.py:188} INFO - [2024-10-17T03:23:51.675+0000] {dagbag.py:545} INFO - Filling up the DagBag from /home/airflow/.local/lib/python3.12/site-packages/airflow/example_dags/example_branch_datetime_operator.py
[2024-10-17T03:23:51.692+0000] {processor.py:840} INFO - DAG(s) 'example_branch_datetime_operator_3', 'example_branch_datetime_operator', 'example_branch_datetime_operator_2' retrieved from /home/airflow/.local/lib/python3.12/site-packages/airflow/example_dags/example_branch_datetime_operator.py
[2024-10-17T03:23:51.745+0000] {logging_mixin.py:188} INFO - [2024-10-17T03:23:51.745+0000] {dag.py:3096} INFO - Sync 3 DAGs
[2024-10-17T03:23:51.796+0000] {logging_mixin.py:188} INFO - [2024-10-17T03:23:51.795+0000] {dag.py:3954} INFO - Setting next_dagrun for example_branch_datetime_operator to 2024-10-16 00:00:00+00:00, run_after=2024-10-17 00:00:00+00:00
[2024-10-17T03:23:51.808+0000] {logging_mixin.py:188} INFO - [2024-10-17T03:23:51.808+0000] {dag.py:3954} INFO - Setting next_dagrun for example_branch_datetime_operator_2 to 2024-10-16 00:00:00+00:00, run_after=2024-10-17 00:00:00+00:00
[2024-10-17T03:23:51.816+0000] {logging_mixin.py:188} INFO - [2024-10-17T03:23:51.816+0000] {dag.py:3954} INFO - Setting next_dagrun for example_branch_datetime_operator_3 to 2024-10-16 00:00:00+00:00, run_after=2024-10-17 00:00:00+00:00
[2024-10-17T03:23:51.851+0000] {processor.py:183} INFO - Processing /home/airflow/.local/lib/python3.12/site-packages/airflow/example_dags/example_branch_datetime_operator.py took 0.190 seconds
[2024-10-17T03:24:22.678+0000] {processor.py:161} INFO - Started process (PID=9398) to work on /home/airflow/.local/lib/python3.12/site-packages/airflow/example_dags/example_branch_datetime_operator.py
[2024-10-17T03:24:22.680+0000] {processor.py:830} INFO - Processing file /home/airflow/.local/lib/python3.12/site-packages/airflow/example_dags/example_branch_datetime_operator.py for tasks to queue
[2024-10-17T03:24:22.684+0000] {logging_mixin.py:188} INFO - [2024-10-17T03:24:22.683+0000] {dagbag.py:545} INFO - Filling up the DagBag from /home/airflow/.local/lib/python3.12/site-packages/airflow/example_dags/example_branch_datetime_operator.py
[2024-10-17T03:24:22.710+0000] {processor.py:840} INFO - DAG(s) 'example_branch_datetime_operator_2', 'example_branch_datetime_operator', 'example_branch_datetime_operator_3' retrieved from /home/airflow/.local/lib/python3.12/site-packages/airflow/example_dags/example_branch_datetime_operator.py
[2024-10-17T03:24:22.776+0000] {logging_mixin.py:188} INFO - [2024-10-17T03:24:22.775+0000] {dag.py:3096} INFO - Sync 3 DAGs
[2024-10-17T03:24:22.836+0000] {logging_mixin.py:188} INFO - [2024-10-17T03:24:22.835+0000] {dag.py:3954} INFO - Setting next_dagrun for example_branch_datetime_operator to 2024-10-16 00:00:00+00:00, run_after=2024-10-17 00:00:00+00:00
[2024-10-17T03:24:22.852+0000] {logging_mixin.py:188} INFO - [2024-10-17T03:24:22.851+0000] {dag.py:3954} INFO - Setting next_dagrun for example_branch_datetime_operator_2 to 2024-10-16 00:00:00+00:00, run_after=2024-10-17 00:00:00+00:00
[2024-10-17T03:24:22.860+0000] {logging_mixin.py:188} INFO - [2024-10-17T03:24:22.860+0000] {dag.py:3954} INFO - Setting next_dagrun for example_branch_datetime_operator_3 to 2024-10-16 00:00:00+00:00, run_after=2024-10-17 00:00:00+00:00
[2024-10-17T03:24:22.938+0000] {processor.py:183} INFO - Processing /home/airflow/.local/lib/python3.12/site-packages/airflow/example_dags/example_branch_datetime_operator.py took 0.270 seconds
[2024-10-17T03:24:53.154+0000] {processor.py:161} INFO - Started process (PID=9662) to work on /home/airflow/.local/lib/python3.12/site-packages/airflow/example_dags/example_branch_datetime_operator.py
[2024-10-17T03:24:53.156+0000] {processor.py:830} INFO - Processing file /home/airflow/.local/lib/python3.12/site-packages/airflow/example_dags/example_branch_datetime_operator.py for tasks to queue
[2024-10-17T03:24:53.160+0000] {logging_mixin.py:188} INFO - [2024-10-17T03:24:53.159+0000] {dagbag.py:545} INFO - Filling up the DagBag from /home/airflow/.local/lib/python3.12/site-packages/airflow/example_dags/example_branch_datetime_operator.py
[2024-10-17T03:24:53.184+0000] {processor.py:840} INFO - DAG(s) 'example_branch_datetime_operator_3', 'example_branch_datetime_operator_2', 'example_branch_datetime_operator' retrieved from /home/airflow/.local/lib/python3.12/site-packages/airflow/example_dags/example_branch_datetime_operator.py
[2024-10-17T03:24:53.243+0000] {logging_mixin.py:188} INFO - [2024-10-17T03:24:53.242+0000] {dag.py:3096} INFO - Sync 3 DAGs
[2024-10-17T03:24:53.290+0000] {logging_mixin.py:188} INFO - [2024-10-17T03:24:53.290+0000] {dag.py:3954} INFO - Setting next_dagrun for example_branch_datetime_operator to 2024-10-16 00:00:00+00:00, run_after=2024-10-17 00:00:00+00:00
[2024-10-17T03:24:53.302+0000] {logging_mixin.py:188} INFO - [2024-10-17T03:24:53.301+0000] {dag.py:3954} INFO - Setting next_dagrun for example_branch_datetime_operator_2 to 2024-10-16 00:00:00+00:00, run_after=2024-10-17 00:00:00+00:00
[2024-10-17T03:24:53.310+0000] {logging_mixin.py:188} INFO - [2024-10-17T03:24:53.309+0000] {dag.py:3954} INFO - Setting next_dagrun for example_branch_datetime_operator_3 to 2024-10-16 00:00:00+00:00, run_after=2024-10-17 00:00:00+00:00
[2024-10-17T03:24:53.351+0000] {processor.py:183} INFO - Processing /home/airflow/.local/lib/python3.12/site-packages/airflow/example_dags/example_branch_datetime_operator.py took 0.206 seconds
[2024-10-17T03:25:24.143+0000] {processor.py:161} INFO - Started process (PID=9930) to work on /home/airflow/.local/lib/python3.12/site-packages/airflow/example_dags/example_branch_datetime_operator.py
[2024-10-17T03:25:24.144+0000] {processor.py:830} INFO - Processing file /home/airflow/.local/lib/python3.12/site-packages/airflow/example_dags/example_branch_datetime_operator.py for tasks to queue
[2024-10-17T03:25:24.150+0000] {logging_mixin.py:188} INFO - [2024-10-17T03:25:24.149+0000] {dagbag.py:545} INFO - Filling up the DagBag from /home/airflow/.local/lib/python3.12/site-packages/airflow/example_dags/example_branch_datetime_operator.py
[2024-10-17T03:25:24.165+0000] {processor.py:840} INFO - DAG(s) 'example_branch_datetime_operator', 'example_branch_datetime_operator_2', 'example_branch_datetime_operator_3' retrieved from /home/airflow/.local/lib/python3.12/site-packages/airflow/example_dags/example_branch_datetime_operator.py
[2024-10-17T03:25:24.220+0000] {logging_mixin.py:188} INFO - [2024-10-17T03:25:24.219+0000] {dag.py:3096} INFO - Sync 3 DAGs
[2024-10-17T03:25:24.272+0000] {logging_mixin.py:188} INFO - [2024-10-17T03:25:24.271+0000] {dag.py:3954} INFO - Setting next_dagrun for example_branch_datetime_operator to 2024-10-16 00:00:00+00:00, run_after=2024-10-17 00:00:00+00:00
[2024-10-17T03:25:24.282+0000] {logging_mixin.py:188} INFO - [2024-10-17T03:25:24.281+0000] {dag.py:3954} INFO - Setting next_dagrun for example_branch_datetime_operator_2 to 2024-10-16 00:00:00+00:00, run_after=2024-10-17 00:00:00+00:00
[2024-10-17T03:25:24.287+0000] {logging_mixin.py:188} INFO - [2024-10-17T03:25:24.287+0000] {dag.py:3954} INFO - Setting next_dagrun for example_branch_datetime_operator_3 to 2024-10-16 00:00:00+00:00, run_after=2024-10-17 00:00:00+00:00
[2024-10-17T03:25:24.331+0000] {processor.py:183} INFO - Processing /home/airflow/.local/lib/python3.12/site-packages/airflow/example_dags/example_branch_datetime_operator.py took 0.197 seconds
[2024-10-17T03:25:54.961+0000] {processor.py:161} INFO - Started process (PID=10194) to work on /home/airflow/.local/lib/python3.12/site-packages/airflow/example_dags/example_branch_datetime_operator.py
[2024-10-17T03:25:54.963+0000] {processor.py:830} INFO - Processing file /home/airflow/.local/lib/python3.12/site-packages/airflow/example_dags/example_branch_datetime_operator.py for tasks to queue
[2024-10-17T03:25:54.969+0000] {logging_mixin.py:188} INFO - [2024-10-17T03:25:54.968+0000] {dagbag.py:545} INFO - Filling up the DagBag from /home/airflow/.local/lib/python3.12/site-packages/airflow/example_dags/example_branch_datetime_operator.py
[2024-10-17T03:25:54.998+0000] {processor.py:840} INFO - DAG(s) 'example_branch_datetime_operator_3', 'example_branch_datetime_operator_2', 'example_branch_datetime_operator' retrieved from /home/airflow/.local/lib/python3.12/site-packages/airflow/example_dags/example_branch_datetime_operator.py
[2024-10-17T03:25:55.065+0000] {logging_mixin.py:188} INFO - [2024-10-17T03:25:55.065+0000] {dag.py:3096} INFO - Sync 3 DAGs
[2024-10-17T03:25:55.116+0000] {logging_mixin.py:188} INFO - [2024-10-17T03:25:55.116+0000] {dag.py:3954} INFO - Setting next_dagrun for example_branch_datetime_operator to 2024-10-16 00:00:00+00:00, run_after=2024-10-17 00:00:00+00:00
[2024-10-17T03:25:55.127+0000] {logging_mixin.py:188} INFO - [2024-10-17T03:25:55.127+0000] {dag.py:3954} INFO - Setting next_dagrun for example_branch_datetime_operator_2 to 2024-10-16 00:00:00+00:00, run_after=2024-10-17 00:00:00+00:00
[2024-10-17T03:25:55.136+0000] {logging_mixin.py:188} INFO - [2024-10-17T03:25:55.135+0000] {dag.py:3954} INFO - Setting next_dagrun for example_branch_datetime_operator_3 to 2024-10-16 00:00:00+00:00, run_after=2024-10-17 00:00:00+00:00
[2024-10-17T03:25:55.194+0000] {processor.py:183} INFO - Processing /home/airflow/.local/lib/python3.12/site-packages/airflow/example_dags/example_branch_datetime_operator.py took 0.244 seconds
[2024-10-17T03:26:25.592+0000] {processor.py:161} INFO - Started process (PID=10457) to work on /home/airflow/.local/lib/python3.12/site-packages/airflow/example_dags/example_branch_datetime_operator.py
[2024-10-17T03:26:25.593+0000] {processor.py:830} INFO - Processing file /home/airflow/.local/lib/python3.12/site-packages/airflow/example_dags/example_branch_datetime_operator.py for tasks to queue
[2024-10-17T03:26:25.597+0000] {logging_mixin.py:188} INFO - [2024-10-17T03:26:25.596+0000] {dagbag.py:545} INFO - Filling up the DagBag from /home/airflow/.local/lib/python3.12/site-packages/airflow/example_dags/example_branch_datetime_operator.py
[2024-10-17T03:26:25.616+0000] {processor.py:840} INFO - DAG(s) 'example_branch_datetime_operator_3', 'example_branch_datetime_operator_2', 'example_branch_datetime_operator' retrieved from /home/airflow/.local/lib/python3.12/site-packages/airflow/example_dags/example_branch_datetime_operator.py
[2024-10-17T03:26:25.695+0000] {logging_mixin.py:188} INFO - [2024-10-17T03:26:25.695+0000] {dag.py:3096} INFO - Sync 3 DAGs
[2024-10-17T03:26:25.777+0000] {logging_mixin.py:188} INFO - [2024-10-17T03:26:25.776+0000] {dag.py:3954} INFO - Setting next_dagrun for example_branch_datetime_operator to 2024-10-16 00:00:00+00:00, run_after=2024-10-17 00:00:00+00:00
[2024-10-17T03:26:25.798+0000] {logging_mixin.py:188} INFO - [2024-10-17T03:26:25.798+0000] {dag.py:3954} INFO - Setting next_dagrun for example_branch_datetime_operator_2 to 2024-10-16 00:00:00+00:00, run_after=2024-10-17 00:00:00+00:00
[2024-10-17T03:26:25.809+0000] {logging_mixin.py:188} INFO - [2024-10-17T03:26:25.808+0000] {dag.py:3954} INFO - Setting next_dagrun for example_branch_datetime_operator_3 to 2024-10-16 00:00:00+00:00, run_after=2024-10-17 00:00:00+00:00
[2024-10-17T03:26:25.865+0000] {processor.py:183} INFO - Processing /home/airflow/.local/lib/python3.12/site-packages/airflow/example_dags/example_branch_datetime_operator.py took 0.284 seconds
[2024-10-17T03:26:56.269+0000] {processor.py:161} INFO - Started process (PID=10723) to work on /home/airflow/.local/lib/python3.12/site-packages/airflow/example_dags/example_branch_datetime_operator.py
[2024-10-17T03:26:56.272+0000] {processor.py:830} INFO - Processing file /home/airflow/.local/lib/python3.12/site-packages/airflow/example_dags/example_branch_datetime_operator.py for tasks to queue
[2024-10-17T03:26:56.276+0000] {logging_mixin.py:188} INFO - [2024-10-17T03:26:56.275+0000] {dagbag.py:545} INFO - Filling up the DagBag from /home/airflow/.local/lib/python3.12/site-packages/airflow/example_dags/example_branch_datetime_operator.py
[2024-10-17T03:26:56.311+0000] {processor.py:840} INFO - DAG(s) 'example_branch_datetime_operator_2', 'example_branch_datetime_operator_3', 'example_branch_datetime_operator' retrieved from /home/airflow/.local/lib/python3.12/site-packages/airflow/example_dags/example_branch_datetime_operator.py
[2024-10-17T03:26:56.398+0000] {logging_mixin.py:188} INFO - [2024-10-17T03:26:56.397+0000] {dag.py:3096} INFO - Sync 3 DAGs
[2024-10-17T03:26:56.449+0000] {logging_mixin.py:188} INFO - [2024-10-17T03:26:56.448+0000] {dag.py:3954} INFO - Setting next_dagrun for example_branch_datetime_operator to 2024-10-16 00:00:00+00:00, run_after=2024-10-17 00:00:00+00:00
[2024-10-17T03:26:56.459+0000] {logging_mixin.py:188} INFO - [2024-10-17T03:26:56.459+0000] {dag.py:3954} INFO - Setting next_dagrun for example_branch_datetime_operator_2 to 2024-10-16 00:00:00+00:00, run_after=2024-10-17 00:00:00+00:00
[2024-10-17T03:26:56.465+0000] {logging_mixin.py:188} INFO - [2024-10-17T03:26:56.464+0000] {dag.py:3954} INFO - Setting next_dagrun for example_branch_datetime_operator_3 to 2024-10-16 00:00:00+00:00, run_after=2024-10-17 00:00:00+00:00
[2024-10-17T03:26:56.500+0000] {processor.py:183} INFO - Processing /home/airflow/.local/lib/python3.12/site-packages/airflow/example_dags/example_branch_datetime_operator.py took 0.248 seconds
[2024-10-17T03:27:26.697+0000] {processor.py:161} INFO - Started process (PID=10990) to work on /home/airflow/.local/lib/python3.12/site-packages/airflow/example_dags/example_branch_datetime_operator.py
[2024-10-17T03:27:26.698+0000] {processor.py:830} INFO - Processing file /home/airflow/.local/lib/python3.12/site-packages/airflow/example_dags/example_branch_datetime_operator.py for tasks to queue
[2024-10-17T03:27:26.701+0000] {logging_mixin.py:188} INFO - [2024-10-17T03:27:26.701+0000] {dagbag.py:545} INFO - Filling up the DagBag from /home/airflow/.local/lib/python3.12/site-packages/airflow/example_dags/example_branch_datetime_operator.py
[2024-10-17T03:27:26.711+0000] {processor.py:840} INFO - DAG(s) 'example_branch_datetime_operator', 'example_branch_datetime_operator_2', 'example_branch_datetime_operator_3' retrieved from /home/airflow/.local/lib/python3.12/site-packages/airflow/example_dags/example_branch_datetime_operator.py
[2024-10-17T03:27:26.746+0000] {logging_mixin.py:188} INFO - [2024-10-17T03:27:26.746+0000] {dag.py:3096} INFO - Sync 3 DAGs
[2024-10-17T03:27:26.772+0000] {logging_mixin.py:188} INFO - [2024-10-17T03:27:26.772+0000] {dag.py:3954} INFO - Setting next_dagrun for example_branch_datetime_operator to 2024-10-16 00:00:00+00:00, run_after=2024-10-17 00:00:00+00:00
[2024-10-17T03:27:26.778+0000] {logging_mixin.py:188} INFO - [2024-10-17T03:27:26.777+0000] {dag.py:3954} INFO - Setting next_dagrun for example_branch_datetime_operator_2 to 2024-10-16 00:00:00+00:00, run_after=2024-10-17 00:00:00+00:00
[2024-10-17T03:27:26.781+0000] {logging_mixin.py:188} INFO - [2024-10-17T03:27:26.781+0000] {dag.py:3954} INFO - Setting next_dagrun for example_branch_datetime_operator_3 to 2024-10-16 00:00:00+00:00, run_after=2024-10-17 00:00:00+00:00
[2024-10-17T03:27:26.805+0000] {processor.py:183} INFO - Processing /home/airflow/.local/lib/python3.12/site-packages/airflow/example_dags/example_branch_datetime_operator.py took 0.113 seconds
[2024-10-17T03:27:57.457+0000] {processor.py:161} INFO - Started process (PID=11256) to work on /home/airflow/.local/lib/python3.12/site-packages/airflow/example_dags/example_branch_datetime_operator.py
[2024-10-17T03:27:57.458+0000] {processor.py:830} INFO - Processing file /home/airflow/.local/lib/python3.12/site-packages/airflow/example_dags/example_branch_datetime_operator.py for tasks to queue
[2024-10-17T03:27:57.460+0000] {logging_mixin.py:188} INFO - [2024-10-17T03:27:57.460+0000] {dagbag.py:545} INFO - Filling up the DagBag from /home/airflow/.local/lib/python3.12/site-packages/airflow/example_dags/example_branch_datetime_operator.py
[2024-10-17T03:27:57.469+0000] {processor.py:840} INFO - DAG(s) 'example_branch_datetime_operator', 'example_branch_datetime_operator_2', 'example_branch_datetime_operator_3' retrieved from /home/airflow/.local/lib/python3.12/site-packages/airflow/example_dags/example_branch_datetime_operator.py
[2024-10-17T03:27:57.505+0000] {logging_mixin.py:188} INFO - [2024-10-17T03:27:57.505+0000] {dag.py:3096} INFO - Sync 3 DAGs
[2024-10-17T03:27:57.532+0000] {logging_mixin.py:188} INFO - [2024-10-17T03:27:57.532+0000] {dag.py:3954} INFO - Setting next_dagrun for example_branch_datetime_operator to 2024-10-16 00:00:00+00:00, run_after=2024-10-17 00:00:00+00:00
[2024-10-17T03:27:57.539+0000] {logging_mixin.py:188} INFO - [2024-10-17T03:27:57.538+0000] {dag.py:3954} INFO - Setting next_dagrun for example_branch_datetime_operator_2 to 2024-10-16 00:00:00+00:00, run_after=2024-10-17 00:00:00+00:00
[2024-10-17T03:27:57.543+0000] {logging_mixin.py:188} INFO - [2024-10-17T03:27:57.543+0000] {dag.py:3954} INFO - Setting next_dagrun for example_branch_datetime_operator_3 to 2024-10-16 00:00:00+00:00, run_after=2024-10-17 00:00:00+00:00
[2024-10-17T03:27:57.568+0000] {processor.py:183} INFO - Processing /home/airflow/.local/lib/python3.12/site-packages/airflow/example_dags/example_branch_datetime_operator.py took 0.117 seconds
[2024-10-17T03:28:28.408+0000] {processor.py:161} INFO - Started process (PID=11522) to work on /home/airflow/.local/lib/python3.12/site-packages/airflow/example_dags/example_branch_datetime_operator.py
[2024-10-17T03:28:28.409+0000] {processor.py:830} INFO - Processing file /home/airflow/.local/lib/python3.12/site-packages/airflow/example_dags/example_branch_datetime_operator.py for tasks to queue
[2024-10-17T03:28:28.410+0000] {logging_mixin.py:188} INFO - [2024-10-17T03:28:28.410+0000] {dagbag.py:545} INFO - Filling up the DagBag from /home/airflow/.local/lib/python3.12/site-packages/airflow/example_dags/example_branch_datetime_operator.py
[2024-10-17T03:28:28.418+0000] {processor.py:840} INFO - DAG(s) 'example_branch_datetime_operator', 'example_branch_datetime_operator_2', 'example_branch_datetime_operator_3' retrieved from /home/airflow/.local/lib/python3.12/site-packages/airflow/example_dags/example_branch_datetime_operator.py
[2024-10-17T03:28:28.448+0000] {logging_mixin.py:188} INFO - [2024-10-17T03:28:28.448+0000] {dag.py:3096} INFO - Sync 3 DAGs
[2024-10-17T03:28:28.472+0000] {logging_mixin.py:188} INFO - [2024-10-17T03:28:28.472+0000] {dag.py:3954} INFO - Setting next_dagrun for example_branch_datetime_operator to 2024-10-16 00:00:00+00:00, run_after=2024-10-17 00:00:00+00:00
[2024-10-17T03:28:28.479+0000] {logging_mixin.py:188} INFO - [2024-10-17T03:28:28.478+0000] {dag.py:3954} INFO - Setting next_dagrun for example_branch_datetime_operator_2 to 2024-10-16 00:00:00+00:00, run_after=2024-10-17 00:00:00+00:00
[2024-10-17T03:28:28.482+0000] {logging_mixin.py:188} INFO - [2024-10-17T03:28:28.482+0000] {dag.py:3954} INFO - Setting next_dagrun for example_branch_datetime_operator_3 to 2024-10-16 00:00:00+00:00, run_after=2024-10-17 00:00:00+00:00
[2024-10-17T03:28:28.558+0000] {processor.py:183} INFO - Processing /home/airflow/.local/lib/python3.12/site-packages/airflow/example_dags/example_branch_datetime_operator.py took 0.155 seconds
