[2024-11-06T14:50:34.512+0000] {processor.py:161} INFO - Started process (PID=173) to work on /opt/airflow/dags/e_commerce_dw_dag.py
[2024-11-06T14:50:34.515+0000] {processor.py:830} INFO - Processing file /opt/airflow/dags/e_commerce_dw_dag.py for tasks to queue
[2024-11-06T14:50:34.519+0000] {logging_mixin.py:188} INFO - [2024-11-06T14:50:34.519+0000] {dagbag.py:545} INFO - Filling up the DagBag from /opt/airflow/dags/e_commerce_dw_dag.py
[2024-11-06T14:50:34.681+0000] {processor.py:840} INFO - DAG(s) 'e_commerce_dw_etl' retrieved from /opt/airflow/dags/e_commerce_dw_dag.py
[2024-11-06T14:50:34.761+0000] {logging_mixin.py:188} INFO - [2024-11-06T14:50:34.760+0000] {dag.py:3096} INFO - Sync 1 DAGs
[2024-11-06T14:50:34.796+0000] {logging_mixin.py:188} INFO - [2024-11-06T14:50:34.796+0000] {dag.py:3954} INFO - Setting next_dagrun for e_commerce_dw_etl to 2024-11-01 00:00:00+00:00, run_after=2024-11-02 00:00:00+00:00
[2024-11-06T14:50:34.843+0000] {processor.py:183} INFO - Processing /opt/airflow/dags/e_commerce_dw_dag.py took 0.340 seconds
[2024-11-06T14:51:04.975+0000] {processor.py:161} INFO - Started process (PID=206) to work on /opt/airflow/dags/e_commerce_dw_dag.py
[2024-11-06T14:51:04.976+0000] {processor.py:830} INFO - Processing file /opt/airflow/dags/e_commerce_dw_dag.py for tasks to queue
[2024-11-06T14:51:04.980+0000] {logging_mixin.py:188} INFO - [2024-11-06T14:51:04.979+0000] {dagbag.py:545} INFO - Filling up the DagBag from /opt/airflow/dags/e_commerce_dw_dag.py
[2024-11-06T14:51:05.105+0000] {processor.py:840} INFO - DAG(s) 'e_commerce_dw_etl' retrieved from /opt/airflow/dags/e_commerce_dw_dag.py
[2024-11-06T14:51:05.336+0000] {logging_mixin.py:188} INFO - [2024-11-06T14:51:05.335+0000] {dag.py:3096} INFO - Sync 1 DAGs
[2024-11-06T14:51:05.367+0000] {logging_mixin.py:188} INFO - [2024-11-06T14:51:05.366+0000] {dag.py:3954} INFO - Setting next_dagrun for e_commerce_dw_etl to 2024-11-06 00:00:00+00:00, run_after=2024-11-07 00:00:00+00:00
[2024-11-06T14:51:05.404+0000] {processor.py:183} INFO - Processing /opt/airflow/dags/e_commerce_dw_dag.py took 0.437 seconds
[2024-11-06T14:51:35.508+0000] {processor.py:161} INFO - Started process (PID=227) to work on /opt/airflow/dags/e_commerce_dw_dag.py
[2024-11-06T14:51:35.510+0000] {processor.py:830} INFO - Processing file /opt/airflow/dags/e_commerce_dw_dag.py for tasks to queue
[2024-11-06T14:51:35.512+0000] {logging_mixin.py:188} INFO - [2024-11-06T14:51:35.511+0000] {dagbag.py:545} INFO - Filling up the DagBag from /opt/airflow/dags/e_commerce_dw_dag.py
[2024-11-06T14:51:35.601+0000] {processor.py:840} INFO - DAG(s) 'e_commerce_dw_etl' retrieved from /opt/airflow/dags/e_commerce_dw_dag.py
[2024-11-06T14:51:35.633+0000] {logging_mixin.py:188} INFO - [2024-11-06T14:51:35.632+0000] {dag.py:3096} INFO - Sync 1 DAGs
[2024-11-06T14:51:35.661+0000] {logging_mixin.py:188} INFO - [2024-11-06T14:51:35.661+0000] {dag.py:3954} INFO - Setting next_dagrun for e_commerce_dw_etl to 2024-11-06 00:00:00+00:00, run_after=2024-11-07 00:00:00+00:00
[2024-11-06T14:51:35.700+0000] {processor.py:183} INFO - Processing /opt/airflow/dags/e_commerce_dw_dag.py took 0.198 seconds
[2024-11-06T14:52:05.833+0000] {processor.py:161} INFO - Started process (PID=238) to work on /opt/airflow/dags/e_commerce_dw_dag.py
[2024-11-06T14:52:05.835+0000] {processor.py:830} INFO - Processing file /opt/airflow/dags/e_commerce_dw_dag.py for tasks to queue
[2024-11-06T14:52:05.838+0000] {logging_mixin.py:188} INFO - [2024-11-06T14:52:05.837+0000] {dagbag.py:545} INFO - Filling up the DagBag from /opt/airflow/dags/e_commerce_dw_dag.py
[2024-11-06T14:52:05.931+0000] {processor.py:840} INFO - DAG(s) 'e_commerce_dw_etl' retrieved from /opt/airflow/dags/e_commerce_dw_dag.py
[2024-11-06T14:52:05.964+0000] {logging_mixin.py:188} INFO - [2024-11-06T14:52:05.964+0000] {dag.py:3096} INFO - Sync 1 DAGs
[2024-11-06T14:52:05.991+0000] {logging_mixin.py:188} INFO - [2024-11-06T14:52:05.991+0000] {dag.py:3954} INFO - Setting next_dagrun for e_commerce_dw_etl to 2024-11-06 00:00:00+00:00, run_after=2024-11-07 00:00:00+00:00
[2024-11-06T14:52:06.028+0000] {processor.py:183} INFO - Processing /opt/airflow/dags/e_commerce_dw_dag.py took 0.202 seconds
[2024-11-06T14:52:36.223+0000] {processor.py:161} INFO - Started process (PID=254) to work on /opt/airflow/dags/e_commerce_dw_dag.py
[2024-11-06T14:52:36.225+0000] {processor.py:830} INFO - Processing file /opt/airflow/dags/e_commerce_dw_dag.py for tasks to queue
[2024-11-06T14:52:36.228+0000] {logging_mixin.py:188} INFO - [2024-11-06T14:52:36.228+0000] {dagbag.py:545} INFO - Filling up the DagBag from /opt/airflow/dags/e_commerce_dw_dag.py
[2024-11-06T14:52:36.332+0000] {processor.py:840} INFO - DAG(s) 'e_commerce_dw_etl' retrieved from /opt/airflow/dags/e_commerce_dw_dag.py
[2024-11-06T14:52:36.365+0000] {logging_mixin.py:188} INFO - [2024-11-06T14:52:36.365+0000] {dag.py:3096} INFO - Sync 1 DAGs
[2024-11-06T14:52:36.393+0000] {logging_mixin.py:188} INFO - [2024-11-06T14:52:36.393+0000] {dag.py:3954} INFO - Setting next_dagrun for e_commerce_dw_etl to 2024-11-06 00:00:00+00:00, run_after=2024-11-07 00:00:00+00:00
[2024-11-06T14:52:36.425+0000] {processor.py:183} INFO - Processing /opt/airflow/dags/e_commerce_dw_dag.py took 0.210 seconds
[2024-11-06T14:53:06.586+0000] {processor.py:161} INFO - Started process (PID=270) to work on /opt/airflow/dags/e_commerce_dw_dag.py
[2024-11-06T14:53:06.588+0000] {processor.py:830} INFO - Processing file /opt/airflow/dags/e_commerce_dw_dag.py for tasks to queue
[2024-11-06T14:53:06.591+0000] {logging_mixin.py:188} INFO - [2024-11-06T14:53:06.590+0000] {dagbag.py:545} INFO - Filling up the DagBag from /opt/airflow/dags/e_commerce_dw_dag.py
[2024-11-06T14:53:06.694+0000] {processor.py:840} INFO - DAG(s) 'e_commerce_dw_etl' retrieved from /opt/airflow/dags/e_commerce_dw_dag.py
[2024-11-06T14:53:06.727+0000] {logging_mixin.py:188} INFO - [2024-11-06T14:53:06.726+0000] {dag.py:3096} INFO - Sync 1 DAGs
[2024-11-06T14:53:06.751+0000] {logging_mixin.py:188} INFO - [2024-11-06T14:53:06.751+0000] {dag.py:3954} INFO - Setting next_dagrun for e_commerce_dw_etl to 2024-11-06 00:00:00+00:00, run_after=2024-11-07 00:00:00+00:00
[2024-11-06T14:53:06.783+0000] {processor.py:183} INFO - Processing /opt/airflow/dags/e_commerce_dw_dag.py took 0.206 seconds
[2024-11-06T14:53:36.973+0000] {processor.py:161} INFO - Started process (PID=286) to work on /opt/airflow/dags/e_commerce_dw_dag.py
[2024-11-06T14:53:36.974+0000] {processor.py:830} INFO - Processing file /opt/airflow/dags/e_commerce_dw_dag.py for tasks to queue
[2024-11-06T14:53:36.977+0000] {logging_mixin.py:188} INFO - [2024-11-06T14:53:36.977+0000] {dagbag.py:545} INFO - Filling up the DagBag from /opt/airflow/dags/e_commerce_dw_dag.py
[2024-11-06T14:53:37.076+0000] {processor.py:840} INFO - DAG(s) 'e_commerce_dw_etl' retrieved from /opt/airflow/dags/e_commerce_dw_dag.py
[2024-11-06T14:53:37.109+0000] {logging_mixin.py:188} INFO - [2024-11-06T14:53:37.109+0000] {dag.py:3096} INFO - Sync 1 DAGs
[2024-11-06T14:53:37.132+0000] {logging_mixin.py:188} INFO - [2024-11-06T14:53:37.132+0000] {dag.py:3954} INFO - Setting next_dagrun for e_commerce_dw_etl to 2024-11-06 00:00:00+00:00, run_after=2024-11-07 00:00:00+00:00
[2024-11-06T14:53:37.169+0000] {processor.py:183} INFO - Processing /opt/airflow/dags/e_commerce_dw_dag.py took 0.202 seconds
[2024-11-06T14:55:52.421+0000] {processor.py:161} INFO - Started process (PID=171) to work on /opt/airflow/dags/e_commerce_dw_dag.py
[2024-11-06T14:55:52.423+0000] {processor.py:830} INFO - Processing file /opt/airflow/dags/e_commerce_dw_dag.py for tasks to queue
[2024-11-06T14:55:52.425+0000] {logging_mixin.py:188} INFO - [2024-11-06T14:55:52.425+0000] {dagbag.py:545} INFO - Filling up the DagBag from /opt/airflow/dags/e_commerce_dw_dag.py
[2024-11-06T14:55:52.555+0000] {processor.py:840} INFO - DAG(s) 'e_commerce_dw_etl' retrieved from /opt/airflow/dags/e_commerce_dw_dag.py
[2024-11-06T14:55:52.896+0000] {logging_mixin.py:188} INFO - [2024-11-06T14:55:52.896+0000] {dag.py:3096} INFO - Sync 1 DAGs
[2024-11-06T14:55:52.923+0000] {logging_mixin.py:188} INFO - [2024-11-06T14:55:52.923+0000] {dag.py:3954} INFO - Setting next_dagrun for e_commerce_dw_etl to 2024-11-06 00:00:00+00:00, run_after=2024-11-07 00:00:00+00:00
[2024-11-06T14:55:52.955+0000] {processor.py:183} INFO - Processing /opt/airflow/dags/e_commerce_dw_dag.py took 0.543 seconds
[2024-11-06T14:56:23.858+0000] {processor.py:161} INFO - Started process (PID=192) to work on /opt/airflow/dags/e_commerce_dw_dag.py
[2024-11-06T14:56:23.860+0000] {processor.py:830} INFO - Processing file /opt/airflow/dags/e_commerce_dw_dag.py for tasks to queue
[2024-11-06T14:56:23.863+0000] {logging_mixin.py:188} INFO - [2024-11-06T14:56:23.862+0000] {dagbag.py:545} INFO - Filling up the DagBag from /opt/airflow/dags/e_commerce_dw_dag.py
[2024-11-06T14:56:23.961+0000] {processor.py:840} INFO - DAG(s) 'e_commerce_dw_etl' retrieved from /opt/airflow/dags/e_commerce_dw_dag.py
[2024-11-06T14:56:23.996+0000] {logging_mixin.py:188} INFO - [2024-11-06T14:56:23.996+0000] {dag.py:3096} INFO - Sync 1 DAGs
[2024-11-06T14:56:24.033+0000] {logging_mixin.py:188} INFO - [2024-11-06T14:56:24.033+0000] {dag.py:3954} INFO - Setting next_dagrun for e_commerce_dw_etl to 2024-11-06 00:00:00+00:00, run_after=2024-11-07 00:00:00+00:00
[2024-11-06T14:56:24.071+0000] {processor.py:183} INFO - Processing /opt/airflow/dags/e_commerce_dw_dag.py took 0.218 seconds
[2024-11-06T14:56:54.268+0000] {processor.py:161} INFO - Started process (PID=217) to work on /opt/airflow/dags/e_commerce_dw_dag.py
[2024-11-06T14:56:54.269+0000] {processor.py:830} INFO - Processing file /opt/airflow/dags/e_commerce_dw_dag.py for tasks to queue
[2024-11-06T14:56:54.271+0000] {logging_mixin.py:188} INFO - [2024-11-06T14:56:54.271+0000] {dagbag.py:545} INFO - Filling up the DagBag from /opt/airflow/dags/e_commerce_dw_dag.py
[2024-11-06T14:56:54.375+0000] {processor.py:840} INFO - DAG(s) 'e_commerce_dw_etl' retrieved from /opt/airflow/dags/e_commerce_dw_dag.py
[2024-11-06T14:56:54.422+0000] {logging_mixin.py:188} INFO - [2024-11-06T14:56:54.421+0000] {dag.py:3096} INFO - Sync 1 DAGs
[2024-11-06T14:56:54.451+0000] {logging_mixin.py:188} INFO - [2024-11-06T14:56:54.450+0000] {dag.py:3954} INFO - Setting next_dagrun for e_commerce_dw_etl to 2024-11-06 00:00:00+00:00, run_after=2024-11-07 00:00:00+00:00
[2024-11-06T14:56:54.483+0000] {processor.py:183} INFO - Processing /opt/airflow/dags/e_commerce_dw_dag.py took 0.221 seconds
[2024-11-06T14:57:24.680+0000] {processor.py:161} INFO - Started process (PID=233) to work on /opt/airflow/dags/e_commerce_dw_dag.py
[2024-11-06T14:57:24.681+0000] {processor.py:830} INFO - Processing file /opt/airflow/dags/e_commerce_dw_dag.py for tasks to queue
[2024-11-06T14:57:24.683+0000] {logging_mixin.py:188} INFO - [2024-11-06T14:57:24.683+0000] {dagbag.py:545} INFO - Filling up the DagBag from /opt/airflow/dags/e_commerce_dw_dag.py
[2024-11-06T14:57:24.774+0000] {processor.py:840} INFO - DAG(s) 'e_commerce_dw_etl' retrieved from /opt/airflow/dags/e_commerce_dw_dag.py
[2024-11-06T14:57:24.808+0000] {logging_mixin.py:188} INFO - [2024-11-06T14:57:24.808+0000] {dag.py:3096} INFO - Sync 1 DAGs
[2024-11-06T14:57:24.834+0000] {logging_mixin.py:188} INFO - [2024-11-06T14:57:24.834+0000] {dag.py:3954} INFO - Setting next_dagrun for e_commerce_dw_etl to 2024-11-06 00:00:00+00:00, run_after=2024-11-07 00:00:00+00:00
[2024-11-06T14:57:24.870+0000] {processor.py:183} INFO - Processing /opt/airflow/dags/e_commerce_dw_dag.py took 0.195 seconds
[2024-11-06T14:57:55.236+0000] {processor.py:161} INFO - Started process (PID=249) to work on /opt/airflow/dags/e_commerce_dw_dag.py
[2024-11-06T14:57:55.237+0000] {processor.py:830} INFO - Processing file /opt/airflow/dags/e_commerce_dw_dag.py for tasks to queue
[2024-11-06T14:57:55.241+0000] {logging_mixin.py:188} INFO - [2024-11-06T14:57:55.240+0000] {dagbag.py:545} INFO - Filling up the DagBag from /opt/airflow/dags/e_commerce_dw_dag.py
[2024-11-06T14:57:55.365+0000] {processor.py:840} INFO - DAG(s) 'e_commerce_dw_etl' retrieved from /opt/airflow/dags/e_commerce_dw_dag.py
[2024-11-06T14:57:55.410+0000] {logging_mixin.py:188} INFO - [2024-11-06T14:57:55.409+0000] {dag.py:3096} INFO - Sync 1 DAGs
[2024-11-06T14:57:55.447+0000] {logging_mixin.py:188} INFO - [2024-11-06T14:57:55.447+0000] {dag.py:3954} INFO - Setting next_dagrun for e_commerce_dw_etl to 2024-11-06 00:00:00+00:00, run_after=2024-11-07 00:00:00+00:00
[2024-11-06T14:57:55.498+0000] {processor.py:183} INFO - Processing /opt/airflow/dags/e_commerce_dw_dag.py took 0.268 seconds
[2024-11-06T14:58:25.622+0000] {processor.py:161} INFO - Started process (PID=265) to work on /opt/airflow/dags/e_commerce_dw_dag.py
[2024-11-06T14:58:25.623+0000] {processor.py:830} INFO - Processing file /opt/airflow/dags/e_commerce_dw_dag.py for tasks to queue
[2024-11-06T14:58:25.626+0000] {logging_mixin.py:188} INFO - [2024-11-06T14:58:25.626+0000] {dagbag.py:545} INFO - Filling up the DagBag from /opt/airflow/dags/e_commerce_dw_dag.py
[2024-11-06T14:58:25.747+0000] {processor.py:840} INFO - DAG(s) 'e_commerce_dw_etl' retrieved from /opt/airflow/dags/e_commerce_dw_dag.py
[2024-11-06T14:58:25.796+0000] {logging_mixin.py:188} INFO - [2024-11-06T14:58:25.795+0000] {dag.py:3096} INFO - Sync 1 DAGs
[2024-11-06T14:58:25.840+0000] {logging_mixin.py:188} INFO - [2024-11-06T14:58:25.840+0000] {dag.py:3954} INFO - Setting next_dagrun for e_commerce_dw_etl to 2024-11-06 00:00:00+00:00, run_after=2024-11-07 00:00:00+00:00
[2024-11-06T14:58:25.887+0000] {processor.py:183} INFO - Processing /opt/airflow/dags/e_commerce_dw_dag.py took 0.272 seconds
[2024-11-06T14:58:56.082+0000] {processor.py:161} INFO - Started process (PID=282) to work on /opt/airflow/dags/e_commerce_dw_dag.py
[2024-11-06T14:58:56.084+0000] {processor.py:830} INFO - Processing file /opt/airflow/dags/e_commerce_dw_dag.py for tasks to queue
[2024-11-06T14:58:56.088+0000] {logging_mixin.py:188} INFO - [2024-11-06T14:58:56.087+0000] {dagbag.py:545} INFO - Filling up the DagBag from /opt/airflow/dags/e_commerce_dw_dag.py
[2024-11-06T14:58:56.205+0000] {processor.py:840} INFO - DAG(s) 'e_commerce_dw_etl' retrieved from /opt/airflow/dags/e_commerce_dw_dag.py
[2024-11-06T14:58:56.244+0000] {logging_mixin.py:188} INFO - [2024-11-06T14:58:56.243+0000] {dag.py:3096} INFO - Sync 1 DAGs
[2024-11-06T14:58:56.276+0000] {logging_mixin.py:188} INFO - [2024-11-06T14:58:56.276+0000] {dag.py:3954} INFO - Setting next_dagrun for e_commerce_dw_etl to 2024-11-06 00:00:00+00:00, run_after=2024-11-07 00:00:00+00:00
[2024-11-06T14:58:56.317+0000] {processor.py:183} INFO - Processing /opt/airflow/dags/e_commerce_dw_dag.py took 0.242 seconds
[2024-11-06T14:59:26.535+0000] {processor.py:161} INFO - Started process (PID=299) to work on /opt/airflow/dags/e_commerce_dw_dag.py
[2024-11-06T14:59:26.537+0000] {processor.py:830} INFO - Processing file /opt/airflow/dags/e_commerce_dw_dag.py for tasks to queue
[2024-11-06T14:59:26.541+0000] {logging_mixin.py:188} INFO - [2024-11-06T14:59:26.540+0000] {dagbag.py:545} INFO - Filling up the DagBag from /opt/airflow/dags/e_commerce_dw_dag.py
[2024-11-06T14:59:26.670+0000] {processor.py:840} INFO - DAG(s) 'e_commerce_dw_etl' retrieved from /opt/airflow/dags/e_commerce_dw_dag.py
[2024-11-06T14:59:26.733+0000] {logging_mixin.py:188} INFO - [2024-11-06T14:59:26.732+0000] {dag.py:3096} INFO - Sync 1 DAGs
[2024-11-06T14:59:26.787+0000] {logging_mixin.py:188} INFO - [2024-11-06T14:59:26.787+0000] {dag.py:3954} INFO - Setting next_dagrun for e_commerce_dw_etl to 2024-11-06 00:00:00+00:00, run_after=2024-11-07 00:00:00+00:00
[2024-11-06T14:59:26.842+0000] {processor.py:183} INFO - Processing /opt/airflow/dags/e_commerce_dw_dag.py took 0.314 seconds
