[2024-11-06T14:50:34.520+0000] {processor.py:161} INFO - Started process (PID=176) to work on /opt/airflow/dags/extract_data.py
[2024-11-06T14:50:34.522+0000] {processor.py:830} INFO - Processing file /opt/airflow/dags/extract_data.py for tasks to queue
[2024-11-06T14:50:34.526+0000] {logging_mixin.py:188} INFO - [2024-11-06T14:50:34.525+0000] {dagbag.py:545} INFO - Filling up the DagBag from /opt/airflow/dags/extract_data.py
[2024-11-06T14:50:34.575+0000] {processor.py:842} WARNING - No viable dags retrieved from /opt/airflow/dags/extract_data.py
[2024-11-06T14:50:34.608+0000] {processor.py:183} INFO - Processing /opt/airflow/dags/extract_data.py took 0.096 seconds
[2024-11-06T14:51:04.991+0000] {processor.py:161} INFO - Started process (PID=209) to work on /opt/airflow/dags/extract_data.py
[2024-11-06T14:51:04.992+0000] {processor.py:830} INFO - Processing file /opt/airflow/dags/extract_data.py for tasks to queue
[2024-11-06T14:51:04.996+0000] {logging_mixin.py:188} INFO - [2024-11-06T14:51:04.995+0000] {dagbag.py:545} INFO - Filling up the DagBag from /opt/airflow/dags/extract_data.py
[2024-11-06T14:51:05.030+0000] {processor.py:842} WARNING - No viable dags retrieved from /opt/airflow/dags/extract_data.py
[2024-11-06T14:51:05.053+0000] {processor.py:183} INFO - Processing /opt/airflow/dags/extract_data.py took 0.069 seconds
[2024-11-06T14:51:35.401+0000] {processor.py:161} INFO - Started process (PID=222) to work on /opt/airflow/dags/extract_data.py
[2024-11-06T14:51:35.402+0000] {processor.py:830} INFO - Processing file /opt/airflow/dags/extract_data.py for tasks to queue
[2024-11-06T14:51:35.404+0000] {logging_mixin.py:188} INFO - [2024-11-06T14:51:35.403+0000] {dagbag.py:545} INFO - Filling up the DagBag from /opt/airflow/dags/extract_data.py
[2024-11-06T14:51:35.429+0000] {processor.py:842} WARNING - No viable dags retrieved from /opt/airflow/dags/extract_data.py
[2024-11-06T14:51:35.446+0000] {processor.py:183} INFO - Processing /opt/airflow/dags/extract_data.py took 0.051 seconds
[2024-11-06T14:52:05.843+0000] {processor.py:161} INFO - Started process (PID=241) to work on /opt/airflow/dags/extract_data.py
[2024-11-06T14:52:05.844+0000] {processor.py:830} INFO - Processing file /opt/airflow/dags/extract_data.py for tasks to queue
[2024-11-06T14:52:05.846+0000] {logging_mixin.py:188} INFO - [2024-11-06T14:52:05.846+0000] {dagbag.py:545} INFO - Filling up the DagBag from /opt/airflow/dags/extract_data.py
[2024-11-06T14:52:05.871+0000] {processor.py:842} WARNING - No viable dags retrieved from /opt/airflow/dags/extract_data.py
[2024-11-06T14:52:05.889+0000] {processor.py:183} INFO - Processing /opt/airflow/dags/extract_data.py took 0.053 seconds
[2024-11-06T14:52:36.232+0000] {processor.py:161} INFO - Started process (PID=257) to work on /opt/airflow/dags/extract_data.py
[2024-11-06T14:52:36.234+0000] {processor.py:830} INFO - Processing file /opt/airflow/dags/extract_data.py for tasks to queue
[2024-11-06T14:52:36.236+0000] {logging_mixin.py:188} INFO - [2024-11-06T14:52:36.236+0000] {dagbag.py:545} INFO - Filling up the DagBag from /opt/airflow/dags/extract_data.py
[2024-11-06T14:52:36.265+0000] {processor.py:842} WARNING - No viable dags retrieved from /opt/airflow/dags/extract_data.py
[2024-11-06T14:52:36.285+0000] {processor.py:183} INFO - Processing /opt/airflow/dags/extract_data.py took 0.060 seconds
[2024-11-06T14:53:06.599+0000] {processor.py:161} INFO - Started process (PID=273) to work on /opt/airflow/dags/extract_data.py
[2024-11-06T14:53:06.601+0000] {processor.py:830} INFO - Processing file /opt/airflow/dags/extract_data.py for tasks to queue
[2024-11-06T14:53:06.606+0000] {logging_mixin.py:188} INFO - [2024-11-06T14:53:06.605+0000] {dagbag.py:545} INFO - Filling up the DagBag from /opt/airflow/dags/extract_data.py
[2024-11-06T14:53:06.636+0000] {processor.py:842} WARNING - No viable dags retrieved from /opt/airflow/dags/extract_data.py
[2024-11-06T14:53:06.663+0000] {processor.py:183} INFO - Processing /opt/airflow/dags/extract_data.py took 0.074 seconds
[2024-11-06T14:53:36.986+0000] {processor.py:161} INFO - Started process (PID=289) to work on /opt/airflow/dags/extract_data.py
[2024-11-06T14:53:36.988+0000] {processor.py:830} INFO - Processing file /opt/airflow/dags/extract_data.py for tasks to queue
[2024-11-06T14:53:36.990+0000] {logging_mixin.py:188} INFO - [2024-11-06T14:53:36.990+0000] {dagbag.py:545} INFO - Filling up the DagBag from /opt/airflow/dags/extract_data.py
[2024-11-06T14:53:37.017+0000] {processor.py:842} WARNING - No viable dags retrieved from /opt/airflow/dags/extract_data.py
[2024-11-06T14:53:37.034+0000] {processor.py:183} INFO - Processing /opt/airflow/dags/extract_data.py took 0.054 seconds
[2024-11-06T14:55:52.434+0000] {processor.py:161} INFO - Started process (PID=174) to work on /opt/airflow/dags/extract_data.py
[2024-11-06T14:55:52.435+0000] {processor.py:830} INFO - Processing file /opt/airflow/dags/extract_data.py for tasks to queue
[2024-11-06T14:55:52.438+0000] {logging_mixin.py:188} INFO - [2024-11-06T14:55:52.437+0000] {dagbag.py:545} INFO - Filling up the DagBag from /opt/airflow/dags/extract_data.py
[2024-11-06T14:55:52.467+0000] {processor.py:842} WARNING - No viable dags retrieved from /opt/airflow/dags/extract_data.py
[2024-11-06T14:55:52.493+0000] {processor.py:183} INFO - Processing /opt/airflow/dags/extract_data.py took 0.066 seconds
[2024-11-06T14:56:22.837+0000] {processor.py:161} INFO - Started process (PID=187) to work on /opt/airflow/dags/extract_data.py
[2024-11-06T14:56:22.838+0000] {processor.py:830} INFO - Processing file /opt/airflow/dags/extract_data.py for tasks to queue
[2024-11-06T14:56:22.841+0000] {logging_mixin.py:188} INFO - [2024-11-06T14:56:22.841+0000] {dagbag.py:545} INFO - Filling up the DagBag from /opt/airflow/dags/extract_data.py
[2024-11-06T14:56:22.880+0000] {processor.py:842} WARNING - No viable dags retrieved from /opt/airflow/dags/extract_data.py
[2024-11-06T14:56:22.904+0000] {processor.py:183} INFO - Processing /opt/airflow/dags/extract_data.py took 0.074 seconds
[2024-11-06T14:56:53.237+0000] {processor.py:161} INFO - Started process (PID=212) to work on /opt/airflow/dags/extract_data.py
[2024-11-06T14:56:53.238+0000] {processor.py:830} INFO - Processing file /opt/airflow/dags/extract_data.py for tasks to queue
[2024-11-06T14:56:53.240+0000] {logging_mixin.py:188} INFO - [2024-11-06T14:56:53.240+0000] {dagbag.py:545} INFO - Filling up the DagBag from /opt/airflow/dags/extract_data.py
[2024-11-06T14:56:53.265+0000] {processor.py:842} WARNING - No viable dags retrieved from /opt/airflow/dags/extract_data.py
[2024-11-06T14:56:53.283+0000] {processor.py:183} INFO - Processing /opt/airflow/dags/extract_data.py took 0.053 seconds
[2024-11-06T14:57:23.653+0000] {processor.py:161} INFO - Started process (PID=228) to work on /opt/airflow/dags/extract_data.py
[2024-11-06T14:57:23.654+0000] {processor.py:830} INFO - Processing file /opt/airflow/dags/extract_data.py for tasks to queue
[2024-11-06T14:57:23.657+0000] {logging_mixin.py:188} INFO - [2024-11-06T14:57:23.656+0000] {dagbag.py:545} INFO - Filling up the DagBag from /opt/airflow/dags/extract_data.py
[2024-11-06T14:57:23.682+0000] {processor.py:842} WARNING - No viable dags retrieved from /opt/airflow/dags/extract_data.py
[2024-11-06T14:57:23.704+0000] {processor.py:183} INFO - Processing /opt/airflow/dags/extract_data.py took 0.058 seconds
[2024-11-06T14:57:54.103+0000] {processor.py:161} INFO - Started process (PID=244) to work on /opt/airflow/dags/extract_data.py
[2024-11-06T14:57:54.105+0000] {processor.py:830} INFO - Processing file /opt/airflow/dags/extract_data.py for tasks to queue
[2024-11-06T14:57:54.109+0000] {logging_mixin.py:188} INFO - [2024-11-06T14:57:54.108+0000] {dagbag.py:545} INFO - Filling up the DagBag from /opt/airflow/dags/extract_data.py
[2024-11-06T14:57:54.141+0000] {processor.py:842} WARNING - No viable dags retrieved from /opt/airflow/dags/extract_data.py
[2024-11-06T14:57:54.165+0000] {processor.py:183} INFO - Processing /opt/airflow/dags/extract_data.py took 0.068 seconds
[2024-11-06T14:58:24.586+0000] {processor.py:161} INFO - Started process (PID=260) to work on /opt/airflow/dags/extract_data.py
[2024-11-06T14:58:24.588+0000] {processor.py:830} INFO - Processing file /opt/airflow/dags/extract_data.py for tasks to queue
[2024-11-06T14:58:24.591+0000] {logging_mixin.py:188} INFO - [2024-11-06T14:58:24.590+0000] {dagbag.py:545} INFO - Filling up the DagBag from /opt/airflow/dags/extract_data.py
[2024-11-06T14:58:24.622+0000] {processor.py:842} WARNING - No viable dags retrieved from /opt/airflow/dags/extract_data.py
[2024-11-06T14:58:24.646+0000] {processor.py:183} INFO - Processing /opt/airflow/dags/extract_data.py took 0.067 seconds
[2024-11-06T14:58:55.044+0000] {processor.py:161} INFO - Started process (PID=277) to work on /opt/airflow/dags/extract_data.py
[2024-11-06T14:58:55.045+0000] {processor.py:830} INFO - Processing file /opt/airflow/dags/extract_data.py for tasks to queue
[2024-11-06T14:58:55.049+0000] {logging_mixin.py:188} INFO - [2024-11-06T14:58:55.048+0000] {dagbag.py:545} INFO - Filling up the DagBag from /opt/airflow/dags/extract_data.py
[2024-11-06T14:58:55.079+0000] {processor.py:842} WARNING - No viable dags retrieved from /opt/airflow/dags/extract_data.py
[2024-11-06T14:58:55.103+0000] {processor.py:183} INFO - Processing /opt/airflow/dags/extract_data.py took 0.065 seconds
[2024-11-06T14:59:25.494+0000] {processor.py:161} INFO - Started process (PID=294) to work on /opt/airflow/dags/extract_data.py
[2024-11-06T14:59:25.496+0000] {processor.py:830} INFO - Processing file /opt/airflow/dags/extract_data.py for tasks to queue
[2024-11-06T14:59:25.499+0000] {logging_mixin.py:188} INFO - [2024-11-06T14:59:25.499+0000] {dagbag.py:545} INFO - Filling up the DagBag from /opt/airflow/dags/extract_data.py
[2024-11-06T14:59:25.524+0000] {processor.py:842} WARNING - No viable dags retrieved from /opt/airflow/dags/extract_data.py
[2024-11-06T14:59:25.544+0000] {processor.py:183} INFO - Processing /opt/airflow/dags/extract_data.py took 0.056 seconds
